RuleName: -
UtcTime: 2025-12-25 01:56:03.739
ProcessGuid: {8bb50d47-99b3-694c-1d01-000000000a00}
ProcessId: 4088
Image: C:\Windows\SysWOW64\auditpol.exe
FileVersion: 10.0.26100.3037 (WinBuild.160101.0800)
Description: Audit Policy Program
Product: Microsoft? Windows? Operating System
Company: Microsoft Corporation
OriginalFileName: AUDITPOL.EXE
CommandLine: auditpol.exe /get /subcategory:""User Account Management""
CurrentDirectory: C:\Program Files (x86)\ossec-agent\
User: NT AUTHORITY\SYSTEM
LogonGuid: {8bb50d47-9271-694c-e703-000000000000}
LogonId: 0x3E7
TerminalSessionId: 0
IntegrityLevel: System
Hashes: MD5=DF2B82B351C889B015CDFEE9C0A4BF28,SHA256=AC85C42F0994797B83F8491C56DBB83B7A4292DE00BD75A0B113036CB3A5BE04,IMPHASH=AB0C8C1C188B19D08FAF502671C04930
ParentProcessGuid: {8bb50d47-98db-694c-4800-000000000a00}
ParentProcessId: 3312
ParentImage: C:\Program Files (x86)\ossec-agent\wazuh-agent.exe
ParentCommandLine: ""C:\Program Files (x86)\ossec-agent\wazuh-agent.exe""
ParentUser: NT AUTHORITY\SYSTEM","1","5",,"4","1","0","-9223372036854775808","1080","Microsoft-Windows-Sysmon","5770385f-c22a-43e0-bf4c-06f5698ffbd9","Microsoft-Windows-Sysmon/Operational","3588","4124","Windows11","S-1-5-18","12/25/2025 2:56:03 AM",,,"Microsoft-Windows-Sysmon/Operational","System.UInt32[]","System.Diagnostics.Eventing.Reader.EventBookmark","Information","Info","File created (rule: FileCreate)","System.Collections.ObjectModel.ReadOnlyCollection`1[System.String]","System.Collections.Generic.List`1[System.Diagnostics.Eventing.Reader.EventProperty]"
"Process Create:
RuleName: -
UtcTime: 2025-12-25 01:56:03.636
ProcessGuid: {8bb50d47-99b3-694c-1b01-000000000a00}
ProcessId: 4784
Image: C:\Windows\SysWOW64\auditpol.exe
FileVersion: 10.0.26100.3037 (WinBuild.160101.0800)
Description: Audit Policy Program
Product: Microsoft? Windows? Operating System
Company: Microsoft Corporation
OriginalFileName: AUDITPOL.EXE
CommandLine: auditpol.exe /get /subcategory:""Security Group Management""
CurrentDirectory: C:\Program Files (x86)\ossec-agent\
User: NT AUTHORITY\SYSTEM
LogonGuid: {8bb50d47-9271-694c-e703-000000000000}
LogonId: 0x3E7
TerminalSessionId: 0
IntegrityLevel: System
Hashes: MD5=DF2B82B351C889B015CDFEE9C0A4BF28,SHA256=AC85C42F0994797B83F8491C56DBB83B7A4292DE00BD75A0B113036CB3A5BE04,IMPHASH=AB0C8C1C188B19D08FAF502671C04930
ParentProcessGuid: {8bb50d47-98db-694c-4800-000000000a00}
ParentProcessId: 3312
ParentImage: C:\Program Files (x86)\ossec-agent\wazuh-agent.exe
ParentCommandLine: ""C:\Program Files (x86)\ossec-agent\wazuh-agent.exe""
ParentUser: NT AUTHORITY\SYSTEM","1","5",,"4","1","0","-9223372036854775808","1079","Microsoft-Windows-Sysmon","5770385f-c22a-43e0-bf4c-06f5698ffbd9","Microsoft-Windows-Sysmon/Operational","3588","4124","Windows11","S-1-5-18","12/25/2025 2:56:03 AM",,,"Microsoft-Windows-Sysmon/Operational","System.UInt32[]","System.Diagnostics.Eventing.Reader.EventBookmark","Information","Info","File created (rule: FileCreate)","System.Collections.ObjectModel.ReadOnlyCollection`1[System.String]","System.Collections.Generic.List`1[System.Diagnostics.Eventing.Reader.EventProperty]"
"Process Create:
RuleName: -
UtcTime: 2025-12-25 01:56:03.517
ProcessGuid: {8bb50d47-99b3-694c-1901-000000000a00}
ProcessId: 7496
Image: C:\Windows\SysWOW64\auditpol.exe
FileVersion: 10.0.26100.3037 (WinBuild.160101.0800)
Description: Audit Policy Program
Product: Microsoft? Windows? Operating System
Company: Microsoft Corporation
OriginalFileName: AUDITPOL.EXE
CommandLine: auditpol.exe /get /subcategory:""Application Group Management""
CurrentDirectory: C:\Program Files (x86)\ossec-agent\
User: NT AUTHORITY\SYSTEM
LogonGuid: {8bb50d47-9271-694c-e703-000000000000}
LogonId: 0x3E7
TerminalSessionId: 0
IntegrityLevel: System
Hashes: MD5=DF2B82B351C889B015CDFEE9C0A4BF28,SHA256=AC85C42F0994797B83F8491C56DBB83B7A4292DE00BD75A0B113036CB3A5BE04,IMPHASH=AB0C8C1C188B19D08FAF502671C04930
ParentProcessGuid: {8bb50d47-98db-694c-4800-000000000a00}
ParentProcessId: 3312
ParentImage: C:\Program Files (x86)\ossec-agent\wazuh-agent.exe
ParentCommandLine: ""C:\Program Files (x86)\ossec-agent\wazuh-agent.exe""
ParentUser: NT AUTHORITY\SYSTEM","1","5",,"4","1","0","-9223372036854775808","1078","Microsoft-Windows-Sysmon","5770385f-c22a-43e0-bf4c-06f5698ffbd9","Microsoft-Windows-Sysmon/Operational","3588","4124","Windows11","S-1-5-18","12/25/2025 2:56:03 AM",,,"Microsoft-Windows-Sysmon/Operational","System.UInt32[]","System.Diagnostics.Eventing.Reader.EventBookmark","Information","Info","File created (rule: FileCreate)","System.Collections.ObjectModel.ReadOnlyCollection`1[System.String]","System.Collections.Generic.List`1[System.Diagnostics.Eventing.Reader.EventProperty]"
"Process Create:
RuleName: -
UtcTime: 2025-12-25 01:56:03.335
ProcessGuid: {8bb50d47-99b3-694c-1701-000000000a00}
ProcessId: 1284
Image: C:\Windows\SysWOW64\auditpol.exe
FileVersion: 10.0.26100.3037 (WinBuild.160101.0800)
Description: Audit Policy Program
Product: Microsoft? Windows? Operating System
Company: Microsoft Corporation
OriginalFileName: AUDITPOL.EXE
CommandLine: auditpol.exe /get /subcategory:""Credential Validation""
CurrentDirectory: C:\Program Files (x86)\ossec-agent\
User: NT AUTHORITY\SYSTEM
LogonGuid: {8bb50d47-9271-694c-e703-000000000000}
LogonId: 0x3E7
TerminalSessionId: 0
IntegrityLevel: System
Hashes: MD5=DF2B82B351C889B015CDFEE9C0A4BF28,SHA256=AC85C42F0994797B83F8491C56DBB83B7A4292DE00BD75A0B113036CB3A5BE04,IMPHASH=AB0C8C1C188B19D08FAF502671C04930
ParentProcessGuid: {8bb50d47-98db-694c-4800-000000000a00}
ParentProcessId: 3312
ParentImage: C:\Program Files (x86)\ossec-agent\wazuh-agent.exe
ParentCommandLine: ""C:\Program Files (x86)\ossec-agent\wazuh-agent.exe""
ParentUser: NT AUTHORITY\SYSTEM","1","5",,"4","1","0","-9223372036854775808","1077","Microsoft-Windows-Sysmon","5770385f-c22a-43e0-bf4c-06f5698ffbd9","Microsoft-Windows-Sysmon/Operational","3588","4124","Windows11","S-1-5-18","12/25/2025 2:56:03 AM",,,"Microsoft-Windows-Sysmon/Operational","System.UInt32[]","System.Diagnostics.Eventing.Reader.EventBookmark","Information","Info","File created (rule: FileCreate)","System.Collections.ObjectModel.ReadOnlyCollection`1[System.String]","System.Collections.Generic.List`1[System.Diagnostics.Eventing.Reader.EventProperty]"
"Process Create:
RuleName: -
UtcTime: 2025-12-25 01:56:03.120
ProcessGuid: {8bb50d47-99b3-694c-1501-000000000a00}
ProcessId: 1152
Image: C:\Windows\SysWOW64\reg.exe
FileVersion: 10.0.26100.5074 (WinBuild.160101.0800)
Description: Registry Console Tool
Product: Microsoft? Windows? Operating System
Company: Microsoft Corporation
OriginalFileName: reg.exe
CommandLine: reg query HKLM\SOFTWARE\Microsoft\Windows\CurrentVersion\Policies\system /v legalnoticecaption
CurrentDirectory: C:\Program Files (x86)\ossec-agent\
User: NT AUTHORITY\SYSTEM
LogonGuid: {8bb50d47-9271-694c-e703-000000000000}
LogonId: 0x3E7
TerminalSessionId: 0
IntegrityLevel: System
Hashes: MD5=D941AB3D0A82553A1C47609D12E62E60,SHA256=91B607A875E9E2798ADF4709D020E4694FA01A89C52ADA9B2AA828C477C37A6B,IMPHASH=399BDA16B847D53316F20870AEF7DD41
ParentProcessGuid: {8bb50d47-98db-694c-4800-000000000a00}
ParentProcessId: 3312
ParentImage: C:\Program Files (x86)\ossec-agent\wazuh-agent.exe
ParentCommandLine: ""C:\Program Files (x86)\ossec-agent\wazuh-agent.exe""
ParentUser: NT AUTHORITY\SYSTEM","1","5",,"4","1","0","-9223372036854775808","1076","Microsoft-Windows-Sysmon","5770385f-c22a-43e0-bf4c-06f5698ffbd9","Microsoft-Windows-Sysmon/Operational","3588","4124","Windows11","S-1-5-18","12/25/2025 2:56:03 AM",,,"Microsoft-Windows-Sysmon/Operational","System.UInt32[]","System.Diagnostics.Eventing.Reader.EventBookmark","Information","Info","File created (rule: FileCreate)","System.Collections.ObjectModel.ReadOnlyCollection`1[System.String]","System.Collections.Generic.List`1[System.Diagnostics.Eventing.Reader.EventProperty]"
"Process Create:
RuleName: -
UtcTime: 2025-12-25 01:56:02.845
ProcessGuid: {8bb50d47-99b2-694c-1301-000000000a00}
ProcessId: 4352
Image: C:\Windows\SysWOW64\reg.exe
FileVersion: 10.0.26100.5074 (WinBuild.160101.0800)
Description: Registry Console Tool
Product: Microsoft? Windows? Operating System
Company: Microsoft Corporation
OriginalFileName: reg.exe
CommandLine: reg query HKLM\SOFTWARE\Microsoft\Windows\CurrentVersion\Policies\system /v legalnoticetext
CurrentDirectory: C:\Program Files (x86)\ossec-agent\
User: NT AUTHORITY\SYSTEM
LogonGuid: {8bb50d47-9271-694c-e703-000000000000}
LogonId: 0x3E7
TerminalSessionId: 0
IntegrityLevel: System
Hashes: MD5=D941AB3D0A82553A1C47609D12E62E60,SHA256=91B607A875E9E2798ADF4709D020E4694FA01A89C52ADA9B2AA828C477C37A6B,IMPHASH=399BDA16B847D53316F20870AEF7DD41
ParentProcessGuid: {8bb50d47-98db-694c-4800-000000000a00}
ParentProcessId: 3312
ParentImage: C:\Program Files (x86)\ossec-agent\wazuh-agent.exe
ParentCommandLine: ""C:\Program Files (x86)\ossec-agent\wazuh-agent.exe""
ParentUser: NT AUTHORITY\SYSTEM","1","5",,"4","1","0","-9223372036854775808","1075","Microsoft-Windows-Sysmon","5770385f-c22a-43e0-bf4c-06f5698ffbd9","Microsoft-Windows-Sysmon/Operational","3588","4124","Windows11","S-1-5-18","12/25/2025 2:56:02 AM",,,"Microsoft-Windows-Sysmon/Operational","System.UInt32[]","System.Diagnostics.Eventing.Reader.EventBookmark","Information","Info","File created (rule: FileCreate)","System.Collections.ObjectModel.ReadOnlyCollection`1[System.String]","System.Collections.Generic.List`1[System.Diagnostics.Eventing.Reader.EventProperty]"
"Process Create:
RuleName: -
UtcTime: 2025-12-25 01:56:02.760
ProcessGuid: {8bb50d47-99b2-694c-1201-000000000a00}
ProcessId: 2828
Image: C:\Windows\SysWOW64\net1.exe
FileVersion: 10.0.26100.1 (WinBuild.160101.0800)
Description: Net Command
Product: Microsoft? Windows? Operating System
Company: Microsoft Corporation
OriginalFileName: net1.exe
CommandLine: C:\WINDOWS\system32\net1 user
CurrentDirectory: C:\Program Files (x86)\ossec-agent\
User: NT AUTHORITY\SYSTEM
LogonGuid: {8bb50d47-9271-694c-e703-000000000000}
LogonId: 0x3E7
TerminalSessionId: 0
IntegrityLevel: System
Hashes: MD5=F8D42E2BF18D54816819EA4DB4480F5F,SHA256=647136C32E9E7639B251719CFE503F1BD482335AECEC7AE7CB8A91B0A9805D49,IMPHASH=FEB4A1A72B6368863C8CC53955256BF8
ParentProcessGuid: {8bb50d47-99b2-694c-1001-000000000a00}
ParentProcessId: 3524
ParentImage: C:\Windows\SysWOW64\net.exe
ParentCommandLine: net user
ParentUser: NT AUTHORITY\SYSTEM","1","5",,"4","1","0","-9223372036854775808","1074","Microsoft-Windows-Sysmon","5770385f-c22a-43e0-bf4c-06f5698ffbd9","Microsoft-Windows-Sysmon/Operational","3588","4124","Windows11","S-1-5-18","12/25/2025 2:56:02 AM",,,"Microsoft-Windows-Sysmon/Operational","System.UInt32[]","System.Diagnostics.Eventing.Reader.EventBookmark","Information","Info","File created (rule: FileCreate)","System.Collections.ObjectModel.ReadOnlyCollection`1[System.String]","System.Collections.Generic.List`1[System.Diagnostics.Eventing.Reader.EventProperty]"
"Process Create:
RuleName: -
UtcTime: 2025-12-25 01:56:02.653
ProcessGuid: {8bb50d47-99b2-694c-1001-000000000a00}
ProcessId: 3524
Image: C:\Windows\SysWOW64\net.exe
FileVersion: 10.0.26100.4202 (WinBuild.160101.0800)
Description: Net Command
Product: Microsoft? Windows? Operating System
Company: Microsoft Corporation
OriginalFileName: net.exe
CommandLine: net user
CurrentDirectory: C:\Program Files (x86)\ossec-agent\
User: NT AUTHORITY\SYSTEM
LogonGuid: {8bb50d47-9271-694c-e703-000000000000}
LogonId: 0x3E7
TerminalSessionId: 0
IntegrityLevel: System
Hashes: MD5=B8EFCE70D7E2D937F18846AF32D38D37,SHA256=81DA685BA6E1A854CAC977AFC709933932D2E05A6B476B4EEC5DB78382367E36,IMPHASH=559D4014B9861D37E317DED7FD6BC691
ParentProcessGuid: {8bb50d47-98db-694c-4800-000000000a00}
ParentProcessId: 3312
ParentImage: C:\Program Files (x86)\ossec-agent\wazuh-agent.exe
ParentCommandLine: ""C:\Program Files (x86)\ossec-agent\wazuh-agent.exe""
ParentUser: NT AUTHORITY\SYSTEM","1","5",,"4","1","0","-9223372036854775808","1073","Microsoft-Windows-Sysmon","5770385f-c22a-43e0-bf4c-06f5698ffbd9","Microsoft-Windows-Sysmon/Operational","3588","4124","Windows11","S-1-5-18","12/25/2025 2:56:02 AM",,,"Microsoft-Windows-Sysmon/Operational","System.UInt32[]","System.Diagnostics.Eventing.Reader.EventBookmark","Information","Info","File created (rule: FileCreate)","System.Collections.ObjectModel.ReadOnlyCollection`1[System.String]","System.Collections.Generic.List`1[System.Diagnostics.Eventing.Reader.EventProperty]"
"Process Create:
RuleName: -
UtcTime: 2025-12-25 01:56:02.513
ProcessGuid: {8bb50d47-99b2-694c-0f01-000000000a00}
ProcessId: 6964
Image: C:\Windows\SysWOW64\net1.exe
FileVersion: 10.0.26100.1 (WinBuild.160101.0800)
Description: Net Command
Product: Microsoft? Windows? Operating System
Company: Microsoft Corporation
OriginalFileName: net1.exe
CommandLine: C:\WINDOWS\system32\net1 user
CurrentDirectory: C:\Program Files (x86)\ossec-agent\
User: NT AUTHORITY\SYSTEM
LogonGuid: {8bb50d47-9271-694c-e703-000000000000}
LogonId: 0x3E7
TerminalSessionId: 0
IntegrityLevel: System
Hashes: MD5=F8D42E2BF18D54816819EA4DB4480F5F,SHA256=647136C32E9E7639B251719CFE503F1BD482335AECEC7AE7CB8A91B0A9805D49,IMPHASH=FEB4A1A72B6368863C8CC53955256BF8
ParentProcessGuid: {8bb50d47-99b2-694c-0d01-000000000a00}
ParentProcessId: 6704
ParentImage: C:\Windows\SysWOW64\net.exe
ParentCommandLine: net user
ParentUser: NT AUTHORITY\SYSTEM","1","5",,"4","1","0","-9223372036854775808","1072","Microsoft-Windows-Sysmon","5770385f-c22a-43e0-bf4c-06f5698ffbd9","Microsoft-Windows-Sysmon/Operational","3588","4124","Windows11","S-1-5-18","12/25/2025 2:56:02 AM",,,"Microsoft-Windows-Sysmon/Operational","System.UInt32[]","System.Diagnostics.Eventing.Reader.EventBookmark","Information","Info","File created (rule: FileCreate)","System.Collections.ObjectModel.ReadOnlyCollection`1[System.String]","System.Collections.Generic.List`1[System.Diagnostics.Eventing.Reader.EventProperty]"
"Process Create:
RuleName: -
UtcTime: 2025-12-25 01:56:02.346
ProcessGuid: {8bb50d47-99b2-694c-0d01-000000000a00}
ProcessId: 6704
Image: C:\Windows\SysWOW64\net.exe
FileVersion: 10.0.26100.4202 (WinBuild.160101.0800)
Description: Net Command
Product: Microsoft? Windows? Operating System
Company: Microsoft Corporation
OriginalFileName: net.exe
CommandLine: net user
CurrentDirectory: C:\Program Files (x86)\ossec-agent\
User: NT AUTHORITY\SYSTEM
LogonGuid: {8bb50d47-9271-694c-e703-000000000000}
LogonId: 0x3E7
TerminalSessionId: 0
IntegrityLevel: System
Hashes: MD5=B8EFCE70D7E2D937F18846AF32D38D37,SHA256=81DA685BA6E1A854CAC977AFC709933932D2E05A6B476B4EEC5DB78382367E36,IMPHASH=559D4014B9861D37E317DED7FD6BC691
ParentProcessGuid: {8bb50d47-98db-694c-4800-000000000a00}
ParentProcessId: 3312
ParentImage: C:\Program Files (x86)\ossec-agent\wazuh-agent.exe
ParentCommandLine: ""C:\Program Files (x86)\ossec-agent\wazuh-agent.exe""
ParentUser: NT AUTHORITY\SYSTEM","1","5",,"4","1","0","-9223372036854775808","1071","Microsoft-Windows-Sysmon","5770385f-c22a-43e0-bf4c-06f5698ffbd9","Microsoft-Windows-Sysmon/Operational","3588","4124","Windows11","S-1-5-18","12/25/2025 2:56:02 AM",,,"Microsoft-Windows-Sysmon/Operational","System.UInt32[]","System.Diagnostics.Eventing.Reader.EventBookmark","Information","Info","File created (rule: FileCreate)","System.Collections.ObjectModel.ReadOnlyCollection`1[System.String]","System.Collections.Generic.List`1[System.Diagnostics.Eventing.Reader.EventProperty]"
"Process Create:
RuleName: -
UtcTime: 2025-12-25 01:55:58.889
ProcessGuid: {8bb50d47-99ae-694c-0b01-000000000a00}
ProcessId: 3108
Image: C:\Program Files\WindowsApps\Microsoft.WindowsTerminal_1.18.10301.0_x64__8wekyb3d8bbwe\WindowsTerminal.exe
FileVersion: -
Description: -
Product: -
Company: -
OriginalFileName: -
CommandLine: ""C:\Program Files\WindowsApps\Microsoft.WindowsTerminal_1.18.10301.0_x64__8wekyb3d8bbwe\WindowsTerminal.exe"" -Embedding
CurrentDirectory: C:\WINDOWS\system32\
User: WINDOWS11\Yomi
LogonGuid: {8bb50d47-98dd-694c-b2bf-020000000000}
LogonId: 0x2BFB2
TerminalSessionId: 1
IntegrityLevel: Medium
Hashes: MD5=B24678F13F5DA0B384FABBED53E3C4A4,SHA256=C93512B004AD368992F76142E9718E8B58893D543B0906DC56D8C460AFF20AF1,IMPHASH=BCB2714C87F374338A0EBA63797E97F7
ParentProcessGuid: {8bb50d47-9272-694c-0f00-000000000a00}
ParentProcessId: 1012
ParentImage: C:\Windows\System32\svchost.exe
ParentCommandLine: C:\WINDOWS\system32\svchost.exe -k DcomLaunch -p
ParentUser: NT AUTHORITY\SYSTEM","1","5",,"4","1","0","-9223372036854775808","1070","Microsoft-Windows-Sysmon","5770385f-c22a-43e0-bf4c-06f5698ffbd9","Microsoft-Windows-Sysmon/Operational","3588","4124","Windows11","S-1-5-18","12/25/2025 2:55:58 AM",,,"Microsoft-Windows-Sysmon/Operational","System.UInt32[]","System.Diagnostics.Eventing.Reader.EventBookmark","Information","Info","File created (rule: FileCreate)","System.Collections.ObjectModel.ReadOnlyCollection`1[System.String]","System.Collections.Generic.List`1[System.Diagnostics.Eventing.Reader.EventProperty]"
"Process Create:
RuleName: -
UtcTime: 2025-12-25 01:55:58.458
ProcessGuid: {8bb50d47-99ae-694c-0a01-000000000a00}
ProcessId: 1260
Image: C:\Program Files\WindowsApps\Microsoft.WindowsTerminal_1.18.10301.0_x64__8wekyb3d8bbwe\OpenConsole.exe
FileVersion: -
Description: -
Product: -
Company: -
OriginalFileName: -
CommandLine: ""C:\Program Files\WindowsApps\Microsoft.WindowsTerminal_1.18.10301.0_x64__8wekyb3d8bbwe\OpenConsole.exe"" -Embedding
CurrentDirectory: C:\WINDOWS\system32\
User: WINDOWS11\Yomi
LogonGuid: {8bb50d47-98dd-694c-b2bf-020000000000}
LogonId: 0x2BFB2
TerminalSessionId: 1
IntegrityLevel: Medium
Hashes: MD5=7B435AF317F6CA704B01C4654E9B913A,SHA256=550DEA7A75E6E38008DFDD9FA82A341A642F4AE73C8C3469387772653718F623,IMPHASH=33416571AABF686D008253127681E909
ParentProcessGuid: {8bb50d47-9272-694c-0f00-000000000a00}
ParentProcessId: 1012
ParentImage: C:\Windows\System32\svchost.exe
ParentCommandLine: C:\WINDOWS\system32\svchost.exe -k DcomLaunch -p
ParentUser: NT AUTHORITY\SYSTEM","1","5",,"4","1","0","-9223372036854775808","1069","Microsoft-Windows-Sysmon","5770385f-c22a-43e0-bf4c-06f5698ffbd9","Microsoft-Windows-Sysmon/Operational","3588","4124","Windows11","S-1-5-18","12/25/2025 2:55:58 AM",,,"Microsoft-Windows-Sysmon/Operational","System.UInt32[]","System.Diagnostics.Eventing.Reader.EventBookmark","Information","Info","File created (rule: FileCreate)","System.Collections.ObjectModel.ReadOnlyCollection`1[System.String]","System.Collections.Generic.List`1[System.Diagnostics.Eventing.Reader.EventProperty]"
"Process Create:
RuleName: -
UtcTime: 2025-12-25 01:55:58.072
ProcessGuid: {8bb50d47-99ae-694c-0801-000000000a00}
ProcessId: 6628
Image: C:\Windows\System32\cmd.exe
FileVersion: 10.0.26100.5074 (WinBuild.160101.0800)
Description: Windows Command Processor
Product: Microsoft? Windows? Operating System
Company: Microsoft Corporation
OriginalFileName: Cmd.Exe
CommandLine: ""C:\WINDOWS\system32\cmd.exe"" 
CurrentDirectory: C:\Users\Yomi\
User: WINDOWS11\Yomi
LogonGuid: {8bb50d47-98dd-694c-b2bf-020000000000}
LogonId: 0x2BFB2
TerminalSessionId: 1
IntegrityLevel: Medium
Hashes: MD5=FC01B4963B10D5D1A4812184B0998E8F,SHA256=65C9EC61A5B10E7EEC76A7A961766B86BB93604EF18C5D1FE8AC53B4E53EF17A,IMPHASH=B0F049C014592B156EB1FA857E99CEB9
ParentProcessGuid: {8bb50d47-98fc-694c-8100-000000000a00}
ParentProcessId: 5516
ParentImage: C:\Windows\explorer.exe
ParentCommandLine: C:\WINDOWS\Explorer.EXE
ParentUser: WINDOWS11\Yomi","1","5",,"4","1","0","-9223372036854775808","1068","Microsoft-Windows-Sysmon","5770385f-c22a-43e0-bf4c-06f5698ffbd9","Microsoft-Windows-Sysmon/Operational","3588","4124","Windows11","S-1-5-18","12/25/2025 2:55:58 AM",,,"Microsoft-Windows-Sysmon/Operational","System.UInt32[]","System.Diagnostics.Eventing.Reader.EventBookmark","Information","Info","File created (rule: FileCreate)","System.Collections.ObjectModel.ReadOnlyCollection`1[System.String]","System.Collections.Generic.List`1[System.Diagnostics.Eventing.Reader.EventProperty]"
"File created:
RuleName: -
UtcTime: 2025-12-25 01:55:57.467
ProcessGuid: {8bb50d47-99aa-694c-0601-000000000a00}
ProcessId: 6644
Image: C:\WINDOWS\SysWOW64\WindowsPowerShell\v1.0\powershell.exe
TargetFilename: C:\Windows\SystemTemp\__PSScriptPolicyTest_v1fj5c2e.rio.ps1
CreationUtcTime: 2025-12-25 01:55:57.466
User: NT AUTHORITY\SYSTEM","11","2",,"4","11","0","-9223372036854775808","1067","Microsoft-Windows-Sysmon","5770385f-c22a-43e0-bf4c-06f5698ffbd9","Microsoft-Windows-Sysmon/Operational","3588","4124","Windows11","S-1-5-18","12/25/2025 2:55:57 AM",,,"Microsoft-Windows-Sysmon/Operational","System.UInt32[]","System.Diagnostics.Eventing.Reader.EventBookmark","Information","Info","File created (rule: FileCreate)","System.Collections.ObjectModel.ReadOnlyCollection`1[System.String]","System.Collections.Generic.List`1[System.Diagnostics.Eventing.Reader.EventProperty]"
"File created:
RuleName: -
UtcTime: 2025-12-25 01:55:54.885
ProcessGuid: {8bb50d47-99aa-694c-0601-000000000a00}
ProcessId: 6644
Image: C:\WINDOWS\SysWOW64\WindowsPowerShell\v1.0\powershell.exe
TargetFilename: C:\Windows\SystemTemp\__PSScriptPolicyTest_dnyqkn5e.p5i.ps1
CreationUtcTime: 2025-12-25 01:55:54.883
User: NT AUTHORITY\SYSTEM","11","2",,"4","11","0","-9223372036854775808","1066","Microsoft-Windows-Sysmon","5770385f-c22a-43e0-bf4c-06f5698ffbd9","Microsoft-Windows-Sysmon/Operational","3588","4124","Windows11","S-1-5-18","12/25/2025 2:55:54 AM",,,"Microsoft-Windows-Sysmon/Operational","System.UInt32[]","System.Diagnostics.Eventing.Reader.EventBookmark","Information","Info","File created (rule: FileCreate)","System.Collections.ObjectModel.ReadOnlyCollection`1[System.String]","System.Collections.Generic.List`1[System.Diagnostics.Eventing.Reader.EventProperty]"
"Process Create:
RuleName: -
UtcTime: 2025-12-25 01:55:54.528
ProcessGuid: {8bb50d47-99aa-694c-0601-000000000a00}
ProcessId: 6644
Image: C:\Windows\SysWOW64\WindowsPowerShell\v1.0\powershell.exe
FileVersion: 10.0.26100.5074 (WinBuild.160101.0800)
Description: Windows PowerShell
Product: Microsoft? Windows? Operating System
Company: Microsoft Corporation
OriginalFileName: PowerShell.EXE
CommandLine: powershell -NoProfile -Command ""[bool](Get-CimInstance -Query 'SELECT * FROM Win32_UserAccount WHERE LocalAccount = TRUE AND SID LIKE ''S-1-5-21-%%-501''' | Where-Object -Property Disabled)""
CurrentDirectory: C:\Program Files (x86)\ossec-agent\
User: NT AUTHORITY\SYSTEM
LogonGuid: {8bb50d47-9271-694c-e703-000000000000}
LogonId: 0x3E7
TerminalSessionId: 0
IntegrityLevel: System
Hashes: MD5=0CB6529404FAEF431547CFF590744553,SHA256=3BFEDAAA40D9E19E45A3EE10C0F14B1750B01619EBB9F39BE3865BCFDACDD2E5,IMPHASH=9F91C97560360686D37B0E311BB8BD64
ParentProcessGuid: {8bb50d47-98db-694c-4800-000000000a00}
ParentProcessId: 3312
ParentImage: C:\Program Files (x86)\ossec-agent\wazuh-agent.exe
ParentCommandLine: ""C:\Program Files (x86)\ossec-agent\wazuh-agent.exe""
ParentUser: NT AUTHORITY\SYSTEM","1","5",,"4","1","0","-9223372036854775808","1065","Microsoft-Windows-Sysmon","5770385f-c22a-43e0-bf4c-06f5698ffbd9","Microsoft-Windows-Sysmon/Operational","3588","4124","Windows11","S-1-5-18","12/25/2025 2:55:54 AM",,,"Microsoft-Windows-Sysmon/Operational","System.UInt32[]","System.Diagnostics.Eventing.Reader.EventBookmark","Information","Info","File created (rule: FileCreate)","System.Collections.ObjectModel.ReadOnlyCollection`1[System.String]","System.Collections.Generic.List`1[System.Diagnostics.Eventing.Reader.EventProperty]"
"Process Create:
RuleName: -
UtcTime: 2025-12-25 01:55:53.491
ProcessGuid: {8bb50d47-99a9-694c-0501-000000000a00}
ProcessId: 4516
Image: C:\Windows\SysWOW64\SecEdit.exe
FileVersion: 10.0.26100.1882 (WinBuild.160101.0800)
Description: Windows Security Configuration Editor Command Tool
Product: Microsoft? Windows? Operating System
Company: Microsoft Corporation
OriginalFileName: SeCEdit
CommandLine: ""C:\WINDOWS\system32\SecEdit.exe"" /export /cfg C:\WINDOWS\TEMP\secpol.cfg
CurrentDirectory: C:\Program Files (x86)\ossec-agent\
User: NT AUTHORITY\SYSTEM
LogonGuid: {8bb50d47-9271-694c-e703-000000000000}
LogonId: 0x3E7
TerminalSessionId: 0
IntegrityLevel: System
Hashes: MD5=5186660368C77614AEC7DF482ECD4BD9,SHA256=FB968BA2416A930CD06AC599A61A50569AAA846CA15D0880A5DB80A81CF1500A,IMPHASH=615449A6A25801F47AE0D7578EB950B4
ParentProcessGuid: {8bb50d47-99a7-694c-0301-000000000a00}
ParentProcessId: 1736
ParentImage: C:\Windows\SysWOW64\WindowsPowerShell\v1.0\powershell.exe
ParentCommandLine: powershell secedit /export /cfg $env:TEMP\secpol.cfg; Get-Content $env:TEMP\secpol.cfg | Select-String ""ResetLockoutCount""; Remove-Item $env:TEMP\secpol.cfg
ParentUser: NT AUTHORITY\SYSTEM","1","5",,"4","1","0","-9223372036854775808","1064","Microsoft-Windows-Sysmon","5770385f-c22a-43e0-bf4c-06f5698ffbd9","Microsoft-Windows-Sysmon/Operational","3588","4124","Windows11","S-1-5-18","12/25/2025 2:55:53 AM",,,"Microsoft-Windows-Sysmon/Operational","System.UInt32[]","System.Diagnostics.Eventing.Reader.EventBookmark","Information","Info","File created (rule: FileCreate)","System.Collections.ObjectModel.ReadOnlyCollection`1[System.String]","System.Collections.Generic.List`1[System.Diagnostics.Eventing.Reader.EventProperty]"
"File created:
RuleName: -
UtcTime: 2025-12-25 01:55:51.618
ProcessGuid: {8bb50d47-99a7-694c-0301-000000000a00}
ProcessId: 1736
Image: C:\WINDOWS\SysWOW64\WindowsPowerShell\v1.0\powershell.exe
TargetFilename: C:\Windows\SystemTemp\__PSScriptPolicyTest_brbbe3cz.ino.ps1
CreationUtcTime: 2025-12-25 01:55:51.617
User: NT AUTHORITY\SYSTEM","11","2",,"4","11","0","-9223372036854775808","1063","Microsoft-Windows-Sysmon","5770385f-c22a-43e0-bf4c-06f5698ffbd9","Microsoft-Windows-Sysmon/Operational","3588","4124","Windows11","S-1-5-18","12/25/2025 2:55:51 AM",,,"Microsoft-Windows-Sysmon/Operational","System.UInt32[]","System.Diagnostics.Eventing.Reader.EventBookmark","Information","Info","File created (rule: FileCreate)","System.Collections.ObjectModel.ReadOnlyCollection`1[System.String]","System.Collections.Generic.List`1[System.Diagnostics.Eventing.Reader.EventProperty]"
"Process Create:
RuleName: -
UtcTime: 2025-12-25 01:55:51.218
ProcessGuid: {8bb50d47-99a7-694c-0301-000000000a00}
ProcessId: 1736
Image: C:\Windows\SysWOW64\WindowsPowerShell\v1.0\powershell.exe
FileVersion: 10.0.26100.5074 (WinBuild.160101.0800)
Description: Windows PowerShell
Product: Microsoft? Windows? Operating System
Company: Microsoft Corporation
OriginalFileName: PowerShell.EXE
CommandLine: powershell secedit /export /cfg $env:TEMP\secpol.cfg; Get-Content $env:TEMP\secpol.cfg | Select-String ""ResetLockoutCount""; Remove-Item $env:TEMP\secpol.cfg
CurrentDirectory: C:\Program Files (x86)\ossec-agent\
User: NT AUTHORITY\SYSTEM
LogonGuid: {8bb50d47-9271-694c-e703-000000000000}
LogonId: 0x3E7
TerminalSessionId: 0
IntegrityLevel: System
Hashes: MD5=0CB6529404FAEF431547CFF590744553,SHA256=3BFEDAAA40D9E19E45A3EE10C0F14B1750B01619EBB9F39BE3865BCFDACDD2E5,IMPHASH=9F91C97560360686D37B0E311BB8BD64
ParentProcessGuid: {8bb50d47-98db-694c-4800-000000000a00}
ParentProcessId: 3312
ParentImage: C:\Program Files (x86)\ossec-agent\wazuh-agent.exe
ParentCommandLine: ""C:\Program Files (x86)\ossec-agent\wazuh-agent.exe""
ParentUser: NT AUTHORITY\SYSTEM","1","5",,"4","1","0","-9223372036854775808","1062","Microsoft-Windows-Sysmon","5770385f-c22a-43e0-bf4c-06f5698ffbd9","Microsoft-Windows-Sysmon/Operational","3588","4124","Windows11","S-1-5-18","12/25/2025 2:55:51 AM",,,"Microsoft-Windows-Sysmon/Operational","System.UInt32[]","System.Diagnostics.Eventing.Reader.EventBookmark","Information","Info","File created (rule: FileCreate)","System.Collections.ObjectModel.ReadOnlyCollection`1[System.String]","System.Collections.Generic.List`1[System.Diagnostics.Eventing.Reader.EventProperty]"
"Process Create:
RuleName: -
UtcTime: 2025-12-25 01:55:48.022
ProcessGuid: {8bb50d47-99a4-694c-0001-000000000a00}
ProcessId: 8136
Image: C:\Windows\SysWOW64\SecEdit.exe
FileVersion: 10.0.26100.1882 (WinBuild.160101.0800)
Description: Windows Security Configuration Editor Command Tool
Product: Microsoft? Windows? Operating System
Company: Microsoft Corporation
OriginalFileName: SeCEdit
CommandLine: ""C:\WINDOWS\system32\SecEdit.exe"" /export /cfg C:\WINDOWS\TEMP\secpol.cfg
CurrentDirectory: C:\Program Files (x86)\ossec-agent\
User: NT AUTHORITY\SYSTEM
LogonGuid: {8bb50d47-9271-694c-e703-000000000000}
LogonId: 0x3E7
TerminalSessionId: 0
IntegrityLevel: System
Hashes: MD5=5186660368C77614AEC7DF482ECD4BD9,SHA256=FB968BA2416A930CD06AC599A61A50569AAA846CA15D0880A5DB80A81CF1500A,IMPHASH=615449A6A25801F47AE0D7578EB950B4
ParentProcessGuid: {8bb50d47-9996-694c-f600-000000000a00}
ParentProcessId: 7368
ParentImage: C:\Windows\SysWOW64\WindowsPowerShell\v1.0\powershell.exe
ParentCommandLine: powershell secedit /export /cfg $env:TEMP\secpol.cfg; Get-Content $env:TEMP\secpol.cfg | Select-String ""LockoutBadCount""; Remove-Item $env:TEMP\secpol.cfg
ParentUser: NT AUTHORITY\SYSTEM","1","5",,"4","1","0","-9223372036854775808","1061","Microsoft-Windows-Sysmon","5770385f-c22a-43e0-bf4c-06f5698ffbd9","Microsoft-Windows-Sysmon/Operational","3588","4124","Windows11","S-1-5-18","12/25/2025 2:55:48 AM",,,"Microsoft-Windows-Sysmon/Operational","System.UInt32[]","System.Diagnostics.Eventing.Reader.EventBookmark","Information","Info","File created (rule: FileCreate)","System.Collections.ObjectModel.ReadOnlyCollection`1[System.String]","System.Collections.Generic.List`1[System.Diagnostics.Eventing.Reader.EventProperty]"
"Process Create:
RuleName: -
UtcTime: 2025-12-25 01:55:47.355
ProcessGuid: {8bb50d47-99a3-694c-ff00-000000000a00}
ProcessId: 6308
Image: C:\Program Files (x86)\Microsoft\Edge\Application\msedge.exe
FileVersion: 143.0.3650.96
Description: Microsoft Edge
Product: Microsoft Edge
Company: Microsoft Corporation
OriginalFileName: msedge.exe
CommandLine: ""C:\Program Files (x86)\Microsoft\Edge\Application\msedge.exe"" --type=utility --utility-sub-type=chrome.mojom.UtilWin --lang=en-US --service-sandbox-type=none --message-loop-type-ui --skip-read-main-dll --metrics-shmem-handle=5140,i,5041812990932707954,2362038928711090564,524288 --field-trial-handle=2524,i,10392308234706831151,11631399008401816910,262144 --variations-seed-version --trace-process-track-uuid=3190708993808206286 --mojo-platform-channel-handle=5200 /prefetch:14
CurrentDirectory: C:\Program Files (x86)\Microsoft\Edge\Application\143.0.3650.96\
User: WINDOWS11\Yomi
LogonGuid: {8bb50d47-98dd-694c-b2bf-020000000000}
LogonId: 0x2BFB2
TerminalSessionId: 1
IntegrityLevel: Medium
Hashes: MD5=EEDCB91823A577336215FD725124B011,SHA256=9AFD1452D57620CC28C97C1760BB3FD195FB69D76037818EC956DE75B85771F1,IMPHASH=9ACEBDFAC77931C2B0DFBBEA2D494BA9
ParentProcessGuid: {8bb50d47-9989-694c-e600-000000000a00}
ParentProcessId: 4800
ParentImage: C:\Program Files (x86)\Microsoft\Edge\Application\msedge.exe
ParentCommandLine: ""C:\Program Files (x86)\Microsoft\Edge\Application\msedge.exe"" --no-startup-window --win-session-start
ParentUser: WINDOWS11\Yomi","1","5",,"4","1","0","-9223372036854775808","1060","Microsoft-Windows-Sysmon","5770385f-c22a-43e0-bf4c-06f5698ffbd9","Microsoft-Windows-Sysmon/Operational","3588","4124","Windows11","S-1-5-18","12/25/2025 2:55:47 AM",,,"Microsoft-Windows-Sysmon/Operational","System.UInt32[]","System.Diagnostics.Eventing.Reader.EventBookmark","Information","Info","File created (rule: FileCreate)","System.Collections.ObjectModel.ReadOnlyCollection`1[System.String]","System.Collections.Generic.List`1[System.Diagnostics.Eventing.Reader.EventProperty]"
"Process Create:
RuleName: -
UtcTime: 2025-12-25 01:55:47.341
ProcessGuid: {8bb50d47-99a3-694c-fe00-000000000a00}
ProcessId: 7072
Image: C:\Program Files (x86)\Microsoft\Edge\Application\msedge.exe
FileVersion: 143.0.3650.96
Description: Microsoft Edge
Product: Microsoft Edge
Company: Microsoft Corporation
OriginalFileName: msedge.exe
CommandLine: ""C:\Program Files (x86)\Microsoft\Edge\Application\msedge.exe"" --type=utility --utility-sub-type=chrome.mojom.UtilWin --lang=en-US --service-sandbox-type=none --message-loop-type-ui --skip-read-main-dll --metrics-shmem-handle=4544,i,4466991540487261284,2689083742595429060,524288 --field-trial-handle=2524,i,10392308234706831151,11631399008401816910,262144 --variations-seed-version --trace-process-track-uuid=3190708992871164437 --mojo-platform-channel-handle=5152 /prefetch:14
CurrentDirectory: C:\Program Files (x86)\Microsoft\Edge\Application\143.0.3650.96\
User: WINDOWS11\Yomi
LogonGuid: {8bb50d47-98dd-694c-b2bf-020000000000}
LogonId: 0x2BFB2
TerminalSessionId: 1
IntegrityLevel: Medium
Hashes: MD5=EEDCB91823A577336215FD725124B011,SHA256=9AFD1452D57620CC28C97C1760BB3FD195FB69D76037818EC956DE75B85771F1,IMPHASH=9ACEBDFAC77931C2B0DFBBEA2D494BA9
ParentProcessGuid: {8bb50d47-9989-694c-e600-000000000a00}
ParentProcessId: 4800
ParentImage: C:\Program Files (x86)\Microsoft\Edge\Application\msedge.exe
ParentCommandLine: ""C:\Program Files (x86)\Microsoft\Edge\Application\msedge.exe"" --no-startup-window --win-session-start
ParentUser: WINDOWS11\Yomi","1","5",,"4","1","0","-9223372036854775808","1059","Microsoft-Windows-Sysmon","5770385f-c22a-43e0-bf4c-06f5698ffbd9","Microsoft-Windows-Sysmon/Operational","3588","4124","Windows11","S-1-5-18","12/25/2025 2:55:47 AM",,,"Microsoft-Windows-Sysmon/Operational","System.UInt32[]","System.Diagnostics.Eventing.Reader.EventBookmark","Information","Info","File created (rule: FileCreate)","System.Collections.ObjectModel.ReadOnlyCollection`1[System.String]","System.Collections.Generic.List`1[System.Diagnostics.Eventing.Reader.EventProperty]"
"Process Create:
RuleName: -
UtcTime: 2025-12-25 01:55:47.320
ProcessGuid: {8bb50d47-99a3-694c-fd00-000000000a00}
ProcessId: 6956
Image: C:\Program Files (x86)\Microsoft\Edge\Application\msedge.exe
FileVersion: 143.0.3650.96
Description: Microsoft Edge
Product: Microsoft Edge
Company: Microsoft Corporation
OriginalFileName: msedge.exe
CommandLine: ""C:\Program Files (x86)\Microsoft\Edge\Application\msedge.exe"" --type=utility --utility-sub-type=chrome.mojom.UtilWin --lang=en-US --service-sandbox-type=none --message-loop-type-ui --skip-read-main-dll --metrics-shmem-handle=4368,i,3783007752220607458,15011690989654166378,524288 --field-trial-handle=2524,i,10392308234706831151,11631399008401816910,262144 --variations-seed-version --trace-process-track-uuid=3190708991934122588 --mojo-platform-channel-handle=4668 /prefetch:14
CurrentDirectory: C:\Program Files (x86)\Microsoft\Edge\Application\143.0.3650.96\
User: WINDOWS11\Yomi
LogonGuid: {8bb50d47-98dd-694c-b2bf-020000000000}
LogonId: 0x2BFB2
TerminalSessionId: 1
IntegrityLevel: Medium
Hashes: MD5=EEDCB91823A577336215FD725124B011,SHA256=9AFD1452D57620CC28C97C1760BB3FD195FB69D76037818EC956DE75B85771F1,IMPHASH=9ACEBDFAC77931C2B0DFBBEA2D494BA9
ParentProcessGuid: {8bb50d47-9989-694c-e600-000000000a00}
ParentProcessId: 4800
ParentImage: C:\Program Files (x86)\Microsoft\Edge\Application\msedge.exe
ParentCommandLine: ""C:\Program Files (x86)\Microsoft\Edge\Application\msedge.exe"" --no-startup-window --win-session-start
ParentUser: WINDOWS11\Yomi","1","5",,"4","1","0","-9223372036854775808","1058","Microsoft-Windows-Sysmon","5770385f-c22a-43e0-bf4c-06f5698ffbd9","Microsoft-Windows-Sysmon/Operational","3588","4124","Windows11","S-1-5-18","12/25/2025 2:55:47 AM",,,"Microsoft-Windows-Sysmon/Operational","System.UInt32[]","System.Diagnostics.Eventing.Reader.EventBookmark","Information","Info","File created (rule: FileCreate)","System.Collections.ObjectModel.ReadOnlyCollection`1[System.String]","System.Collections.Generic.List`1[System.Diagnostics.Eventing.Reader.EventProperty]"
"File created:
RuleName: -
UtcTime: 2025-12-25 01:55:44.074
ProcessGuid: {8bb50d47-9996-694c-f600-000000000a00}
ProcessId: 7368
Image: C:\WINDOWS\SysWOW64\WindowsPowerShell\v1.0\powershell.exe
TargetFilename: C:\Windows\SystemTemp\__PSScriptPolicyTest_fghy2b1m.5bu.ps1
CreationUtcTime: 2025-12-25 01:55:44.074
User: NT AUTHORITY\SYSTEM","11","2",,"4","11","0","-9223372036854775808","1057","Microsoft-Windows-Sysmon","5770385f-c22a-43e0-bf4c-06f5698ffbd9","Microsoft-Windows-Sysmon/Operational","3588","4124","Windows11","S-1-5-18","12/25/2025 2:55:44 AM",,,"Microsoft-Windows-Sysmon/Operational","System.UInt32[]","System.Diagnostics.Eventing.Reader.EventBookmark","Information","Info","File created (rule: FileCreate)","System.Collections.ObjectModel.ReadOnlyCollection`1[System.String]","System.Collections.Generic.List`1[System.Diagnostics.Eventing.Reader.EventProperty]"
"Process Create:
RuleName: -
UtcTime: 2025-12-25 01:55:41.496
ProcessGuid: {8bb50d47-999d-694c-fa00-000000000a00}
ProcessId: 2460
Image: C:\Windows\System32\SecurityHealth\10.0.29429.1000-0\SecurityHealthHost.exe
FileVersion: 10.0.29429.1000 (WinBuild.160101.0800)
Description: Windows Security Health Host
Product: Microsoft? Windows? Operating System
Company: Microsoft Corporation
OriginalFileName: SecurityHealthHost.exe
CommandLine: \\?\C:\Windows\System32\SecurityHealth\10.0.29429.1000-0\SecurityHealthHost.exe {08728914-3F57-4D52-9E31-49DAECA5A80A} -Embedding
CurrentDirectory: C:\WINDOWS\system32\
User: WINDOWS11\Yomi
LogonGuid: {8bb50d47-98dd-694c-b2bf-020000000000}
LogonId: 0x2BFB2
TerminalSessionId: 1
IntegrityLevel: Medium
Hashes: MD5=6A1C7F240C04965EA3627ADA46E890DB,SHA256=4DAAC737340C506314BF4B5FA7979FBA68E0F9E22093F9EC50CAF647542A113F,IMPHASH=E8960CAF12CF621B3CA78988264C27F1
ParentProcessGuid: {8bb50d47-9272-694c-0f00-000000000a00}
ParentProcessId: 1012
ParentImage: C:\Windows\System32\svchost.exe
ParentCommandLine: C:\WINDOWS\system32\svchost.exe -k DcomLaunch -p
ParentUser: NT AUTHORITY\SYSTEM","1","5",,"4","1","0","-9223372036854775808","1056","Microsoft-Windows-Sysmon","5770385f-c22a-43e0-bf4c-06f5698ffbd9","Microsoft-Windows-Sysmon/Operational","3588","4124","Windows11","S-1-5-18","12/25/2025 2:55:41 AM",,,"Microsoft-Windows-Sysmon/Operational","System.UInt32[]","System.Diagnostics.Eventing.Reader.EventBookmark","Information","Info","File created (rule: FileCreate)","System.Collections.ObjectModel.ReadOnlyCollection`1[System.String]","System.Collections.Generic.List`1[System.Diagnostics.Eventing.Reader.EventProperty]"
"Process Create:
RuleName: -
UtcTime: 2025-12-25 01:55:37.365
ProcessGuid: {8bb50d47-9999-694c-f900-000000000a00}
ProcessId: 1092
Image: C:\Windows\System32\SecurityHealth\10.0.29429.1000-0\SecurityHealthHost.exe
FileVersion: 10.0.29429.1000 (WinBuild.160101.0800)
Description: Windows Security Health Host
Product: Microsoft? Windows? Operating System
Company: Microsoft Corporation
OriginalFileName: SecurityHealthHost.exe
CommandLine: \\?\C:\Windows\System32\SecurityHealth\10.0.29429.1000-0\SecurityHealthHost.exe {08728914-3F57-4D52-9E31-49DAECA5A80A} -Embedding
CurrentDirectory: C:\WINDOWS\system32\
User: WINDOWS11\Yomi
LogonGuid: {8bb50d47-98dd-694c-b2bf-020000000000}
LogonId: 0x2BFB2
TerminalSessionId: 1
IntegrityLevel: Medium
Hashes: MD5=6A1C7F240C04965EA3627ADA46E890DB,SHA256=4DAAC737340C506314BF4B5FA7979FBA68E0F9E22093F9EC50CAF647542A113F,IMPHASH=E8960CAF12CF621B3CA78988264C27F1
ParentProcessGuid: {8bb50d47-9272-694c-0f00-000000000a00}
ParentProcessId: 1012
ParentImage: C:\Windows\System32\svchost.exe
ParentCommandLine: C:\WINDOWS\system32\svchost.exe -k DcomLaunch -p
ParentUser: NT AUTHORITY\SYSTEM","1","5",,"4","1","0","-9223372036854775808","1055","Microsoft-Windows-Sysmon","5770385f-c22a-43e0-bf4c-06f5698ffbd9","Microsoft-Windows-Sysmon/Operational","3588","4124","Windows11","S-1-5-18","12/25/2025 2:55:37 AM",,,"Microsoft-Windows-Sysmon/Operational","System.UInt32[]","System.Diagnostics.Eventing.Reader.EventBookmark","Information","Info","File created (rule: FileCreate)","System.Collections.ObjectModel.ReadOnlyCollection`1[System.String]","System.Collections.Generic.List`1[System.Diagnostics.Eventing.Reader.EventProperty]"
"Dns query:
RuleName: -
UtcTime: 2025-12-25 01:55:43.862
ProcessGuid: {8bb50d47-9996-694c-f300-000000000a00}
ProcessId: 2444
QueryName: wpad
QueryStatus: 123
QueryResults: -
Image: C:\Program Files (x86)\Microsoft\EdgeWebView\Application\143.0.3650.96\msedgewebview2.exe
User: WINDOWS11\Yomi","22","5",,"4","22","0","-9223372036854775808","1054","Microsoft-Windows-Sysmon","5770385f-c22a-43e0-bf4c-06f5698ffbd9","Microsoft-Windows-Sysmon/Operational","3588","4144","Windows11","S-1-5-18","12/25/2025 2:55:36 AM",,,"Microsoft-Windows-Sysmon/Operational","System.UInt32[]","System.Diagnostics.Eventing.Reader.EventBookmark","Information","Info","File created (rule: FileCreate)","System.Collections.ObjectModel.ReadOnlyCollection`1[System.String]","System.Collections.Generic.List`1[System.Diagnostics.Eventing.Reader.EventProperty]"
"Process Create:
RuleName: -
UtcTime: 2025-12-25 01:55:34.496
ProcessGuid: {8bb50d47-9996-694c-f600-000000000a00}
ProcessId: 7368
Image: C:\Windows\SysWOW64\WindowsPowerShell\v1.0\powershell.exe
FileVersion: 10.0.26100.5074 (WinBuild.160101.0800)
Description: Windows PowerShell
Product: Microsoft? Windows? Operating System
Company: Microsoft Corporation
OriginalFileName: PowerShell.EXE
CommandLine: powershell secedit /export /cfg $env:TEMP\secpol.cfg; Get-Content $env:TEMP\secpol.cfg | Select-String ""LockoutBadCount""; Remove-Item $env:TEMP\secpol.cfg
CurrentDirectory: C:\Program Files (x86)\ossec-agent\
User: NT AUTHORITY\SYSTEM
LogonGuid: {8bb50d47-9271-694c-e703-000000000000}
LogonId: 0x3E7
TerminalSessionId: 0
IntegrityLevel: System
Hashes: MD5=0CB6529404FAEF431547CFF590744553,SHA256=3BFEDAAA40D9E19E45A3EE10C0F14B1750B01619EBB9F39BE3865BCFDACDD2E5,IMPHASH=9F91C97560360686D37B0E311BB8BD64
ParentProcessGuid: {8bb50d47-98db-694c-4800-000000000a00}
ParentProcessId: 3312
ParentImage: C:\Program Files (x86)\ossec-agent\wazuh-agent.exe
ParentCommandLine: ""C:\Program Files (x86)\ossec-agent\wazuh-agent.exe""
ParentUser: NT AUTHORITY\SYSTEM","1","5",,"4","1","0","-9223372036854775808","1053","Microsoft-Windows-Sysmon","5770385f-c22a-43e0-bf4c-06f5698ffbd9","Microsoft-Windows-Sysmon/Operational","3588","4124","Windows11","S-1-5-18","12/25/2025 2:55:34 AM",,,"Microsoft-Windows-Sysmon/Operational","System.UInt32[]","System.Diagnostics.Eventing.Reader.EventBookmark","Information","Info","File created (rule: FileCreate)","System.Collections.ObjectModel.ReadOnlyCollection`1[System.String]","System.Collections.Generic.List`1[System.Diagnostics.Eventing.Reader.EventProperty]"
"Process Create:
RuleName: -
UtcTime: 2025-12-25 01:55:26.586
ProcessGuid: {8bb50d47-998e-694c-ee00-000000000a00}
ProcessId: 7984
Image: C:\Program Files (x86)\Microsoft\Edge\Application\143.0.3650.96\identity_helper.exe
FileVersion: 143.0.3650.96
Description: PWA Identity Proxy Host
Product: Microsoft Edge
Company: Microsoft Corporation
OriginalFileName: identity_helper.exe
CommandLine: ""C:\Program Files (x86)\Microsoft\Edge\Application\143.0.3650.96\identity_helper.exe"" --type=utility --utility-sub-type=winrt_app_id.mojom.WinrtAppIdService --lang=en-US --service-sandbox-type=none --ram-no-pressure-read-main-dll --metrics-shmem-handle=4712,i,9470520264036117433,3839638585223637041,524288 --field-trial-handle=2524,i,10392308234706831151,11631399008401816910,262144 --variations-seed-version --trace-process-track-uuid=3190708990997080739 --mojo-platform-channel-handle=4368 /prefetch:14
CurrentDirectory: C:\Program Files (x86)\Microsoft\Edge\Application\143.0.3650.96\
User: WINDOWS11\Yomi
LogonGuid: {8bb50d47-98dd-694c-b2bf-020000000000}
LogonId: 0x2BFB2
TerminalSessionId: 1
IntegrityLevel: Medium
Hashes: MD5=7AE45472F39DF8D7262A4059235FDDB0,SHA256=12A8F069133F9CE4830773309C993D5D3F74157D6E43AC0DF217FFD8146AB8F0,IMPHASH=5CFE96A30FB948A2480A91F1EE68B283
ParentProcessGuid: {8bb50d47-9989-694c-e600-000000000a00}
ParentProcessId: 4800
ParentImage: C:\Program Files (x86)\Microsoft\Edge\Application\msedge.exe
ParentCommandLine: ""C:\Program Files (x86)\Microsoft\Edge\Application\msedge.exe"" --no-startup-window --win-session-start
ParentUser: WINDOWS11\Yomi","1","5",,"4","1","0","-9223372036854775808","1052","Microsoft-Windows-Sysmon","5770385f-c22a-43e0-bf4c-06f5698ffbd9","Microsoft-Windows-Sysmon/Operational","3588","4124","Windows11","S-1-5-18","12/25/2025 2:55:26 AM",,,"Microsoft-Windows-Sysmon/Operational","System.UInt32[]","System.Diagnostics.Eventing.Reader.EventBookmark","Information","Info","File created (rule: FileCreate)","System.Collections.ObjectModel.ReadOnlyCollection`1[System.String]","System.Collections.Generic.List`1[System.Diagnostics.Eventing.Reader.EventProperty]"
"Process Create:
RuleName: -
UtcTime: 2025-12-25 01:55:26.494
ProcessGuid: {8bb50d47-998e-694c-ed00-000000000a00}
ProcessId: 5660
Image: C:\Program Files (x86)\Microsoft\Edge\Application\143.0.3650.96\identity_helper.exe
FileVersion: 143.0.3650.96
Description: PWA Identity Proxy Host
Product: Microsoft Edge
Company: Microsoft Corporation
OriginalFileName: identity_helper.exe
CommandLine: ""C:\Program Files (x86)\Microsoft\Edge\Application\143.0.3650.96\identity_helper.exe"" --type=utility --utility-sub-type=winrt_app_id.mojom.WinrtAppIdService --lang=en-US --service-sandbox-type=none --ram-no-pressure-read-main-dll --metrics-shmem-handle=4712,i,9470520264036117433,3839638585223637041,524288 --field-trial-handle=2524,i,10392308234706831151,11631399008401816910,262144 --variations-seed-version --trace-process-track-uuid=3190708990997080739 --mojo-platform-channel-handle=4368 /prefetch:14
CurrentDirectory: C:\Program Files (x86)\Microsoft\Edge\Application\143.0.3650.96\
User: WINDOWS11\Yomi
LogonGuid: {8bb50d47-98dd-694c-b2bf-020000000000}
LogonId: 0x2BFB2
TerminalSessionId: 1
IntegrityLevel: Medium
Hashes: MD5=7AE45472F39DF8D7262A4059235FDDB0,SHA256=12A8F069133F9CE4830773309C993D5D3F74157D6E43AC0DF217FFD8146AB8F0,IMPHASH=5CFE96A30FB948A2480A91F1EE68B283
ParentProcessGuid: {8bb50d47-9989-694c-e600-000000000a00}
ParentProcessId: 4800
ParentImage: C:\Program Files (x86)\Microsoft\Edge\Application\msedge.exe
ParentCommandLine: ""C:\Program Files (x86)\Microsoft\Edge\Application\msedge.exe"" --no-startup-window --win-session-start
ParentUser: WINDOWS11\Yomi","1","5",,"4","1","0","-9223372036854775808","1051","Microsoft-Windows-Sysmon","5770385f-c22a-43e0-bf4c-06f5698ffbd9","Microsoft-Windows-Sysmon/Operational","3588","4124","Windows11","S-1-5-18","12/25/2025 2:55:26 AM",,,"Microsoft-Windows-Sysmon/Operational","System.UInt32[]","System.Diagnostics.Eventing.Reader.EventBookmark","Information","Info","File created (rule: FileCreate)","System.Collections.ObjectModel.ReadOnlyCollection`1[System.String]","System.Collections.Generic.List`1[System.Diagnostics.Eventing.Reader.EventProperty]"
"Dns query:
RuleName: -
UtcTime: 2025-12-25 01:55:30.918
ProcessGuid: {8bb50d47-998a-694c-e800-000000000a00}
ProcessId: 804
QueryName: wpad
QueryStatus: 123
QueryResults: -
Image: C:\Program Files (x86)\Microsoft\Edge\Application\msedge.exe
User: WINDOWS11\Yomi","22","5",,"4","22","0","-9223372036854775808","1050","Microsoft-Windows-Sysmon","5770385f-c22a-43e0-bf4c-06f5698ffbd9","Microsoft-Windows-Sysmon/Operational","3588","4144","Windows11","S-1-5-18","12/25/2025 2:55:25 AM",,,"Microsoft-Windows-Sysmon/Operational","System.UInt32[]","System.Diagnostics.Eventing.Reader.EventBookmark","Information","Info","File created (rule: FileCreate)","System.Collections.ObjectModel.ReadOnlyCollection`1[System.String]","System.Collections.Generic.List`1[System.Diagnostics.Eventing.Reader.EventProperty]"
"Process Create:
RuleName: -
UtcTime: 2025-12-25 01:55:22.900
ProcessGuid: {8bb50d47-998a-694c-ea00-000000000a00}
ProcessId: 2964
Image: C:\Program Files (x86)\Microsoft\Edge\Application\msedge.exe
FileVersion: 143.0.3650.96
Description: Microsoft Edge
Product: Microsoft Edge
Company: Microsoft Corporation
OriginalFileName: msedge.exe
CommandLine: ""C:\Program Files (x86)\Microsoft\Edge\Application\msedge.exe"" --type=utility --utility-sub-type=storage.mojom.StorageService --lang=en-US --service-sandbox-type=service --no-pre-read-main-dll --startup-read-main-dll --metrics-shmem-handle=2320,i,2698893802161557008,216968250897130942,524288 --field-trial-handle=2524,i,10392308234706831151,11631399008401816910,262144 --variations-seed-version --trace-process-track-uuid=3190708990060038890 --mojo-platform-channel-handle=2620 /prefetch:13
CurrentDirectory: C:\Program Files (x86)\Microsoft\Edge\Application\143.0.3650.96\
User: WINDOWS11\Yomi
LogonGuid: {8bb50d47-98dd-694c-b2bf-020000000000}
LogonId: 0x2BFB2
TerminalSessionId: 1
IntegrityLevel: Low
Hashes: MD5=EEDCB91823A577336215FD725124B011,SHA256=9AFD1452D57620CC28C97C1760BB3FD195FB69D76037818EC956DE75B85771F1,IMPHASH=9ACEBDFAC77931C2B0DFBBEA2D494BA9
ParentProcessGuid: {8bb50d47-9989-694c-e600-000000000a00}
ParentProcessId: 4800
ParentImage: C:\Program Files (x86)\Microsoft\Edge\Application\msedge.exe
ParentCommandLine: ""C:\Program Files (x86)\Microsoft\Edge\Application\msedge.exe"" --no-startup-window --win-session-start
ParentUser: WINDOWS11\Yomi","1","5",,"4","1","0","-9223372036854775808","1049","Microsoft-Windows-Sysmon","5770385f-c22a-43e0-bf4c-06f5698ffbd9","Microsoft-Windows-Sysmon/Operational","3588","4124","Windows11","S-1-5-18","12/25/2025 2:55:23 AM",,,"Microsoft-Windows-Sysmon/Operational","System.UInt32[]","System.Diagnostics.Eventing.Reader.EventBookmark","Information","Info","File created (rule: FileCreate)","System.Collections.ObjectModel.ReadOnlyCollection`1[System.String]","System.Collections.Generic.List`1[System.Diagnostics.Eventing.Reader.EventProperty]"
"Process Create:
