RuleName: -
UtcTime: 2025-12-25 10:34:05.341
ProcessGuid: {8bb50d47-11e5-694d-2400-000000000c00}
ProcessId: 1980
QueryName: Windows11
QueryStatus: 1460
QueryResults: -
Image: C:\Windows\System32\svchost.exe
User: NT AUTHORITY\NETWORK SERVICE","22","5",,"4","22","0","-9223372036854775808","2124","Microsoft-Windows-Sysmon","5770385f-c22a-43e0-bf4c-06f5698ffbd9","Microsoft-Windows-Sysmon/Operational","3580","4340","Windows11","S-1-5-18","12/25/2025 11:33:56 AM",,,"Microsoft-Windows-Sysmon/Operational","System.UInt32[]","System.Diagnostics.Eventing.Reader.EventBookmark","Information","Info","File created (rule: FileCreate)","System.Collections.ObjectModel.ReadOnlyCollection`1[System.String]","System.Collections.Generic.List`1[System.Diagnostics.Eventing.Reader.EventProperty]"
"Process Create:
RuleName: -
UtcTime: 2025-12-25 10:33:53.811
ProcessGuid: {8bb50d47-1311-694d-2501-000000000c00}
ProcessId: 5900
Image: C:\Windows\SysWOW64\auditpol.exe
FileVersion: 10.0.26100.3037 (WinBuild.160101.0800)
Description: Audit Policy Program
Product: Microsoft? Windows? Operating System
Company: Microsoft Corporation
OriginalFileName: AUDITPOL.EXE
CommandLine: auditpol.exe /get /subcategory:""System Integrity""
CurrentDirectory: C:\Program Files (x86)\ossec-agent\
User: NT AUTHORITY\SYSTEM
LogonGuid: {8bb50d47-11d7-694d-e703-000000000000}
LogonId: 0x3E7
TerminalSessionId: 0
IntegrityLevel: System
Hashes: MD5=DF2B82B351C889B015CDFEE9C0A4BF28,SHA256=AC85C42F0994797B83F8491C56DBB83B7A4292DE00BD75A0B113036CB3A5BE04,IMPHASH=AB0C8C1C188B19D08FAF502671C04930
ParentProcessGuid: {8bb50d47-11fe-694d-4c00-000000000c00}
ParentProcessId: 3552
ParentImage: C:\Program Files (x86)\ossec-agent\wazuh-agent.exe
ParentCommandLine: ""C:\Program Files (x86)\ossec-agent\wazuh-agent.exe""
ParentUser: NT AUTHORITY\SYSTEM","1","5",,"4","1","0","-9223372036854775808","2123","Microsoft-Windows-Sysmon","5770385f-c22a-43e0-bf4c-06f5698ffbd9","Microsoft-Windows-Sysmon/Operational","3580","4288","Windows11","S-1-5-18","12/25/2025 11:33:53 AM",,,"Microsoft-Windows-Sysmon/Operational","System.UInt32[]","System.Diagnostics.Eventing.Reader.EventBookmark","Information","Info","File created (rule: FileCreate)","System.Collections.ObjectModel.ReadOnlyCollection`1[System.String]","System.Collections.Generic.List`1[System.Diagnostics.Eventing.Reader.EventProperty]"
"Process Create:
RuleName: -
UtcTime: 2025-12-25 10:33:53.497
ProcessGuid: {8bb50d47-1311-694d-2301-000000000c00}
ProcessId: 8156
Image: C:\Windows\SysWOW64\auditpol.exe
FileVersion: 10.0.26100.3037 (WinBuild.160101.0800)
Description: Audit Policy Program
Product: Microsoft? Windows? Operating System
Company: Microsoft Corporation
OriginalFileName: AUDITPOL.EXE
CommandLine: auditpol.exe /get /subcategory:""Security System Extension""
CurrentDirectory: C:\Program Files (x86)\ossec-agent\
User: NT AUTHORITY\SYSTEM
LogonGuid: {8bb50d47-11d7-694d-e703-000000000000}
LogonId: 0x3E7
TerminalSessionId: 0
IntegrityLevel: System
Hashes: MD5=DF2B82B351C889B015CDFEE9C0A4BF28,SHA256=AC85C42F0994797B83F8491C56DBB83B7A4292DE00BD75A0B113036CB3A5BE04,IMPHASH=AB0C8C1C188B19D08FAF502671C04930
ParentProcessGuid: {8bb50d47-11fe-694d-4c00-000000000c00}
ParentProcessId: 3552
ParentImage: C:\Program Files (x86)\ossec-agent\wazuh-agent.exe
ParentCommandLine: ""C:\Program Files (x86)\ossec-agent\wazuh-agent.exe""
ParentUser: NT AUTHORITY\SYSTEM","1","5",,"4","1","0","-9223372036854775808","2122","Microsoft-Windows-Sysmon","5770385f-c22a-43e0-bf4c-06f5698ffbd9","Microsoft-Windows-Sysmon/Operational","3580","4288","Windows11","S-1-5-18","12/25/2025 11:33:53 AM",,,"Microsoft-Windows-Sysmon/Operational","System.UInt32[]","System.Diagnostics.Eventing.Reader.EventBookmark","Information","Info","File created (rule: FileCreate)","System.Collections.ObjectModel.ReadOnlyCollection`1[System.String]","System.Collections.Generic.List`1[System.Diagnostics.Eventing.Reader.EventProperty]"
"Process Create:
RuleName: -
UtcTime: 2025-12-25 10:33:53.306
ProcessGuid: {8bb50d47-1311-694d-2101-000000000c00}
ProcessId: 4332
Image: C:\Windows\SysWOW64\auditpol.exe
FileVersion: 10.0.26100.3037 (WinBuild.160101.0800)
Description: Audit Policy Program
Product: Microsoft? Windows? Operating System
Company: Microsoft Corporation
OriginalFileName: AUDITPOL.EXE
CommandLine: auditpol.exe /get /subcategory:""Security State Change""
CurrentDirectory: C:\Program Files (x86)\ossec-agent\
User: NT AUTHORITY\SYSTEM
LogonGuid: {8bb50d47-11d7-694d-e703-000000000000}
LogonId: 0x3E7
TerminalSessionId: 0
IntegrityLevel: System
Hashes: MD5=DF2B82B351C889B015CDFEE9C0A4BF28,SHA256=AC85C42F0994797B83F8491C56DBB83B7A4292DE00BD75A0B113036CB3A5BE04,IMPHASH=AB0C8C1C188B19D08FAF502671C04930
ParentProcessGuid: {8bb50d47-11fe-694d-4c00-000000000c00}
ParentProcessId: 3552
ParentImage: C:\Program Files (x86)\ossec-agent\wazuh-agent.exe
ParentCommandLine: ""C:\Program Files (x86)\ossec-agent\wazuh-agent.exe""
ParentUser: NT AUTHORITY\SYSTEM","1","5",,"4","1","0","-9223372036854775808","2121","Microsoft-Windows-Sysmon","5770385f-c22a-43e0-bf4c-06f5698ffbd9","Microsoft-Windows-Sysmon/Operational","3580","4288","Windows11","S-1-5-18","12/25/2025 11:33:53 AM",,,"Microsoft-Windows-Sysmon/Operational","System.UInt32[]","System.Diagnostics.Eventing.Reader.EventBookmark","Information","Info","File created (rule: FileCreate)","System.Collections.ObjectModel.ReadOnlyCollection`1[System.String]","System.Collections.Generic.List`1[System.Diagnostics.Eventing.Reader.EventProperty]"
"Process Create:
RuleName: -
UtcTime: 2025-12-25 10:33:53.084
ProcessGuid: {8bb50d47-1311-694d-1f01-000000000c00}
ProcessId: 6024
Image: C:\Windows\SysWOW64\auditpol.exe
FileVersion: 10.0.26100.3037 (WinBuild.160101.0800)
Description: Audit Policy Program
Product: Microsoft? Windows? Operating System
Company: Microsoft Corporation
OriginalFileName: AUDITPOL.EXE
CommandLine: auditpol.exe /get /subcategory:""Other System Events""
CurrentDirectory: C:\Program Files (x86)\ossec-agent\
User: NT AUTHORITY\SYSTEM
LogonGuid: {8bb50d47-11d7-694d-e703-000000000000}
LogonId: 0x3E7
TerminalSessionId: 0
IntegrityLevel: System
Hashes: MD5=DF2B82B351C889B015CDFEE9C0A4BF28,SHA256=AC85C42F0994797B83F8491C56DBB83B7A4292DE00BD75A0B113036CB3A5BE04,IMPHASH=AB0C8C1C188B19D08FAF502671C04930
ParentProcessGuid: {8bb50d47-11fe-694d-4c00-000000000c00}
ParentProcessId: 3552
ParentImage: C:\Program Files (x86)\ossec-agent\wazuh-agent.exe
ParentCommandLine: ""C:\Program Files (x86)\ossec-agent\wazuh-agent.exe""
ParentUser: NT AUTHORITY\SYSTEM","1","5",,"4","1","0","-9223372036854775808","2120","Microsoft-Windows-Sysmon","5770385f-c22a-43e0-bf4c-06f5698ffbd9","Microsoft-Windows-Sysmon/Operational","3580","4288","Windows11","S-1-5-18","12/25/2025 11:33:53 AM",,,"Microsoft-Windows-Sysmon/Operational","System.UInt32[]","System.Diagnostics.Eventing.Reader.EventBookmark","Information","Info","File created (rule: FileCreate)","System.Collections.ObjectModel.ReadOnlyCollection`1[System.String]","System.Collections.Generic.List`1[System.Diagnostics.Eventing.Reader.EventProperty]"
"Process Create:
RuleName: -
UtcTime: 2025-12-25 10:33:52.874
ProcessGuid: {8bb50d47-1310-694d-1d01-000000000c00}
ProcessId: 480
Image: C:\Windows\SysWOW64\auditpol.exe
FileVersion: 10.0.26100.3037 (WinBuild.160101.0800)
Description: Audit Policy Program
Product: Microsoft? Windows? Operating System
Company: Microsoft Corporation
OriginalFileName: AUDITPOL.EXE
CommandLine: auditpol.exe /get /subcategory:""IPsec Driver""
CurrentDirectory: C:\Program Files (x86)\ossec-agent\
User: NT AUTHORITY\SYSTEM
LogonGuid: {8bb50d47-11d7-694d-e703-000000000000}
LogonId: 0x3E7
TerminalSessionId: 0
IntegrityLevel: System
Hashes: MD5=DF2B82B351C889B015CDFEE9C0A4BF28,SHA256=AC85C42F0994797B83F8491C56DBB83B7A4292DE00BD75A0B113036CB3A5BE04,IMPHASH=AB0C8C1C188B19D08FAF502671C04930
ParentProcessGuid: {8bb50d47-11fe-694d-4c00-000000000c00}
ParentProcessId: 3552
ParentImage: C:\Program Files (x86)\ossec-agent\wazuh-agent.exe
ParentCommandLine: ""C:\Program Files (x86)\ossec-agent\wazuh-agent.exe""
ParentUser: NT AUTHORITY\SYSTEM","1","5",,"4","1","0","-9223372036854775808","2119","Microsoft-Windows-Sysmon","5770385f-c22a-43e0-bf4c-06f5698ffbd9","Microsoft-Windows-Sysmon/Operational","3580","4288","Windows11","S-1-5-18","12/25/2025 11:33:52 AM",,,"Microsoft-Windows-Sysmon/Operational","System.UInt32[]","System.Diagnostics.Eventing.Reader.EventBookmark","Information","Info","File created (rule: FileCreate)","System.Collections.ObjectModel.ReadOnlyCollection`1[System.String]","System.Collections.Generic.List`1[System.Diagnostics.Eventing.Reader.EventProperty]"
"Network connection detected:
RuleName: Usermode
UtcTime: 2025-12-25 10:34:00.590
ProcessGuid: {8bb50d47-1307-694d-ea00-000000000c00}
ProcessId: 2512
Image: C:\Users\Yomi\AppData\Local\Microsoft\OneDrive\OneDrive.exe
User: WINDOWS11\Yomi
Protocol: tcp
Initiated: true
SourceIsIpv6: false
SourceIp: 10.0.2.15
SourceHostname: Windows11
SourcePort: 53031
SourcePortName: -
DestinationIsIpv6: false
DestinationIp: 23.62.100.155
DestinationHostname: -
DestinationPort: 443
DestinationPortName: https","3","5",,"4","3","0","-9223372036854775808","2118","Microsoft-Windows-Sysmon","5770385f-c22a-43e0-bf4c-06f5698ffbd9","Microsoft-Windows-Sysmon/Operational","3580","4136","Windows11","S-1-5-18","12/25/2025 11:33:52 AM",,,"Microsoft-Windows-Sysmon/Operational","System.UInt32[]","System.Diagnostics.Eventing.Reader.EventBookmark","Information","Info","File created (rule: FileCreate)","System.Collections.ObjectModel.ReadOnlyCollection`1[System.String]","System.Collections.Generic.List`1[System.Diagnostics.Eventing.Reader.EventProperty]"
"Process Create:
RuleName: -
UtcTime: 2025-12-25 10:33:52.678
ProcessGuid: {8bb50d47-1310-694d-1b01-000000000c00}
ProcessId: 1744
Image: C:\Windows\SysWOW64\auditpol.exe
FileVersion: 10.0.26100.3037 (WinBuild.160101.0800)
Description: Audit Policy Program
Product: Microsoft? Windows? Operating System
Company: Microsoft Corporation
OriginalFileName: AUDITPOL.EXE
CommandLine: auditpol.exe /get /subcategory:""Sensitive Privilege Use""
CurrentDirectory: C:\Program Files (x86)\ossec-agent\
User: NT AUTHORITY\SYSTEM
LogonGuid: {8bb50d47-11d7-694d-e703-000000000000}
LogonId: 0x3E7
TerminalSessionId: 0
IntegrityLevel: System
Hashes: MD5=DF2B82B351C889B015CDFEE9C0A4BF28,SHA256=AC85C42F0994797B83F8491C56DBB83B7A4292DE00BD75A0B113036CB3A5BE04,IMPHASH=AB0C8C1C188B19D08FAF502671C04930
ParentProcessGuid: {8bb50d47-11fe-694d-4c00-000000000c00}
ParentProcessId: 3552
ParentImage: C:\Program Files (x86)\ossec-agent\wazuh-agent.exe
ParentCommandLine: ""C:\Program Files (x86)\ossec-agent\wazuh-agent.exe""
ParentUser: NT AUTHORITY\SYSTEM","1","5",,"4","1","0","-9223372036854775808","2117","Microsoft-Windows-Sysmon","5770385f-c22a-43e0-bf4c-06f5698ffbd9","Microsoft-Windows-Sysmon/Operational","3580","4288","Windows11","S-1-5-18","12/25/2025 11:33:52 AM",,,"Microsoft-Windows-Sysmon/Operational","System.UInt32[]","System.Diagnostics.Eventing.Reader.EventBookmark","Information","Info","File created (rule: FileCreate)","System.Collections.ObjectModel.ReadOnlyCollection`1[System.String]","System.Collections.Generic.List`1[System.Diagnostics.Eventing.Reader.EventProperty]"
"Process Create:
RuleName: -
UtcTime: 2025-12-25 10:33:52.469
ProcessGuid: {8bb50d47-1310-694d-1901-000000000c00}
ProcessId: 7476
Image: C:\Windows\SysWOW64\auditpol.exe
FileVersion: 10.0.26100.3037 (WinBuild.160101.0800)
Description: Audit Policy Program
Product: Microsoft? Windows? Operating System
Company: Microsoft Corporation
OriginalFileName: AUDITPOL.EXE
CommandLine: auditpol.exe /get /subcategory:""Other Policy Change Events""
CurrentDirectory: C:\Program Files (x86)\ossec-agent\
User: NT AUTHORITY\SYSTEM
LogonGuid: {8bb50d47-11d7-694d-e703-000000000000}
LogonId: 0x3E7
TerminalSessionId: 0
IntegrityLevel: System
Hashes: MD5=DF2B82B351C889B015CDFEE9C0A4BF28,SHA256=AC85C42F0994797B83F8491C56DBB83B7A4292DE00BD75A0B113036CB3A5BE04,IMPHASH=AB0C8C1C188B19D08FAF502671C04930
ParentProcessGuid: {8bb50d47-11fe-694d-4c00-000000000c00}
ParentProcessId: 3552
ParentImage: C:\Program Files (x86)\ossec-agent\wazuh-agent.exe
ParentCommandLine: ""C:\Program Files (x86)\ossec-agent\wazuh-agent.exe""
ParentUser: NT AUTHORITY\SYSTEM","1","5",,"4","1","0","-9223372036854775808","2116","Microsoft-Windows-Sysmon","5770385f-c22a-43e0-bf4c-06f5698ffbd9","Microsoft-Windows-Sysmon/Operational","3580","4288","Windows11","S-1-5-18","12/25/2025 11:33:52 AM",,,"Microsoft-Windows-Sysmon/Operational","System.UInt32[]","System.Diagnostics.Eventing.Reader.EventBookmark","Information","Info","File created (rule: FileCreate)","System.Collections.ObjectModel.ReadOnlyCollection`1[System.String]","System.Collections.Generic.List`1[System.Diagnostics.Eventing.Reader.EventProperty]"
"Dns query:
RuleName: -
UtcTime: 2025-12-25 10:33:59.761
ProcessGuid: {8bb50d47-1307-694d-ea00-000000000c00}
ProcessId: 2512
QueryName: oneclient.sfx.ms
QueryStatus: 0
QueryResults: type: 5 oneclient.sfx.ms.edgesuite.net;type: 5 a124.dscd.akamai.net;2a02:26f0:1c80:5d::1703:445b;2a02:26f0:1c80:5d::1703:4454;::ffff:23.62.100.155;::ffff:23.62.100.180;::ffff:23.62.100.171;::ffff:23.62.100.167;::ffff:23.62.100.157;::ffff:23.62.100.177;::ffff:23.62.100.168;::ffff:23.62.100.174;::ffff:23.62.100.173;
Image: C:\Users\Yomi\AppData\Local\Microsoft\OneDrive\OneDrive.exe
User: WINDOWS11\Yomi","22","5",,"4","22","0","-9223372036854775808","2115","Microsoft-Windows-Sysmon","5770385f-c22a-43e0-bf4c-06f5698ffbd9","Microsoft-Windows-Sysmon/Operational","3580","4340","Windows11","S-1-5-18","12/25/2025 11:33:52 AM",,,"Microsoft-Windows-Sysmon/Operational","System.UInt32[]","System.Diagnostics.Eventing.Reader.EventBookmark","Information","Info","File created (rule: FileCreate)","System.Collections.ObjectModel.ReadOnlyCollection`1[System.String]","System.Collections.Generic.List`1[System.Diagnostics.Eventing.Reader.EventProperty]"
"Process Create:
RuleName: -
UtcTime: 2025-12-25 10:33:52.230
ProcessGuid: {8bb50d47-1310-694d-1701-000000000c00}
ProcessId: 2928
Image: C:\Windows\SysWOW64\auditpol.exe
FileVersion: 10.0.26100.3037 (WinBuild.160101.0800)
Description: Audit Policy Program
Product: Microsoft? Windows? Operating System
Company: Microsoft Corporation
OriginalFileName: AUDITPOL.EXE
CommandLine: auditpol.exe /get /subcategory:""MPSSVC Rule-Level Policy Change""
CurrentDirectory: C:\Program Files (x86)\ossec-agent\
User: NT AUTHORITY\SYSTEM
LogonGuid: {8bb50d47-11d7-694d-e703-000000000000}
LogonId: 0x3E7
TerminalSessionId: 0
IntegrityLevel: System
Hashes: MD5=DF2B82B351C889B015CDFEE9C0A4BF28,SHA256=AC85C42F0994797B83F8491C56DBB83B7A4292DE00BD75A0B113036CB3A5BE04,IMPHASH=AB0C8C1C188B19D08FAF502671C04930
ParentProcessGuid: {8bb50d47-11fe-694d-4c00-000000000c00}
ParentProcessId: 3552
ParentImage: C:\Program Files (x86)\ossec-agent\wazuh-agent.exe
ParentCommandLine: ""C:\Program Files (x86)\ossec-agent\wazuh-agent.exe""
ParentUser: NT AUTHORITY\SYSTEM","1","5",,"4","1","0","-9223372036854775808","2114","Microsoft-Windows-Sysmon","5770385f-c22a-43e0-bf4c-06f5698ffbd9","Microsoft-Windows-Sysmon/Operational","3580","4288","Windows11","S-1-5-18","12/25/2025 11:33:52 AM",,,"Microsoft-Windows-Sysmon/Operational","System.UInt32[]","System.Diagnostics.Eventing.Reader.EventBookmark","Information","Info","File created (rule: FileCreate)","System.Collections.ObjectModel.ReadOnlyCollection`1[System.String]","System.Collections.Generic.List`1[System.Diagnostics.Eventing.Reader.EventProperty]"
"Process Create:
RuleName: -
UtcTime: 2025-12-25 10:33:51.844
ProcessGuid: {8bb50d47-130f-694d-1501-000000000c00}
ProcessId: 1896
Image: C:\Windows\SysWOW64\auditpol.exe
FileVersion: 10.0.26100.3037 (WinBuild.160101.0800)
Description: Audit Policy Program
Product: Microsoft? Windows? Operating System
Company: Microsoft Corporation
OriginalFileName: AUDITPOL.EXE
CommandLine: auditpol.exe /get /subcategory:""Authorization Policy Change""
CurrentDirectory: C:\Program Files (x86)\ossec-agent\
User: NT AUTHORITY\SYSTEM
LogonGuid: {8bb50d47-11d7-694d-e703-000000000000}
LogonId: 0x3E7
TerminalSessionId: 0
IntegrityLevel: System
Hashes: MD5=DF2B82B351C889B015CDFEE9C0A4BF28,SHA256=AC85C42F0994797B83F8491C56DBB83B7A4292DE00BD75A0B113036CB3A5BE04,IMPHASH=AB0C8C1C188B19D08FAF502671C04930
ParentProcessGuid: {8bb50d47-11fe-694d-4c00-000000000c00}
ParentProcessId: 3552
ParentImage: C:\Program Files (x86)\ossec-agent\wazuh-agent.exe
ParentCommandLine: ""C:\Program Files (x86)\ossec-agent\wazuh-agent.exe""
ParentUser: NT AUTHORITY\SYSTEM","1","5",,"4","1","0","-9223372036854775808","2113","Microsoft-Windows-Sysmon","5770385f-c22a-43e0-bf4c-06f5698ffbd9","Microsoft-Windows-Sysmon/Operational","3580","4288","Windows11","S-1-5-18","12/25/2025 11:33:51 AM",,,"Microsoft-Windows-Sysmon/Operational","System.UInt32[]","System.Diagnostics.Eventing.Reader.EventBookmark","Information","Info","File created (rule: FileCreate)","System.Collections.ObjectModel.ReadOnlyCollection`1[System.String]","System.Collections.Generic.List`1[System.Diagnostics.Eventing.Reader.EventProperty]"
"Process Create:
RuleName: -
UtcTime: 2025-12-25 10:33:51.644
ProcessGuid: {8bb50d47-130f-694d-1301-000000000c00}
ProcessId: 1028
Image: C:\Windows\SysWOW64\auditpol.exe
FileVersion: 10.0.26100.3037 (WinBuild.160101.0800)
Description: Audit Policy Program
Product: Microsoft? Windows? Operating System
Company: Microsoft Corporation
OriginalFileName: AUDITPOL.EXE
CommandLine: auditpol.exe /get /subcategory:""Authentication Policy Change""
CurrentDirectory: C:\Program Files (x86)\ossec-agent\
User: NT AUTHORITY\SYSTEM
LogonGuid: {8bb50d47-11d7-694d-e703-000000000000}
LogonId: 0x3E7
TerminalSessionId: 0
IntegrityLevel: System
Hashes: MD5=DF2B82B351C889B015CDFEE9C0A4BF28,SHA256=AC85C42F0994797B83F8491C56DBB83B7A4292DE00BD75A0B113036CB3A5BE04,IMPHASH=AB0C8C1C188B19D08FAF502671C04930
ParentProcessGuid: {8bb50d47-11fe-694d-4c00-000000000c00}
ParentProcessId: 3552
ParentImage: C:\Program Files (x86)\ossec-agent\wazuh-agent.exe
ParentCommandLine: ""C:\Program Files (x86)\ossec-agent\wazuh-agent.exe""
ParentUser: NT AUTHORITY\SYSTEM","1","5",,"4","1","0","-9223372036854775808","2112","Microsoft-Windows-Sysmon","5770385f-c22a-43e0-bf4c-06f5698ffbd9","Microsoft-Windows-Sysmon/Operational","3580","4288","Windows11","S-1-5-18","12/25/2025 11:33:51 AM",,,"Microsoft-Windows-Sysmon/Operational","System.UInt32[]","System.Diagnostics.Eventing.Reader.EventBookmark","Information","Info","File created (rule: FileCreate)","System.Collections.ObjectModel.ReadOnlyCollection`1[System.String]","System.Collections.Generic.List`1[System.Diagnostics.Eventing.Reader.EventProperty]"
"Process Create:
RuleName: -
UtcTime: 2025-12-25 10:33:51.483
ProcessGuid: {8bb50d47-130f-694d-1101-000000000c00}
ProcessId: 1932
Image: C:\Windows\SysWOW64\auditpol.exe
FileVersion: 10.0.26100.3037 (WinBuild.160101.0800)
Description: Audit Policy Program
Product: Microsoft? Windows? Operating System
Company: Microsoft Corporation
OriginalFileName: AUDITPOL.EXE
CommandLine: auditpol.exe /get /subcategory:""Audit Policy Change""
CurrentDirectory: C:\Program Files (x86)\ossec-agent\
User: NT AUTHORITY\SYSTEM
LogonGuid: {8bb50d47-11d7-694d-e703-000000000000}
LogonId: 0x3E7
TerminalSessionId: 0
IntegrityLevel: System
Hashes: MD5=DF2B82B351C889B015CDFEE9C0A4BF28,SHA256=AC85C42F0994797B83F8491C56DBB83B7A4292DE00BD75A0B113036CB3A5BE04,IMPHASH=AB0C8C1C188B19D08FAF502671C04930
ParentProcessGuid: {8bb50d47-11fe-694d-4c00-000000000c00}
ParentProcessId: 3552
ParentImage: C:\Program Files (x86)\ossec-agent\wazuh-agent.exe
ParentCommandLine: ""C:\Program Files (x86)\ossec-agent\wazuh-agent.exe""
ParentUser: NT AUTHORITY\SYSTEM","1","5",,"4","1","0","-9223372036854775808","2111","Microsoft-Windows-Sysmon","5770385f-c22a-43e0-bf4c-06f5698ffbd9","Microsoft-Windows-Sysmon/Operational","3580","4288","Windows11","S-1-5-18","12/25/2025 11:33:51 AM",,,"Microsoft-Windows-Sysmon/Operational","System.UInt32[]","System.Diagnostics.Eventing.Reader.EventBookmark","Information","Info","File created (rule: FileCreate)","System.Collections.ObjectModel.ReadOnlyCollection`1[System.String]","System.Collections.Generic.List`1[System.Diagnostics.Eventing.Reader.EventProperty]"
"Process Create:
RuleName: -
UtcTime: 2025-12-25 10:33:51.244
ProcessGuid: {8bb50d47-130f-694d-0f01-000000000c00}
ProcessId: 7964
Image: C:\Windows\SysWOW64\auditpol.exe
FileVersion: 10.0.26100.3037 (WinBuild.160101.0800)
Description: Audit Policy Program
Product: Microsoft? Windows? Operating System
Company: Microsoft Corporation
OriginalFileName: AUDITPOL.EXE
CommandLine: auditpol.exe /get /subcategory:""Removable Storage""
CurrentDirectory: C:\Program Files (x86)\ossec-agent\
User: NT AUTHORITY\SYSTEM
LogonGuid: {8bb50d47-11d7-694d-e703-000000000000}
LogonId: 0x3E7
TerminalSessionId: 0
IntegrityLevel: System
Hashes: MD5=DF2B82B351C889B015CDFEE9C0A4BF28,SHA256=AC85C42F0994797B83F8491C56DBB83B7A4292DE00BD75A0B113036CB3A5BE04,IMPHASH=AB0C8C1C188B19D08FAF502671C04930
ParentProcessGuid: {8bb50d47-11fe-694d-4c00-000000000c00}
ParentProcessId: 3552
ParentImage: C:\Program Files (x86)\ossec-agent\wazuh-agent.exe
ParentCommandLine: ""C:\Program Files (x86)\ossec-agent\wazuh-agent.exe""
ParentUser: NT AUTHORITY\SYSTEM","1","5",,"4","1","0","-9223372036854775808","2110","Microsoft-Windows-Sysmon","5770385f-c22a-43e0-bf4c-06f5698ffbd9","Microsoft-Windows-Sysmon/Operational","3580","4288","Windows11","S-1-5-18","12/25/2025 11:33:51 AM",,,"Microsoft-Windows-Sysmon/Operational","System.UInt32[]","System.Diagnostics.Eventing.Reader.EventBookmark","Information","Info","File created (rule: FileCreate)","System.Collections.ObjectModel.ReadOnlyCollection`1[System.String]","System.Collections.Generic.List`1[System.Diagnostics.Eventing.Reader.EventProperty]"
"Process Create:
RuleName: -
UtcTime: 2025-12-25 10:33:51.122
ProcessGuid: {8bb50d47-130f-694d-0d01-000000000c00}
ProcessId: 6100
Image: C:\Windows\SysWOW64\auditpol.exe
FileVersion: 10.0.26100.3037 (WinBuild.160101.0800)
Description: Audit Policy Program
Product: Microsoft? Windows? Operating System
Company: Microsoft Corporation
OriginalFileName: AUDITPOL.EXE
CommandLine: auditpol.exe /get /subcategory:""Other Object Access Events""
CurrentDirectory: C:\Program Files (x86)\ossec-agent\
User: NT AUTHORITY\SYSTEM
LogonGuid: {8bb50d47-11d7-694d-e703-000000000000}
LogonId: 0x3E7
TerminalSessionId: 0
IntegrityLevel: System
Hashes: MD5=DF2B82B351C889B015CDFEE9C0A4BF28,SHA256=AC85C42F0994797B83F8491C56DBB83B7A4292DE00BD75A0B113036CB3A5BE04,IMPHASH=AB0C8C1C188B19D08FAF502671C04930
ParentProcessGuid: {8bb50d47-11fe-694d-4c00-000000000c00}
ParentProcessId: 3552
ParentImage: C:\Program Files (x86)\ossec-agent\wazuh-agent.exe
ParentCommandLine: ""C:\Program Files (x86)\ossec-agent\wazuh-agent.exe""
ParentUser: NT AUTHORITY\SYSTEM","1","5",,"4","1","0","-9223372036854775808","2109","Microsoft-Windows-Sysmon","5770385f-c22a-43e0-bf4c-06f5698ffbd9","Microsoft-Windows-Sysmon/Operational","3580","4288","Windows11","S-1-5-18","12/25/2025 11:33:51 AM",,,"Microsoft-Windows-Sysmon/Operational","System.UInt32[]","System.Diagnostics.Eventing.Reader.EventBookmark","Information","Info","File created (rule: FileCreate)","System.Collections.ObjectModel.ReadOnlyCollection`1[System.String]","System.Collections.Generic.List`1[System.Diagnostics.Eventing.Reader.EventProperty]"
"Process Create:
RuleName: -
UtcTime: 2025-12-25 10:33:50.985
ProcessGuid: {8bb50d47-130e-694d-0b01-000000000c00}
ProcessId: 2992
Image: C:\Windows\SysWOW64\auditpol.exe
FileVersion: 10.0.26100.3037 (WinBuild.160101.0800)
Description: Audit Policy Program
Product: Microsoft? Windows? Operating System
Company: Microsoft Corporation
OriginalFileName: AUDITPOL.EXE
CommandLine: auditpol.exe /get /subcategory:""File Share""
CurrentDirectory: C:\Program Files (x86)\ossec-agent\
User: NT AUTHORITY\SYSTEM
LogonGuid: {8bb50d47-11d7-694d-e703-000000000000}
LogonId: 0x3E7
TerminalSessionId: 0
IntegrityLevel: System
Hashes: MD5=DF2B82B351C889B015CDFEE9C0A4BF28,SHA256=AC85C42F0994797B83F8491C56DBB83B7A4292DE00BD75A0B113036CB3A5BE04,IMPHASH=AB0C8C1C188B19D08FAF502671C04930
ParentProcessGuid: {8bb50d47-11fe-694d-4c00-000000000c00}
ParentProcessId: 3552
ParentImage: C:\Program Files (x86)\ossec-agent\wazuh-agent.exe
ParentCommandLine: ""C:\Program Files (x86)\ossec-agent\wazuh-agent.exe""
ParentUser: NT AUTHORITY\SYSTEM","1","5",,"4","1","0","-9223372036854775808","2108","Microsoft-Windows-Sysmon","5770385f-c22a-43e0-bf4c-06f5698ffbd9","Microsoft-Windows-Sysmon/Operational","3580","4288","Windows11","S-1-5-18","12/25/2025 11:33:50 AM",,,"Microsoft-Windows-Sysmon/Operational","System.UInt32[]","System.Diagnostics.Eventing.Reader.EventBookmark","Information","Info","File created (rule: FileCreate)","System.Collections.ObjectModel.ReadOnlyCollection`1[System.String]","System.Collections.Generic.List`1[System.Diagnostics.Eventing.Reader.EventProperty]"
"Process Create:
RuleName: -
UtcTime: 2025-12-25 10:33:50.841
ProcessGuid: {8bb50d47-130e-694d-0901-000000000c00}
ProcessId: 7640
Image: C:\Windows\SysWOW64\auditpol.exe
FileVersion: 10.0.26100.3037 (WinBuild.160101.0800)
Description: Audit Policy Program
Product: Microsoft? Windows? Operating System
Company: Microsoft Corporation
OriginalFileName: AUDITPOL.EXE
CommandLine: auditpol.exe /get /subcategory:""Detailed File Share""
CurrentDirectory: C:\Program Files (x86)\ossec-agent\
User: NT AUTHORITY\SYSTEM
LogonGuid: {8bb50d47-11d7-694d-e703-000000000000}
LogonId: 0x3E7
TerminalSessionId: 0
IntegrityLevel: System
Hashes: MD5=DF2B82B351C889B015CDFEE9C0A4BF28,SHA256=AC85C42F0994797B83F8491C56DBB83B7A4292DE00BD75A0B113036CB3A5BE04,IMPHASH=AB0C8C1C188B19D08FAF502671C04930
ParentProcessGuid: {8bb50d47-11fe-694d-4c00-000000000c00}
ParentProcessId: 3552
ParentImage: C:\Program Files (x86)\ossec-agent\wazuh-agent.exe
ParentCommandLine: ""C:\Program Files (x86)\ossec-agent\wazuh-agent.exe""
ParentUser: NT AUTHORITY\SYSTEM","1","5",,"4","1","0","-9223372036854775808","2107","Microsoft-Windows-Sysmon","5770385f-c22a-43e0-bf4c-06f5698ffbd9","Microsoft-Windows-Sysmon/Operational","3580","4288","Windows11","S-1-5-18","12/25/2025 11:33:50 AM",,,"Microsoft-Windows-Sysmon/Operational","System.UInt32[]","System.Diagnostics.Eventing.Reader.EventBookmark","Information","Info","File created (rule: FileCreate)","System.Collections.ObjectModel.ReadOnlyCollection`1[System.String]","System.Collections.Generic.List`1[System.Diagnostics.Eventing.Reader.EventProperty]"
"Process Create:
RuleName: -
UtcTime: 2025-12-25 10:33:50.699
ProcessGuid: {8bb50d47-130e-694d-0701-000000000c00}
ProcessId: 2796
Image: C:\Windows\SysWOW64\auditpol.exe
FileVersion: 10.0.26100.3037 (WinBuild.160101.0800)
Description: Audit Policy Program
Product: Microsoft? Windows? Operating System
Company: Microsoft Corporation
OriginalFileName: AUDITPOL.EXE
CommandLine: auditpol.exe /get /subcategory:""Special Logon""
CurrentDirectory: C:\Program Files (x86)\ossec-agent\
User: NT AUTHORITY\SYSTEM
LogonGuid: {8bb50d47-11d7-694d-e703-000000000000}
LogonId: 0x3E7
TerminalSessionId: 0
IntegrityLevel: System
Hashes: MD5=DF2B82B351C889B015CDFEE9C0A4BF28,SHA256=AC85C42F0994797B83F8491C56DBB83B7A4292DE00BD75A0B113036CB3A5BE04,IMPHASH=AB0C8C1C188B19D08FAF502671C04930
ParentProcessGuid: {8bb50d47-11fe-694d-4c00-000000000c00}
ParentProcessId: 3552
ParentImage: C:\Program Files (x86)\ossec-agent\wazuh-agent.exe
ParentCommandLine: ""C:\Program Files (x86)\ossec-agent\wazuh-agent.exe""
ParentUser: NT AUTHORITY\SYSTEM","1","5",,"4","1","0","-9223372036854775808","2106","Microsoft-Windows-Sysmon","5770385f-c22a-43e0-bf4c-06f5698ffbd9","Microsoft-Windows-Sysmon/Operational","3580","4288","Windows11","S-1-5-18","12/25/2025 11:33:50 AM",,,"Microsoft-Windows-Sysmon/Operational","System.UInt32[]","System.Diagnostics.Eventing.Reader.EventBookmark","Information","Info","File created (rule: FileCreate)","System.Collections.ObjectModel.ReadOnlyCollection`1[System.String]","System.Collections.Generic.List`1[System.Diagnostics.Eventing.Reader.EventProperty]"
"Process Create:
RuleName: -
UtcTime: 2025-12-25 10:33:50.553
ProcessGuid: {8bb50d47-130e-694d-0501-000000000c00}
ProcessId: 5360
Image: C:\Windows\SysWOW64\auditpol.exe
FileVersion: 10.0.26100.3037 (WinBuild.160101.0800)
Description: Audit Policy Program
Product: Microsoft? Windows? Operating System
Company: Microsoft Corporation
OriginalFileName: AUDITPOL.EXE
CommandLine: auditpol.exe /get /subcategory:""Other Logon/Logoff Events""
CurrentDirectory: C:\Program Files (x86)\ossec-agent\
User: NT AUTHORITY\SYSTEM
LogonGuid: {8bb50d47-11d7-694d-e703-000000000000}
LogonId: 0x3E7
TerminalSessionId: 0
IntegrityLevel: System
Hashes: MD5=DF2B82B351C889B015CDFEE9C0A4BF28,SHA256=AC85C42F0994797B83F8491C56DBB83B7A4292DE00BD75A0B113036CB3A5BE04,IMPHASH=AB0C8C1C188B19D08FAF502671C04930
ParentProcessGuid: {8bb50d47-11fe-694d-4c00-000000000c00}
ParentProcessId: 3552
ParentImage: C:\Program Files (x86)\ossec-agent\wazuh-agent.exe
ParentCommandLine: ""C:\Program Files (x86)\ossec-agent\wazuh-agent.exe""
ParentUser: NT AUTHORITY\SYSTEM","1","5",,"4","1","0","-9223372036854775808","2105","Microsoft-Windows-Sysmon","5770385f-c22a-43e0-bf4c-06f5698ffbd9","Microsoft-Windows-Sysmon/Operational","3580","4288","Windows11","S-1-5-18","12/25/2025 11:33:50 AM",,,"Microsoft-Windows-Sysmon/Operational","System.UInt32[]","System.Diagnostics.Eventing.Reader.EventBookmark","Information","Info","File created (rule: FileCreate)","System.Collections.ObjectModel.ReadOnlyCollection`1[System.String]","System.Collections.Generic.List`1[System.Diagnostics.Eventing.Reader.EventProperty]"
"Process Create:
RuleName: -
UtcTime: 2025-12-25 10:33:50.427
ProcessGuid: {8bb50d47-130e-694d-0301-000000000c00}
ProcessId: 4424
Image: C:\Windows\SysWOW64\auditpol.exe
FileVersion: 10.0.26100.3037 (WinBuild.160101.0800)
Description: Audit Policy Program
Product: Microsoft? Windows? Operating System
Company: Microsoft Corporation
OriginalFileName: AUDITPOL.EXE
CommandLine: auditpol.exe /get /subcategory:""Logon""
CurrentDirectory: C:\Program Files (x86)\ossec-agent\
User: NT AUTHORITY\SYSTEM
LogonGuid: {8bb50d47-11d7-694d-e703-000000000000}
LogonId: 0x3E7
TerminalSessionId: 0
IntegrityLevel: System
Hashes: MD5=DF2B82B351C889B015CDFEE9C0A4BF28,SHA256=AC85C42F0994797B83F8491C56DBB83B7A4292DE00BD75A0B113036CB3A5BE04,IMPHASH=AB0C8C1C188B19D08FAF502671C04930
ParentProcessGuid: {8bb50d47-11fe-694d-4c00-000000000c00}
ParentProcessId: 3552
ParentImage: C:\Program Files (x86)\ossec-agent\wazuh-agent.exe
ParentCommandLine: ""C:\Program Files (x86)\ossec-agent\wazuh-agent.exe""
ParentUser: NT AUTHORITY\SYSTEM","1","5",,"4","1","0","-9223372036854775808","2104","Microsoft-Windows-Sysmon","5770385f-c22a-43e0-bf4c-06f5698ffbd9","Microsoft-Windows-Sysmon/Operational","3580","4288","Windows11","S-1-5-18","12/25/2025 11:33:50 AM",,,"Microsoft-Windows-Sysmon/Operational","System.UInt32[]","System.Diagnostics.Eventing.Reader.EventBookmark","Information","Info","File created (rule: FileCreate)","System.Collections.ObjectModel.ReadOnlyCollection`1[System.String]","System.Collections.Generic.List`1[System.Diagnostics.Eventing.Reader.EventProperty]"
"Process terminated:
RuleName: -
UtcTime: 2025-12-25 10:33:50.314
ProcessGuid: {8bb50d47-1309-694d-ed00-000000000c00}
ProcessId: 5004
Image: C:\Users\Yomi\AppData\Local\Microsoft\OneDrive\25.087.0506.0001\FileCoAuth.exe
User: WINDOWS11\Yomi","5","3",,"4","5","0","-9223372036854775808","2103","Microsoft-Windows-Sysmon","5770385f-c22a-43e0-bf4c-06f5698ffbd9","Microsoft-Windows-Sysmon/Operational","3580","4288","Windows11","S-1-5-18","12/25/2025 11:33:50 AM",,,"Microsoft-Windows-Sysmon/Operational","System.UInt32[]","System.Diagnostics.Eventing.Reader.EventBookmark","Information","Info","File created (rule: FileCreate)","System.Collections.ObjectModel.ReadOnlyCollection`1[System.String]","System.Collections.Generic.List`1[System.Diagnostics.Eventing.Reader.EventProperty]"
"Process Create:
RuleName: -
UtcTime: 2025-12-25 10:33:50.284
ProcessGuid: {8bb50d47-130e-694d-0101-000000000c00}
ProcessId: 4332
Image: C:\Windows\SysWOW64\auditpol.exe
FileVersion: 10.0.26100.3037 (WinBuild.160101.0800)
Description: Audit Policy Program
Product: Microsoft? Windows? Operating System
Company: Microsoft Corporation
OriginalFileName: AUDITPOL.EXE
CommandLine: auditpol.exe /get /subcategory:""Logoff""
CurrentDirectory: C:\Program Files (x86)\ossec-agent\
User: NT AUTHORITY\SYSTEM
LogonGuid: {8bb50d47-11d7-694d-e703-000000000000}
LogonId: 0x3E7
TerminalSessionId: 0
IntegrityLevel: System
Hashes: MD5=DF2B82B351C889B015CDFEE9C0A4BF28,SHA256=AC85C42F0994797B83F8491C56DBB83B7A4292DE00BD75A0B113036CB3A5BE04,IMPHASH=AB0C8C1C188B19D08FAF502671C04930
ParentProcessGuid: {8bb50d47-11fe-694d-4c00-000000000c00}
ParentProcessId: 3552
ParentImage: C:\Program Files (x86)\ossec-agent\wazuh-agent.exe
ParentCommandLine: ""C:\Program Files (x86)\ossec-agent\wazuh-agent.exe""
ParentUser: NT AUTHORITY\SYSTEM","1","5",,"4","1","0","-9223372036854775808","2102","Microsoft-Windows-Sysmon","5770385f-c22a-43e0-bf4c-06f5698ffbd9","Microsoft-Windows-Sysmon/Operational","3580","4288","Windows11","S-1-5-18","12/25/2025 11:33:50 AM",,,"Microsoft-Windows-Sysmon/Operational","System.UInt32[]","System.Diagnostics.Eventing.Reader.EventBookmark","Information","Info","File created (rule: FileCreate)","System.Collections.ObjectModel.ReadOnlyCollection`1[System.String]","System.Collections.Generic.List`1[System.Diagnostics.Eventing.Reader.EventProperty]"
"Process Create:
RuleName: -
UtcTime: 2025-12-25 10:33:50.062
ProcessGuid: {8bb50d47-130e-694d-ff00-000000000c00}
ProcessId: 2812
Image: C:\Windows\SysWOW64\auditpol.exe
FileVersion: 10.0.26100.3037 (WinBuild.160101.0800)
Description: Audit Policy Program
Product: Microsoft? Windows? Operating System
Company: Microsoft Corporation
OriginalFileName: AUDITPOL.EXE
CommandLine: auditpol.exe /get /subcategory:""Group Membership""
CurrentDirectory: C:\Program Files (x86)\ossec-agent\
User: NT AUTHORITY\SYSTEM
LogonGuid: {8bb50d47-11d7-694d-e703-000000000000}
LogonId: 0x3E7
TerminalSessionId: 0
IntegrityLevel: System
Hashes: MD5=DF2B82B351C889B015CDFEE9C0A4BF28,SHA256=AC85C42F0994797B83F8491C56DBB83B7A4292DE00BD75A0B113036CB3A5BE04,IMPHASH=AB0C8C1C188B19D08FAF502671C04930
ParentProcessGuid: {8bb50d47-11fe-694d-4c00-000000000c00}
ParentProcessId: 3552
ParentImage: C:\Program Files (x86)\ossec-agent\wazuh-agent.exe
ParentCommandLine: ""C:\Program Files (x86)\ossec-agent\wazuh-agent.exe""
ParentUser: NT AUTHORITY\SYSTEM","1","5",,"4","1","0","-9223372036854775808","2101","Microsoft-Windows-Sysmon","5770385f-c22a-43e0-bf4c-06f5698ffbd9","Microsoft-Windows-Sysmon/Operational","3580","4288","Windows11","S-1-5-18","12/25/2025 11:33:50 AM",,,"Microsoft-Windows-Sysmon/Operational","System.UInt32[]","System.Diagnostics.Eventing.Reader.EventBookmark","Information","Info","File created (rule: FileCreate)","System.Collections.ObjectModel.ReadOnlyCollection`1[System.String]","System.Collections.Generic.List`1[System.Diagnostics.Eventing.Reader.EventProperty]"
"Process Create:
RuleName: -
UtcTime: 2025-12-25 10:33:49.892
ProcessGuid: {8bb50d47-130d-694d-fd00-000000000c00}
ProcessId: 7956
Image: C:\Windows\SysWOW64\auditpol.exe
FileVersion: 10.0.26100.3037 (WinBuild.160101.0800)
Description: Audit Policy Program
Product: Microsoft? Windows? Operating System
Company: Microsoft Corporation
OriginalFileName: AUDITPOL.EXE
CommandLine: auditpol.exe /get /subcategory:""Account Lockout""
CurrentDirectory: C:\Program Files (x86)\ossec-agent\
User: NT AUTHORITY\SYSTEM
LogonGuid: {8bb50d47-11d7-694d-e703-000000000000}
LogonId: 0x3E7
TerminalSessionId: 0
IntegrityLevel: System
Hashes: MD5=DF2B82B351C889B015CDFEE9C0A4BF28,SHA256=AC85C42F0994797B83F8491C56DBB83B7A4292DE00BD75A0B113036CB3A5BE04,IMPHASH=AB0C8C1C188B19D08FAF502671C04930
ParentProcessGuid: {8bb50d47-11fe-694d-4c00-000000000c00}
ParentProcessId: 3552
ParentImage: C:\Program Files (x86)\ossec-agent\wazuh-agent.exe
ParentCommandLine: ""C:\Program Files (x86)\ossec-agent\wazuh-agent.exe""
ParentUser: NT AUTHORITY\SYSTEM","1","5",,"4","1","0","-9223372036854775808","2100","Microsoft-Windows-Sysmon","5770385f-c22a-43e0-bf4c-06f5698ffbd9","Microsoft-Windows-Sysmon/Operational","3580","4288","Windows11","S-1-5-18","12/25/2025 11:33:49 AM",,,"Microsoft-Windows-Sysmon/Operational","System.UInt32[]","System.Diagnostics.Eventing.Reader.EventBookmark","Information","Info","File created (rule: FileCreate)","System.Collections.ObjectModel.ReadOnlyCollection`1[System.String]","System.Collections.Generic.List`1[System.Diagnostics.Eventing.Reader.EventProperty]"
"Process Create:
RuleName: -
UtcTime: 2025-12-25 10:33:49.765
ProcessGuid: {8bb50d47-130d-694d-fb00-000000000c00}
ProcessId: 2988
Image: C:\Windows\SysWOW64\auditpol.exe
FileVersion: 10.0.26100.3037 (WinBuild.160101.0800)
Description: Audit Policy Program
Product: Microsoft? Windows? Operating System
Company: Microsoft Corporation
OriginalFileName: AUDITPOL.EXE
CommandLine: auditpol.exe /get /subcategory:""Process Creation""
CurrentDirectory: C:\Program Files (x86)\ossec-agent\
User: NT AUTHORITY\SYSTEM
LogonGuid: {8bb50d47-11d7-694d-e703-000000000000}
LogonId: 0x3E7
TerminalSessionId: 0
IntegrityLevel: System
Hashes: MD5=DF2B82B351C889B015CDFEE9C0A4BF28,SHA256=AC85C42F0994797B83F8491C56DBB83B7A4292DE00BD75A0B113036CB3A5BE04,IMPHASH=AB0C8C1C188B19D08FAF502671C04930
ParentProcessGuid: {8bb50d47-11fe-694d-4c00-000000000c00}
ParentProcessId: 3552
ParentImage: C:\Program Files (x86)\ossec-agent\wazuh-agent.exe
ParentCommandLine: ""C:\Program Files (x86)\ossec-agent\wazuh-agent.exe""
ParentUser: NT AUTHORITY\SYSTEM","1","5",,"4","1","0","-9223372036854775808","2099","Microsoft-Windows-Sysmon","5770385f-c22a-43e0-bf4c-06f5698ffbd9","Microsoft-Windows-Sysmon/Operational","3580","4288","Windows11","S-1-5-18","12/25/2025 11:33:49 AM",,,"Microsoft-Windows-Sysmon/Operational","System.UInt32[]","System.Diagnostics.Eventing.Reader.EventBookmark","Information","Info","File created (rule: FileCreate)","System.Collections.ObjectModel.ReadOnlyCollection`1[System.String]","System.Collections.Generic.List`1[System.Diagnostics.Eventing.Reader.EventProperty]"
"Process Create:
RuleName: -
UtcTime: 2025-12-25 10:33:49.588
ProcessGuid: {8bb50d47-130d-694d-f800-000000000c00}
ProcessId: 8168
Image: C:\Windows\SysWOW64\auditpol.exe
FileVersion: 10.0.26100.3037 (WinBuild.160101.0800)
Description: Audit Policy Program
Product: Microsoft? Windows? Operating System
Company: Microsoft Corporation
OriginalFileName: AUDITPOL.EXE
CommandLine: auditpol.exe /get /subcategory:""Plug and Play Events""
CurrentDirectory: C:\Program Files (x86)\ossec-agent\
User: NT AUTHORITY\SYSTEM
LogonGuid: {8bb50d47-11d7-694d-e703-000000000000}
LogonId: 0x3E7
TerminalSessionId: 0
IntegrityLevel: System
Hashes: MD5=DF2B82B351C889B015CDFEE9C0A4BF28,SHA256=AC85C42F0994797B83F8491C56DBB83B7A4292DE00BD75A0B113036CB3A5BE04,IMPHASH=AB0C8C1C188B19D08FAF502671C04930
ParentProcessGuid: {8bb50d47-11fe-694d-4c00-000000000c00}
ParentProcessId: 3552
ParentImage: C:\Program Files (x86)\ossec-agent\wazuh-agent.exe
ParentCommandLine: ""C:\Program Files (x86)\ossec-agent\wazuh-agent.exe""
ParentUser: NT AUTHORITY\SYSTEM","1","5",,"4","1","0","-9223372036854775808","2098","Microsoft-Windows-Sysmon","5770385f-c22a-43e0-bf4c-06f5698ffbd9","Microsoft-Windows-Sysmon/Operational","3580","4288","Windows11","S-1-5-18","12/25/2025 11:33:49 AM",,,"Microsoft-Windows-Sysmon/Operational","System.UInt32[]","System.Diagnostics.Eventing.Reader.EventBookmark","Information","Info","File created (rule: FileCreate)","System.Collections.ObjectModel.ReadOnlyCollection`1[System.String]","System.Collections.Generic.List`1[System.Diagnostics.Eventing.Reader.EventProperty]"
"Process Create:
RuleName: -
UtcTime: 2025-12-25 10:33:49.417
ProcessGuid: {8bb50d47-130d-694d-f600-000000000c00}
ProcessId: 7944
Image: C:\Windows\SysWOW64\auditpol.exe
FileVersion: 10.0.26100.3037 (WinBuild.160101.0800)
Description: Audit Policy Program
Product: Microsoft? Windows? Operating System
Company: Microsoft Corporation
OriginalFileName: AUDITPOL.EXE
CommandLine: auditpol.exe /get /subcategory:""User Account Management""
CurrentDirectory: C:\Program Files (x86)\ossec-agent\
User: NT AUTHORITY\SYSTEM
LogonGuid: {8bb50d47-11d7-694d-e703-000000000000}
LogonId: 0x3E7
TerminalSessionId: 0
IntegrityLevel: System
Hashes: MD5=DF2B82B351C889B015CDFEE9C0A4BF28,SHA256=AC85C42F0994797B83F8491C56DBB83B7A4292DE00BD75A0B113036CB3A5BE04,IMPHASH=AB0C8C1C188B19D08FAF502671C04930
ParentProcessGuid: {8bb50d47-11fe-694d-4c00-000000000c00}
ParentProcessId: 3552
ParentImage: C:\Program Files (x86)\ossec-agent\wazuh-agent.exe
ParentCommandLine: ""C:\Program Files (x86)\ossec-agent\wazuh-agent.exe""
ParentUser: NT AUTHORITY\SYSTEM","1","5",,"4","1","0","-9223372036854775808","2097","Microsoft-Windows-Sysmon","5770385f-c22a-43e0-bf4c-06f5698ffbd9","Microsoft-Windows-Sysmon/Operational","3580","4288","Windows11","S-1-5-18","12/25/2025 11:33:49 AM",,,"Microsoft-Windows-Sysmon/Operational","System.UInt32[]","System.Diagnostics.Eventing.Reader.EventBookmark","Information","Info","File created (rule: FileCreate)","System.Collections.ObjectModel.ReadOnlyCollection`1[System.String]","System.Collections.Generic.List`1[System.Diagnostics.Eventing.Reader.EventProperty]"
"Process Create:
RuleName: -
UtcTime: 2025-12-25 10:33:49.279
ProcessGuid: {8bb50d47-130d-694d-f400-000000000c00}
ProcessId: 2644
Image: C:\Windows\SysWOW64\auditpol.exe
FileVersion: 10.0.26100.3037 (WinBuild.160101.0800)
Description: Audit Policy Program
Product: Microsoft? Windows? Operating System
Company: Microsoft Corporation
OriginalFileName: AUDITPOL.EXE
CommandLine: auditpol.exe /get /subcategory:""Security Group Management""
CurrentDirectory: C:\Program Files (x86)\ossec-agent\
User: NT AUTHORITY\SYSTEM
LogonGuid: {8bb50d47-11d7-694d-e703-000000000000}
LogonId: 0x3E7
TerminalSessionId: 0
IntegrityLevel: System
Hashes: MD5=DF2B82B351C889B015CDFEE9C0A4BF28,SHA256=AC85C42F0994797B83F8491C56DBB83B7A4292DE00BD75A0B113036CB3A5BE04,IMPHASH=AB0C8C1C188B19D08FAF502671C04930
ParentProcessGuid: {8bb50d47-11fe-694d-4c00-000000000c00}
ParentProcessId: 3552
ParentImage: C:\Program Files (x86)\ossec-agent\wazuh-agent.exe
ParentCommandLine: ""C:\Program Files (x86)\ossec-agent\wazuh-agent.exe""
ParentUser: NT AUTHORITY\SYSTEM","1","5",,"4","1","0","-9223372036854775808","2096","Microsoft-Windows-Sysmon","5770385f-c22a-43e0-bf4c-06f5698ffbd9","Microsoft-Windows-Sysmon/Operational","3580","4288","Windows11","S-1-5-18","12/25/2025 11:33:49 AM",,,"Microsoft-Windows-Sysmon/Operational","System.UInt32[]","System.Diagnostics.Eventing.Reader.EventBookmark","Information","Info","File created (rule: FileCreate)","System.Collections.ObjectModel.ReadOnlyCollection`1[System.String]","System.Collections.Generic.List`1[System.Diagnostics.Eventing.Reader.EventProperty]"
"Process Create:
RuleName: -
UtcTime: 2025-12-25 10:33:49.111
ProcessGuid: {8bb50d47-130d-694d-f200-000000000c00}
ProcessId: 6660
Image: C:\Windows\SysWOW64\auditpol.exe
FileVersion: 10.0.26100.3037 (WinBuild.160101.0800)
Description: Audit Policy Program
Product: Microsoft? Windows? Operating System
Company: Microsoft Corporation
OriginalFileName: AUDITPOL.EXE
CommandLine: auditpol.exe /get /subcategory:""Application Group Management""
CurrentDirectory: C:\Program Files (x86)\ossec-agent\
User: NT AUTHORITY\SYSTEM
LogonGuid: {8bb50d47-11d7-694d-e703-000000000000}
LogonId: 0x3E7
TerminalSessionId: 0
IntegrityLevel: System
Hashes: MD5=DF2B82B351C889B015CDFEE9C0A4BF28,SHA256=AC85C42F0994797B83F8491C56DBB83B7A4292DE00BD75A0B113036CB3A5BE04,IMPHASH=AB0C8C1C188B19D08FAF502671C04930
ParentProcessGuid: {8bb50d47-11fe-694d-4c00-000000000c00}
ParentProcessId: 3552
ParentImage: C:\Program Files (x86)\ossec-agent\wazuh-agent.exe
ParentCommandLine: ""C:\Program Files (x86)\ossec-agent\wazuh-agent.exe""
ParentUser: NT AUTHORITY\SYSTEM","1","5",,"4","1","0","-9223372036854775808","2095","Microsoft-Windows-Sysmon","5770385f-c22a-43e0-bf4c-06f5698ffbd9","Microsoft-Windows-Sysmon/Operational","3580","4288","Windows11","S-1-5-18","12/25/2025 11:33:49 AM",,,"Microsoft-Windows-Sysmon/Operational","System.UInt32[]","System.Diagnostics.Eventing.Reader.EventBookmark","Information","Info","File created (rule: FileCreate)","System.Collections.ObjectModel.ReadOnlyCollection`1[System.String]","System.Collections.Generic.List`1[System.Diagnostics.Eventing.Reader.EventProperty]"
"Process Create:
RuleName: -
UtcTime: 2025-12-25 10:33:48.795
ProcessGuid: {8bb50d47-130c-694d-f000-000000000c00}
ProcessId: 7740
Image: C:\Windows\SysWOW64\auditpol.exe
FileVersion: 10.0.26100.3037 (WinBuild.160101.0800)
Description: Audit Policy Program
Product: Microsoft? Windows? Operating System
Company: Microsoft Corporation
OriginalFileName: AUDITPOL.EXE
CommandLine: auditpol.exe /get /subcategory:""Credential Validation""
CurrentDirectory: C:\Program Files (x86)\ossec-agent\
User: NT AUTHORITY\SYSTEM
LogonGuid: {8bb50d47-11d7-694d-e703-000000000000}
LogonId: 0x3E7
TerminalSessionId: 0
IntegrityLevel: System
Hashes: MD5=DF2B82B351C889B015CDFEE9C0A4BF28,SHA256=AC85C42F0994797B83F8491C56DBB83B7A4292DE00BD75A0B113036CB3A5BE04,IMPHASH=AB0C8C1C188B19D08FAF502671C04930
ParentProcessGuid: {8bb50d47-11fe-694d-4c00-000000000c00}
ParentProcessId: 3552
ParentImage: C:\Program Files (x86)\ossec-agent\wazuh-agent.exe
ParentCommandLine: ""C:\Program Files (x86)\ossec-agent\wazuh-agent.exe""
ParentUser: NT AUTHORITY\SYSTEM","1","5",,"4","1","0","-9223372036854775808","2094","Microsoft-Windows-Sysmon","5770385f-c22a-43e0-bf4c-06f5698ffbd9","Microsoft-Windows-Sysmon/Operational","3580","4288","Windows11","S-1-5-18","12/25/2025 11:33:48 AM",,,"Microsoft-Windows-Sysmon/Operational","System.UInt32[]","System.Diagnostics.Eventing.Reader.EventBookmark","Information","Info","File created (rule: FileCreate)","System.Collections.ObjectModel.ReadOnlyCollection`1[System.String]","System.Collections.Generic.List`1[System.Diagnostics.Eventing.Reader.EventProperty]"
"Network connection detected:
RuleName: Usermode
UtcTime: 2025-12-25 10:33:54.993
ProcessGuid: {8bb50d47-1307-694d-ea00-000000000c00}
ProcessId: 2512
Image: C:\Users\Yomi\AppData\Local\Microsoft\OneDrive\OneDrive.exe
User: WINDOWS11\Yomi
Protocol: tcp
Initiated: true
SourceIsIpv6: false
SourceIp: 10.0.2.15
SourceHostname: Windows11
SourcePort: 53029
SourcePortName: -
DestinationIsIpv6: false
DestinationIp: 13.107.246.56
DestinationHostname: -
DestinationPort: 443
DestinationPortName: https","3","5",,"4","3","0","-9223372036854775808","2093","Microsoft-Windows-Sysmon","5770385f-c22a-43e0-bf4c-06f5698ffbd9","Microsoft-Windows-Sysmon/Operational","3580","4136","Windows11","S-1-5-18","12/25/2025 11:33:48 AM",,,"Microsoft-Windows-Sysmon/Operational","System.UInt32[]","System.Diagnostics.Eventing.Reader.EventBookmark","Information","Info","File created (rule: FileCreate)","System.Collections.ObjectModel.ReadOnlyCollection`1[System.String]","System.Collections.Generic.List`1[System.Diagnostics.Eventing.Reader.EventProperty]"
"Registry value set:
RuleName: T1042
EventType: SetValue
UtcTime: 2025-12-25 10:33:46.285
ProcessGuid: {8bb50d47-1307-694d-ea00-000000000c00}
ProcessId: 2512
Image: C:\Users\Yomi\AppData\Local\Microsoft\OneDrive\OneDrive.exe
TargetObject: HKU\S-1-5-21-116772387-2583172374-3284080429-1000_Classes\grvopen\shell\open\command\(Default)
Details: ""C:\Users\Yomi\AppData\Local\Microsoft\OneDrive\OneDrive.exe"" /url:""Incorrect function. ""
User: WINDOWS11\Yomi","13","2",,"4","13","0","-9223372036854775808","2092","Microsoft-Windows-Sysmon","5770385f-c22a-43e0-bf4c-06f5698ffbd9","Microsoft-Windows-Sysmon/Operational","3580","4288","Windows11","S-1-5-18","12/25/2025 11:33:46 AM",,,"Microsoft-Windows-Sysmon/Operational","System.UInt32[]","System.Diagnostics.Eventing.Reader.EventBookmark","Information","Info","File created (rule: FileCreate)","System.Collections.ObjectModel.ReadOnlyCollection`1[System.String]","System.Collections.Generic.List`1[System.Diagnostics.Eventing.Reader.EventProperty]"
"Registry value set:
RuleName: T1042
EventType: SetValue
UtcTime: 2025-12-25 10:33:46.285
ProcessGuid: {8bb50d47-1307-694d-ea00-000000000c00}
ProcessId: 2512
Image: C:\Users\Yomi\AppData\Local\Microsoft\OneDrive\OneDrive.exe
TargetObject: HKU\S-1-5-21-116772387-2583172374-3284080429-1000_Classes\grvopen\shell\open\command\(Default)
Details: ""C:\Users\Yomi\AppData\Local\Microsoft\OneDrive\OneDrive.exe"" /url:""Incorrect function. ""
User: WINDOWS11\Yomi","13","2",,"4","13","0","-9223372036854775808","2091","Microsoft-Windows-Sysmon","5770385f-c22a-43e0-bf4c-06f5698ffbd9","Microsoft-Windows-Sysmon/Operational","3580","4288","Windows11","S-1-5-18","12/25/2025 11:33:46 AM",,,"Microsoft-Windows-Sysmon/Operational","System.UInt32[]","System.Diagnostics.Eventing.Reader.EventBookmark","Information","Info","File created (rule: FileCreate)","System.Collections.ObjectModel.ReadOnlyCollection`1[System.String]","System.Collections.Generic.List`1[System.Diagnostics.Eventing.Reader.EventProperty]"
"Process Create:
