RuleName: -
UtcTime: 2025-12-25 02:48:51.425
ProcessGuid: {8bb50d47-a613-694c-a200-000000000b00}
ProcessId: 7532
Image: C:\Windows\System32\slui.exe
FileVersion: 10.0.26100.5074 (WinBuild.160101.0800)
Description: Windows Activation Client
Product: Microsoft? Windows? Operating System
Company: Microsoft Corporation
OriginalFileName: slui.exe
CommandLine: ""C:\WINDOWS\System32\SLUI.exe"" RuleId=31e71c49-8da7-4a2f-ad92-45d98a1c79ba;Action=AutoActivate;AppId=55c92734-d682-4d71-983e-d6ec3f16059f;SkuId=2b1f36bb-c1cd-4306-bf5c-a0367c2d97d8;NotificationInterval=1440;Trigger=UserLogon;SessionId=1
CurrentDirectory: C:\WINDOWS\system32\
User: NT AUTHORITY\NETWORK SERVICE
LogonGuid: {8bb50d47-a5ab-694c-e403-000000000000}
LogonId: 0x3E4
TerminalSessionId: 0
IntegrityLevel: System
Hashes: MD5=6BB7583E4CC2F16175F65D7F7A414690,SHA256=A01088082CB47B53AFD38E1A60D3041227E6D3D30F8045409F2891B98AEB5D62,IMPHASH=965E6FDBF2B84C0CDAA6303EA677DF71
ParentProcessGuid: {8bb50d47-a60b-694c-9f00-000000000b00}
ParentProcessId: 6540
ParentImage: C:\Windows\System32\SppExtComObj.Exe
ParentCommandLine: C:\WINDOWS\system32\SppExtComObj.exe -Embedding
ParentUser: NT AUTHORITY\NETWORK SERVICE","1","5",,"4","1","0","-9223372036854775808","1485","Microsoft-Windows-Sysmon","5770385f-c22a-43e0-bf4c-06f5698ffbd9","Microsoft-Windows-Sysmon/Operational","3164","4264","Windows11","S-1-5-18","12/25/2025 3:48:51 AM",,,"Microsoft-Windows-Sysmon/Operational","System.UInt32[]","System.Diagnostics.Eventing.Reader.EventBookmark","Information","Info","File created (rule: FileCreate)","System.Collections.ObjectModel.ReadOnlyCollection`1[System.String]","System.Collections.Generic.List`1[System.Diagnostics.Eventing.Reader.EventProperty]"
"Process Create:
RuleName: -
UtcTime: 2025-12-25 02:48:49.951
ProcessGuid: {8bb50d47-a611-694c-a100-000000000b00}
ProcessId: 7448
Image: C:\Windows\SysWOW64\WindowsPowerShell\v1.0\powershell.exe
FileVersion: 10.0.26100.5074 (WinBuild.160101.0800)
Description: Windows PowerShell
Product: Microsoft? Windows? Operating System
Company: Microsoft Corporation
OriginalFileName: PowerShell.EXE
CommandLine: powershell secedit /export /cfg $env:TEMP\secpol.cfg; Get-Content $env:TEMP\secpol.cfg | Select-String ""MaximumPasswordAge""; Remove-Item $env:TEMP\secpol.cfg
CurrentDirectory: C:\Program Files (x86)\ossec-agent\
User: NT AUTHORITY\SYSTEM
LogonGuid: {8bb50d47-a5a7-694c-e703-000000000000}
LogonId: 0x3E7
TerminalSessionId: 0
IntegrityLevel: System
Hashes: MD5=0CB6529404FAEF431547CFF590744553,SHA256=3BFEDAAA40D9E19E45A3EE10C0F14B1750B01619EBB9F39BE3865BCFDACDD2E5,IMPHASH=9F91C97560360686D37B0E311BB8BD64
ParentProcessGuid: {8bb50d47-a5c0-694c-4a00-000000000b00}
ParentProcessId: 3540
ParentImage: C:\Program Files (x86)\ossec-agent\wazuh-agent.exe
ParentCommandLine: ""C:\Program Files (x86)\ossec-agent\wazuh-agent.exe""
ParentUser: NT AUTHORITY\SYSTEM","1","5",,"4","1","0","-9223372036854775808","1484","Microsoft-Windows-Sysmon","5770385f-c22a-43e0-bf4c-06f5698ffbd9","Microsoft-Windows-Sysmon/Operational","3164","4264","Windows11","S-1-5-18","12/25/2025 3:48:49 AM",,,"Microsoft-Windows-Sysmon/Operational","System.UInt32[]","System.Diagnostics.Eventing.Reader.EventBookmark","Information","Info","File created (rule: FileCreate)","System.Collections.ObjectModel.ReadOnlyCollection`1[System.String]","System.Collections.Generic.List`1[System.Diagnostics.Eventing.Reader.EventProperty]"
"Process Create:
RuleName: -
UtcTime: 2025-12-25 02:48:43.851
ProcessGuid: {8bb50d47-a60b-694c-a000-000000000b00}
ProcessId: 7200
Image: C:\Windows\System32\wermgr.exe
FileVersion: 10.0.26100.5074 (WinBuild.160101.0800)
Description: Windows Problem Reporting
Product: Microsoft? Windows? Operating System
Company: Microsoft Corporation
OriginalFileName: WerMgr
CommandLine: ""C:\WINDOWS\system32\wermgr.exe"" -upload
CurrentDirectory: C:\WINDOWS\system32\
User: NT AUTHORITY\SYSTEM
LogonGuid: {8bb50d47-a5a7-694c-e703-000000000000}
LogonId: 0x3E7
TerminalSessionId: 0
IntegrityLevel: System
Hashes: MD5=7A8EA86F4C769DB46BD9554EC8277065,SHA256=1625290EF1DFF2082BCA7D3995A1ACD20BA641B7277DB30659CCC8D3094C4B87,IMPHASH=AB300DEDE19E5162BAE0307BEBC2C7FE
ParentProcessGuid: {8bb50d47-a5ad-694c-1d00-000000000b00}
ParentProcessId: 1472
ParentImage: C:\Windows\System32\svchost.exe
ParentCommandLine: C:\WINDOWS\system32\svchost.exe -k netsvcs -p -s Schedule
ParentUser: NT AUTHORITY\SYSTEM","1","5",,"4","1","0","-9223372036854775808","1483","Microsoft-Windows-Sysmon","5770385f-c22a-43e0-bf4c-06f5698ffbd9","Microsoft-Windows-Sysmon/Operational","3164","4264","Windows11","S-1-5-18","12/25/2025 3:48:44 AM",,,"Microsoft-Windows-Sysmon/Operational","System.UInt32[]","System.Diagnostics.Eventing.Reader.EventBookmark","Information","Info","File created (rule: FileCreate)","System.Collections.ObjectModel.ReadOnlyCollection`1[System.String]","System.Collections.Generic.List`1[System.Diagnostics.Eventing.Reader.EventProperty]"
"Dns query:
RuleName: -
UtcTime: 2025-12-25 02:48:42.045
ProcessGuid: {8bb50d47-a608-694c-9a00-000000000b00}
ProcessId: 1080
QueryName: wpad
QueryStatus: 123
QueryResults: -
Image: C:\Program Files (x86)\Microsoft\EdgeWebView\Application\143.0.3650.96\msedgewebview2.exe
User: WINDOWS11\Yomi","22","5",,"4","22","0","-9223372036854775808","1482","Microsoft-Windows-Sysmon","5770385f-c22a-43e0-bf4c-06f5698ffbd9","Microsoft-Windows-Sysmon/Operational","3164","4292","Windows11","S-1-5-18","12/25/2025 3:48:44 AM",,,"Microsoft-Windows-Sysmon/Operational","System.UInt32[]","System.Diagnostics.Eventing.Reader.EventBookmark","Information","Info","File created (rule: FileCreate)","System.Collections.ObjectModel.ReadOnlyCollection`1[System.String]","System.Collections.Generic.List`1[System.Diagnostics.Eventing.Reader.EventProperty]"
"Process Create:
RuleName: -
UtcTime: 2025-12-25 02:48:43.348
ProcessGuid: {8bb50d47-a60b-694c-9e00-000000000b00}
ProcessId: 5476
Image: C:\Windows\System32\AggregatorHost.exe
FileVersion: 10.0.26100.5074 (WinBuild.160101.0800)
Description: Microsoft (R) Aggregator Host
Product: Microsoft? Windows? Operating System
Company: Microsoft Corporation
OriginalFileName: AggregatorHost.exe
CommandLine: AggregatorHost.exe
CurrentDirectory: C:\WINDOWS\system32\
User: NT AUTHORITY\SYSTEM
LogonGuid: {8bb50d47-a5a7-694c-e703-000000000000}
LogonId: 0x3E7
TerminalSessionId: 0
IntegrityLevel: System
Hashes: MD5=81EEFA2D569F1A509B88E884AD7E662F,SHA256=5A8356B8EEC6CC751F73AC1000B6EB17D7FBB2E51A4711C8764D57E62FEFE5D0,IMPHASH=AD82AF6FE8395BBD9698613C6EE80CD8
ParentProcessGuid: {8bb50d47-a5be-694c-4400-000000000b00}
ParentProcessId: 3336
ParentImage: C:\Windows\System32\svchost.exe
ParentCommandLine: C:\WINDOWS\System32\svchost.exe -k utcsvc -p
ParentUser: NT AUTHORITY\SYSTEM","1","5",,"4","1","0","-9223372036854775808","1481","Microsoft-Windows-Sysmon","5770385f-c22a-43e0-bf4c-06f5698ffbd9","Microsoft-Windows-Sysmon/Operational","3164","4264","Windows11","S-1-5-18","12/25/2025 3:48:43 AM",,,"Microsoft-Windows-Sysmon/Operational","System.UInt32[]","System.Diagnostics.Eventing.Reader.EventBookmark","Information","Info","File created (rule: FileCreate)","System.Collections.ObjectModel.ReadOnlyCollection`1[System.String]","System.Collections.Generic.List`1[System.Diagnostics.Eventing.Reader.EventProperty]"
"Dns query:
RuleName: -
UtcTime: 2025-12-25 02:48:34.702
ProcessGuid: {8bb50d47-a5b2-694c-2f00-000000000b00}
ProcessId: 2344
QueryName: wpad
QueryStatus: 123
QueryResults: -
Image: C:\Windows\System32\svchost.exe
User: NT AUTHORITY\LOCAL SERVICE","22","5",,"4","22","0","-9223372036854775808","1480","Microsoft-Windows-Sysmon","5770385f-c22a-43e0-bf4c-06f5698ffbd9","Microsoft-Windows-Sysmon/Operational","3164","4292","Windows11","S-1-5-18","12/25/2025 3:48:35 AM",,,"Microsoft-Windows-Sysmon/Operational","System.UInt32[]","System.Diagnostics.Eventing.Reader.EventBookmark","Information","Info","File created (rule: FileCreate)","System.Collections.ObjectModel.ReadOnlyCollection`1[System.String]","System.Collections.Generic.List`1[System.Diagnostics.Eventing.Reader.EventProperty]"
"Process Create:
RuleName: -
UtcTime: 2025-12-25 02:48:33.794
ProcessGuid: {8bb50d47-a601-694c-9600-000000000b00}
ProcessId: 6936
Image: C:\Windows\System32\wlrmdr.exe
FileVersion: 10.0.26100.5074 (WinBuild.160101.0800)
Description: Windows logon reminder
Product: Microsoft? Windows? Operating System
Company: Microsoft Corporation
OriginalFileName: WLRMNDR.EXE
CommandLine:  -c -s 0 -f 0 -t Empty -m Empty -a 0 -u Empty
CurrentDirectory: C:\WINDOWS\system32\
User: WINDOWS11\Yomi
LogonGuid: {8bb50d47-a5bc-694c-864c-020000000000}
LogonId: 0x24C86
TerminalSessionId: 1
IntegrityLevel: Medium
Hashes: MD5=9B1CED9CA13151635455404B7969F73E,SHA256=97932708DDF993E58357D050480C9519709CDA3225C93DED4AF32E162B931277,IMPHASH=0CE1167F022650E5C6F6A3764CF80084
ParentProcessGuid: {8bb50d47-a5a6-694c-0a00-000000000b00}
ParentProcessId: 772
ParentImage: C:\Windows\System32\winlogon.exe
ParentCommandLine: winlogon.exe
ParentUser: NT AUTHORITY\SYSTEM","1","5",,"4","1","0","-9223372036854775808","1479","Microsoft-Windows-Sysmon","5770385f-c22a-43e0-bf4c-06f5698ffbd9","Microsoft-Windows-Sysmon/Operational","3164","4264","Windows11","S-1-5-18","12/25/2025 3:48:34 AM",,,"Microsoft-Windows-Sysmon/Operational","System.UInt32[]","System.Diagnostics.Eventing.Reader.EventBookmark","Information","Info","File created (rule: FileCreate)","System.Collections.ObjectModel.ReadOnlyCollection`1[System.String]","System.Collections.Generic.List`1[System.Diagnostics.Eventing.Reader.EventProperty]"
"Dns query:
RuleName: -
UtcTime: 2025-12-25 02:48:27.547
ProcessGuid: {8bb50d47-a5b8-694c-3a00-000000000b00}
ProcessId: 2952
QueryName: WINDOWS11
QueryStatus: 0
QueryResults: fe80::a9e4:a55a:87b2:b727;fe80::1d1c:cbb5:6c75:d36e;fd17:625c:f037:2:356d:11ab:9288:c3c5;fd17:625c:f037:2:9bf:f3a7:ac31:b925;
Image: C:\Windows\System32\spoolsv.exe
User: NT AUTHORITY\SYSTEM","22","5",,"4","22","0","-9223372036854775808","1478","Microsoft-Windows-Sysmon","5770385f-c22a-43e0-bf4c-06f5698ffbd9","Microsoft-Windows-Sysmon/Operational","3164","4292","Windows11","S-1-5-18","12/25/2025 3:48:30 AM",,,"Microsoft-Windows-Sysmon/Operational","System.UInt32[]","System.Diagnostics.Eventing.Reader.EventBookmark","Information","Info","File created (rule: FileCreate)","System.Collections.ObjectModel.ReadOnlyCollection`1[System.String]","System.Collections.Generic.List`1[System.Diagnostics.Eventing.Reader.EventProperty]"
"Dns query:
RuleName: -
UtcTime: 2025-12-25 02:48:27.547
ProcessGuid: {8bb50d47-a5b8-694c-3a00-000000000b00}
ProcessId: 2952
QueryName: WINDOWS11
QueryStatus: 0
QueryResults: 192.168.56.102;10.0.2.15;
Image: C:\Windows\System32\spoolsv.exe
User: NT AUTHORITY\SYSTEM","22","5",,"4","22","0","-9223372036854775808","1477","Microsoft-Windows-Sysmon","5770385f-c22a-43e0-bf4c-06f5698ffbd9","Microsoft-Windows-Sysmon/Operational","3164","4292","Windows11","S-1-5-18","12/25/2025 3:48:30 AM",,,"Microsoft-Windows-Sysmon/Operational","System.UInt32[]","System.Diagnostics.Eventing.Reader.EventBookmark","Information","Info","File created (rule: FileCreate)","System.Collections.ObjectModel.ReadOnlyCollection`1[System.String]","System.Collections.Generic.List`1[System.Diagnostics.Eventing.Reader.EventProperty]"
"Process Create:
RuleName: -
UtcTime: 2025-12-25 02:48:26.884
ProcessGuid: {8bb50d47-a5fa-694c-8f00-000000000b00}
ProcessId: 6248
Image: C:\Windows\System32\ctfmon.exe
FileVersion: 10.0.26100.3624 (WinBuild.160101.0800)
Description: CTF Loader
Product: Microsoft? Windows? Operating System
Company: Microsoft Corporation
OriginalFileName: CTFMON.EXE
CommandLine: /QuitInfo:000000000000027C;0000000000000280; 
CurrentDirectory: C:\WINDOWS\system32\
User: WINDOWS11\Yomi
LogonGuid: {8bb50d47-a5bc-694c-864c-020000000000}
LogonId: 0x24C86
TerminalSessionId: 1
IntegrityLevel: High
Hashes: MD5=A3E50EF69038B3415A4D75820255A301,SHA256=F219F0975E70935D0BD4898BC568B146603C1D2E07ECE027F5E5B5E4EAD203D5,IMPHASH=B539389D4BE1DD68C8213A539FEB41FB
ParentProcessGuid: {8bb50d47-a5b5-694c-3400-000000000b00}
ParentProcessId: 2596
ParentImage: C:\Windows\System32\svchost.exe
ParentCommandLine: C:\WINDOWS\System32\svchost.exe -k LocalSystemNetworkRestricted -p -s TextInputManagementService
ParentUser: NT AUTHORITY\SYSTEM","1","5",,"4","1","0","-9223372036854775808","1476","Microsoft-Windows-Sysmon","5770385f-c22a-43e0-bf4c-06f5698ffbd9","Microsoft-Windows-Sysmon/Operational","3164","4264","Windows11","S-1-5-18","12/25/2025 3:48:27 AM",,,"Microsoft-Windows-Sysmon/Operational","System.UInt32[]","System.Diagnostics.Eventing.Reader.EventBookmark","Information","Info","File created (rule: FileCreate)","System.Collections.ObjectModel.ReadOnlyCollection`1[System.String]","System.Collections.Generic.List`1[System.Diagnostics.Eventing.Reader.EventProperty]"
"Process Create:
RuleName: -
UtcTime: 2025-12-25 02:48:22.666
ProcessGuid: {8bb50d47-a5f6-694c-8e00-000000000b00}
ProcessId: 2076
Image: C:\Windows\SystemApps\MicrosoftWindows.Client.CBS_cw5n1h2txyewy\TextInputHost.exe
FileVersion: 2125.21000.0.0
Description: -
Product: Microsoft? Windows? Operating System
Company: Microsoft Corporation
OriginalFileName: TextInputHost.exe
CommandLine: ""C:\Windows\SystemApps\MicrosoftWindows.Client.CBS_cw5n1h2txyewy\TextInputHost.exe"" -ServerName:InputApp.AppXk0k6mrh4r2q0ct33a9wgbez0x7v9cz5y.mca
CurrentDirectory: C:\Windows\SystemApps\MicrosoftWindows.Client.CBS_cw5n1h2txyewy\
User: WINDOWS11\Yomi
LogonGuid: {8bb50d47-a5bc-694c-864c-020000000000}
LogonId: 0x24C86
TerminalSessionId: 1
IntegrityLevel: Medium
Hashes: MD5=1820E6BB36535874A65ABD8A7836410F,SHA256=A62C9F6543EEDB81E05FC15805D231F1B7B630E2499868832C90DB42D850C392,IMPHASH=0143DE0CC45B9974FA039C55C915F6C1
ParentProcessGuid: {8bb50d47-a5a9-694c-0f00-000000000b00}
ParentProcessId: 484
ParentImage: C:\Windows\System32\svchost.exe
ParentCommandLine: C:\WINDOWS\system32\svchost.exe -k DcomLaunch -p
ParentUser: NT AUTHORITY\SYSTEM","1","5",,"4","1","0","-9223372036854775808","1475","Microsoft-Windows-Sysmon","5770385f-c22a-43e0-bf4c-06f5698ffbd9","Microsoft-Windows-Sysmon/Operational","3164","4264","Windows11","S-1-5-18","12/25/2025 3:48:23 AM",,,"Microsoft-Windows-Sysmon/Operational","System.UInt32[]","System.Diagnostics.Eventing.Reader.EventBookmark","Information","Info","File created (rule: FileCreate)","System.Collections.ObjectModel.ReadOnlyCollection`1[System.String]","System.Collections.Generic.List`1[System.Diagnostics.Eventing.Reader.EventProperty]"
"Process Create:
RuleName: -
UtcTime: 2025-12-25 02:48:21.779
ProcessGuid: {8bb50d47-a5f5-694c-8d00-000000000b00}
ProcessId: 5172
Image: C:\Windows\SystemApps\MicrosoftWindows.Client.CBS_cw5n1h2txyewy\CrossDeviceResume.exe
FileVersion: 2125.20500.0.0
Description: -
Product: Microsoft? Windows? Operating System
Company: Microsoft Corporation
OriginalFileName: CrossDeviceResume.exe
CommandLine: ""C:\Windows\SystemApps\MicrosoftWindows.Client.CBS_cw5n1h2txyewy\CrossDeviceResume.exe"" /tileid MicrosoftWindows.Client.CBS_cw5n1h2txyewy!CrossDeviceResumeApp
CurrentDirectory: C:\WINDOWS\system32\
User: WINDOWS11\Yomi
LogonGuid: {8bb50d47-a5bc-694c-864c-020000000000}
LogonId: 0x24C86
TerminalSessionId: 1
IntegrityLevel: Medium
Hashes: MD5=991C115C18F7CA18EC6B9578438C8459,SHA256=29799D8570F56650684B1BF3A831C1F70CE5BCCC86736287FFC51DC3A49432E3,IMPHASH=F631422610D7D17E25FEBEC495DE75C9
ParentProcessGuid: {8bb50d47-a5e0-694c-7100-000000000b00}
ParentProcessId: 4456
ParentImage: C:\Windows\System32\sihost.exe
ParentCommandLine: sihost.exe
ParentUser: WINDOWS11\Yomi","1","5",,"4","1","0","-9223372036854775808","1474","Microsoft-Windows-Sysmon","5770385f-c22a-43e0-bf4c-06f5698ffbd9","Microsoft-Windows-Sysmon/Operational","3164","4264","Windows11","S-1-5-18","12/25/2025 3:48:22 AM",,,"Microsoft-Windows-Sysmon/Operational","System.UInt32[]","System.Diagnostics.Eventing.Reader.EventBookmark","Information","Info","File created (rule: FileCreate)","System.Collections.ObjectModel.ReadOnlyCollection`1[System.String]","System.Collections.Generic.List`1[System.Diagnostics.Eventing.Reader.EventProperty]"
"Process Create:
RuleName: -
UtcTime: 2025-12-25 02:48:21.108
ProcessGuid: {8bb50d47-a5f5-694c-8c00-000000000b00}
ProcessId: 1960
Image: C:\Program Files\WindowsApps\MicrosoftWindows.Client.WebExperience_525.18101.90.9_x64__cw5n1h2txyewy\Dashboard\Widgets.exe
FileVersion: 525.18101.20.0
Description: -
Product: Microsoft? Windows? Operating System
Company: Microsoft Corporation
OriginalFileName: Widgets.exe
CommandLine: ""C:\Program Files\WindowsApps\MicrosoftWindows.Client.WebExperience_525.18101.90.9_x64__cw5n1h2txyewy\Dashboard\Widgets.exe"" -ServerName:Microsoft.Windows.DashboardServer
CurrentDirectory: C:\WINDOWS\system32\
User: WINDOWS11\Yomi
LogonGuid: {8bb50d47-a5bc-694c-864c-020000000000}
LogonId: 0x24C86
TerminalSessionId: 1
IntegrityLevel: Medium
Hashes: MD5=D87E8BF5E8893D505296613E5C5BFBAD,SHA256=2491395EE9D285AF230E8ECD768FE22BCE5B6BC064E26A99540F8F99A847E26E,IMPHASH=B65B994C149BCD4DC0152105BB48BA0F
ParentProcessGuid: {8bb50d47-a5a9-694c-0f00-000000000b00}
ParentProcessId: 484
ParentImage: C:\Windows\System32\svchost.exe
ParentCommandLine: C:\WINDOWS\system32\svchost.exe -k DcomLaunch -p
ParentUser: NT AUTHORITY\SYSTEM","1","5",,"4","1","0","-9223372036854775808","1473","Microsoft-Windows-Sysmon","5770385f-c22a-43e0-bf4c-06f5698ffbd9","Microsoft-Windows-Sysmon/Operational","3164","4264","Windows11","S-1-5-18","12/25/2025 3:48:21 AM",,,"Microsoft-Windows-Sysmon/Operational","System.UInt32[]","System.Diagnostics.Eventing.Reader.EventBookmark","Information","Info","File created (rule: FileCreate)","System.Collections.ObjectModel.ReadOnlyCollection`1[System.String]","System.Collections.Generic.List`1[System.Diagnostics.Eventing.Reader.EventProperty]"
"Process Create:
RuleName: -
UtcTime: 2025-12-25 02:48:18.743
ProcessGuid: {8bb50d47-a5f2-694c-8b00-000000000b00}
ProcessId: 4024
Image: C:\Windows\SysWOW64\WindowsPowerShell\v1.0\powershell.exe
FileVersion: 10.0.26100.5074 (WinBuild.160101.0800)
Description: Windows PowerShell
Product: Microsoft? Windows? Operating System
Company: Microsoft Corporation
OriginalFileName: PowerShell.EXE
CommandLine: powershell secedit /export /cfg $env:TEMP\secpol.cfg; Get-Content $env:TEMP\secpol.cfg | Select-String ""MaximumPasswordAge""; Remove-Item $env:TEMP\secpol.cfg
CurrentDirectory: C:\Program Files (x86)\ossec-agent\
User: NT AUTHORITY\SYSTEM
LogonGuid: {8bb50d47-a5a7-694c-e703-000000000000}
LogonId: 0x3E7
TerminalSessionId: 0
IntegrityLevel: System
Hashes: MD5=0CB6529404FAEF431547CFF590744553,SHA256=3BFEDAAA40D9E19E45A3EE10C0F14B1750B01619EBB9F39BE3865BCFDACDD2E5,IMPHASH=9F91C97560360686D37B0E311BB8BD64
ParentProcessGuid: {8bb50d47-a5c0-694c-4a00-000000000b00}
ParentProcessId: 3540
ParentImage: C:\Program Files (x86)\ossec-agent\wazuh-agent.exe
ParentCommandLine: ""C:\Program Files (x86)\ossec-agent\wazuh-agent.exe""
ParentUser: NT AUTHORITY\SYSTEM","1","5",,"4","1","0","-9223372036854775808","1472","Microsoft-Windows-Sysmon","5770385f-c22a-43e0-bf4c-06f5698ffbd9","Microsoft-Windows-Sysmon/Operational","3164","4264","Windows11","S-1-5-18","12/25/2025 3:48:18 AM",,,"Microsoft-Windows-Sysmon/Operational","System.UInt32[]","System.Diagnostics.Eventing.Reader.EventBookmark","Information","Info","File created (rule: FileCreate)","System.Collections.ObjectModel.ReadOnlyCollection`1[System.String]","System.Collections.Generic.List`1[System.Diagnostics.Eventing.Reader.EventProperty]"
"Process Create:
RuleName: -
UtcTime: 2025-12-25 02:48:16.416
ProcessGuid: {8bb50d47-a5f0-694c-8800-000000000b00}
ProcessId: 6044
Image: C:\Windows\System32\svchost.exe
FileVersion: 10.0.26100.5074 (WinBuild.160101.0800)
Description: Host Process for Windows Services
Product: Microsoft? Windows? Operating System
Company: Microsoft Corporation
OriginalFileName: svchost.exe
CommandLine: C:\WINDOWS\system32\svchost.exe -k UdkSvcGroup -s UdkUserSvc
CurrentDirectory: C:\WINDOWS\system32\
User: WINDOWS11\Yomi
LogonGuid: {8bb50d47-a5bc-694c-864c-020000000000}
LogonId: 0x24C86
TerminalSessionId: 1
IntegrityLevel: Medium
Hashes: MD5=7B88D0896FBF43469A9959D59824A514,SHA256=53A39B900E3BFBF384ACD13F0FC2329FA8D42B61E993D8ED5ADF3A1428005D26,IMPHASH=DE43BD45CC98C143357416C7519ECCFD
ParentProcessGuid: {8bb50d47-a5a6-694c-0b00-000000000b00}
ParentProcessId: 856
ParentImage: C:\Windows\System32\services.exe
ParentCommandLine: C:\WINDOWS\system32\services.exe
ParentUser: NT AUTHORITY\SYSTEM","1","5",,"4","1","0","-9223372036854775808","1471","Microsoft-Windows-Sysmon","5770385f-c22a-43e0-bf4c-06f5698ffbd9","Microsoft-Windows-Sysmon/Operational","3164","4264","Windows11","S-1-5-18","12/25/2025 3:48:16 AM",,,"Microsoft-Windows-Sysmon/Operational","System.UInt32[]","System.Diagnostics.Eventing.Reader.EventBookmark","Information","Info","File created (rule: FileCreate)","System.Collections.ObjectModel.ReadOnlyCollection`1[System.String]","System.Collections.Generic.List`1[System.Diagnostics.Eventing.Reader.EventProperty]"
"Dns query:
RuleName: -
UtcTime: 2025-12-25 02:48:12.934
ProcessGuid: {8bb50d47-a5b8-694c-3a00-000000000b00}
ProcessId: 2952
QueryName: WINDOWS11
QueryStatus: 0
QueryResults: fe80::a9e4:a55a:87b2:b727;fe80::1d1c:cbb5:6c75:d36e;fd17:625c:f037:2:356d:11ab:9288:c3c5;fd17:625c:f037:2:9bf:f3a7:ac31:b925;::ffff:192.168.56.102;::ffff:10.0.2.15;
Image: C:\Windows\System32\spoolsv.exe
User: NT AUTHORITY\SYSTEM","22","5",,"4","22","0","-9223372036854775808","1470","Microsoft-Windows-Sysmon","5770385f-c22a-43e0-bf4c-06f5698ffbd9","Microsoft-Windows-Sysmon/Operational","3164","4292","Windows11","S-1-5-18","12/25/2025 3:48:14 AM",,,"Microsoft-Windows-Sysmon/Operational","System.UInt32[]","System.Diagnostics.Eventing.Reader.EventBookmark","Information","Info","File created (rule: FileCreate)","System.Collections.ObjectModel.ReadOnlyCollection`1[System.String]","System.Collections.Generic.List`1[System.Diagnostics.Eventing.Reader.EventProperty]"
"Process Create:
RuleName: -
UtcTime: 2025-12-25 02:48:13.475
ProcessGuid: {8bb50d47-a5ed-694c-8400-000000000b00}
ProcessId: 5836
Image: C:\Windows\System32\dxgiadaptercache.exe
FileVersion: 10.0.26100.3624 (WinBuild.160101.0800)
Description: DXGI Adapter Cache
Product: Microsoft? Windows? Operating System
Company: Microsoft Corporation
OriginalFileName: DXGIAdapterCache.exe
CommandLine: ""C:\WINDOWS\system32\dxgiadaptercache.exe""
CurrentDirectory: C:\WINDOWS\system32\
User: NT AUTHORITY\SYSTEM
LogonGuid: {8bb50d47-a5a7-694c-e703-000000000000}
LogonId: 0x3E7
TerminalSessionId: 0
IntegrityLevel: System
Hashes: MD5=FFE4EF2EAE85C9D317027E7C6C6FAE30,SHA256=82AB1C8BA6D2AC0D51DAEF246A35CA54AD49F52CC7B9241FC7CBA1832D5B3936,IMPHASH=618B67EACA04EA41C7FD785E4ACC7038
ParentProcessGuid: {8bb50d47-a5ad-694c-1d00-000000000b00}
ParentProcessId: 1472
ParentImage: C:\Windows\System32\svchost.exe
ParentCommandLine: C:\WINDOWS\system32\svchost.exe -k netsvcs -p -s Schedule
ParentUser: NT AUTHORITY\SYSTEM","1","5",,"4","1","0","-9223372036854775808","1469","Microsoft-Windows-Sysmon","5770385f-c22a-43e0-bf4c-06f5698ffbd9","Microsoft-Windows-Sysmon/Operational","3164","4264","Windows11","S-1-5-18","12/25/2025 3:48:13 AM",,,"Microsoft-Windows-Sysmon/Operational","System.UInt32[]","System.Diagnostics.Eventing.Reader.EventBookmark","Information","Info","File created (rule: FileCreate)","System.Collections.ObjectModel.ReadOnlyCollection`1[System.String]","System.Collections.Generic.List`1[System.Diagnostics.Eventing.Reader.EventProperty]"
"Process Create:
RuleName: -
UtcTime: 2025-12-25 02:48:08.544
ProcessGuid: {8bb50d47-a5e8-694c-8100-000000000b00}
ProcessId: 5444
Image: C:\Windows\System32\ShellHost.exe
FileVersion: 10.0.26100.5074 (WinBuild.160101.0800)
Description: ShellHost
Product: Microsoft? Windows? Operating System
Company: Microsoft Corporation
OriginalFileName: ShellHost.exe
CommandLine: ""C:\Windows\System32\ShellHost.exe""
CurrentDirectory: C:\WINDOWS\system32\
User: WINDOWS11\Yomi
LogonGuid: {8bb50d47-a5bc-694c-864c-020000000000}
LogonId: 0x24C86
TerminalSessionId: 1
IntegrityLevel: Medium
Hashes: MD5=7845F27DFA9726073D398C5DE337CD18,SHA256=C3BE20BAA77353C443A8BF99465AF6B0B3C547014D8487987680B6347566F222,IMPHASH=5D86A36429F669912036DD1BEBCE55D4
ParentProcessGuid: {8bb50d47-a5e0-694c-7100-000000000b00}
ParentProcessId: 4456
ParentImage: C:\Windows\System32\sihost.exe
ParentCommandLine: sihost.exe
ParentUser: WINDOWS11\Yomi","1","5",,"4","1","0","-9223372036854775808","1468","Microsoft-Windows-Sysmon","5770385f-c22a-43e0-bf4c-06f5698ffbd9","Microsoft-Windows-Sysmon/Operational","3164","4264","Windows11","S-1-5-18","12/25/2025 3:48:09 AM",,,"Microsoft-Windows-Sysmon/Operational","System.UInt32[]","System.Diagnostics.Eventing.Reader.EventBookmark","Information","Info","File created (rule: FileCreate)","System.Collections.ObjectModel.ReadOnlyCollection`1[System.String]","System.Collections.Generic.List`1[System.Diagnostics.Eventing.Reader.EventProperty]"
"Process Create:
RuleName: -
UtcTime: 2025-12-25 02:48:07.772
ProcessGuid: {8bb50d47-a5e7-694c-7f00-000000000b00}
ProcessId: 5304
Image: C:\Windows\System32\svchost.exe
FileVersion: 10.0.26100.5074 (WinBuild.160101.0800)
Description: Host Process for Windows Services
Product: Microsoft? Windows? Operating System
Company: Microsoft Corporation
OriginalFileName: svchost.exe
CommandLine: C:\WINDOWS\system32\svchost.exe -k ClipboardSvcGroup -p -s cbdhsvc
CurrentDirectory: C:\WINDOWS\system32\
User: WINDOWS11\Yomi
LogonGuid: {8bb50d47-a5bc-694c-864c-020000000000}
LogonId: 0x24C86
TerminalSessionId: 1
IntegrityLevel: Medium
Hashes: MD5=7B88D0896FBF43469A9959D59824A514,SHA256=53A39B900E3BFBF384ACD13F0FC2329FA8D42B61E993D8ED5ADF3A1428005D26,IMPHASH=DE43BD45CC98C143357416C7519ECCFD
ParentProcessGuid: {8bb50d47-a5a6-694c-0b00-000000000b00}
ParentProcessId: 856
ParentImage: C:\Windows\System32\services.exe
ParentCommandLine: C:\WINDOWS\system32\services.exe
ParentUser: NT AUTHORITY\SYSTEM","1","5",,"4","1","0","-9223372036854775808","1467","Microsoft-Windows-Sysmon","5770385f-c22a-43e0-bf4c-06f5698ffbd9","Microsoft-Windows-Sysmon/Operational","3164","4264","Windows11","S-1-5-18","12/25/2025 3:48:08 AM",,,"Microsoft-Windows-Sysmon/Operational","System.UInt32[]","System.Diagnostics.Eventing.Reader.EventBookmark","Information","Info","File created (rule: FileCreate)","System.Collections.ObjectModel.ReadOnlyCollection`1[System.String]","System.Collections.Generic.List`1[System.Diagnostics.Eventing.Reader.EventProperty]"
"Process Create:
RuleName: -
UtcTime: 2025-12-25 02:48:04.839
ProcessGuid: {8bb50d47-a5e4-694c-7e00-000000000b00}
ProcessId: 788
Image: C:\Program Files (x86)\Microsoft\EdgeUpdate\MicrosoftEdgeUpdate.exe
FileVersion: 1.3.215.9
Description: Microsoft Edge Update
Product: Microsoft Edge Update
Company: Microsoft Corporation
OriginalFileName: msedgeupdate.dll
CommandLine: ""C:\Program Files (x86)\Microsoft\EdgeUpdate\MicrosoftEdgeUpdate.exe"" /ua /installsource core
CurrentDirectory: C:\Program Files (x86)\Microsoft\EdgeUpdate\1.3.215.9\
User: NT AUTHORITY\SYSTEM
LogonGuid: {8bb50d47-a5a7-694c-e703-000000000000}
LogonId: 0x3E7
TerminalSessionId: 0
IntegrityLevel: System
Hashes: MD5=B299AA9A27C330A9B44E45BD1595DBEA,SHA256=955B5950FD92E5C5EEC395B022566C9A2594CA3126D894408E2E29BA25D8B0DD,IMPHASH=CD3B2D99C6655A5D4A14E30E380F5BF9
ParentProcessGuid: {8bb50d47-a5e2-694c-7900-000000000b00}
ParentProcessId: 4816
ParentImage: C:\Program Files (x86)\Microsoft\EdgeUpdate\MicrosoftEdgeUpdate.exe
ParentCommandLine: ""C:\Program Files (x86)\Microsoft\EdgeUpdate\MicrosoftEdgeUpdate.exe"" /c
ParentUser: NT AUTHORITY\SYSTEM","1","5",,"4","1","0","-9223372036854775808","1466","Microsoft-Windows-Sysmon","5770385f-c22a-43e0-bf4c-06f5698ffbd9","Microsoft-Windows-Sysmon/Operational","3164","4264","Windows11","S-1-5-18","12/25/2025 3:48:05 AM",,,"Microsoft-Windows-Sysmon/Operational","System.UInt32[]","System.Diagnostics.Eventing.Reader.EventBookmark","Information","Info","File created (rule: FileCreate)","System.Collections.ObjectModel.ReadOnlyCollection`1[System.String]","System.Collections.Generic.List`1[System.Diagnostics.Eventing.Reader.EventProperty]"
"Process Create:
RuleName: -
UtcTime: 2025-12-25 02:48:04.185
ProcessGuid: {8bb50d47-a5e4-694c-7b00-000000000b00}
ProcessId: 8
Image: C:\Windows\explorer.exe
FileVersion: 10.0.26100.5074 (WinBuild.160101.0800)
Description: Windows Explorer
Product: Microsoft? Windows? Operating System
Company: Microsoft Corporation
OriginalFileName: EXPLORER.EXE
CommandLine: C:\WINDOWS\Explorer.EXE
CurrentDirectory: C:\WINDOWS\system32\
User: WINDOWS11\Yomi
LogonGuid: {8bb50d47-a5bc-694c-864c-020000000000}
LogonId: 0x24C86
TerminalSessionId: 1
IntegrityLevel: Medium
Hashes: MD5=ACF9C0A69BC0B369F97A2466A80CB140,SHA256=CA8C0A2A00F1D6F6DA076D1D61FA706E82DF57ED2B12AE3B3C36F4F73556B2EC,IMPHASH=A910C2D375D770D8509AF4E445CCFFED
ParentProcessGuid: {8bb50d47-a5e3-694c-7a00-000000000b00}
ParentProcessId: 1228
ParentImage: C:\Windows\System32\userinit.exe
ParentCommandLine: C:\WINDOWS\system32\userinit.exe
ParentUser: WINDOWS11\Yomi","1","5",,"4","1","0","-9223372036854775808","1465","Microsoft-Windows-Sysmon","5770385f-c22a-43e0-bf4c-06f5698ffbd9","Microsoft-Windows-Sysmon/Operational","3164","4264","Windows11","S-1-5-18","12/25/2025 3:48:04 AM",,,"Microsoft-Windows-Sysmon/Operational","System.UInt32[]","System.Diagnostics.Eventing.Reader.EventBookmark","Information","Info","File created (rule: FileCreate)","System.Collections.ObjectModel.ReadOnlyCollection`1[System.String]","System.Collections.Generic.List`1[System.Diagnostics.Eventing.Reader.EventProperty]"
"Process Create:
RuleName: -
UtcTime: 2025-12-25 02:48:04.217
ProcessGuid: {8bb50d47-a5e4-694c-7c00-000000000b00}
ProcessId: 4060
Image: C:\Windows\System32\svchost.exe
FileVersion: 10.0.26100.5074 (WinBuild.160101.0800)
Description: Host Process for Windows Services
Product: Microsoft? Windows? Operating System
Company: Microsoft Corporation
OriginalFileName: svchost.exe
CommandLine: C:\WINDOWS\system32\svchost.exe -k LocalService -p -s CDPSvc
CurrentDirectory: C:\WINDOWS\system32\
User: NT AUTHORITY\LOCAL SERVICE
LogonGuid: {8bb50d47-a5ad-694c-e503-000000000000}
LogonId: 0x3E5
TerminalSessionId: 0
IntegrityLevel: System
Hashes: MD5=7B88D0896FBF43469A9959D59824A514,SHA256=53A39B900E3BFBF384ACD13F0FC2329FA8D42B61E993D8ED5ADF3A1428005D26,IMPHASH=DE43BD45CC98C143357416C7519ECCFD
ParentProcessGuid: {8bb50d47-a5a6-694c-0b00-000000000b00}
ParentProcessId: 856
ParentImage: C:\Windows\System32\services.exe
ParentCommandLine: C:\WINDOWS\system32\services.exe
ParentUser: NT AUTHORITY\SYSTEM","1","5",,"4","1","0","-9223372036854775808","1464","Microsoft-Windows-Sysmon","5770385f-c22a-43e0-bf4c-06f5698ffbd9","Microsoft-Windows-Sysmon/Operational","3164","4264","Windows11","S-1-5-18","12/25/2025 3:48:04 AM",,,"Microsoft-Windows-Sysmon/Operational","System.UInt32[]","System.Diagnostics.Eventing.Reader.EventBookmark","Information","Info","File created (rule: FileCreate)","System.Collections.ObjectModel.ReadOnlyCollection`1[System.String]","System.Collections.Generic.List`1[System.Diagnostics.Eventing.Reader.EventProperty]"
"Process Create:
RuleName: -
UtcTime: 2025-12-25 02:48:03.737
ProcessGuid: {8bb50d47-a5e3-694c-7a00-000000000b00}
ProcessId: 1228
Image: C:\Windows\System32\userinit.exe
FileVersion: 10.0.26100.5074 (WinBuild.160101.0800)
Description: Userinit Logon Application
Product: Microsoft? Windows? Operating System
Company: Microsoft Corporation
OriginalFileName: USERINIT.EXE
CommandLine: C:\WINDOWS\system32\userinit.exe
CurrentDirectory: C:\WINDOWS\system32\
User: WINDOWS11\Yomi
LogonGuid: {8bb50d47-a5bc-694c-864c-020000000000}
LogonId: 0x24C86
TerminalSessionId: 1
IntegrityLevel: Medium
Hashes: MD5=854E144C28736DD9F888DEDED85810E4,SHA256=257CB75FA8B9FD740584D0580EE40597D20B6C190BBC2E80F903A1D19183DC7E,IMPHASH=831F09A183825FCD04B27DF4080A7582
ParentProcessGuid: {8bb50d47-a5a6-694c-0a00-000000000b00}
ParentProcessId: 772
ParentImage: C:\Windows\System32\winlogon.exe
ParentCommandLine: winlogon.exe
ParentUser: NT AUTHORITY\SYSTEM","1","5",,"4","1","0","-9223372036854775808","1463","Microsoft-Windows-Sysmon","5770385f-c22a-43e0-bf4c-06f5698ffbd9","Microsoft-Windows-Sysmon/Operational","3164","4264","Windows11","S-1-5-18","12/25/2025 3:48:04 AM",,,"Microsoft-Windows-Sysmon/Operational","System.UInt32[]","System.Diagnostics.Eventing.Reader.EventBookmark","Information","Info","File created (rule: FileCreate)","System.Collections.ObjectModel.ReadOnlyCollection`1[System.String]","System.Collections.Generic.List`1[System.Diagnostics.Eventing.Reader.EventProperty]"
"Process Create:
RuleName: -
UtcTime: 2025-12-25 02:48:02.915
ProcessGuid: {8bb50d47-a5e2-694c-7900-000000000b00}
ProcessId: 4816
Image: C:\Program Files (x86)\Microsoft\EdgeUpdate\MicrosoftEdgeUpdate.exe
FileVersion: 1.3.215.9
Description: Microsoft Edge Update
Product: Microsoft Edge Update
Company: Microsoft Corporation
OriginalFileName: msedgeupdate.dll
CommandLine: ""C:\Program Files (x86)\Microsoft\EdgeUpdate\MicrosoftEdgeUpdate.exe"" /c
CurrentDirectory: C:\WINDOWS\system32\
User: NT AUTHORITY\SYSTEM
LogonGuid: {8bb50d47-a5a7-694c-e703-000000000000}
LogonId: 0x3E7
TerminalSessionId: 0
IntegrityLevel: System
Hashes: MD5=B299AA9A27C330A9B44E45BD1595DBEA,SHA256=955B5950FD92E5C5EEC395B022566C9A2594CA3126D894408E2E29BA25D8B0DD,IMPHASH=CD3B2D99C6655A5D4A14E30E380F5BF9
ParentProcessGuid: {8bb50d47-a5ad-694c-1d00-000000000b00}
ParentProcessId: 1472
ParentImage: C:\Windows\System32\svchost.exe
ParentCommandLine: C:\WINDOWS\system32\svchost.exe -k netsvcs -p -s Schedule
ParentUser: NT AUTHORITY\SYSTEM","1","5",,"4","1","0","-9223372036854775808","1462","Microsoft-Windows-Sysmon","5770385f-c22a-43e0-bf4c-06f5698ffbd9","Microsoft-Windows-Sysmon/Operational","3164","4264","Windows11","S-1-5-18","12/25/2025 3:48:03 AM",,,"Microsoft-Windows-Sysmon/Operational","System.UInt32[]","System.Diagnostics.Eventing.Reader.EventBookmark","Information","Info","File created (rule: FileCreate)","System.Collections.ObjectModel.ReadOnlyCollection`1[System.String]","System.Collections.Generic.List`1[System.Diagnostics.Eventing.Reader.EventProperty]"
"Process Create:
RuleName: -
UtcTime: 2025-12-25 02:48:02.824
ProcessGuid: {8bb50d47-a5e2-694c-7800-000000000b00}
ProcessId: 4820
Image: C:\Windows\System32\taskhostw.exe
FileVersion: 10.0.26100.5074 (WinBuild.160101.0800)
Description: Host Process for Windows Tasks
Product: Microsoft? Windows? Operating System
Company: Microsoft Corporation
OriginalFileName: taskhostw.exe
CommandLine: taskhostw.exe
CurrentDirectory: C:\WINDOWS\system32\
User: WINDOWS11\Yomi
LogonGuid: {8bb50d47-a5bc-694c-b84b-020000000000}
LogonId: 0x24BB8
TerminalSessionId: 1
IntegrityLevel: High
Hashes: MD5=AD050ED052AFF11737AE0A25AED89799,SHA256=818C6876E1028AB2B94E45B3CC45102CD83204803537D94263A9B7A6B6583D4B,IMPHASH=2196268E7A2880E3ADC74481297D0C4B
ParentProcessGuid: {8bb50d47-a5ad-694c-1d00-000000000b00}
ParentProcessId: 1472
ParentImage: C:\Windows\System32\svchost.exe
ParentCommandLine: C:\WINDOWS\system32\svchost.exe -k netsvcs -p -s Schedule
ParentUser: NT AUTHORITY\SYSTEM","1","5",,"4","1","0","-9223372036854775808","1461","Microsoft-Windows-Sysmon","5770385f-c22a-43e0-bf4c-06f5698ffbd9","Microsoft-Windows-Sysmon/Operational","3164","4264","Windows11","S-1-5-18","12/25/2025 3:48:02 AM",,,"Microsoft-Windows-Sysmon/Operational","System.UInt32[]","System.Diagnostics.Eventing.Reader.EventBookmark","Information","Info","File created (rule: FileCreate)","System.Collections.ObjectModel.ReadOnlyCollection`1[System.String]","System.Collections.Generic.List`1[System.Diagnostics.Eventing.Reader.EventProperty]"
"Registry value set:
RuleName: -
EventType: SetValue
UtcTime: 2025-12-25 02:48:02.836
ProcessGuid: {8bb50d47-a5bb-694c-3c00-000000000b00}
ProcessId: 2300
Image: C:\WINDOWS\system32\svchost.exe
TargetObject: HKLM\SOFTWARE\Microsoft\Windows\CurrentVersion\Authentication\Credential Providers\{D6886603-9D2F-4EB2-B667-1971041FA96B}\S-1-5-21-116772387-2583172374-3284080429-1000\NgcFirst\ConsecutiveSwitchCount
Details: DWORD (0x00000001)
User: NT AUTHORITY\SYSTEM","13","2",,"4","13","0","-9223372036854775808","1460","Microsoft-Windows-Sysmon","5770385f-c22a-43e0-bf4c-06f5698ffbd9","Microsoft-Windows-Sysmon/Operational","3164","4264","Windows11","S-1-5-18","12/25/2025 3:48:02 AM",,,"Microsoft-Windows-Sysmon/Operational","System.UInt32[]","System.Diagnostics.Eventing.Reader.EventBookmark","Information","Info","File created (rule: FileCreate)","System.Collections.ObjectModel.ReadOnlyCollection`1[System.String]","System.Collections.Generic.List`1[System.Diagnostics.Eventing.Reader.EventProperty]"
"Process Create:
RuleName: -
UtcTime: 2025-12-25 02:48:02.544
ProcessGuid: {8bb50d47-a5e2-694c-7700-000000000b00}
ProcessId: 3364
Image: C:\Windows\System32\taskhostw.exe
FileVersion: 10.0.26100.5074 (WinBuild.160101.0800)
Description: Host Process for Windows Tasks
Product: Microsoft? Windows? Operating System
Company: Microsoft Corporation
OriginalFileName: taskhostw.exe
CommandLine: taskhostw.exe USER
CurrentDirectory: C:\WINDOWS\system32\
User: WINDOWS11\Yomi
LogonGuid: {8bb50d47-a5bc-694c-864c-020000000000}
LogonId: 0x24C86
TerminalSessionId: 1
IntegrityLevel: Medium
Hashes: MD5=AD050ED052AFF11737AE0A25AED89799,SHA256=818C6876E1028AB2B94E45B3CC45102CD83204803537D94263A9B7A6B6583D4B,IMPHASH=2196268E7A2880E3ADC74481297D0C4B
ParentProcessGuid: {8bb50d47-a5ad-694c-1d00-000000000b00}
ParentProcessId: 1472
ParentImage: C:\Windows\System32\svchost.exe
ParentCommandLine: C:\WINDOWS\system32\svchost.exe -k netsvcs -p -s Schedule
ParentUser: NT AUTHORITY\SYSTEM","1","5",,"4","1","0","-9223372036854775808","1459","Microsoft-Windows-Sysmon","5770385f-c22a-43e0-bf4c-06f5698ffbd9","Microsoft-Windows-Sysmon/Operational","3164","4264","Windows11","S-1-5-18","12/25/2025 3:48:02 AM",,,"Microsoft-Windows-Sysmon/Operational","System.UInt32[]","System.Diagnostics.Eventing.Reader.EventBookmark","Information","Info","File created (rule: FileCreate)","System.Collections.ObjectModel.ReadOnlyCollection`1[System.String]","System.Collections.Generic.List`1[System.Diagnostics.Eventing.Reader.EventProperty]"
"Process Create:
RuleName: -
UtcTime: 2025-12-25 02:48:02.516
ProcessGuid: {8bb50d47-a5e2-694c-7600-000000000b00}
ProcessId: 3264
Image: C:\Windows\System32\taskhostw.exe
FileVersion: 10.0.26100.5074 (WinBuild.160101.0800)
Description: Host Process for Windows Tasks
Product: Microsoft? Windows? Operating System
Company: Microsoft Corporation
OriginalFileName: taskhostw.exe
CommandLine: taskhostw.exe {222A245B-E637-4AE9-A93F-A59CA119A75E}
CurrentDirectory: C:\WINDOWS\system32\
User: WINDOWS11\Yomi
LogonGuid: {8bb50d47-a5bc-694c-864c-020000000000}
LogonId: 0x24C86
TerminalSessionId: 1
IntegrityLevel: Medium
Hashes: MD5=AD050ED052AFF11737AE0A25AED89799,SHA256=818C6876E1028AB2B94E45B3CC45102CD83204803537D94263A9B7A6B6583D4B,IMPHASH=2196268E7A2880E3ADC74481297D0C4B
ParentProcessGuid: {8bb50d47-a5ad-694c-1d00-000000000b00}
ParentProcessId: 1472
ParentImage: C:\Windows\System32\svchost.exe
ParentCommandLine: C:\WINDOWS\system32\svchost.exe -k netsvcs -p -s Schedule
ParentUser: NT AUTHORITY\SYSTEM","1","5",,"4","1","0","-9223372036854775808","1458","Microsoft-Windows-Sysmon","5770385f-c22a-43e0-bf4c-06f5698ffbd9","Microsoft-Windows-Sysmon/Operational","3164","4264","Windows11","S-1-5-18","12/25/2025 3:48:02 AM",,,"Microsoft-Windows-Sysmon/Operational","System.UInt32[]","System.Diagnostics.Eventing.Reader.EventBookmark","Information","Info","File created (rule: FileCreate)","System.Collections.ObjectModel.ReadOnlyCollection`1[System.String]","System.Collections.Generic.List`1[System.Diagnostics.Eventing.Reader.EventProperty]"
"Process Create:
RuleName: -
UtcTime: 2025-12-25 02:48:02.042
ProcessGuid: {8bb50d47-a5e2-694c-7500-000000000b00}
ProcessId: 4664
Image: C:\Windows\System32\svchost.exe
FileVersion: 10.0.26100.5074 (WinBuild.160101.0800)
Description: Host Process for Windows Services
Product: Microsoft? Windows? Operating System
Company: Microsoft Corporation
OriginalFileName: svchost.exe
CommandLine: C:\WINDOWS\system32\svchost.exe -k netsvcs -p -s TokenBroker
CurrentDirectory: C:\WINDOWS\system32\
User: NT AUTHORITY\SYSTEM
LogonGuid: {8bb50d47-a5a7-694c-e703-000000000000}
LogonId: 0x3E7
TerminalSessionId: 0
IntegrityLevel: System
Hashes: MD5=7B88D0896FBF43469A9959D59824A514,SHA256=53A39B900E3BFBF384ACD13F0FC2329FA8D42B61E993D8ED5ADF3A1428005D26,IMPHASH=DE43BD45CC98C143357416C7519ECCFD
ParentProcessGuid: {8bb50d47-a5a6-694c-0b00-000000000b00}
ParentProcessId: 856
ParentImage: C:\Windows\System32\services.exe
ParentCommandLine: C:\WINDOWS\system32\services.exe
ParentUser: NT AUTHORITY\SYSTEM","1","5",,"4","1","0","-9223372036854775808","1457","Microsoft-Windows-Sysmon","5770385f-c22a-43e0-bf4c-06f5698ffbd9","Microsoft-Windows-Sysmon/Operational","3164","4264","Windows11","S-1-5-18","12/25/2025 3:48:02 AM",,,"Microsoft-Windows-Sysmon/Operational","System.UInt32[]","System.Diagnostics.Eventing.Reader.EventBookmark","Information","Info","File created (rule: FileCreate)","System.Collections.ObjectModel.ReadOnlyCollection`1[System.String]","System.Collections.Generic.List`1[System.Diagnostics.Eventing.Reader.EventProperty]"
"Process Create:
RuleName: -
UtcTime: 2025-12-25 02:48:01.869
ProcessGuid: {8bb50d47-a5e1-694c-7400-000000000b00}
ProcessId: 4644
Image: C:\Windows\System32\svchost.exe
FileVersion: 10.0.26100.5074 (WinBuild.160101.0800)
Description: Host Process for Windows Services
Product: Microsoft? Windows? Operating System
Company: Microsoft Corporation
OriginalFileName: svchost.exe
CommandLine: C:\WINDOWS\system32\svchost.exe -k UnistackSvcGroup -s WpnUserService
CurrentDirectory: C:\WINDOWS\system32\
User: WINDOWS11\Yomi
LogonGuid: {8bb50d47-a5bc-694c-864c-020000000000}
LogonId: 0x24C86
TerminalSessionId: 1
IntegrityLevel: Medium
Hashes: MD5=7B88D0896FBF43469A9959D59824A514,SHA256=53A39B900E3BFBF384ACD13F0FC2329FA8D42B61E993D8ED5ADF3A1428005D26,IMPHASH=DE43BD45CC98C143357416C7519ECCFD
ParentProcessGuid: {8bb50d47-a5a6-694c-0b00-000000000b00}
ParentProcessId: 856
ParentImage: C:\Windows\System32\services.exe
ParentCommandLine: C:\WINDOWS\system32\services.exe
ParentUser: NT AUTHORITY\SYSTEM","1","5",,"4","1","0","-9223372036854775808","1456","Microsoft-Windows-Sysmon","5770385f-c22a-43e0-bf4c-06f5698ffbd9","Microsoft-Windows-Sysmon/Operational","3164","4264","Windows11","S-1-5-18","12/25/2025 3:48:01 AM",,,"Microsoft-Windows-Sysmon/Operational","System.UInt32[]","System.Diagnostics.Eventing.Reader.EventBookmark","Information","Info","File created (rule: FileCreate)","System.Collections.ObjectModel.ReadOnlyCollection`1[System.String]","System.Collections.Generic.List`1[System.Diagnostics.Eventing.Reader.EventProperty]"
"Process Create:
RuleName: -
UtcTime: 2025-12-25 02:48:01.404
ProcessGuid: {8bb50d47-a5e1-694c-7300-000000000b00}
ProcessId: 4480
Image: C:\Windows\System32\svchost.exe
FileVersion: 10.0.26100.5074 (WinBuild.160101.0800)
Description: Host Process for Windows Services
Product: Microsoft? Windows? Operating System
Company: Microsoft Corporation
OriginalFileName: svchost.exe
CommandLine: C:\WINDOWS\system32\svchost.exe -k LocalSystemNetworkRestricted -p -s webthreatdefusersvc
CurrentDirectory: C:\WINDOWS\system32\
User: WINDOWS11\Yomi
LogonGuid: {8bb50d47-a5bc-694c-864c-020000000000}
LogonId: 0x24C86
TerminalSessionId: 1
IntegrityLevel: Medium
Hashes: MD5=7B88D0896FBF43469A9959D59824A514,SHA256=53A39B900E3BFBF384ACD13F0FC2329FA8D42B61E993D8ED5ADF3A1428005D26,IMPHASH=DE43BD45CC98C143357416C7519ECCFD
ParentProcessGuid: {8bb50d47-a5a6-694c-0b00-000000000b00}
ParentProcessId: 856
ParentImage: C:\Windows\System32\services.exe
ParentCommandLine: C:\WINDOWS\system32\services.exe
ParentUser: NT AUTHORITY\SYSTEM","1","5",,"4","1","0","-9223372036854775808","1455","Microsoft-Windows-Sysmon","5770385f-c22a-43e0-bf4c-06f5698ffbd9","Microsoft-Windows-Sysmon/Operational","3164","4264","Windows11","S-1-5-18","12/25/2025 3:48:01 AM",,,"Microsoft-Windows-Sysmon/Operational","System.UInt32[]","System.Diagnostics.Eventing.Reader.EventBookmark","Information","Info","File created (rule: FileCreate)","System.Collections.ObjectModel.ReadOnlyCollection`1[System.String]","System.Collections.Generic.List`1[System.Diagnostics.Eventing.Reader.EventProperty]"
"Process Create:
RuleName: -
UtcTime: 2025-12-25 02:48:01.045
ProcessGuid: {8bb50d47-a5e1-694c-7200-000000000b00}
ProcessId: 4372
Image: C:\Windows\System32\svchost.exe
FileVersion: 10.0.26100.5074 (WinBuild.160101.0800)
Description: Host Process for Windows Services
Product: Microsoft? Windows? Operating System
Company: Microsoft Corporation
OriginalFileName: svchost.exe
CommandLine: C:\WINDOWS\system32\svchost.exe -k UnistackSvcGroup -s CDPUserSvc
CurrentDirectory: C:\WINDOWS\system32\
User: WINDOWS11\Yomi
LogonGuid: {8bb50d47-a5bc-694c-864c-020000000000}
LogonId: 0x24C86
TerminalSessionId: 1
IntegrityLevel: Medium
Hashes: MD5=7B88D0896FBF43469A9959D59824A514,SHA256=53A39B900E3BFBF384ACD13F0FC2329FA8D42B61E993D8ED5ADF3A1428005D26,IMPHASH=DE43BD45CC98C143357416C7519ECCFD
ParentProcessGuid: {8bb50d47-a5a6-694c-0b00-000000000b00}
ParentProcessId: 856
ParentImage: C:\Windows\System32\services.exe
ParentCommandLine: C:\WINDOWS\system32\services.exe
ParentUser: NT AUTHORITY\SYSTEM","1","5",,"4","1","0","-9223372036854775808","1454","Microsoft-Windows-Sysmon","5770385f-c22a-43e0-bf4c-06f5698ffbd9","Microsoft-Windows-Sysmon/Operational","3164","4264","Windows11","S-1-5-18","12/25/2025 3:48:01 AM",,,"Microsoft-Windows-Sysmon/Operational","System.UInt32[]","System.Diagnostics.Eventing.Reader.EventBookmark","Information","Info","File created (rule: FileCreate)","System.Collections.ObjectModel.ReadOnlyCollection`1[System.String]","System.Collections.Generic.List`1[System.Diagnostics.Eventing.Reader.EventProperty]"
"Registry value set:
RuleName: T1031,T1050
EventType: SetValue
UtcTime: 2025-12-25 02:48:00.981
ProcessGuid: {8bb50d47-a5a6-694c-0b00-000000000b00}
ProcessId: 856
Image: C:\WINDOWS\system32\services.exe
TargetObject: HKLM\System\CurrentControlSet\Services\WpnUserService_6ec69\ImagePath
Details: C:\WINDOWS\system32\svchost.exe -k UnistackSvcGroup
User: NT AUTHORITY\SYSTEM","13","2",,"4","13","0","-9223372036854775808","1453","Microsoft-Windows-Sysmon","5770385f-c22a-43e0-bf4c-06f5698ffbd9","Microsoft-Windows-Sysmon/Operational","3164","4264","Windows11","S-1-5-18","12/25/2025 3:48:01 AM",,,"Microsoft-Windows-Sysmon/Operational","System.UInt32[]","System.Diagnostics.Eventing.Reader.EventBookmark","Information","Info","File created (rule: FileCreate)","System.Collections.ObjectModel.ReadOnlyCollection`1[System.String]","System.Collections.Generic.List`1[System.Diagnostics.Eventing.Reader.EventProperty]"
"Registry value set:
RuleName: T1031,T1050
EventType: SetValue
UtcTime: 2025-12-25 02:48:00.981
ProcessGuid: {8bb50d47-a5a6-694c-0b00-000000000b00}
ProcessId: 856
Image: C:\WINDOWS\system32\services.exe
TargetObject: HKLM\System\CurrentControlSet\Services\WpnUserService_6ec69\Start
Details: DWORD (0x00000002)
User: NT AUTHORITY\SYSTEM","13","2",,"4","13","0","-9223372036854775808","1452","Microsoft-Windows-Sysmon","5770385f-c22a-43e0-bf4c-06f5698ffbd9","Microsoft-Windows-Sysmon/Operational","3164","4264","Windows11","S-1-5-18","12/25/2025 3:48:01 AM",,,"Microsoft-Windows-Sysmon/Operational","System.UInt32[]","System.Diagnostics.Eventing.Reader.EventBookmark","Information","Info","File created (rule: FileCreate)","System.Collections.ObjectModel.ReadOnlyCollection`1[System.String]","System.Collections.Generic.List`1[System.Diagnostics.Eventing.Reader.EventProperty]"
"Registry value set:
RuleName: T1031,T1050
EventType: SetValue
UtcTime: 2025-12-25 02:48:00.979
ProcessGuid: {8bb50d47-a5a6-694c-0b00-000000000b00}
ProcessId: 856
Image: C:\WINDOWS\system32\services.exe
TargetObject: HKLM\System\CurrentControlSet\Services\webthreatdefusersvc_6ec69\ImagePath
Details: C:\WINDOWS\system32\svchost.exe -k LocalSystemNetworkRestricted -p
User: NT AUTHORITY\SYSTEM","13","2",,"4","13","0","-9223372036854775808","1451","Microsoft-Windows-Sysmon","5770385f-c22a-43e0-bf4c-06f5698ffbd9","Microsoft-Windows-Sysmon/Operational","3164","4264","Windows11","S-1-5-18","12/25/2025 3:48:01 AM",,,"Microsoft-Windows-Sysmon/Operational","System.UInt32[]","System.Diagnostics.Eventing.Reader.EventBookmark","Information","Info","File created (rule: FileCreate)","System.Collections.ObjectModel.ReadOnlyCollection`1[System.String]","System.Collections.Generic.List`1[System.Diagnostics.Eventing.Reader.EventProperty]"
"Registry value set:
RuleName: T1031,T1050
EventType: SetValue
UtcTime: 2025-12-25 02:48:00.979
ProcessGuid: {8bb50d47-a5a6-694c-0b00-000000000b00}
ProcessId: 856
Image: C:\WINDOWS\system32\services.exe
TargetObject: HKLM\System\CurrentControlSet\Services\webthreatdefusersvc_6ec69\Start
Details: DWORD (0x00000002)
User: NT AUTHORITY\SYSTEM","13","2",,"4","13","0","-9223372036854775808","1450","Microsoft-Windows-Sysmon","5770385f-c22a-43e0-bf4c-06f5698ffbd9","Microsoft-Windows-Sysmon/Operational","3164","4264","Windows11","S-1-5-18","12/25/2025 3:48:01 AM",,,"Microsoft-Windows-Sysmon/Operational","System.UInt32[]","System.Diagnostics.Eventing.Reader.EventBookmark","Information","Info","File created (rule: FileCreate)","System.Collections.ObjectModel.ReadOnlyCollection`1[System.String]","System.Collections.Generic.List`1[System.Diagnostics.Eventing.Reader.EventProperty]"
"Registry value set:
