RuleName: -
UtcTime: 2025-12-25 02:59:09.898
ProcessGuid: {8bb50d47-a87d-694c-7a01-000000000b00}
ProcessId: 2636
Image: C:\ProgramData\Microsoft\Windows Defender\Platform\4.18.25110.6-0\MpCmdRun.exe
FileVersion: 4.18.25110.6 (747f30181b4cd739116f0a6ad3cabef997251d7f)
Description: Microsoft Malware Protection Command Line Utility
Product: Microsoft? Windows? Operating System
Company: Microsoft Corporation
OriginalFileName: MpCmdRun.exe
CommandLine: ""C:\ProgramData\Microsoft\Windows Defender\Platform\4.18.25110.6-0\MpCmdRun.exe"" SignatureUpdate -ScheduleJob -RestrictPrivileges
CurrentDirectory: C:\WINDOWS\system32\
User: NT AUTHORITY\SYSTEM
LogonGuid: {8bb50d47-a5a7-694c-e703-000000000000}
LogonId: 0x3E7
TerminalSessionId: 0
IntegrityLevel: System
Hashes: MD5=BFB14CF0FB83DBACA2496E451655F3A4,SHA256=BAEE05CEAD26C8105363F244B6A630EEB0983E96C0F366EE05882F84A5DD324F,IMPHASH=EC9821882B67AA0527E67484A60257BF
ParentProcessGuid: {8bb50d47-a5c0-694c-4d00-000000000b00}
ParentProcessId: 3584
ParentImage: C:\ProgramData\Microsoft\Windows Defender\Platform\4.18.25110.6-0\MsMpEng.exe
ParentCommandLine: ""C:\ProgramData\Microsoft\Windows Defender\Platform\4.18.25110.6-0\MsMpEng.exe""
ParentUser: NT AUTHORITY\SYSTEM","1","5",,"4","1","0","-9223372036854775808","1703","Microsoft-Windows-Sysmon","5770385f-c22a-43e0-bf4c-06f5698ffbd9","Microsoft-Windows-Sysmon/Operational","3164","4264","Windows11","S-1-5-18","12/25/2025 3:59:10 AM",,,"Microsoft-Windows-Sysmon/Operational","System.UInt32[]","System.Diagnostics.Eventing.Reader.EventBookmark","Information","Info","File created (rule: FileCreate)","System.Collections.ObjectModel.ReadOnlyCollection`1[System.String]","System.Collections.Generic.List`1[System.Diagnostics.Eventing.Reader.EventProperty]"
"Process Create:
RuleName: -
UtcTime: 2025-12-25 02:59:07.766
ProcessGuid: {8bb50d47-a87b-694c-7901-000000000b00}
ProcessId: 6992
Image: C:\Windows\System32\SecurityHealth\10.0.29429.1000-0\SecurityHealthHost.exe
FileVersion: 10.0.29429.1000 (WinBuild.160101.0800)
Description: Windows Security Health Host
Product: Microsoft? Windows? Operating System
Company: Microsoft Corporation
OriginalFileName: SecurityHealthHost.exe
CommandLine: \\?\C:\Windows\System32\SecurityHealth\10.0.29429.1000-0\SecurityHealthHost.exe {08728914-3F57-4D52-9E31-49DAECA5A80A} -Embedding
CurrentDirectory: C:\WINDOWS\system32\
User: WINDOWS11\Yomi
LogonGuid: {8bb50d47-a5bc-694c-864c-020000000000}
LogonId: 0x24C86
TerminalSessionId: 1
IntegrityLevel: Medium
Hashes: MD5=6A1C7F240C04965EA3627ADA46E890DB,SHA256=4DAAC737340C506314BF4B5FA7979FBA68E0F9E22093F9EC50CAF647542A113F,IMPHASH=E8960CAF12CF621B3CA78988264C27F1
ParentProcessGuid: {8bb50d47-a5a9-694c-0f00-000000000b00}
ParentProcessId: 484
ParentImage: C:\Windows\System32\svchost.exe
ParentCommandLine: C:\WINDOWS\system32\svchost.exe -k DcomLaunch -p
ParentUser: NT AUTHORITY\SYSTEM","1","5",,"4","1","0","-9223372036854775808","1702","Microsoft-Windows-Sysmon","5770385f-c22a-43e0-bf4c-06f5698ffbd9","Microsoft-Windows-Sysmon/Operational","3164","4264","Windows11","S-1-5-18","12/25/2025 3:59:07 AM",,,"Microsoft-Windows-Sysmon/Operational","System.UInt32[]","System.Diagnostics.Eventing.Reader.EventBookmark","Information","Info","File created (rule: FileCreate)","System.Collections.ObjectModel.ReadOnlyCollection`1[System.String]","System.Collections.Generic.List`1[System.Diagnostics.Eventing.Reader.EventProperty]"
"Process Create:
RuleName: -
UtcTime: 2025-12-25 02:59:07.693
ProcessGuid: {8bb50d47-a87b-694c-7801-000000000b00}
ProcessId: 1984
Image: C:\Windows\System32\smartscreen.exe
FileVersion: 10.0.26100.5074 (WinBuild.160101.0800)
Description: Windows Defender SmartScreen
Product: Microsoft? Windows? Operating System
Company: Microsoft Corporation
OriginalFileName: smartscreen.exe
CommandLine: C:\Windows\System32\smartscreen.exe -Embedding
CurrentDirectory: C:\WINDOWS\system32\
User: WINDOWS11\Yomi
LogonGuid: {8bb50d47-a5bc-694c-864c-020000000000}
LogonId: 0x24C86
TerminalSessionId: 1
IntegrityLevel: Medium
Hashes: MD5=032D6D9E18A3CB24B70111593C2D0180,SHA256=045BFD198B5B7559819F3EC3392C533C875BCDEB89055D5E37CAB566C8FA4174,IMPHASH=C84171DF6E7F087EA4E625CCCE2AB167
ParentProcessGuid: {8bb50d47-a5a9-694c-0f00-000000000b00}
ParentProcessId: 484
ParentImage: C:\Windows\System32\svchost.exe
ParentCommandLine: C:\WINDOWS\system32\svchost.exe -k DcomLaunch -p
ParentUser: NT AUTHORITY\SYSTEM","1","5",,"4","1","0","-9223372036854775808","1701","Microsoft-Windows-Sysmon","5770385f-c22a-43e0-bf4c-06f5698ffbd9","Microsoft-Windows-Sysmon/Operational","3164","4264","Windows11","S-1-5-18","12/25/2025 3:59:07 AM",,,"Microsoft-Windows-Sysmon/Operational","System.UInt32[]","System.Diagnostics.Eventing.Reader.EventBookmark","Information","Info","File created (rule: FileCreate)","System.Collections.ObjectModel.ReadOnlyCollection`1[System.String]","System.Collections.Generic.List`1[System.Diagnostics.Eventing.Reader.EventProperty]"
"Process Create:
RuleName: -
UtcTime: 2025-12-25 02:59:07.011
ProcessGuid: {8bb50d47-a87b-694c-7401-000000000b00}
ProcessId: 1764
Image: C:\Windows\System32\SecurityHealth\10.0.29429.1000-0\SecurityHealthHost.exe
FileVersion: 10.0.29429.1000 (WinBuild.160101.0800)
Description: Windows Security Health Host
Product: Microsoft? Windows? Operating System
Company: Microsoft Corporation
OriginalFileName: SecurityHealthHost.exe
CommandLine: \\?\C:\Windows\System32\SecurityHealth\10.0.29429.1000-0\SecurityHealthHost.exe {08728914-3F57-4D52-9E31-49DAECA5A80A} -Embedding
CurrentDirectory: C:\WINDOWS\system32\
User: WINDOWS11\Yomi
LogonGuid: {8bb50d47-a5bc-694c-864c-020000000000}
LogonId: 0x24C86
TerminalSessionId: 1
IntegrityLevel: Medium
Hashes: MD5=6A1C7F240C04965EA3627ADA46E890DB,SHA256=4DAAC737340C506314BF4B5FA7979FBA68E0F9E22093F9EC50CAF647542A113F,IMPHASH=E8960CAF12CF621B3CA78988264C27F1
ParentProcessGuid: {8bb50d47-a5a9-694c-0f00-000000000b00}
ParentProcessId: 484
ParentImage: C:\Windows\System32\svchost.exe
ParentCommandLine: C:\WINDOWS\system32\svchost.exe -k DcomLaunch -p
ParentUser: NT AUTHORITY\SYSTEM","1","5",,"4","1","0","-9223372036854775808","1700","Microsoft-Windows-Sysmon","5770385f-c22a-43e0-bf4c-06f5698ffbd9","Microsoft-Windows-Sysmon/Operational","3164","4264","Windows11","S-1-5-18","12/25/2025 3:59:07 AM",,,"Microsoft-Windows-Sysmon/Operational","System.UInt32[]","System.Diagnostics.Eventing.Reader.EventBookmark","Information","Info","File created (rule: FileCreate)","System.Collections.ObjectModel.ReadOnlyCollection`1[System.String]","System.Collections.Generic.List`1[System.Diagnostics.Eventing.Reader.EventProperty]"
"Process Create:
RuleName: -
UtcTime: 2025-12-25 02:59:06.774
ProcessGuid: {8bb50d47-a87a-694c-7301-000000000b00}
ProcessId: 1144
Image: C:\Windows\System32\taskhostw.exe
FileVersion: 10.0.26100.5074 (WinBuild.160101.0800)
Description: Host Process for Windows Tasks
Product: Microsoft? Windows? Operating System
Company: Microsoft Corporation
OriginalFileName: taskhostw.exe
CommandLine: taskhostw.exe -RegisterDevice -ProtectionStateChanged -FreeNetworkOnly
CurrentDirectory: C:\WINDOWS\system32\
User: NT AUTHORITY\SYSTEM
LogonGuid: {8bb50d47-a5a7-694c-e703-000000000000}
LogonId: 0x3E7
TerminalSessionId: 0
IntegrityLevel: System
Hashes: MD5=AD050ED052AFF11737AE0A25AED89799,SHA256=818C6876E1028AB2B94E45B3CC45102CD83204803537D94263A9B7A6B6583D4B,IMPHASH=2196268E7A2880E3ADC74481297D0C4B
ParentProcessGuid: {8bb50d47-a5ad-694c-1d00-000000000b00}
ParentProcessId: 1472
ParentImage: C:\Windows\System32\svchost.exe
ParentCommandLine: C:\WINDOWS\system32\svchost.exe -k netsvcs -p -s Schedule
ParentUser: NT AUTHORITY\SYSTEM","1","5",,"4","1","0","-9223372036854775808","1699","Microsoft-Windows-Sysmon","5770385f-c22a-43e0-bf4c-06f5698ffbd9","Microsoft-Windows-Sysmon/Operational","3164","4264","Windows11","S-1-5-18","12/25/2025 3:59:06 AM",,,"Microsoft-Windows-Sysmon/Operational","System.UInt32[]","System.Diagnostics.Eventing.Reader.EventBookmark","Information","Info","File created (rule: FileCreate)","System.Collections.ObjectModel.ReadOnlyCollection`1[System.String]","System.Collections.Generic.List`1[System.Diagnostics.Eventing.Reader.EventProperty]"
"Process Create:
RuleName: -
UtcTime: 2025-12-25 02:59:06.515
ProcessGuid: {8bb50d47-a87a-694c-7201-000000000b00}
ProcessId: 7136
Image: C:\Windows\System32\findstr.exe
FileVersion: 10.0.26100.1150 (WinBuild.160101.0800)
Description: Find String (QGREP) Utility
Product: Microsoft? Windows? Operating System
Company: Microsoft Corporation
OriginalFileName: FINDSTR.EXE
CommandLine: findstr  /i ""Image Name:   Secure System"" 
CurrentDirectory: C:\Windows\System32\
User: NT AUTHORITY\SYSTEM
LogonGuid: {8bb50d47-a5a7-694c-e703-000000000000}
LogonId: 0x3E7
TerminalSessionId: 0
IntegrityLevel: System
Hashes: MD5=E43DE137E75349CACF2760ABFC338340,SHA256=46BDB9125C43BD3F63C233A7B0D021B04E867C4D19B72DDBCF6E5F2A392014D3,IMPHASH=FAF6C2ABBD03B51B5852A294EAAFC7CE
ParentProcessGuid: {8bb50d47-a87a-694c-6e01-000000000b00}
ParentProcessId: 3636
ParentImage: C:\Windows\System32\cmd.exe
ParentCommandLine: ""C:\WINDOWS\system32\cmd.exe"" /d /c C:\WINDOWS\system32\hpatchmonTask.cmd
ParentUser: NT AUTHORITY\SYSTEM","1","5",,"4","1","0","-9223372036854775808","1698","Microsoft-Windows-Sysmon","5770385f-c22a-43e0-bf4c-06f5698ffbd9","Microsoft-Windows-Sysmon/Operational","3164","4264","Windows11","S-1-5-18","12/25/2025 3:59:06 AM",,,"Microsoft-Windows-Sysmon/Operational","System.UInt32[]","System.Diagnostics.Eventing.Reader.EventBookmark","Information","Info","File created (rule: FileCreate)","System.Collections.ObjectModel.ReadOnlyCollection`1[System.String]","System.Collections.Generic.List`1[System.Diagnostics.Eventing.Reader.EventProperty]"
"Process Create:
RuleName: -
UtcTime: 2025-12-25 02:59:06.503
ProcessGuid: {8bb50d47-a87a-694c-7101-000000000b00}
ProcessId: 3128
Image: C:\Windows\System32\tasklist.exe
FileVersion: 10.0.26100.1 (WinBuild.160101.0800)
Description: Lists the current running tasks
Product: Microsoft? Windows? Operating System
Company: Microsoft Corporation
OriginalFileName: tasklist.exe
CommandLine: tasklist  /FI ""IMAGENAME eq Secure System"" /v /FO list 
CurrentDirectory: C:\Windows\System32\
User: NT AUTHORITY\SYSTEM
LogonGuid: {8bb50d47-a5a7-694c-e703-000000000000}
LogonId: 0x3E7
TerminalSessionId: 0
IntegrityLevel: System
Hashes: MD5=8ADD46C82B40A6F635F1406CF28DABA1,SHA256=62800679C55682F2F5F38B3DF9080D12480BEA78B5B8476EACE9DF014F353B14,IMPHASH=1EC449474B2F8125DB72AC9B593E4CA6
ParentProcessGuid: {8bb50d47-a87a-694c-6e01-000000000b00}
ParentProcessId: 3636
ParentImage: C:\Windows\System32\cmd.exe
ParentCommandLine: ""C:\WINDOWS\system32\cmd.exe"" /d /c C:\WINDOWS\system32\hpatchmonTask.cmd
ParentUser: NT AUTHORITY\SYSTEM","1","5",,"4","1","0","-9223372036854775808","1697","Microsoft-Windows-Sysmon","5770385f-c22a-43e0-bf4c-06f5698ffbd9","Microsoft-Windows-Sysmon/Operational","3164","4264","Windows11","S-1-5-18","12/25/2025 3:59:06 AM",,,"Microsoft-Windows-Sysmon/Operational","System.UInt32[]","System.Diagnostics.Eventing.Reader.EventBookmark","Information","Info","File created (rule: FileCreate)","System.Collections.ObjectModel.ReadOnlyCollection`1[System.String]","System.Collections.Generic.List`1[System.Diagnostics.Eventing.Reader.EventProperty]"
"Process Create:
RuleName: -
UtcTime: 2025-12-25 02:59:06.320
ProcessGuid: {8bb50d47-a87a-694c-6f01-000000000b00}
ProcessId: 7376
Image: C:\Users\Yomi\AppData\Local\Microsoft\OneDrive\25.087.0506.0001\OneDriveLauncher.exe
FileVersion: 25.087.0506.0001
Description: OneDriveLauncher
Product: Microsoft OneDrive
Company: Microsoft Corporation
OriginalFileName: OneDriveLauncher.exe
CommandLine: ""C:\Users\Yomi\AppData\Local\Microsoft\OneDrive\25.087.0506.0001\OneDriveLauncher.exe"" /startInstances
CurrentDirectory: C:\WINDOWS\system32\
User: WINDOWS11\Yomi
LogonGuid: {8bb50d47-a5bc-694c-864c-020000000000}
LogonId: 0x24C86
TerminalSessionId: 1
IntegrityLevel: Medium
Hashes: MD5=A0BF3D72EE0DA63C659655FD7417F6BB,SHA256=F28BBE055AAB47B45B489E935CE035BF90CD1A82BDC0949546F9084DE3202721,IMPHASH=6D7D1296335B4E80B193AC85CB86B959
ParentProcessGuid: {8bb50d47-a5ad-694c-1d00-000000000b00}
ParentProcessId: 1472
ParentImage: C:\Windows\System32\svchost.exe
ParentCommandLine: C:\WINDOWS\system32\svchost.exe -k netsvcs -p -s Schedule
ParentUser: NT AUTHORITY\SYSTEM","1","5",,"4","1","0","-9223372036854775808","1696","Microsoft-Windows-Sysmon","5770385f-c22a-43e0-bf4c-06f5698ffbd9","Microsoft-Windows-Sysmon/Operational","3164","4264","Windows11","S-1-5-18","12/25/2025 3:59:06 AM",,,"Microsoft-Windows-Sysmon/Operational","System.UInt32[]","System.Diagnostics.Eventing.Reader.EventBookmark","Information","Info","File created (rule: FileCreate)","System.Collections.ObjectModel.ReadOnlyCollection`1[System.String]","System.Collections.Generic.List`1[System.Diagnostics.Eventing.Reader.EventProperty]"
"Process Create:
RuleName: -
UtcTime: 2025-12-25 02:59:06.300
ProcessGuid: {8bb50d47-a87a-694c-6e01-000000000b00}
ProcessId: 3636
Image: C:\Windows\System32\cmd.exe
FileVersion: 10.0.26100.5074 (WinBuild.160101.0800)
Description: Windows Command Processor
Product: Microsoft? Windows? Operating System
Company: Microsoft Corporation
OriginalFileName: Cmd.Exe
CommandLine: ""C:\WINDOWS\system32\cmd.exe"" /d /c C:\WINDOWS\system32\hpatchmonTask.cmd
CurrentDirectory: C:\WINDOWS\system32\
User: NT AUTHORITY\SYSTEM
LogonGuid: {8bb50d47-a5a7-694c-e703-000000000000}
LogonId: 0x3E7
TerminalSessionId: 0
IntegrityLevel: System
Hashes: MD5=FC01B4963B10D5D1A4812184B0998E8F,SHA256=65C9EC61A5B10E7EEC76A7A961766B86BB93604EF18C5D1FE8AC53B4E53EF17A,IMPHASH=B0F049C014592B156EB1FA857E99CEB9
ParentProcessGuid: {8bb50d47-a5ad-694c-1d00-000000000b00}
ParentProcessId: 1472
ParentImage: C:\Windows\System32\svchost.exe
ParentCommandLine: C:\WINDOWS\system32\svchost.exe -k netsvcs -p -s Schedule
ParentUser: NT AUTHORITY\SYSTEM","1","5",,"4","1","0","-9223372036854775808","1695","Microsoft-Windows-Sysmon","5770385f-c22a-43e0-bf4c-06f5698ffbd9","Microsoft-Windows-Sysmon/Operational","3164","4264","Windows11","S-1-5-18","12/25/2025 3:59:06 AM",,,"Microsoft-Windows-Sysmon/Operational","System.UInt32[]","System.Diagnostics.Eventing.Reader.EventBookmark","Information","Info","File created (rule: FileCreate)","System.Collections.ObjectModel.ReadOnlyCollection`1[System.String]","System.Collections.Generic.List`1[System.Diagnostics.Eventing.Reader.EventProperty]"
"Process Create:
RuleName: -
UtcTime: 2025-12-25 02:58:31.568
ProcessGuid: {8bb50d47-a857-694c-6c01-000000000b00}
ProcessId: 5196
Image: C:\Windows\System32\appidcertstorecheck.exe
FileVersion: 10.0.26100.3037 (WinBuild.160101.0800)
Description: AppID Certificate Store Verification Task
Product: Microsoft? Windows? Operating System
Company: Microsoft Corporation
OriginalFileName: AppIDCertstoreCheck.exe
CommandLine: ""C:\WINDOWS\system32\appidcertstorecheck.exe""
CurrentDirectory: C:\WINDOWS\system32\
User: NT AUTHORITY\LOCAL SERVICE
LogonGuid: {8bb50d47-a5ad-694c-e503-000000000000}
LogonId: 0x3E5
TerminalSessionId: 0
IntegrityLevel: System
Hashes: MD5=B14AE123FE8C9391063FCA6A27E80B1C,SHA256=442A6A8546B9B2EE4159760B04E8FD33E6F3310C92C66709C27AFA47C8653808,IMPHASH=5472981C962523EC2271513DBA5F1CCC
ParentProcessGuid: {8bb50d47-a5ad-694c-1d00-000000000b00}
ParentProcessId: 1472
ParentImage: C:\Windows\System32\svchost.exe
ParentCommandLine: C:\WINDOWS\system32\svchost.exe -k netsvcs -p -s Schedule
ParentUser: NT AUTHORITY\SYSTEM","1","5",,"4","1","0","-9223372036854775808","1694","Microsoft-Windows-Sysmon","5770385f-c22a-43e0-bf4c-06f5698ffbd9","Microsoft-Windows-Sysmon/Operational","3164","4264","Windows11","S-1-5-18","12/25/2025 3:58:31 AM",,,"Microsoft-Windows-Sysmon/Operational","System.UInt32[]","System.Diagnostics.Eventing.Reader.EventBookmark","Information","Info","File created (rule: FileCreate)","System.Collections.ObjectModel.ReadOnlyCollection`1[System.String]","System.Collections.Generic.List`1[System.Diagnostics.Eventing.Reader.EventProperty]"
"Process Create:
RuleName: -
UtcTime: 2025-12-25 02:58:10.142
ProcessGuid: {8bb50d47-a842-694c-6b01-000000000b00}
ProcessId: 7952
Image: C:\Windows\System32\svchost.exe
FileVersion: 10.0.26100.5074 (WinBuild.160101.0800)
Description: Host Process for Windows Services
Product: Microsoft? Windows? Operating System
Company: Microsoft Corporation
OriginalFileName: svchost.exe
CommandLine: C:\WINDOWS\system32\svchost.exe -k GPSvcGroup
CurrentDirectory: C:\WINDOWS\system32\
User: NT AUTHORITY\SYSTEM
LogonGuid: {8bb50d47-a5a7-694c-e703-000000000000}
LogonId: 0x3E7
TerminalSessionId: 0
IntegrityLevel: System
Hashes: MD5=7B88D0896FBF43469A9959D59824A514,SHA256=53A39B900E3BFBF384ACD13F0FC2329FA8D42B61E993D8ED5ADF3A1428005D26,IMPHASH=DE43BD45CC98C143357416C7519ECCFD
ParentProcessGuid: {8bb50d47-a5a6-694c-0b00-000000000b00}
ParentProcessId: 856
ParentImage: C:\Windows\System32\services.exe
ParentCommandLine: C:\WINDOWS\system32\services.exe
ParentUser: NT AUTHORITY\SYSTEM","1","5",,"4","1","0","-9223372036854775808","1693","Microsoft-Windows-Sysmon","5770385f-c22a-43e0-bf4c-06f5698ffbd9","Microsoft-Windows-Sysmon/Operational","3164","4264","Windows11","S-1-5-18","12/25/2025 3:58:10 AM",,,"Microsoft-Windows-Sysmon/Operational","System.UInt32[]","System.Diagnostics.Eventing.Reader.EventBookmark","Information","Info","File created (rule: FileCreate)","System.Collections.ObjectModel.ReadOnlyCollection`1[System.String]","System.Collections.Generic.List`1[System.Diagnostics.Eventing.Reader.EventProperty]"
"Process Create:
RuleName: -
UtcTime: 2025-12-25 02:58:07.163
ProcessGuid: {8bb50d47-a83f-694c-6a01-000000000b00}
ProcessId: 6436
Image: C:\Windows\System32\svchost.exe
FileVersion: 10.0.26100.5074 (WinBuild.160101.0800)
Description: Host Process for Windows Services
Product: Microsoft? Windows? Operating System
Company: Microsoft Corporation
OriginalFileName: svchost.exe
CommandLine: C:\WINDOWS\system32\svchost.exe -k netsvcs -p
CurrentDirectory: C:\WINDOWS\system32\
User: NT AUTHORITY\SYSTEM
LogonGuid: {8bb50d47-a5a7-694c-e703-000000000000}
LogonId: 0x3E7
TerminalSessionId: 0
IntegrityLevel: System
Hashes: MD5=7B88D0896FBF43469A9959D59824A514,SHA256=53A39B900E3BFBF384ACD13F0FC2329FA8D42B61E993D8ED5ADF3A1428005D26,IMPHASH=DE43BD45CC98C143357416C7519ECCFD
ParentProcessGuid: {8bb50d47-a5a6-694c-0b00-000000000b00}
ParentProcessId: 856
ParentImage: C:\Windows\System32\services.exe
ParentCommandLine: C:\WINDOWS\system32\services.exe
ParentUser: NT AUTHORITY\SYSTEM","1","5",,"4","1","0","-9223372036854775808","1692","Microsoft-Windows-Sysmon","5770385f-c22a-43e0-bf4c-06f5698ffbd9","Microsoft-Windows-Sysmon/Operational","3164","4264","Windows11","S-1-5-18","12/25/2025 3:58:07 AM",,,"Microsoft-Windows-Sysmon/Operational","System.UInt32[]","System.Diagnostics.Eventing.Reader.EventBookmark","Information","Info","File created (rule: FileCreate)","System.Collections.ObjectModel.ReadOnlyCollection`1[System.String]","System.Collections.Generic.List`1[System.Diagnostics.Eventing.Reader.EventProperty]"
"Process Create:
RuleName: -
UtcTime: 2025-12-25 02:58:03.227
ProcessGuid: {8bb50d47-a83b-694c-6801-000000000b00}
ProcessId: 5868
Image: C:\Windows\System32\findstr.exe
FileVersion: 10.0.26100.1150 (WinBuild.160101.0800)
Description: Find String (QGREP) Utility
Product: Microsoft? Windows? Operating System
Company: Microsoft Corporation
OriginalFileName: FINDSTR.EXE
CommandLine: findstr  /i ""Image Name:   Secure System"" 
CurrentDirectory: C:\Windows\System32\
User: NT AUTHORITY\SYSTEM
LogonGuid: {8bb50d47-a5a7-694c-e703-000000000000}
LogonId: 0x3E7
TerminalSessionId: 0
IntegrityLevel: System
Hashes: MD5=E43DE137E75349CACF2760ABFC338340,SHA256=46BDB9125C43BD3F63C233A7B0D021B04E867C4D19B72DDBCF6E5F2A392014D3,IMPHASH=FAF6C2ABBD03B51B5852A294EAAFC7CE
ParentProcessGuid: {8bb50d47-a838-694c-6201-000000000b00}
ParentProcessId: 5784
ParentImage: C:\Windows\System32\cmd.exe
ParentCommandLine: ""C:\WINDOWS\system32\cmd.exe"" /d /c C:\WINDOWS\system32\hpatchmonTask.cmd
ParentUser: NT AUTHORITY\SYSTEM","1","5",,"4","1","0","-9223372036854775808","1691","Microsoft-Windows-Sysmon","5770385f-c22a-43e0-bf4c-06f5698ffbd9","Microsoft-Windows-Sysmon/Operational","3164","4264","Windows11","S-1-5-18","12/25/2025 3:58:03 AM",,,"Microsoft-Windows-Sysmon/Operational","System.UInt32[]","System.Diagnostics.Eventing.Reader.EventBookmark","Information","Info","File created (rule: FileCreate)","System.Collections.ObjectModel.ReadOnlyCollection`1[System.String]","System.Collections.Generic.List`1[System.Diagnostics.Eventing.Reader.EventProperty]"
"Process Create:
RuleName: -
UtcTime: 2025-12-25 02:58:02.998
ProcessGuid: {8bb50d47-a83a-694c-6701-000000000b00}
ProcessId: 3492
Image: C:\Windows\System32\tasklist.exe
FileVersion: 10.0.26100.1 (WinBuild.160101.0800)
Description: Lists the current running tasks
Product: Microsoft? Windows? Operating System
Company: Microsoft Corporation
OriginalFileName: tasklist.exe
CommandLine: tasklist  /FI ""IMAGENAME eq Secure System"" /v /FO list 
CurrentDirectory: C:\Windows\System32\
User: NT AUTHORITY\SYSTEM
LogonGuid: {8bb50d47-a5a7-694c-e703-000000000000}
LogonId: 0x3E7
TerminalSessionId: 0
IntegrityLevel: System
Hashes: MD5=8ADD46C82B40A6F635F1406CF28DABA1,SHA256=62800679C55682F2F5F38B3DF9080D12480BEA78B5B8476EACE9DF014F353B14,IMPHASH=1EC449474B2F8125DB72AC9B593E4CA6
ParentProcessGuid: {8bb50d47-a838-694c-6201-000000000b00}
ParentProcessId: 5784
ParentImage: C:\Windows\System32\cmd.exe
ParentCommandLine: ""C:\WINDOWS\system32\cmd.exe"" /d /c C:\WINDOWS\system32\hpatchmonTask.cmd
ParentUser: NT AUTHORITY\SYSTEM","1","5",,"4","1","0","-9223372036854775808","1690","Microsoft-Windows-Sysmon","5770385f-c22a-43e0-bf4c-06f5698ffbd9","Microsoft-Windows-Sysmon/Operational","3164","4264","Windows11","S-1-5-18","12/25/2025 3:58:03 AM",,,"Microsoft-Windows-Sysmon/Operational","System.UInt32[]","System.Diagnostics.Eventing.Reader.EventBookmark","Information","Info","File created (rule: FileCreate)","System.Collections.ObjectModel.ReadOnlyCollection`1[System.String]","System.Collections.Generic.List`1[System.Diagnostics.Eventing.Reader.EventProperty]"
"Process Create:
RuleName: -
UtcTime: 2025-12-25 02:58:01.734
ProcessGuid: {8bb50d47-a839-694c-6501-000000000b00}
ProcessId: 3140
Image: C:\Windows\System32\UCPDMgr.exe
FileVersion: 4.3.0.608106
Description: User Choice Protection Manager
Product: Microsoft? Windows? Operating System
Company: Microsoft Corporation
OriginalFileName: UCPDMgr.exe
CommandLine: ""C:\WINDOWS\system32\UCPDMgr.exe""
CurrentDirectory: C:\WINDOWS\system32\
User: NT AUTHORITY\SYSTEM
LogonGuid: {8bb50d47-a5a7-694c-e703-000000000000}
LogonId: 0x3E7
TerminalSessionId: 0
IntegrityLevel: System
Hashes: MD5=8EC047B3EC3BBA58C07FED91CAB48AA5,SHA256=5D8CA6AC03D5BEC113DE3CA8B3E14F832F073E70F345850D8EC4B4819197A09B,IMPHASH=610A622F6677305876B7D5009F927B7A
ParentProcessGuid: {8bb50d47-a5ad-694c-1d00-000000000b00}
ParentProcessId: 1472
ParentImage: C:\Windows\System32\svchost.exe
ParentCommandLine: C:\WINDOWS\system32\svchost.exe -k netsvcs -p -s Schedule
ParentUser: NT AUTHORITY\SYSTEM","1","5",,"4","1","0","-9223372036854775808","1689","Microsoft-Windows-Sysmon","5770385f-c22a-43e0-bf4c-06f5698ffbd9","Microsoft-Windows-Sysmon/Operational","3164","4264","Windows11","S-1-5-18","12/25/2025 3:58:01 AM",,,"Microsoft-Windows-Sysmon/Operational","System.UInt32[]","System.Diagnostics.Eventing.Reader.EventBookmark","Information","Info","File created (rule: FileCreate)","System.Collections.ObjectModel.ReadOnlyCollection`1[System.String]","System.Collections.Generic.List`1[System.Diagnostics.Eventing.Reader.EventProperty]"
"Process Create:
RuleName: -
UtcTime: 2025-12-25 02:58:01.153
ProcessGuid: {8bb50d47-a839-694c-6401-000000000b00}
ProcessId: 1416
Image: C:\Windows\System32\provtool.exe
FileVersion: 10.0.26100.3470 (WinBuild.160101.0800)
Description: Provisioning package runtime processing tool
Product: Microsoft? Windows? Operating System
Company: Microsoft Corporation
OriginalFileName: provtool
CommandLine: ""C:\WINDOWS\system32\ProvTool.exe"" /turn 5 /source LogonIdleTask
CurrentDirectory: C:\WINDOWS\system32\
User: NT AUTHORITY\SYSTEM
LogonGuid: {8bb50d47-a5a7-694c-e703-000000000000}
LogonId: 0x3E7
TerminalSessionId: 0
IntegrityLevel: System
Hashes: MD5=7E4F7E74F10829CB1CDF2BC924D8FF21,SHA256=7909684488BD8A235D655708BB9DE7E8A4861696E3DF12D89C8287860DA40D7A,IMPHASH=CF16AACF6AEF93FA7E23E88838BA2F1F
ParentProcessGuid: {8bb50d47-a5ad-694c-1d00-000000000b00}
ParentProcessId: 1472
ParentImage: C:\Windows\System32\svchost.exe
ParentCommandLine: C:\WINDOWS\system32\svchost.exe -k netsvcs -p -s Schedule
ParentUser: NT AUTHORITY\SYSTEM","1","5",,"4","1","0","-9223372036854775808","1688","Microsoft-Windows-Sysmon","5770385f-c22a-43e0-bf4c-06f5698ffbd9","Microsoft-Windows-Sysmon/Operational","3164","4264","Windows11","S-1-5-18","12/25/2025 3:58:01 AM",,,"Microsoft-Windows-Sysmon/Operational","System.UInt32[]","System.Diagnostics.Eventing.Reader.EventBookmark","Information","Info","File created (rule: FileCreate)","System.Collections.ObjectModel.ReadOnlyCollection`1[System.String]","System.Collections.Generic.List`1[System.Diagnostics.Eventing.Reader.EventProperty]"
"Process Create:
RuleName: -
UtcTime: 2025-12-25 02:58:00.989
ProcessGuid: {8bb50d47-a838-694c-6201-000000000b00}
ProcessId: 5784
Image: C:\Windows\System32\cmd.exe
FileVersion: 10.0.26100.5074 (WinBuild.160101.0800)
Description: Windows Command Processor
Product: Microsoft? Windows? Operating System
Company: Microsoft Corporation
OriginalFileName: Cmd.Exe
CommandLine: ""C:\WINDOWS\system32\cmd.exe"" /d /c C:\WINDOWS\system32\hpatchmonTask.cmd
CurrentDirectory: C:\WINDOWS\system32\
User: NT AUTHORITY\SYSTEM
LogonGuid: {8bb50d47-a5a7-694c-e703-000000000000}
LogonId: 0x3E7
TerminalSessionId: 0
IntegrityLevel: System
Hashes: MD5=FC01B4963B10D5D1A4812184B0998E8F,SHA256=65C9EC61A5B10E7EEC76A7A961766B86BB93604EF18C5D1FE8AC53B4E53EF17A,IMPHASH=B0F049C014592B156EB1FA857E99CEB9
ParentProcessGuid: {8bb50d47-a5ad-694c-1d00-000000000b00}
ParentProcessId: 1472
ParentImage: C:\Windows\System32\svchost.exe
ParentCommandLine: C:\WINDOWS\system32\svchost.exe -k netsvcs -p -s Schedule
ParentUser: NT AUTHORITY\SYSTEM","1","5",,"4","1","0","-9223372036854775808","1687","Microsoft-Windows-Sysmon","5770385f-c22a-43e0-bf4c-06f5698ffbd9","Microsoft-Windows-Sysmon/Operational","3164","4264","Windows11","S-1-5-18","12/25/2025 3:58:01 AM",,,"Microsoft-Windows-Sysmon/Operational","System.UInt32[]","System.Diagnostics.Eventing.Reader.EventBookmark","Information","Info","File created (rule: FileCreate)","System.Collections.ObjectModel.ReadOnlyCollection`1[System.String]","System.Collections.Generic.List`1[System.Diagnostics.Eventing.Reader.EventProperty]"
"Process Create:
RuleName: -
UtcTime: 2025-12-25 02:57:15.439
ProcessGuid: {8bb50d47-a80b-694c-6001-000000000b00}
ProcessId: 1572
Image: C:\Windows\System32\svchost.exe
FileVersion: 10.0.26100.5074 (WinBuild.160101.0800)
Description: Host Process for Windows Services
Product: Microsoft? Windows? Operating System
Company: Microsoft Corporation
OriginalFileName: svchost.exe
CommandLine: C:\WINDOWS\system32\svchost.exe -k netsvcs -p -s lfsvc
CurrentDirectory: C:\WINDOWS\system32\
User: NT AUTHORITY\SYSTEM
LogonGuid: {8bb50d47-a5a7-694c-e703-000000000000}
LogonId: 0x3E7
TerminalSessionId: 0
IntegrityLevel: System
Hashes: MD5=7B88D0896FBF43469A9959D59824A514,SHA256=53A39B900E3BFBF384ACD13F0FC2329FA8D42B61E993D8ED5ADF3A1428005D26,IMPHASH=DE43BD45CC98C143357416C7519ECCFD
ParentProcessGuid: {8bb50d47-a5a6-694c-0b00-000000000b00}
ParentProcessId: 856
ParentImage: C:\Windows\System32\services.exe
ParentCommandLine: C:\WINDOWS\system32\services.exe
ParentUser: NT AUTHORITY\SYSTEM","1","5",,"4","1","0","-9223372036854775808","1686","Microsoft-Windows-Sysmon","5770385f-c22a-43e0-bf4c-06f5698ffbd9","Microsoft-Windows-Sysmon/Operational","3164","4264","Windows11","S-1-5-18","12/25/2025 3:57:15 AM",,,"Microsoft-Windows-Sysmon/Operational","System.UInt32[]","System.Diagnostics.Eventing.Reader.EventBookmark","Information","Info","File created (rule: FileCreate)","System.Collections.ObjectModel.ReadOnlyCollection`1[System.String]","System.Collections.Generic.List`1[System.Diagnostics.Eventing.Reader.EventProperty]"
"Dns query:
RuleName: -
UtcTime: 2025-12-25 02:57:14.733
ProcessGuid: {8bb50d47-a808-694c-5d01-000000000b00}
ProcessId: 3176
QueryName: wpad
QueryStatus: 123
QueryResults: -
Image: C:\Program Files (x86)\Microsoft\EdgeWebView\Application\143.0.3650.96\msedgewebview2.exe
User: WINDOWS11\Yomi","22","5",,"4","22","0","-9223372036854775808","1685","Microsoft-Windows-Sysmon","5770385f-c22a-43e0-bf4c-06f5698ffbd9","Microsoft-Windows-Sysmon/Operational","3164","4292","Windows11","S-1-5-18","12/25/2025 3:57:14 AM",,,"Microsoft-Windows-Sysmon/Operational","System.UInt32[]","System.Diagnostics.Eventing.Reader.EventBookmark","Information","Info","File created (rule: FileCreate)","System.Collections.ObjectModel.ReadOnlyCollection`1[System.String]","System.Collections.Generic.List`1[System.Diagnostics.Eventing.Reader.EventProperty]"
"Process Create:
RuleName: -
UtcTime: 2025-12-25 02:57:13.220
ProcessGuid: {8bb50d47-a809-694c-5f01-000000000b00}
ProcessId: 2468
Image: C:\Program Files (x86)\Microsoft\EdgeWebView\Application\143.0.3650.96\msedgewebview2.exe
FileVersion: 143.0.3650.96
Description: Microsoft Edge WebView2
Product: Microsoft Edge WebView2
Company: Microsoft Corporation
OriginalFileName: msedgewebview2.exe
CommandLine: ""C:\Program Files (x86)\Microsoft\EdgeWebView\Application\143.0.3650.96\msedgewebview2.exe"" --type=renderer --noerrdialogs --user-data-dir=""C:\Users\Yomi\AppData\Local\Packages\MicrosoftWindows.Client.WebExperience_cw5n1h2txyewy\LocalState\EBWebView"" --webview-exe-name=Widgets.exe --webview-exe-version=525.18101.20.0 --embedded-browser-webview=1 --dma-cps-flags=0 --video-capture-use-gpu-memory-buffer --lang=en-US --js-flags=--expose-gc --device-scale-factor=1 --num-raster-threads=1 --renderer-client-id=5 --time-ticks-at-unix-epoch=-1766630786087570 --launch-time-ticks=647157044 --ram-no-pressure-read-main-dll --metrics-shmem-handle=3692,i,2331533294881091276,17958773033093966880,2097152 --field-trial-handle=1836,i,9784927716922941296,7887037873111915213,262144 --variations-seed-version --trace-process-track-uuid=3190708990997080739 --mojo-platform-channel-handle=3752 /pfhostedapp:af731d5ad7d4765e67dde706345ebf3e93c44d91 /prefetch:1
CurrentDirectory: C:\Program Files (x86)\Microsoft\EdgeWebView\Application\143.0.3650.96\
User: WINDOWS11\Yomi
LogonGuid: {8bb50d47-a5bc-694c-864c-020000000000}
LogonId: 0x24C86
TerminalSessionId: 1
IntegrityLevel: Low
Hashes: MD5=B3D8670A1D473BFC160824B84587CF06,SHA256=B0813B5D25A06F4F511A6151DBE5D1E6BFEEA35F4E2245DBC643C87432B9A783,IMPHASH=9ACEBDFAC77931C2B0DFBBEA2D494BA9
ParentProcessGuid: {8bb50d47-a807-694c-5a01-000000000b00}
ParentProcessId: 3360
ParentImage: C:\Program Files (x86)\Microsoft\EdgeWebView\Application\143.0.3650.96\msedgewebview2.exe
ParentCommandLine: ""C:\Program Files (x86)\Microsoft\EdgeWebView\Application\143.0.3650.96\msedgewebview2.exe"" --embedded-browser-webview=1 --webview-exe-name=Widgets.exe --webview-exe-version=525.18101.20.0 --user-data-dir=""C:\Users\Yomi\AppData\Local\Packages\MicrosoftWindows.Client.WebExperience_cw5n1h2txyewy\LocalState\EBWebView"" --noerrdialogs --disk-cache-size=52428800 --edge-webview-is-background --lang=en-US --mojo-named-platform-channel-pipe=4208.5720.14665482324850265187 /pfhostedapp:af731d5ad7d4765e67dde706345ebf3e93c44d91
ParentUser: WINDOWS11\Yomi","1","5",,"4","1","0","-9223372036854775808","1684","Microsoft-Windows-Sysmon","5770385f-c22a-43e0-bf4c-06f5698ffbd9","Microsoft-Windows-Sysmon/Operational","3164","4264","Windows11","S-1-5-18","12/25/2025 3:57:13 AM",,,"Microsoft-Windows-Sysmon/Operational","System.UInt32[]","System.Diagnostics.Eventing.Reader.EventBookmark","Information","Info","File created (rule: FileCreate)","System.Collections.ObjectModel.ReadOnlyCollection`1[System.String]","System.Collections.Generic.List`1[System.Diagnostics.Eventing.Reader.EventProperty]"
"Process Create:
RuleName: -
UtcTime: 2025-12-25 02:57:12.771
ProcessGuid: {8bb50d47-a808-694c-5e01-000000000b00}
ProcessId: 7196
Image: C:\Program Files (x86)\Microsoft\EdgeWebView\Application\143.0.3650.96\msedgewebview2.exe
FileVersion: 143.0.3650.96
Description: Microsoft Edge WebView2
Product: Microsoft Edge WebView2
Company: Microsoft Corporation
OriginalFileName: msedgewebview2.exe
CommandLine: ""C:\Program Files (x86)\Microsoft\EdgeWebView\Application\143.0.3650.96\msedgewebview2.exe"" --type=utility --utility-sub-type=storage.mojom.StorageService --lang=en-US --service-sandbox-type=service --noerrdialogs --user-data-dir=""C:\Users\Yomi\AppData\Local\Packages\MicrosoftWindows.Client.WebExperience_cw5n1h2txyewy\LocalState\EBWebView"" --webview-exe-name=Widgets.exe --webview-exe-version=525.18101.20.0 --embedded-browser-webview=1 --startup-read-main-dll --metrics-shmem-handle=2408,i,10585257514444342071,13312926545205976021,524288 --field-trial-handle=1836,i,9784927716922941296,7887037873111915213,262144 --variations-seed-version --trace-process-track-uuid=3190708990060038890 --mojo-platform-channel-handle=2216 /prefetch:13 /pfhostedapp:af731d5ad7d4765e67dde706345ebf3e93c44d91
CurrentDirectory: C:\Program Files (x86)\Microsoft\EdgeWebView\Application\143.0.3650.96\
User: WINDOWS11\Yomi
LogonGuid: {8bb50d47-a5bc-694c-864c-020000000000}
LogonId: 0x24C86
TerminalSessionId: 1
IntegrityLevel: Low
Hashes: MD5=B3D8670A1D473BFC160824B84587CF06,SHA256=B0813B5D25A06F4F511A6151DBE5D1E6BFEEA35F4E2245DBC643C87432B9A783,IMPHASH=9ACEBDFAC77931C2B0DFBBEA2D494BA9
ParentProcessGuid: {8bb50d47-a807-694c-5a01-000000000b00}
ParentProcessId: 3360
ParentImage: C:\Program Files (x86)\Microsoft\EdgeWebView\Application\143.0.3650.96\msedgewebview2.exe
ParentCommandLine: ""C:\Program Files (x86)\Microsoft\EdgeWebView\Application\143.0.3650.96\msedgewebview2.exe"" --embedded-browser-webview=1 --webview-exe-name=Widgets.exe --webview-exe-version=525.18101.20.0 --user-data-dir=""C:\Users\Yomi\AppData\Local\Packages\MicrosoftWindows.Client.WebExperience_cw5n1h2txyewy\LocalState\EBWebView"" --noerrdialogs --disk-cache-size=52428800 --edge-webview-is-background --lang=en-US --mojo-named-platform-channel-pipe=4208.5720.14665482324850265187 /pfhostedapp:af731d5ad7d4765e67dde706345ebf3e93c44d91
ParentUser: WINDOWS11\Yomi","1","5",,"4","1","0","-9223372036854775808","1683","Microsoft-Windows-Sysmon","5770385f-c22a-43e0-bf4c-06f5698ffbd9","Microsoft-Windows-Sysmon/Operational","3164","4264","Windows11","S-1-5-18","12/25/2025 3:57:13 AM",,,"Microsoft-Windows-Sysmon/Operational","System.UInt32[]","System.Diagnostics.Eventing.Reader.EventBookmark","Information","Info","File created (rule: FileCreate)","System.Collections.ObjectModel.ReadOnlyCollection`1[System.String]","System.Collections.Generic.List`1[System.Diagnostics.Eventing.Reader.EventProperty]"
"Process Create:
RuleName: -
UtcTime: 2025-12-25 02:57:12.498
ProcessGuid: {8bb50d47-a808-694c-5d01-000000000b00}
ProcessId: 3176
Image: C:\Program Files (x86)\Microsoft\EdgeWebView\Application\143.0.3650.96\msedgewebview2.exe
FileVersion: 143.0.3650.96
Description: Microsoft Edge WebView2
Product: Microsoft Edge WebView2
Company: Microsoft Corporation
OriginalFileName: msedgewebview2.exe
CommandLine: ""C:\Program Files (x86)\Microsoft\EdgeWebView\Application\143.0.3650.96\msedgewebview2.exe"" --type=utility --utility-sub-type=network.mojom.NetworkService --lang=en-US --service-sandbox-type=none --noerrdialogs --user-data-dir=""C:\Users\Yomi\AppData\Local\Packages\MicrosoftWindows.Client.WebExperience_cw5n1h2txyewy\LocalState\EBWebView"" --webview-exe-name=Widgets.exe --webview-exe-version=525.18101.20.0 --embedded-browser-webview=1 --startup-read-main-dll --metrics-shmem-handle=2036,i,6695112652783633281,15148832255097076033,524288 --field-trial-handle=1836,i,9784927716922941296,7887037873111915213,262144 --variations-seed-version --trace-process-track-uuid=3190708989122997041 --mojo-platform-channel-handle=2064 /prefetch:11 /pfhostedapp:af731d5ad7d4765e67dde706345ebf3e93c44d91
CurrentDirectory: C:\Program Files (x86)\Microsoft\EdgeWebView\Application\143.0.3650.96\
User: WINDOWS11\Yomi
LogonGuid: {8bb50d47-a5bc-694c-864c-020000000000}
LogonId: 0x24C86
TerminalSessionId: 1
IntegrityLevel: Medium
Hashes: MD5=B3D8670A1D473BFC160824B84587CF06,SHA256=B0813B5D25A06F4F511A6151DBE5D1E6BFEEA35F4E2245DBC643C87432B9A783,IMPHASH=9ACEBDFAC77931C2B0DFBBEA2D494BA9
ParentProcessGuid: {8bb50d47-a807-694c-5a01-000000000b00}
ParentProcessId: 3360
ParentImage: C:\Program Files (x86)\Microsoft\EdgeWebView\Application\143.0.3650.96\msedgewebview2.exe
ParentCommandLine: ""C:\Program Files (x86)\Microsoft\EdgeWebView\Application\143.0.3650.96\msedgewebview2.exe"" --embedded-browser-webview=1 --webview-exe-name=Widgets.exe --webview-exe-version=525.18101.20.0 --user-data-dir=""C:\Users\Yomi\AppData\Local\Packages\MicrosoftWindows.Client.WebExperience_cw5n1h2txyewy\LocalState\EBWebView"" --noerrdialogs --disk-cache-size=52428800 --edge-webview-is-background --lang=en-US --mojo-named-platform-channel-pipe=4208.5720.14665482324850265187 /pfhostedapp:af731d5ad7d4765e67dde706345ebf3e93c44d91
ParentUser: WINDOWS11\Yomi","1","5",,"4","1","0","-9223372036854775808","1682","Microsoft-Windows-Sysmon","5770385f-c22a-43e0-bf4c-06f5698ffbd9","Microsoft-Windows-Sysmon/Operational","3164","4264","Windows11","S-1-5-18","12/25/2025 3:57:12 AM",,,"Microsoft-Windows-Sysmon/Operational","System.UInt32[]","System.Diagnostics.Eventing.Reader.EventBookmark","Information","Info","File created (rule: FileCreate)","System.Collections.ObjectModel.ReadOnlyCollection`1[System.String]","System.Collections.Generic.List`1[System.Diagnostics.Eventing.Reader.EventProperty]"
"Process Create:
RuleName: -
UtcTime: 2025-12-25 02:57:12.479
ProcessGuid: {8bb50d47-a808-694c-5c01-000000000b00}
ProcessId: 4272
Image: C:\Program Files (x86)\Microsoft\EdgeWebView\Application\143.0.3650.96\msedgewebview2.exe
FileVersion: 143.0.3650.96
Description: Microsoft Edge WebView2
Product: Microsoft Edge WebView2
Company: Microsoft Corporation
OriginalFileName: msedgewebview2.exe
CommandLine: ""C:\Program Files (x86)\Microsoft\EdgeWebView\Application\143.0.3650.96\msedgewebview2.exe"" --type=gpu-process --noerrdialogs --user-data-dir=""C:\Users\Yomi\AppData\Local\Packages\MicrosoftWindows.Client.WebExperience_cw5n1h2txyewy\LocalState\EBWebView"" --webview-exe-name=Widgets.exe --webview-exe-version=525.18101.20.0 --embedded-browser-webview=1 --no-pre-read-main-dll --gpu-preferences=SAAAAAAAAADgAAAEAAAAAAAAAAAAAGAAAQAAAAAAAAAAAAAAAAAAAAIAAAAAAAAAAAAAAAAAAAAQAAAAAAAAABAAAAAAAAAACAAAAAAAAAAIAAAAAAAAAA== --startup-read-main-dll --metrics-shmem-handle=1660,i,15732247117657039188,17524998131450864788,262144 --field-trial-handle=1836,i,9784927716922941296,7887037873111915213,262144 --variations-seed-version --trace-process-track-uuid=3190708988185955192 --mojo-platform-channel-handle=1840 /prefetch:2 /pfhostedapp:af731d5ad7d4765e67dde706345ebf3e93c44d91
CurrentDirectory: C:\Program Files (x86)\Microsoft\EdgeWebView\Application\143.0.3650.96\
User: WINDOWS11\Yomi
LogonGuid: {8bb50d47-a5bc-694c-864c-020000000000}
LogonId: 0x24C86
TerminalSessionId: 1
IntegrityLevel: Low
Hashes: MD5=B3D8670A1D473BFC160824B84587CF06,SHA256=B0813B5D25A06F4F511A6151DBE5D1E6BFEEA35F4E2245DBC643C87432B9A783,IMPHASH=9ACEBDFAC77931C2B0DFBBEA2D494BA9
ParentProcessGuid: {8bb50d47-a807-694c-5a01-000000000b00}
ParentProcessId: 3360
ParentImage: C:\Program Files (x86)\Microsoft\EdgeWebView\Application\143.0.3650.96\msedgewebview2.exe
ParentCommandLine: ""C:\Program Files (x86)\Microsoft\EdgeWebView\Application\143.0.3650.96\msedgewebview2.exe"" --embedded-browser-webview=1 --webview-exe-name=Widgets.exe --webview-exe-version=525.18101.20.0 --user-data-dir=""C:\Users\Yomi\AppData\Local\Packages\MicrosoftWindows.Client.WebExperience_cw5n1h2txyewy\LocalState\EBWebView"" --noerrdialogs --disk-cache-size=52428800 --edge-webview-is-background --lang=en-US --mojo-named-platform-channel-pipe=4208.5720.14665482324850265187 /pfhostedapp:af731d5ad7d4765e67dde706345ebf3e93c44d91
ParentUser: WINDOWS11\Yomi","1","5",,"4","1","0","-9223372036854775808","1681","Microsoft-Windows-Sysmon","5770385f-c22a-43e0-bf4c-06f5698ffbd9","Microsoft-Windows-Sysmon/Operational","3164","4264","Windows11","S-1-5-18","12/25/2025 3:57:12 AM",,,"Microsoft-Windows-Sysmon/Operational","System.UInt32[]","System.Diagnostics.Eventing.Reader.EventBookmark","Information","Info","File created (rule: FileCreate)","System.Collections.ObjectModel.ReadOnlyCollection`1[System.String]","System.Collections.Generic.List`1[System.Diagnostics.Eventing.Reader.EventProperty]"
"Process Create:
RuleName: -
UtcTime: 2025-12-25 02:57:12.005
ProcessGuid: {8bb50d47-a808-694c-5b01-000000000b00}
ProcessId: 4024
Image: C:\Program Files (x86)\Microsoft\EdgeWebView\Application\143.0.3650.96\msedgewebview2.exe
FileVersion: 143.0.3650.96
Description: Microsoft Edge WebView2
Product: Microsoft Edge WebView2
Company: Microsoft Corporation
OriginalFileName: msedgewebview2.exe
CommandLine: ""C:\Program Files (x86)\Microsoft\EdgeWebView\Application\143.0.3650.96\msedgewebview2.exe"" --type=crashpad-handler --user-data-dir=C:\Users\Yomi\AppData\Local\Packages\MicrosoftWindows.Client.WebExperience_cw5n1h2txyewy\LocalState\EBWebView /prefetch:4 /pfhostedapp:af731d5ad7d4765e67dde706345ebf3e93c44d91 --monitor-self-annotation=ptype=crashpad-handler --database=C:\Users\Yomi\AppData\Local\Packages\MicrosoftWindows.Client.WebExperience_cw5n1h2txyewy\LocalState\EBWebView\Crashpad --annotation=IsOfficialBuild=1 --annotation=channel= --annotation=chromium-version=143.0.7499.147 ""--annotation=exe=C:\Program Files (x86)\Microsoft\EdgeWebView\Application\143.0.3650.96\msedgewebview2.exe"" --annotation=plat=Win64 ""--annotation=prod=Edge WebView2"" --annotation=ver=143.0.3650.96 --initial-client-data=0x178,0x17c,0x180,0x154,0x138,0x7ffc8a3762b8,0x7ffc8a3762c4,0x7ffc8a3762d0
CurrentDirectory: C:\Program Files (x86)\Microsoft\EdgeWebView\Application\143.0.3650.96\
User: WINDOWS11\Yomi
LogonGuid: {8bb50d47-a5bc-694c-864c-020000000000}
LogonId: 0x24C86
TerminalSessionId: 1
IntegrityLevel: Medium
Hashes: MD5=B3D8670A1D473BFC160824B84587CF06,SHA256=B0813B5D25A06F4F511A6151DBE5D1E6BFEEA35F4E2245DBC643C87432B9A783,IMPHASH=9ACEBDFAC77931C2B0DFBBEA2D494BA9
ParentProcessGuid: {8bb50d47-a807-694c-5a01-000000000b00}
ParentProcessId: 3360
ParentImage: C:\Program Files (x86)\Microsoft\EdgeWebView\Application\143.0.3650.96\msedgewebview2.exe
ParentCommandLine: ""C:\Program Files (x86)\Microsoft\EdgeWebView\Application\143.0.3650.96\msedgewebview2.exe"" --embedded-browser-webview=1 --webview-exe-name=Widgets.exe --webview-exe-version=525.18101.20.0 --user-data-dir=""C:\Users\Yomi\AppData\Local\Packages\MicrosoftWindows.Client.WebExperience_cw5n1h2txyewy\LocalState\EBWebView"" --noerrdialogs --disk-cache-size=52428800 --edge-webview-is-background --lang=en-US --mojo-named-platform-channel-pipe=4208.5720.14665482324850265187 /pfhostedapp:af731d5ad7d4765e67dde706345ebf3e93c44d91
ParentUser: WINDOWS11\Yomi","1","5",,"4","1","0","-9223372036854775808","1680","Microsoft-Windows-Sysmon","5770385f-c22a-43e0-bf4c-06f5698ffbd9","Microsoft-Windows-Sysmon/Operational","3164","4264","Windows11","S-1-5-18","12/25/2025 3:57:12 AM",,,"Microsoft-Windows-Sysmon/Operational","System.UInt32[]","System.Diagnostics.Eventing.Reader.EventBookmark","Information","Info","File created (rule: FileCreate)","System.Collections.ObjectModel.ReadOnlyCollection`1[System.String]","System.Collections.Generic.List`1[System.Diagnostics.Eventing.Reader.EventProperty]"
"Process Create:
RuleName: -
UtcTime: 2025-12-25 02:57:11.578
ProcessGuid: {8bb50d47-a807-694c-5a01-000000000b00}
ProcessId: 3360
Image: C:\Program Files (x86)\Microsoft\EdgeWebView\Application\143.0.3650.96\msedgewebview2.exe
FileVersion: 143.0.3650.96
Description: Microsoft Edge WebView2
Product: Microsoft Edge WebView2
Company: Microsoft Corporation
OriginalFileName: msedgewebview2.exe
CommandLine: ""C:\Program Files (x86)\Microsoft\EdgeWebView\Application\143.0.3650.96\msedgewebview2.exe"" --embedded-browser-webview=1 --webview-exe-name=Widgets.exe --webview-exe-version=525.18101.20.0 --user-data-dir=""C:\Users\Yomi\AppData\Local\Packages\MicrosoftWindows.Client.WebExperience_cw5n1h2txyewy\LocalState\EBWebView"" --noerrdialogs --disk-cache-size=52428800 --edge-webview-is-background --lang=en-US --mojo-named-platform-channel-pipe=4208.5720.14665482324850265187 /pfhostedapp:af731d5ad7d4765e67dde706345ebf3e93c44d91
CurrentDirectory: C:\WINDOWS\system32\
User: WINDOWS11\Yomi
LogonGuid: {8bb50d47-a5bc-694c-864c-020000000000}
LogonId: 0x24C86
TerminalSessionId: 1
IntegrityLevel: Medium
Hashes: MD5=B3D8670A1D473BFC160824B84587CF06,SHA256=B0813B5D25A06F4F511A6151DBE5D1E6BFEEA35F4E2245DBC643C87432B9A783,IMPHASH=9ACEBDFAC77931C2B0DFBBEA2D494BA9
ParentProcessGuid: {8bb50d47-a803-694c-5601-000000000b00}
ParentProcessId: 4208
ParentImage: C:\Program Files\WindowsApps\MicrosoftWindows.Client.WebExperience_525.18101.90.9_x64__cw5n1h2txyewy\Dashboard\Widgets.exe
ParentCommandLine: ""C:\Program Files\WindowsApps\MicrosoftWindows.Client.WebExperience_525.18101.90.9_x64__cw5n1h2txyewy\Dashboard\Widgets.exe"" -ServerName:Microsoft.Windows.DashboardServer
ParentUser: WINDOWS11\Yomi","1","5",,"4","1","0","-9223372036854775808","1679","Microsoft-Windows-Sysmon","5770385f-c22a-43e0-bf4c-06f5698ffbd9","Microsoft-Windows-Sysmon/Operational","3164","4264","Windows11","S-1-5-18","12/25/2025 3:57:11 AM",,,"Microsoft-Windows-Sysmon/Operational","System.UInt32[]","System.Diagnostics.Eventing.Reader.EventBookmark","Information","Info","File created (rule: FileCreate)","System.Collections.ObjectModel.ReadOnlyCollection`1[System.String]","System.Collections.Generic.List`1[System.Diagnostics.Eventing.Reader.EventProperty]"
"Process Create:
RuleName: -
UtcTime: 2025-12-25 02:57:08.663
ProcessGuid: {8bb50d47-a804-694c-5701-000000000b00}
ProcessId: 1452
Image: C:\Program Files\WindowsApps\Microsoft.WidgetsPlatformRuntime_1.6.2.0_x64__8wekyb3d8bbwe\WidgetService\WidgetService.exe
FileVersion: 0.5.0.0
Description: WidgetService.exe
Product: Widgets Platform Runtime
Company: Microsoft Corporation
OriginalFileName: WidgetService.exe
CommandLine: ""C:\Program Files\WindowsApps\Microsoft.WidgetsPlatformRuntime_1.6.2.0_x64__8wekyb3d8bbwe\WidgetService\WidgetService.exe"" -RegisterProcessAsComServer -Embedding
CurrentDirectory: C:\WINDOWS\system32\
User: WINDOWS11\Yomi
LogonGuid: {8bb50d47-a5bc-694c-864c-020000000000}
LogonId: 0x24C86
TerminalSessionId: 1
IntegrityLevel: Medium
Hashes: MD5=035BBF7BADE95A68863D179F16B39F12,SHA256=6B461F80456244E0684CD1C75E14B572D37AF79C6951AA93ED3FF53B2DAFDDAD,IMPHASH=5A7730A9EDFDB7256D3229753A2E26F3
ParentProcessGuid: {8bb50d47-a5a9-694c-0f00-000000000b00}
ParentProcessId: 484
ParentImage: C:\Windows\System32\svchost.exe
ParentCommandLine: C:\WINDOWS\system32\svchost.exe -k DcomLaunch -p
ParentUser: NT AUTHORITY\SYSTEM","1","5",,"4","1","0","-9223372036854775808","1678","Microsoft-Windows-Sysmon","5770385f-c22a-43e0-bf4c-06f5698ffbd9","Microsoft-Windows-Sysmon/Operational","3164","4264","Windows11","S-1-5-18","12/25/2025 3:57:08 AM",,,"Microsoft-Windows-Sysmon/Operational","System.UInt32[]","System.Diagnostics.Eventing.Reader.EventBookmark","Information","Info","File created (rule: FileCreate)","System.Collections.ObjectModel.ReadOnlyCollection`1[System.String]","System.Collections.Generic.List`1[System.Diagnostics.Eventing.Reader.EventProperty]"
"Process Create:
RuleName: -
UtcTime: 2025-12-25 02:57:07.867
ProcessGuid: {8bb50d47-a803-694c-5601-000000000b00}
ProcessId: 4208
Image: C:\Program Files\WindowsApps\MicrosoftWindows.Client.WebExperience_525.18101.90.9_x64__cw5n1h2txyewy\Dashboard\Widgets.exe
FileVersion: 525.18101.20.0
Description: -
Product: Microsoft? Windows? Operating System
Company: Microsoft Corporation
OriginalFileName: Widgets.exe
CommandLine: ""C:\Program Files\WindowsApps\MicrosoftWindows.Client.WebExperience_525.18101.90.9_x64__cw5n1h2txyewy\Dashboard\Widgets.exe"" -ServerName:Microsoft.Windows.DashboardServer
CurrentDirectory: C:\WINDOWS\system32\
User: WINDOWS11\Yomi
LogonGuid: {8bb50d47-a5bc-694c-864c-020000000000}
LogonId: 0x24C86
TerminalSessionId: 1
IntegrityLevel: Medium
Hashes: MD5=D87E8BF5E8893D505296613E5C5BFBAD,SHA256=2491395EE9D285AF230E8ECD768FE22BCE5B6BC064E26A99540F8F99A847E26E,IMPHASH=B65B994C149BCD4DC0152105BB48BA0F
ParentProcessGuid: {8bb50d47-a5a9-694c-0f00-000000000b00}
ParentProcessId: 484
ParentImage: C:\Windows\System32\svchost.exe
ParentCommandLine: C:\WINDOWS\system32\svchost.exe -k DcomLaunch -p
ParentUser: NT AUTHORITY\SYSTEM","1","5",,"4","1","0","-9223372036854775808","1677","Microsoft-Windows-Sysmon","5770385f-c22a-43e0-bf4c-06f5698ffbd9","Microsoft-Windows-Sysmon/Operational","3164","4264","Windows11","S-1-5-18","12/25/2025 3:57:07 AM",,,"Microsoft-Windows-Sysmon/Operational","System.UInt32[]","System.Diagnostics.Eventing.Reader.EventBookmark","Information","Info","File created (rule: FileCreate)","System.Collections.ObjectModel.ReadOnlyCollection`1[System.String]","System.Collections.Generic.List`1[System.Diagnostics.Eventing.Reader.EventProperty]"
"Dns query:
