RuleName: T1031,T1050
EventType: SetValue
UtcTime: 2025-12-25 10:31:07.119
ProcessGuid: {8bb50d47-11d4-694d-0b00-000000000c00}
ProcessId: 856
Image: C:\WINDOWS\system32\services.exe
TargetObject: HKLM\System\CurrentControlSet\Services\NPSMSvc_8aa30\Start
Details: DWORD (0x00000003)
User: NT AUTHORITY\SYSTEM","13","2",,"4","13","0","-9223372036854775808","1926","Microsoft-Windows-Sysmon","5770385f-c22a-43e0-bf4c-06f5698ffbd9","Microsoft-Windows-Sysmon/Operational","3580","4288","Windows11","S-1-5-18","12/25/2025 11:31:07 AM",,,"Microsoft-Windows-Sysmon/Operational","System.UInt32[]","System.Diagnostics.Eventing.Reader.EventBookmark","Information","Info","File created (rule: FileCreate)","System.Collections.ObjectModel.ReadOnlyCollection`1[System.String]","System.Collections.Generic.List`1[System.Diagnostics.Eventing.Reader.EventProperty]"
"Registry value set:
RuleName: T1031,T1050
EventType: SetValue
UtcTime: 2025-12-25 10:31:07.115
ProcessGuid: {8bb50d47-11d4-694d-0b00-000000000c00}
ProcessId: 856
Image: C:\WINDOWS\system32\services.exe
TargetObject: HKLM\System\CurrentControlSet\Services\MessagingService_8aa30\ImagePath
Details: C:\WINDOWS\system32\svchost.exe -k UnistackSvcGroup
User: NT AUTHORITY\SYSTEM","13","2",,"4","13","0","-9223372036854775808","1925","Microsoft-Windows-Sysmon","5770385f-c22a-43e0-bf4c-06f5698ffbd9","Microsoft-Windows-Sysmon/Operational","3580","4288","Windows11","S-1-5-18","12/25/2025 11:31:07 AM",,,"Microsoft-Windows-Sysmon/Operational","System.UInt32[]","System.Diagnostics.Eventing.Reader.EventBookmark","Information","Info","File created (rule: FileCreate)","System.Collections.ObjectModel.ReadOnlyCollection`1[System.String]","System.Collections.Generic.List`1[System.Diagnostics.Eventing.Reader.EventProperty]"
"Registry value set:
RuleName: T1031,T1050
EventType: SetValue
UtcTime: 2025-12-25 10:31:07.114
ProcessGuid: {8bb50d47-11d4-694d-0b00-000000000c00}
ProcessId: 856
Image: C:\WINDOWS\system32\services.exe
TargetObject: HKLM\System\CurrentControlSet\Services\MessagingService_8aa30\Start
Details: DWORD (0x00000003)
User: NT AUTHORITY\SYSTEM","13","2",,"4","13","0","-9223372036854775808","1924","Microsoft-Windows-Sysmon","5770385f-c22a-43e0-bf4c-06f5698ffbd9","Microsoft-Windows-Sysmon/Operational","3580","4288","Windows11","S-1-5-18","12/25/2025 11:31:07 AM",,,"Microsoft-Windows-Sysmon/Operational","System.UInt32[]","System.Diagnostics.Eventing.Reader.EventBookmark","Information","Info","File created (rule: FileCreate)","System.Collections.ObjectModel.ReadOnlyCollection`1[System.String]","System.Collections.Generic.List`1[System.Diagnostics.Eventing.Reader.EventProperty]"
"Registry value set:
RuleName: T1031,T1050
EventType: SetValue
UtcTime: 2025-12-25 10:31:07.111
ProcessGuid: {8bb50d47-11d4-694d-0b00-000000000c00}
ProcessId: 856
Image: C:\WINDOWS\system32\services.exe
TargetObject: HKLM\System\CurrentControlSet\Services\DevicesFlowUserSvc_8aa30\ImagePath
Details: C:\WINDOWS\system32\svchost.exe -k DevicesFlow
User: NT AUTHORITY\SYSTEM","13","2",,"4","13","0","-9223372036854775808","1923","Microsoft-Windows-Sysmon","5770385f-c22a-43e0-bf4c-06f5698ffbd9","Microsoft-Windows-Sysmon/Operational","3580","4288","Windows11","S-1-5-18","12/25/2025 11:31:07 AM",,,"Microsoft-Windows-Sysmon/Operational","System.UInt32[]","System.Diagnostics.Eventing.Reader.EventBookmark","Information","Info","File created (rule: FileCreate)","System.Collections.ObjectModel.ReadOnlyCollection`1[System.String]","System.Collections.Generic.List`1[System.Diagnostics.Eventing.Reader.EventProperty]"
"Registry value set:
RuleName: T1031,T1050
EventType: SetValue
UtcTime: 2025-12-25 10:31:07.111
ProcessGuid: {8bb50d47-11d4-694d-0b00-000000000c00}
ProcessId: 856
Image: C:\WINDOWS\system32\services.exe
TargetObject: HKLM\System\CurrentControlSet\Services\DevicesFlowUserSvc_8aa30\Start
Details: DWORD (0x00000003)
User: NT AUTHORITY\SYSTEM","13","2",,"4","13","0","-9223372036854775808","1922","Microsoft-Windows-Sysmon","5770385f-c22a-43e0-bf4c-06f5698ffbd9","Microsoft-Windows-Sysmon/Operational","3580","4288","Windows11","S-1-5-18","12/25/2025 11:31:07 AM",,,"Microsoft-Windows-Sysmon/Operational","System.UInt32[]","System.Diagnostics.Eventing.Reader.EventBookmark","Information","Info","File created (rule: FileCreate)","System.Collections.ObjectModel.ReadOnlyCollection`1[System.String]","System.Collections.Generic.List`1[System.Diagnostics.Eventing.Reader.EventProperty]"
"Registry value set:
RuleName: T1031,T1050
EventType: SetValue
UtcTime: 2025-12-25 10:31:07.107
ProcessGuid: {8bb50d47-11d4-694d-0b00-000000000c00}
ProcessId: 856
Image: C:\WINDOWS\system32\services.exe
TargetObject: HKLM\System\CurrentControlSet\Services\DevicePickerUserSvc_8aa30\ImagePath
Details: C:\WINDOWS\system32\svchost.exe -k DevicesFlow
User: NT AUTHORITY\SYSTEM","13","2",,"4","13","0","-9223372036854775808","1921","Microsoft-Windows-Sysmon","5770385f-c22a-43e0-bf4c-06f5698ffbd9","Microsoft-Windows-Sysmon/Operational","3580","4288","Windows11","S-1-5-18","12/25/2025 11:31:07 AM",,,"Microsoft-Windows-Sysmon/Operational","System.UInt32[]","System.Diagnostics.Eventing.Reader.EventBookmark","Information","Info","File created (rule: FileCreate)","System.Collections.ObjectModel.ReadOnlyCollection`1[System.String]","System.Collections.Generic.List`1[System.Diagnostics.Eventing.Reader.EventProperty]"
"Registry value set:
RuleName: T1031,T1050
EventType: SetValue
UtcTime: 2025-12-25 10:31:07.107
ProcessGuid: {8bb50d47-11d4-694d-0b00-000000000c00}
ProcessId: 856
Image: C:\WINDOWS\system32\services.exe
TargetObject: HKLM\System\CurrentControlSet\Services\DevicePickerUserSvc_8aa30\Start
Details: DWORD (0x00000003)
User: NT AUTHORITY\SYSTEM","13","2",,"4","13","0","-9223372036854775808","1920","Microsoft-Windows-Sysmon","5770385f-c22a-43e0-bf4c-06f5698ffbd9","Microsoft-Windows-Sysmon/Operational","3580","4288","Windows11","S-1-5-18","12/25/2025 11:31:07 AM",,,"Microsoft-Windows-Sysmon/Operational","System.UInt32[]","System.Diagnostics.Eventing.Reader.EventBookmark","Information","Info","File created (rule: FileCreate)","System.Collections.ObjectModel.ReadOnlyCollection`1[System.String]","System.Collections.Generic.List`1[System.Diagnostics.Eventing.Reader.EventProperty]"
"Registry value set:
RuleName: T1031,T1050
EventType: SetValue
UtcTime: 2025-12-25 10:31:07.101
ProcessGuid: {8bb50d47-11d4-694d-0b00-000000000c00}
ProcessId: 856
Image: C:\WINDOWS\system32\services.exe
TargetObject: HKLM\System\CurrentControlSet\Services\DeviceAssociationBrokerSvc_8aa30\ImagePath
Details: C:\WINDOWS\system32\svchost.exe -k DevicesFlow -p
User: NT AUTHORITY\SYSTEM","13","2",,"4","13","0","-9223372036854775808","1919","Microsoft-Windows-Sysmon","5770385f-c22a-43e0-bf4c-06f5698ffbd9","Microsoft-Windows-Sysmon/Operational","3580","4288","Windows11","S-1-5-18","12/25/2025 11:31:07 AM",,,"Microsoft-Windows-Sysmon/Operational","System.UInt32[]","System.Diagnostics.Eventing.Reader.EventBookmark","Information","Info","File created (rule: FileCreate)","System.Collections.ObjectModel.ReadOnlyCollection`1[System.String]","System.Collections.Generic.List`1[System.Diagnostics.Eventing.Reader.EventProperty]"
"Registry value set:
RuleName: T1031,T1050
EventType: SetValue
UtcTime: 2025-12-25 10:31:07.101
ProcessGuid: {8bb50d47-11d4-694d-0b00-000000000c00}
ProcessId: 856
Image: C:\WINDOWS\system32\services.exe
TargetObject: HKLM\System\CurrentControlSet\Services\DeviceAssociationBrokerSvc_8aa30\Start
Details: DWORD (0x00000003)
User: NT AUTHORITY\SYSTEM","13","2",,"4","13","0","-9223372036854775808","1918","Microsoft-Windows-Sysmon","5770385f-c22a-43e0-bf4c-06f5698ffbd9","Microsoft-Windows-Sysmon/Operational","3580","4288","Windows11","S-1-5-18","12/25/2025 11:31:07 AM",,,"Microsoft-Windows-Sysmon/Operational","System.UInt32[]","System.Diagnostics.Eventing.Reader.EventBookmark","Information","Info","File created (rule: FileCreate)","System.Collections.ObjectModel.ReadOnlyCollection`1[System.String]","System.Collections.Generic.List`1[System.Diagnostics.Eventing.Reader.EventProperty]"
"Registry value set:
RuleName: T1031,T1050
EventType: SetValue
UtcTime: 2025-12-25 10:31:07.092
ProcessGuid: {8bb50d47-11d4-694d-0b00-000000000c00}
ProcessId: 856
Image: C:\WINDOWS\system32\services.exe
TargetObject: HKLM\System\CurrentControlSet\Services\CredentialEnrollmentManagerUserSvc_8aa30\ImagePath
Details: C:\WINDOWS\system32\CredentialEnrollmentManager.exe
User: NT AUTHORITY\SYSTEM","13","2",,"4","13","0","-9223372036854775808","1917","Microsoft-Windows-Sysmon","5770385f-c22a-43e0-bf4c-06f5698ffbd9","Microsoft-Windows-Sysmon/Operational","3580","4288","Windows11","S-1-5-18","12/25/2025 11:31:07 AM",,,"Microsoft-Windows-Sysmon/Operational","System.UInt32[]","System.Diagnostics.Eventing.Reader.EventBookmark","Information","Info","File created (rule: FileCreate)","System.Collections.ObjectModel.ReadOnlyCollection`1[System.String]","System.Collections.Generic.List`1[System.Diagnostics.Eventing.Reader.EventProperty]"
"Registry value set:
RuleName: T1031,T1050
EventType: SetValue
UtcTime: 2025-12-25 10:31:07.090
ProcessGuid: {8bb50d47-11d4-694d-0b00-000000000c00}
ProcessId: 856
Image: C:\WINDOWS\system32\services.exe
TargetObject: HKLM\System\CurrentControlSet\Services\CredentialEnrollmentManagerUserSvc_8aa30\Start
Details: DWORD (0x00000003)
User: NT AUTHORITY\SYSTEM","13","2",,"4","13","0","-9223372036854775808","1916","Microsoft-Windows-Sysmon","5770385f-c22a-43e0-bf4c-06f5698ffbd9","Microsoft-Windows-Sysmon/Operational","3580","4288","Windows11","S-1-5-18","12/25/2025 11:31:07 AM",,,"Microsoft-Windows-Sysmon/Operational","System.UInt32[]","System.Diagnostics.Eventing.Reader.EventBookmark","Information","Info","File created (rule: FileCreate)","System.Collections.ObjectModel.ReadOnlyCollection`1[System.String]","System.Collections.Generic.List`1[System.Diagnostics.Eventing.Reader.EventProperty]"
"Registry value set:
RuleName: T1031,T1050
EventType: SetValue
UtcTime: 2025-12-25 10:31:07.084
ProcessGuid: {8bb50d47-11d4-694d-0b00-000000000c00}
ProcessId: 856
Image: C:\WINDOWS\system32\services.exe
TargetObject: HKLM\System\CurrentControlSet\Services\ConsentUxUserSvc_8aa30\ImagePath
Details: C:\WINDOWS\system32\svchost.exe -k DevicesFlow
User: NT AUTHORITY\SYSTEM","13","2",,"4","13","0","-9223372036854775808","1915","Microsoft-Windows-Sysmon","5770385f-c22a-43e0-bf4c-06f5698ffbd9","Microsoft-Windows-Sysmon/Operational","3580","4288","Windows11","S-1-5-18","12/25/2025 11:31:07 AM",,,"Microsoft-Windows-Sysmon/Operational","System.UInt32[]","System.Diagnostics.Eventing.Reader.EventBookmark","Information","Info","File created (rule: FileCreate)","System.Collections.ObjectModel.ReadOnlyCollection`1[System.String]","System.Collections.Generic.List`1[System.Diagnostics.Eventing.Reader.EventProperty]"
"Registry value set:
RuleName: T1031,T1050
EventType: SetValue
UtcTime: 2025-12-25 10:31:07.081
ProcessGuid: {8bb50d47-11d4-694d-0b00-000000000c00}
ProcessId: 856
Image: C:\WINDOWS\system32\services.exe
TargetObject: HKLM\System\CurrentControlSet\Services\ConsentUxUserSvc_8aa30\Start
Details: DWORD (0x00000003)
User: NT AUTHORITY\SYSTEM","13","2",,"4","13","0","-9223372036854775808","1914","Microsoft-Windows-Sysmon","5770385f-c22a-43e0-bf4c-06f5698ffbd9","Microsoft-Windows-Sysmon/Operational","3580","4288","Windows11","S-1-5-18","12/25/2025 11:31:07 AM",,,"Microsoft-Windows-Sysmon/Operational","System.UInt32[]","System.Diagnostics.Eventing.Reader.EventBookmark","Information","Info","File created (rule: FileCreate)","System.Collections.ObjectModel.ReadOnlyCollection`1[System.String]","System.Collections.Generic.List`1[System.Diagnostics.Eventing.Reader.EventProperty]"
"Registry value set:
RuleName: T1031,T1050
EventType: SetValue
UtcTime: 2025-12-25 10:31:07.070
ProcessGuid: {8bb50d47-11d4-694d-0b00-000000000c00}
ProcessId: 856
Image: C:\WINDOWS\system32\services.exe
TargetObject: HKLM\System\CurrentControlSet\Services\CloudBackupRestoreSvc_8aa30\ImagePath
Details: C:\WINDOWS\system32\svchost.exe -k UnistackSvcGroup
User: NT AUTHORITY\SYSTEM","13","2",,"4","13","0","-9223372036854775808","1913","Microsoft-Windows-Sysmon","5770385f-c22a-43e0-bf4c-06f5698ffbd9","Microsoft-Windows-Sysmon/Operational","3580","4288","Windows11","S-1-5-18","12/25/2025 11:31:07 AM",,,"Microsoft-Windows-Sysmon/Operational","System.UInt32[]","System.Diagnostics.Eventing.Reader.EventBookmark","Information","Info","File created (rule: FileCreate)","System.Collections.ObjectModel.ReadOnlyCollection`1[System.String]","System.Collections.Generic.List`1[System.Diagnostics.Eventing.Reader.EventProperty]"
"Registry value set:
RuleName: T1031,T1050
EventType: SetValue
UtcTime: 2025-12-25 10:31:07.070
ProcessGuid: {8bb50d47-11d4-694d-0b00-000000000c00}
ProcessId: 856
Image: C:\WINDOWS\system32\services.exe
TargetObject: HKLM\System\CurrentControlSet\Services\CloudBackupRestoreSvc_8aa30\Start
Details: DWORD (0x00000003)
User: NT AUTHORITY\SYSTEM","13","2",,"4","13","0","-9223372036854775808","1912","Microsoft-Windows-Sysmon","5770385f-c22a-43e0-bf4c-06f5698ffbd9","Microsoft-Windows-Sysmon/Operational","3580","4288","Windows11","S-1-5-18","12/25/2025 11:31:07 AM",,,"Microsoft-Windows-Sysmon/Operational","System.UInt32[]","System.Diagnostics.Eventing.Reader.EventBookmark","Information","Info","File created (rule: FileCreate)","System.Collections.ObjectModel.ReadOnlyCollection`1[System.String]","System.Collections.Generic.List`1[System.Diagnostics.Eventing.Reader.EventProperty]"
"Registry value set:
RuleName: T1031,T1050
EventType: SetValue
UtcTime: 2025-12-25 10:31:07.064
ProcessGuid: {8bb50d47-11d4-694d-0b00-000000000c00}
ProcessId: 856
Image: C:\WINDOWS\system32\services.exe
TargetObject: HKLM\System\CurrentControlSet\Services\CDPUserSvc_8aa30\ImagePath
Details: C:\WINDOWS\system32\svchost.exe -k UnistackSvcGroup
User: NT AUTHORITY\SYSTEM","13","2",,"4","13","0","-9223372036854775808","1911","Microsoft-Windows-Sysmon","5770385f-c22a-43e0-bf4c-06f5698ffbd9","Microsoft-Windows-Sysmon/Operational","3580","4288","Windows11","S-1-5-18","12/25/2025 11:31:07 AM",,,"Microsoft-Windows-Sysmon/Operational","System.UInt32[]","System.Diagnostics.Eventing.Reader.EventBookmark","Information","Info","File created (rule: FileCreate)","System.Collections.ObjectModel.ReadOnlyCollection`1[System.String]","System.Collections.Generic.List`1[System.Diagnostics.Eventing.Reader.EventProperty]"
"Registry value set:
RuleName: T1031,T1050
EventType: SetValue
UtcTime: 2025-12-25 10:31:07.064
ProcessGuid: {8bb50d47-11d4-694d-0b00-000000000c00}
ProcessId: 856
Image: C:\WINDOWS\system32\services.exe
TargetObject: HKLM\System\CurrentControlSet\Services\CDPUserSvc_8aa30\Start
Details: DWORD (0x00000002)
User: NT AUTHORITY\SYSTEM","13","2",,"4","13","0","-9223372036854775808","1910","Microsoft-Windows-Sysmon","5770385f-c22a-43e0-bf4c-06f5698ffbd9","Microsoft-Windows-Sysmon/Operational","3580","4288","Windows11","S-1-5-18","12/25/2025 11:31:07 AM",,,"Microsoft-Windows-Sysmon/Operational","System.UInt32[]","System.Diagnostics.Eventing.Reader.EventBookmark","Information","Info","File created (rule: FileCreate)","System.Collections.ObjectModel.ReadOnlyCollection`1[System.String]","System.Collections.Generic.List`1[System.Diagnostics.Eventing.Reader.EventProperty]"
"Registry value set:
RuleName: T1031,T1050
EventType: SetValue
UtcTime: 2025-12-25 10:31:07.055
ProcessGuid: {8bb50d47-11d4-694d-0b00-000000000c00}
ProcessId: 856
Image: C:\WINDOWS\system32\services.exe
TargetObject: HKLM\System\CurrentControlSet\Services\cbdhsvc_8aa30\ImagePath
Details: C:\WINDOWS\system32\svchost.exe -k ClipboardSvcGroup -p
User: NT AUTHORITY\SYSTEM","13","2",,"4","13","0","-9223372036854775808","1909","Microsoft-Windows-Sysmon","5770385f-c22a-43e0-bf4c-06f5698ffbd9","Microsoft-Windows-Sysmon/Operational","3580","4288","Windows11","S-1-5-18","12/25/2025 11:31:07 AM",,,"Microsoft-Windows-Sysmon/Operational","System.UInt32[]","System.Diagnostics.Eventing.Reader.EventBookmark","Information","Info","File created (rule: FileCreate)","System.Collections.ObjectModel.ReadOnlyCollection`1[System.String]","System.Collections.Generic.List`1[System.Diagnostics.Eventing.Reader.EventProperty]"
"Registry value set:
RuleName: T1031,T1050
EventType: SetValue
UtcTime: 2025-12-25 10:31:07.055
ProcessGuid: {8bb50d47-11d4-694d-0b00-000000000c00}
ProcessId: 856
Image: C:\WINDOWS\system32\services.exe
TargetObject: HKLM\System\CurrentControlSet\Services\cbdhsvc_8aa30\Start
Details: DWORD (0x00000002)
User: NT AUTHORITY\SYSTEM","13","2",,"4","13","0","-9223372036854775808","1908","Microsoft-Windows-Sysmon","5770385f-c22a-43e0-bf4c-06f5698ffbd9","Microsoft-Windows-Sysmon/Operational","3580","4288","Windows11","S-1-5-18","12/25/2025 11:31:07 AM",,,"Microsoft-Windows-Sysmon/Operational","System.UInt32[]","System.Diagnostics.Eventing.Reader.EventBookmark","Information","Info","File created (rule: FileCreate)","System.Collections.ObjectModel.ReadOnlyCollection`1[System.String]","System.Collections.Generic.List`1[System.Diagnostics.Eventing.Reader.EventProperty]"
"Registry value set:
RuleName: T1031,T1050
EventType: SetValue
UtcTime: 2025-12-25 10:31:07.048
ProcessGuid: {8bb50d47-11d4-694d-0b00-000000000c00}
ProcessId: 856
Image: C:\WINDOWS\system32\services.exe
TargetObject: HKLM\System\CurrentControlSet\Services\CaptureService_8aa30\ImagePath
Details: C:\WINDOWS\system32\svchost.exe -k LocalService -p
User: NT AUTHORITY\SYSTEM","13","2",,"4","13","0","-9223372036854775808","1907","Microsoft-Windows-Sysmon","5770385f-c22a-43e0-bf4c-06f5698ffbd9","Microsoft-Windows-Sysmon/Operational","3580","4288","Windows11","S-1-5-18","12/25/2025 11:31:07 AM",,,"Microsoft-Windows-Sysmon/Operational","System.UInt32[]","System.Diagnostics.Eventing.Reader.EventBookmark","Information","Info","File created (rule: FileCreate)","System.Collections.ObjectModel.ReadOnlyCollection`1[System.String]","System.Collections.Generic.List`1[System.Diagnostics.Eventing.Reader.EventProperty]"
"Registry value set:
RuleName: T1031,T1050
EventType: SetValue
UtcTime: 2025-12-25 10:31:07.048
ProcessGuid: {8bb50d47-11d4-694d-0b00-000000000c00}
ProcessId: 856
Image: C:\WINDOWS\system32\services.exe
TargetObject: HKLM\System\CurrentControlSet\Services\CaptureService_8aa30\Start
Details: DWORD (0x00000003)
User: NT AUTHORITY\SYSTEM","13","2",,"4","13","0","-9223372036854775808","1906","Microsoft-Windows-Sysmon","5770385f-c22a-43e0-bf4c-06f5698ffbd9","Microsoft-Windows-Sysmon/Operational","3580","4288","Windows11","S-1-5-18","12/25/2025 11:31:07 AM",,,"Microsoft-Windows-Sysmon/Operational","System.UInt32[]","System.Diagnostics.Eventing.Reader.EventBookmark","Information","Info","File created (rule: FileCreate)","System.Collections.ObjectModel.ReadOnlyCollection`1[System.String]","System.Collections.Generic.List`1[System.Diagnostics.Eventing.Reader.EventProperty]"
"Registry value set:
RuleName: T1031,T1050
EventType: SetValue
UtcTime: 2025-12-25 10:31:07.034
ProcessGuid: {8bb50d47-11d4-694d-0b00-000000000c00}
ProcessId: 856
Image: C:\WINDOWS\system32\services.exe
TargetObject: HKLM\System\CurrentControlSet\Services\BluetoothUserService_8aa30\ImagePath
Details: C:\WINDOWS\system32\svchost.exe -k BthAppGroup -p
User: NT AUTHORITY\SYSTEM","13","2",,"4","13","0","-9223372036854775808","1905","Microsoft-Windows-Sysmon","5770385f-c22a-43e0-bf4c-06f5698ffbd9","Microsoft-Windows-Sysmon/Operational","3580","4288","Windows11","S-1-5-18","12/25/2025 11:31:07 AM",,,"Microsoft-Windows-Sysmon/Operational","System.UInt32[]","System.Diagnostics.Eventing.Reader.EventBookmark","Information","Info","File created (rule: FileCreate)","System.Collections.ObjectModel.ReadOnlyCollection`1[System.String]","System.Collections.Generic.List`1[System.Diagnostics.Eventing.Reader.EventProperty]"
"Registry value set:
RuleName: T1031,T1050
EventType: SetValue
UtcTime: 2025-12-25 10:31:07.034
ProcessGuid: {8bb50d47-11d4-694d-0b00-000000000c00}
ProcessId: 856
Image: C:\WINDOWS\system32\services.exe
TargetObject: HKLM\System\CurrentControlSet\Services\BluetoothUserService_8aa30\Start
Details: DWORD (0x00000003)
User: NT AUTHORITY\SYSTEM","13","2",,"4","13","0","-9223372036854775808","1904","Microsoft-Windows-Sysmon","5770385f-c22a-43e0-bf4c-06f5698ffbd9","Microsoft-Windows-Sysmon/Operational","3580","4288","Windows11","S-1-5-18","12/25/2025 11:31:07 AM",,,"Microsoft-Windows-Sysmon/Operational","System.UInt32[]","System.Diagnostics.Eventing.Reader.EventBookmark","Information","Info","File created (rule: FileCreate)","System.Collections.ObjectModel.ReadOnlyCollection`1[System.String]","System.Collections.Generic.List`1[System.Diagnostics.Eventing.Reader.EventProperty]"
"Registry value set:
RuleName: T1031,T1050
EventType: SetValue
UtcTime: 2025-12-25 10:31:07.027
ProcessGuid: {8bb50d47-11d4-694d-0b00-000000000c00}
ProcessId: 856
Image: C:\WINDOWS\system32\services.exe
TargetObject: HKLM\System\CurrentControlSet\Services\BcastDVRUserService_8aa30\ImagePath
Details: C:\WINDOWS\system32\svchost.exe -k BcastDVRUserService
User: NT AUTHORITY\SYSTEM","13","2",,"4","13","0","-9223372036854775808","1903","Microsoft-Windows-Sysmon","5770385f-c22a-43e0-bf4c-06f5698ffbd9","Microsoft-Windows-Sysmon/Operational","3580","4288","Windows11","S-1-5-18","12/25/2025 11:31:07 AM",,,"Microsoft-Windows-Sysmon/Operational","System.UInt32[]","System.Diagnostics.Eventing.Reader.EventBookmark","Information","Info","File created (rule: FileCreate)","System.Collections.ObjectModel.ReadOnlyCollection`1[System.String]","System.Collections.Generic.List`1[System.Diagnostics.Eventing.Reader.EventProperty]"
"Registry value set:
RuleName: T1031,T1050
EventType: SetValue
UtcTime: 2025-12-25 10:31:07.027
ProcessGuid: {8bb50d47-11d4-694d-0b00-000000000c00}
ProcessId: 856
Image: C:\WINDOWS\system32\services.exe
TargetObject: HKLM\System\CurrentControlSet\Services\BcastDVRUserService_8aa30\Start
Details: DWORD (0x00000003)
User: NT AUTHORITY\SYSTEM","13","2",,"4","13","0","-9223372036854775808","1902","Microsoft-Windows-Sysmon","5770385f-c22a-43e0-bf4c-06f5698ffbd9","Microsoft-Windows-Sysmon/Operational","3580","4288","Windows11","S-1-5-18","12/25/2025 11:31:07 AM",,,"Microsoft-Windows-Sysmon/Operational","System.UInt32[]","System.Diagnostics.Eventing.Reader.EventBookmark","Information","Info","File created (rule: FileCreate)","System.Collections.ObjectModel.ReadOnlyCollection`1[System.String]","System.Collections.Generic.List`1[System.Diagnostics.Eventing.Reader.EventProperty]"
"Registry value set:
RuleName: T1031,T1050
EventType: SetValue
UtcTime: 2025-12-25 10:31:07.021
ProcessGuid: {8bb50d47-11d4-694d-0b00-000000000c00}
ProcessId: 856
Image: C:\WINDOWS\system32\services.exe
TargetObject: HKLM\System\CurrentControlSet\Services\AarSvc_8aa30\ImagePath
Details: C:\WINDOWS\system32\svchost.exe -k AarSvcGroup -p
User: NT AUTHORITY\SYSTEM","13","2",,"4","13","0","-9223372036854775808","1901","Microsoft-Windows-Sysmon","5770385f-c22a-43e0-bf4c-06f5698ffbd9","Microsoft-Windows-Sysmon/Operational","3580","4288","Windows11","S-1-5-18","12/25/2025 11:31:07 AM",,,"Microsoft-Windows-Sysmon/Operational","System.UInt32[]","System.Diagnostics.Eventing.Reader.EventBookmark","Information","Info","File created (rule: FileCreate)","System.Collections.ObjectModel.ReadOnlyCollection`1[System.String]","System.Collections.Generic.List`1[System.Diagnostics.Eventing.Reader.EventProperty]"
"Registry value set:
RuleName: T1031,T1050
EventType: SetValue
UtcTime: 2025-12-25 10:31:07.021
ProcessGuid: {8bb50d47-11d4-694d-0b00-000000000c00}
ProcessId: 856
Image: C:\WINDOWS\system32\services.exe
TargetObject: HKLM\System\CurrentControlSet\Services\AarSvc_8aa30\Start
Details: DWORD (0x00000003)
User: NT AUTHORITY\SYSTEM","13","2",,"4","13","0","-9223372036854775808","1900","Microsoft-Windows-Sysmon","5770385f-c22a-43e0-bf4c-06f5698ffbd9","Microsoft-Windows-Sysmon/Operational","3580","4288","Windows11","S-1-5-18","12/25/2025 11:31:07 AM",,,"Microsoft-Windows-Sysmon/Operational","System.UInt32[]","System.Diagnostics.Eventing.Reader.EventBookmark","Information","Info","File created (rule: FileCreate)","System.Collections.ObjectModel.ReadOnlyCollection`1[System.String]","System.Collections.Generic.List`1[System.Diagnostics.Eventing.Reader.EventProperty]"
"Process Create:
RuleName: -
UtcTime: 2025-12-25 10:31:06.989
ProcessGuid: {8bb50d47-126a-694d-7c00-000000000c00}
ProcessId: 4588
Image: C:\Windows\System32\sihost.exe
FileVersion: 10.0.26100.5074 (WinBuild.160101.0800)
Description: Shell Infrastructure Host
Product: Microsoft? Windows? Operating System
Company: Microsoft Corporation
OriginalFileName: sihost.exe
CommandLine: sihost.exe
CurrentDirectory: C:\WINDOWS\system32\
User: WINDOWS11\Yomi
LogonGuid: {8bb50d47-11ef-694d-0419-020000000000}
LogonId: 0x21904
TerminalSessionId: 1
IntegrityLevel: Medium
Hashes: MD5=AA4AF4BE48AEF590AD59CBBD4B3524F9,SHA256=10AE55095EFB7CF5699068A3BE7938689A08928A1DA5224B268CA5FFA24B35E1,IMPHASH=0C2E5D141ACA7FB7E39618995321C151
ParentProcessGuid: {8bb50d47-11e2-694d-2000-000000000c00}
ParentProcessId: 1680
ParentImage: C:\Windows\System32\svchost.exe
ParentCommandLine: C:\WINDOWS\system32\svchost.exe -k netsvcs -p -s UserManager
ParentUser: NT AUTHORITY\SYSTEM","1","5",,"4","1","0","-9223372036854775808","1899","Microsoft-Windows-Sysmon","5770385f-c22a-43e0-bf4c-06f5698ffbd9","Microsoft-Windows-Sysmon/Operational","3580","4288","Windows11","S-1-5-18","12/25/2025 11:31:07 AM",,,"Microsoft-Windows-Sysmon/Operational","System.UInt32[]","System.Diagnostics.Eventing.Reader.EventBookmark","Information","Info","File created (rule: FileCreate)","System.Collections.ObjectModel.ReadOnlyCollection`1[System.String]","System.Collections.Generic.List`1[System.Diagnostics.Eventing.Reader.EventProperty]"
"Process Create:
RuleName: -
UtcTime: 2025-12-25 10:31:03.641
ProcessGuid: {8bb50d47-1267-694d-7a00-000000000c00}
ProcessId: 3716
Image: C:\Windows\System32\svchost.exe
FileVersion: 10.0.26100.5074 (WinBuild.160101.0800)
Description: Host Process for Windows Services
Product: Microsoft? Windows? Operating System
Company: Microsoft Corporation
OriginalFileName: svchost.exe
CommandLine: C:\WINDOWS\system32\svchost.exe -k osprivacy -p -s camsvc
CurrentDirectory: C:\WINDOWS\system32\
User: NT AUTHORITY\SYSTEM
LogonGuid: {8bb50d47-11d7-694d-e703-000000000000}
LogonId: 0x3E7
TerminalSessionId: 0
IntegrityLevel: System
Hashes: MD5=7B88D0896FBF43469A9959D59824A514,SHA256=53A39B900E3BFBF384ACD13F0FC2329FA8D42B61E993D8ED5ADF3A1428005D26,IMPHASH=DE43BD45CC98C143357416C7519ECCFD
ParentProcessGuid: {8bb50d47-11d4-694d-0b00-000000000c00}
ParentProcessId: 856
ParentImage: C:\Windows\System32\services.exe
ParentCommandLine: C:\WINDOWS\system32\services.exe
ParentUser: NT AUTHORITY\SYSTEM","1","5",,"4","1","0","-9223372036854775808","1898","Microsoft-Windows-Sysmon","5770385f-c22a-43e0-bf4c-06f5698ffbd9","Microsoft-Windows-Sysmon/Operational","3580","4288","Windows11","S-1-5-18","12/25/2025 11:31:03 AM",,,"Microsoft-Windows-Sysmon/Operational","System.UInt32[]","System.Diagnostics.Eventing.Reader.EventBookmark","Information","Info","File created (rule: FileCreate)","System.Collections.ObjectModel.ReadOnlyCollection`1[System.String]","System.Collections.Generic.List`1[System.Diagnostics.Eventing.Reader.EventProperty]"
"Process Create:
RuleName: -
UtcTime: 2025-12-25 10:30:52.253
ProcessGuid: {8bb50d47-125c-694d-7700-000000000c00}
ProcessId: 3380
Image: C:\Windows\System32\appidpolicyconverter.exe
FileVersion: 10.0.26100.3037 (WinBuild.160101.0800)
Description: AppID Policy Converter Task
Product: Microsoft? Windows? Operating System
Company: Microsoft Corporation
OriginalFileName: AppIDPolicyConverter.exe
CommandLine: ""C:\WINDOWS\system32\appidpolicyconverter.exe""
CurrentDirectory: C:\WINDOWS\system32\
User: NT AUTHORITY\SYSTEM
LogonGuid: {8bb50d47-11d7-694d-e703-000000000000}
LogonId: 0x3E7
TerminalSessionId: 0
IntegrityLevel: System
Hashes: MD5=0FFBB4FEACA5ECFE63ABDA89E4590357,SHA256=6DDF58B70300A3AC7A20493C1AB2A728967FB7ACE55C1D1C68A75E4765E46D78,IMPHASH=EE6363D2375CFB1A505C3D494F2EA076
ParentProcessGuid: {8bb50d47-11e0-694d-1c00-000000000c00}
ParentProcessId: 1424
ParentImage: C:\Windows\System32\svchost.exe
ParentCommandLine: C:\WINDOWS\system32\svchost.exe -k netsvcs -p -s Schedule
ParentUser: NT AUTHORITY\SYSTEM","1","5",,"4","1","0","-9223372036854775808","1897","Microsoft-Windows-Sysmon","5770385f-c22a-43e0-bf4c-06f5698ffbd9","Microsoft-Windows-Sysmon/Operational","3580","4288","Windows11","S-1-5-18","12/25/2025 11:30:52 AM",,,"Microsoft-Windows-Sysmon/Operational","System.UInt32[]","System.Diagnostics.Eventing.Reader.EventBookmark","Information","Info","File created (rule: FileCreate)","System.Collections.ObjectModel.ReadOnlyCollection`1[System.String]","System.Collections.Generic.List`1[System.Diagnostics.Eventing.Reader.EventProperty]"
"Process Create:
RuleName: -
UtcTime: 2025-12-25 10:30:47.239
ProcessGuid: {8bb50d47-1257-694d-7600-000000000c00}
ProcessId: 4568
Image: C:\Windows\SysWOW64\WindowsPowerShell\v1.0\powershell.exe
FileVersion: 10.0.26100.5074 (WinBuild.160101.0800)
Description: Windows PowerShell
Product: Microsoft? Windows? Operating System
Company: Microsoft Corporation
OriginalFileName: PowerShell.EXE
CommandLine: powershell secedit /export /cfg $env:TEMP\secpol.cfg; Get-Content $env:TEMP\secpol.cfg | Select-String ""MaximumPasswordAge""; Remove-Item $env:TEMP\secpol.cfg
CurrentDirectory: C:\Program Files (x86)\ossec-agent\
User: NT AUTHORITY\SYSTEM
LogonGuid: {8bb50d47-11d7-694d-e703-000000000000}
LogonId: 0x3E7
TerminalSessionId: 0
IntegrityLevel: System
Hashes: MD5=0CB6529404FAEF431547CFF590744553,SHA256=3BFEDAAA40D9E19E45A3EE10C0F14B1750B01619EBB9F39BE3865BCFDACDD2E5,IMPHASH=9F91C97560360686D37B0E311BB8BD64
ParentProcessGuid: {8bb50d47-11fe-694d-4c00-000000000c00}
ParentProcessId: 3552
ParentImage: C:\Program Files (x86)\ossec-agent\wazuh-agent.exe
ParentCommandLine: ""C:\Program Files (x86)\ossec-agent\wazuh-agent.exe""
ParentUser: NT AUTHORITY\SYSTEM","1","5",,"4","1","0","-9223372036854775808","1896","Microsoft-Windows-Sysmon","5770385f-c22a-43e0-bf4c-06f5698ffbd9","Microsoft-Windows-Sysmon/Operational","3580","4288","Windows11","S-1-5-18","12/25/2025 11:30:47 AM",,,"Microsoft-Windows-Sysmon/Operational","System.UInt32[]","System.Diagnostics.Eventing.Reader.EventBookmark","Information","Info","File created (rule: FileCreate)","System.Collections.ObjectModel.ReadOnlyCollection`1[System.String]","System.Collections.Generic.List`1[System.Diagnostics.Eventing.Reader.EventProperty]"
"Registry value set:
RuleName: -
EventType: SetValue
UtcTime: 2025-12-25 10:30:39.759
ProcessGuid: {8bb50d47-11fd-694d-4b00-000000000c00}
ProcessId: 3512
Image: C:\ProgramData\Microsoft\Windows Defender\Platform\4.18.25110.6-0\MsMpEng.exe
TargetObject: HKCR\Directory\shellex\ContextMenuHandlers\EPP\(Default)
Details: {09A47860-11B0-4DA5-AFA5-26D86198A780}
User: NT AUTHORITY\SYSTEM","13","2",,"4","13","0","-9223372036854775808","1895","Microsoft-Windows-Sysmon","5770385f-c22a-43e0-bf4c-06f5698ffbd9","Microsoft-Windows-Sysmon/Operational","3580","4288","Windows11","S-1-5-18","12/25/2025 11:30:39 AM",,,"Microsoft-Windows-Sysmon/Operational","System.UInt32[]","System.Diagnostics.Eventing.Reader.EventBookmark","Information","Info","File created (rule: FileCreate)","System.Collections.ObjectModel.ReadOnlyCollection`1[System.String]","System.Collections.Generic.List`1[System.Diagnostics.Eventing.Reader.EventProperty]"
"Registry value set:
RuleName: -
EventType: SetValue
UtcTime: 2025-12-25 10:30:39.757
ProcessGuid: {8bb50d47-11fd-694d-4b00-000000000c00}
ProcessId: 3512
Image: C:\ProgramData\Microsoft\Windows Defender\Platform\4.18.25110.6-0\MsMpEng.exe
TargetObject: HKCR\Drive\shellex\ContextMenuHandlers\EPP\(Default)
Details: {09A47860-11B0-4DA5-AFA5-26D86198A780}
User: NT AUTHORITY\SYSTEM","13","2",,"4","13","0","-9223372036854775808","1894","Microsoft-Windows-Sysmon","5770385f-c22a-43e0-bf4c-06f5698ffbd9","Microsoft-Windows-Sysmon/Operational","3580","4288","Windows11","S-1-5-18","12/25/2025 11:30:39 AM",,,"Microsoft-Windows-Sysmon/Operational","System.UInt32[]","System.Diagnostics.Eventing.Reader.EventBookmark","Information","Info","File created (rule: FileCreate)","System.Collections.ObjectModel.ReadOnlyCollection`1[System.String]","System.Collections.Generic.List`1[System.Diagnostics.Eventing.Reader.EventProperty]"
"Registry value set:
RuleName: -
EventType: SetValue
UtcTime: 2025-12-25 10:30:39.751
ProcessGuid: {8bb50d47-11fd-694d-4b00-000000000c00}
ProcessId: 3512
Image: C:\ProgramData\Microsoft\Windows Defender\Platform\4.18.25110.6-0\MsMpEng.exe
TargetObject: HKCR\*\shellex\ContextMenuHandlers\EPP\(Default)
Details: {09A47860-11B0-4DA5-AFA5-26D86198A780}
User: NT AUTHORITY\SYSTEM","13","2",,"4","13","0","-9223372036854775808","1893","Microsoft-Windows-Sysmon","5770385f-c22a-43e0-bf4c-06f5698ffbd9","Microsoft-Windows-Sysmon/Operational","3580","4288","Windows11","S-1-5-18","12/25/2025 11:30:39 AM",,,"Microsoft-Windows-Sysmon/Operational","System.UInt32[]","System.Diagnostics.Eventing.Reader.EventBookmark","Information","Info","File created (rule: FileCreate)","System.Collections.ObjectModel.ReadOnlyCollection`1[System.String]","System.Collections.Generic.List`1[System.Diagnostics.Eventing.Reader.EventProperty]"
"Registry value set:
RuleName: T1031,T1050
EventType: SetValue
UtcTime: 2025-12-25 10:30:39.207
ProcessGuid: {8bb50d47-11d4-694d-0b00-000000000c00}
ProcessId: 856
Image: C:\WINDOWS\system32\services.exe
TargetObject: HKLM\System\CurrentControlSet\Services\MDCoreSvc\Start
Details: DWORD (0x00000002)
User: NT AUTHORITY\SYSTEM","13","2",,"4","13","0","-9223372036854775808","1892","Microsoft-Windows-Sysmon","5770385f-c22a-43e0-bf4c-06f5698ffbd9","Microsoft-Windows-Sysmon/Operational","3580","4288","Windows11","S-1-5-18","12/25/2025 11:30:39 AM",,,"Microsoft-Windows-Sysmon/Operational","System.UInt32[]","System.Diagnostics.Eventing.Reader.EventBookmark","Information","Info","File created (rule: FileCreate)","System.Collections.ObjectModel.ReadOnlyCollection`1[System.String]","System.Collections.Generic.List`1[System.Diagnostics.Eventing.Reader.EventProperty]"
"Registry value set:
RuleName: T1122
EventType: SetValue
UtcTime: 2025-12-25 10:30:39.168
ProcessGuid: {8bb50d47-11fd-694d-4b00-000000000c00}
ProcessId: 3512
Image: C:\ProgramData\Microsoft\Windows Defender\Platform\4.18.25110.6-0\MsMpEng.exe
TargetObject: HKCR\CLSID\{4DB116D1-9B24-4DFC-946B-BFE03E852002}\InProcServer32\(Default)
Details: C:\ProgramData\Microsoft\Windows Defender\Platform\4.18.25110.6-0\MPUXAGENT.DLL
User: NT AUTHORITY\SYSTEM","13","2",,"4","13","0","-9223372036854775808","1891","Microsoft-Windows-Sysmon","5770385f-c22a-43e0-bf4c-06f5698ffbd9","Microsoft-Windows-Sysmon/Operational","3580","4288","Windows11","S-1-5-18","12/25/2025 11:30:39 AM",,,"Microsoft-Windows-Sysmon/Operational","System.UInt32[]","System.Diagnostics.Eventing.Reader.EventBookmark","Information","Info","File created (rule: FileCreate)","System.Collections.ObjectModel.ReadOnlyCollection`1[System.String]","System.Collections.Generic.List`1[System.Diagnostics.Eventing.Reader.EventProperty]"
"Registry value set:
RuleName: T1122
EventType: SetValue
UtcTime: 2025-12-25 10:30:39.149
ProcessGuid: {8bb50d47-11fd-694d-4b00-000000000c00}
ProcessId: 3512
Image: C:\ProgramData\Microsoft\Windows Defender\Platform\4.18.25110.6-0\MsMpEng.exe
TargetObject: HKCR\CLSID\{2DCD7FDB-8809-48E4-8E4F-3157C57CF987}\InprocServer32\(Default)
Details: C:\ProgramData\Microsoft\Windows Defender\Platform\4.18.25110.6-0\MPUXAGENT.DLL
User: NT AUTHORITY\SYSTEM","13","2",,"4","13","0","-9223372036854775808","1890","Microsoft-Windows-Sysmon","5770385f-c22a-43e0-bf4c-06f5698ffbd9","Microsoft-Windows-Sysmon/Operational","3580","4288","Windows11","S-1-5-18","12/25/2025 11:30:39 AM",,,"Microsoft-Windows-Sysmon/Operational","System.UInt32[]","System.Diagnostics.Eventing.Reader.EventBookmark","Information","Info","File created (rule: FileCreate)","System.Collections.ObjectModel.ReadOnlyCollection`1[System.String]","System.Collections.Generic.List`1[System.Diagnostics.Eventing.Reader.EventProperty]"
"Process Create:
RuleName: -
UtcTime: 2025-12-25 10:30:37.641
ProcessGuid: {8bb50d47-124d-694d-7400-000000000c00}
ProcessId: 2828
Image: C:\Windows\System32\wevtutil.exe
FileVersion: 10.0.26100.1150 (WinBuild.160101.0800)
Description: Windows Event Log Utility
Product: Microsoft? Windows? Operating System
Company: Microsoft Corporation
OriginalFileName: wevtutil.exe
CommandLine: C:\WINDOWS\system32\wevtutil.exe install-manifest ""C:\ProgramData\Microsoft\Windows Defender\Platform\4.18.25110.6-0\Microsoft-Antimalware-Protection.man"" ""/resourceFilePath:C:\ProgramData\Microsoft\Windows Defender\Platform\4.18.25110.6-0\MpClient.dll"" ""/messageFilePath:C:\ProgramData\Microsoft\Windows Defender\Platform\4.18.25110.6-0\MpClient.dll"" ""/parameterFilePath:C:\ProgramData\Microsoft\Windows Defender\Platform\4.18.25110.6-0\MpClient.dll""
CurrentDirectory: C:\WINDOWS\system32\
User: NT AUTHORITY\SYSTEM
LogonGuid: {8bb50d47-11d7-694d-e703-000000000000}
LogonId: 0x3E7
TerminalSessionId: 0
IntegrityLevel: System
Hashes: MD5=AF54D4FA49CD679D47064D30BD1B7641,SHA256=0EA582D5A4EB48096B40C2F7A102E465DAEA69C816C8FAEA481B68D8FD0929D5,IMPHASH=9D0B0164498DEE3DA72DF328E7AE8C0B
ParentProcessGuid: {8bb50d47-11fd-694d-4b00-000000000c00}
ParentProcessId: 3512
ParentImage: C:\ProgramData\Microsoft\Windows Defender\Platform\4.18.25110.6-0\MsMpEng.exe
ParentCommandLine: ""C:\ProgramData\Microsoft\Windows Defender\Platform\4.18.25110.6-0\MsMpEng.exe""
ParentUser: NT AUTHORITY\SYSTEM","1","5",,"4","1","0","-9223372036854775808","1889","Microsoft-Windows-Sysmon","5770385f-c22a-43e0-bf4c-06f5698ffbd9","Microsoft-Windows-Sysmon/Operational","3580","4288","Windows11","S-1-5-18","12/25/2025 11:30:37 AM",,,"Microsoft-Windows-Sysmon/Operational","System.UInt32[]","System.Diagnostics.Eventing.Reader.EventBookmark","Information","Info","File created (rule: FileCreate)","System.Collections.ObjectModel.ReadOnlyCollection`1[System.String]","System.Collections.Generic.List`1[System.Diagnostics.Eventing.Reader.EventProperty]"
"Process Create:
RuleName: -
UtcTime: 2025-12-25 10:30:34.037
ProcessGuid: {8bb50d47-124a-694d-7100-000000000c00}
ProcessId: 2528
Image: C:\Windows\System32\wevtutil.exe
FileVersion: 10.0.26100.1150 (WinBuild.160101.0800)
Description: Windows Event Log Utility
Product: Microsoft? Windows? Operating System
Company: Microsoft Corporation
OriginalFileName: wevtutil.exe
CommandLine: C:\WINDOWS\system32\wevtutil.exe uninstall-manifest ""C:\ProgramData\Microsoft\Windows Defender\Platform\4.18.25110.6-0\Microsoft-Antimalware-Protection.man""
CurrentDirectory: C:\WINDOWS\system32\
User: NT AUTHORITY\SYSTEM
LogonGuid: {8bb50d47-11d7-694d-e703-000000000000}
LogonId: 0x3E7
TerminalSessionId: 0
IntegrityLevel: System
Hashes: MD5=AF54D4FA49CD679D47064D30BD1B7641,SHA256=0EA582D5A4EB48096B40C2F7A102E465DAEA69C816C8FAEA481B68D8FD0929D5,IMPHASH=9D0B0164498DEE3DA72DF328E7AE8C0B
ParentProcessGuid: {8bb50d47-11fd-694d-4b00-000000000c00}
ParentProcessId: 3512
ParentImage: C:\ProgramData\Microsoft\Windows Defender\Platform\4.18.25110.6-0\MsMpEng.exe
ParentCommandLine: ""C:\ProgramData\Microsoft\Windows Defender\Platform\4.18.25110.6-0\MsMpEng.exe""
ParentUser: NT AUTHORITY\SYSTEM","1","5",,"4","1","0","-9223372036854775808","1888","Microsoft-Windows-Sysmon","5770385f-c22a-43e0-bf4c-06f5698ffbd9","Microsoft-Windows-Sysmon/Operational","3580","4288","Windows11","S-1-5-18","12/25/2025 11:30:34 AM",,,"Microsoft-Windows-Sysmon/Operational","System.UInt32[]","System.Diagnostics.Eventing.Reader.EventBookmark","Information","Info","File created (rule: FileCreate)","System.Collections.ObjectModel.ReadOnlyCollection`1[System.String]","System.Collections.Generic.List`1[System.Diagnostics.Eventing.Reader.EventProperty]"
"Process Create:
RuleName: -
UtcTime: 2025-12-25 10:30:33.148
ProcessGuid: {8bb50d47-1249-694d-6f00-000000000c00}
ProcessId: 2244
Image: C:\Windows\System32\wevtutil.exe
FileVersion: 10.0.26100.1150 (WinBuild.160101.0800)
Description: Windows Event Log Utility
Product: Microsoft? Windows? Operating System
Company: Microsoft Corporation
OriginalFileName: wevtutil.exe
CommandLine: C:\WINDOWS\system32\wevtutil.exe install-manifest ""C:\ProgramData\Microsoft\Windows Defender\Platform\4.18.25110.6-0\Microsoft-Antimalware-RTP.man"" ""/resourceFilePath:C:\ProgramData\Microsoft\Windows Defender\Platform\4.18.25110.6-0\MpRtp.dll"" ""/messageFilePath:C:\ProgramData\Microsoft\Windows Defender\Platform\4.18.25110.6-0\MpRtp.dll"" ""/parameterFilePath:C:\ProgramData\Microsoft\Windows Defender\Platform\4.18.25110.6-0\MpRtp.dll""
CurrentDirectory: C:\WINDOWS\system32\
User: NT AUTHORITY\SYSTEM
LogonGuid: {8bb50d47-11d7-694d-e703-000000000000}
LogonId: 0x3E7
TerminalSessionId: 0
IntegrityLevel: System
Hashes: MD5=AF54D4FA49CD679D47064D30BD1B7641,SHA256=0EA582D5A4EB48096B40C2F7A102E465DAEA69C816C8FAEA481B68D8FD0929D5,IMPHASH=9D0B0164498DEE3DA72DF328E7AE8C0B
ParentProcessGuid: {8bb50d47-11fd-694d-4b00-000000000c00}
ParentProcessId: 3512
ParentImage: C:\ProgramData\Microsoft\Windows Defender\Platform\4.18.25110.6-0\MsMpEng.exe
ParentCommandLine: ""C:\ProgramData\Microsoft\Windows Defender\Platform\4.18.25110.6-0\MsMpEng.exe""
ParentUser: NT AUTHORITY\SYSTEM","1","5",,"4","1","0","-9223372036854775808","1887","Microsoft-Windows-Sysmon","5770385f-c22a-43e0-bf4c-06f5698ffbd9","Microsoft-Windows-Sysmon/Operational","3580","4288","Windows11","S-1-5-18","12/25/2025 11:30:33 AM",,,"Microsoft-Windows-Sysmon/Operational","System.UInt32[]","System.Diagnostics.Eventing.Reader.EventBookmark","Information","Info","File created (rule: FileCreate)","System.Collections.ObjectModel.ReadOnlyCollection`1[System.String]","System.Collections.Generic.List`1[System.Diagnostics.Eventing.Reader.EventProperty]"
"Process Create:
RuleName: -
UtcTime: 2025-12-25 10:30:27.188
ProcessGuid: {8bb50d47-1243-694d-6d00-000000000c00}
ProcessId: 4640
Image: C:\Windows\System32\wevtutil.exe
FileVersion: 10.0.26100.1150 (WinBuild.160101.0800)
Description: Windows Event Log Utility
Product: Microsoft? Windows? Operating System
Company: Microsoft Corporation
OriginalFileName: wevtutil.exe
CommandLine: C:\WINDOWS\system32\wevtutil.exe uninstall-manifest ""C:\ProgramData\Microsoft\Windows Defender\Platform\4.18.25110.6-0\Microsoft-Antimalware-RTP.man""
CurrentDirectory: C:\WINDOWS\system32\
User: NT AUTHORITY\SYSTEM
LogonGuid: {8bb50d47-11d7-694d-e703-000000000000}
LogonId: 0x3E7
TerminalSessionId: 0
IntegrityLevel: System
Hashes: MD5=AF54D4FA49CD679D47064D30BD1B7641,SHA256=0EA582D5A4EB48096B40C2F7A102E465DAEA69C816C8FAEA481B68D8FD0929D5,IMPHASH=9D0B0164498DEE3DA72DF328E7AE8C0B
ParentProcessGuid: {8bb50d47-11fd-694d-4b00-000000000c00}
ParentProcessId: 3512
ParentImage: C:\ProgramData\Microsoft\Windows Defender\Platform\4.18.25110.6-0\MsMpEng.exe
ParentCommandLine: ""C:\ProgramData\Microsoft\Windows Defender\Platform\4.18.25110.6-0\MsMpEng.exe""
ParentUser: NT AUTHORITY\SYSTEM","1","5",,"4","1","0","-9223372036854775808","1886","Microsoft-Windows-Sysmon","5770385f-c22a-43e0-bf4c-06f5698ffbd9","Microsoft-Windows-Sysmon/Operational","3580","4288","Windows11","S-1-5-18","12/25/2025 11:30:27 AM",,,"Microsoft-Windows-Sysmon/Operational","System.UInt32[]","System.Diagnostics.Eventing.Reader.EventBookmark","Information","Info","File created (rule: FileCreate)","System.Collections.ObjectModel.ReadOnlyCollection`1[System.String]","System.Collections.Generic.List`1[System.Diagnostics.Eventing.Reader.EventProperty]"
"Process Create:
RuleName: -
UtcTime: 2025-12-25 10:30:26.650
ProcessGuid: {8bb50d47-1242-694d-6c00-000000000c00}
ProcessId: 1584
Image: C:\Windows\WinSxS\amd64_microsoft-windows-servicingstack_31bf3856ad364e35_10.0.26100.5074_none_a5532eb7772ad4c4\TiWorker.exe
FileVersion: 10.0.26100.5074 (WinBuild.160101.0800)
Description: Windows Modules Installer Worker
Product: Microsoft? Windows? Operating System
Company: Microsoft Corporation
OriginalFileName: TiWorker.exe
CommandLine: C:\WINDOWS\winsxs\amd64_microsoft-windows-servicingstack_31bf3856ad364e35_10.0.26100.5074_none_a5532eb7772ad4c4\TiWorker.exe -Embedding
CurrentDirectory: C:\WINDOWS\system32\
User: NT AUTHORITY\SYSTEM
LogonGuid: {8bb50d47-11d7-694d-e703-000000000000}
LogonId: 0x3E7
TerminalSessionId: 0
IntegrityLevel: System
Hashes: MD5=B0E2857EE9C2C9BF7238E4DFE3C97139,SHA256=83E44E2BF7DA29A6A5237C521F031B8E6B0E40CABAAFC433E7CAA39F317B454E,IMPHASH=3A3C1E80AF5AB810A6334FCC3C8E3FDF
ParentProcessGuid: {8bb50d47-11db-694d-0f00-000000000c00}
ParentProcessId: 560
ParentImage: C:\Windows\System32\svchost.exe
ParentCommandLine: C:\WINDOWS\system32\svchost.exe -k DcomLaunch -p
ParentUser: NT AUTHORITY\SYSTEM","1","5",,"4","1","0","-9223372036854775808","1885","Microsoft-Windows-Sysmon","5770385f-c22a-43e0-bf4c-06f5698ffbd9","Microsoft-Windows-Sysmon/Operational","3580","4288","Windows11","S-1-5-18","12/25/2025 11:30:26 AM",,,"Microsoft-Windows-Sysmon/Operational","System.UInt32[]","System.Diagnostics.Eventing.Reader.EventBookmark","Information","Info","File created (rule: FileCreate)","System.Collections.ObjectModel.ReadOnlyCollection`1[System.String]","System.Collections.Generic.List`1[System.Diagnostics.Eventing.Reader.EventProperty]"
"Process Create:
RuleName: -
UtcTime: 2025-12-25 10:30:25.870
ProcessGuid: {8bb50d47-1241-694d-6b00-000000000c00}
ProcessId: 1244
Image: C:\Windows\servicing\TrustedInstaller.exe
FileVersion: 10.0.26100.5074 (WinBuild.160101.0800)
Description: Windows Modules Installer
Product: Microsoft? Windows? Operating System
Company: Microsoft Corporation
OriginalFileName: TrustedInstaller.exe
CommandLine: C:\WINDOWS\servicing\TrustedInstaller.exe
CurrentDirectory: C:\WINDOWS\system32\
User: NT AUTHORITY\SYSTEM
LogonGuid: {8bb50d47-11d7-694d-e703-000000000000}
LogonId: 0x3E7
TerminalSessionId: 0
IntegrityLevel: System
Hashes: MD5=AE4442013F290315E046DBF9E6F9803A,SHA256=1889C5BC1CEEF3554B3408F9BDD9B50CF0DAC4CC84AE96E4D7B72F3043557875,IMPHASH=5E159CE7599ACD6CA7EC3122186D5DBC
ParentProcessGuid: {8bb50d47-11d4-694d-0b00-000000000c00}
ParentProcessId: 856
ParentImage: C:\Windows\System32\services.exe
ParentCommandLine: C:\WINDOWS\system32\services.exe
ParentUser: NT AUTHORITY\SYSTEM","1","5",,"4","1","0","-9223372036854775808","1884","Microsoft-Windows-Sysmon","5770385f-c22a-43e0-bf4c-06f5698ffbd9","Microsoft-Windows-Sysmon/Operational","3580","4288","Windows11","S-1-5-18","12/25/2025 11:30:25 AM",,,"Microsoft-Windows-Sysmon/Operational","System.UInt32[]","System.Diagnostics.Eventing.Reader.EventBookmark","Information","Info","File created (rule: FileCreate)","System.Collections.ObjectModel.ReadOnlyCollection`1[System.String]","System.Collections.Generic.List`1[System.Diagnostics.Eventing.Reader.EventProperty]"
"Process Create:
RuleName: -
UtcTime: 2025-12-25 10:30:24.900
ProcessGuid: {8bb50d47-1240-694d-6900-000000000c00}
ProcessId: 4424
Image: C:\Windows\System32\wevtutil.exe
FileVersion: 10.0.26100.1150 (WinBuild.160101.0800)
Description: Windows Event Log Utility
Product: Microsoft? Windows? Operating System
Company: Microsoft Corporation
OriginalFileName: wevtutil.exe
CommandLine: C:\WINDOWS\system32\wevtutil.exe install-manifest ""C:\ProgramData\Microsoft\Windows Defender\Platform\4.18.25110.6-0\Microsoft-Antimalware-NIS.man"" ""/resourceFilePath:C:\ProgramData\Microsoft\Windows Defender\Platform\4.18.25110.6-0\NisSrv.exe"" ""/messageFilePath:C:\ProgramData\Microsoft\Windows Defender\Platform\4.18.25110.6-0\NisSrv.exe"" ""/parameterFilePath:C:\ProgramData\Microsoft\Windows Defender\Platform\4.18.25110.6-0\NisSrv.exe""
CurrentDirectory: C:\WINDOWS\system32\
User: NT AUTHORITY\SYSTEM
LogonGuid: {8bb50d47-11d7-694d-e703-000000000000}
LogonId: 0x3E7
TerminalSessionId: 0
IntegrityLevel: System
Hashes: MD5=AF54D4FA49CD679D47064D30BD1B7641,SHA256=0EA582D5A4EB48096B40C2F7A102E465DAEA69C816C8FAEA481B68D8FD0929D5,IMPHASH=9D0B0164498DEE3DA72DF328E7AE8C0B
ParentProcessGuid: {8bb50d47-11fd-694d-4b00-000000000c00}
ParentProcessId: 3512
ParentImage: C:\ProgramData\Microsoft\Windows Defender\Platform\4.18.25110.6-0\MsMpEng.exe
ParentCommandLine: ""C:\ProgramData\Microsoft\Windows Defender\Platform\4.18.25110.6-0\MsMpEng.exe""
ParentUser: NT AUTHORITY\SYSTEM","1","5",,"4","1","0","-9223372036854775808","1883","Microsoft-Windows-Sysmon","5770385f-c22a-43e0-bf4c-06f5698ffbd9","Microsoft-Windows-Sysmon/Operational","3580","4288","Windows11","S-1-5-18","12/25/2025 11:30:24 AM",,,"Microsoft-Windows-Sysmon/Operational","System.UInt32[]","System.Diagnostics.Eventing.Reader.EventBookmark","Information","Info","File created (rule: FileCreate)","System.Collections.ObjectModel.ReadOnlyCollection`1[System.String]","System.Collections.Generic.List`1[System.Diagnostics.Eventing.Reader.EventProperty]"
"Process Create:
