RuleName: -
UtcTime: 2025-12-25 15:16:31.715
ProcessGuid: {8bb50d47-554f-694d-5602-000000000c00}
ProcessId: 6192
Image: C:\Windows\System32\PickerHost.exe
FileVersion: 10.0.26100.5074 (WinBuild.160101.0800)
Description: File Picker UI Host
Product: Microsoft? Windows? Operating System
Company: Microsoft Corporation
OriginalFileName: PickerHost.exe
CommandLine: C:\Windows\System32\PickerHost.exe -Embedding
CurrentDirectory: C:\WINDOWS\system32\
User: WINDOWS11\Yomi
LogonGuid: {8bb50d47-11ef-694d-0419-020000000000}
LogonId: 0x21904
TerminalSessionId: 1
IntegrityLevel: Medium
Hashes: MD5=31F2ED79E606C41317B19ABB2E3EDAB3,SHA256=E3E3BAE797FB48A67B387CBAC8DEA0B081584A9D3972EC9FC247B7D9BA0C11C9,IMPHASH=A29C838752203A952CED99FCD67FC0FE
ParentProcessGuid: {8bb50d47-11db-694d-0f00-000000000c00}
ParentProcessId: 560
ParentImage: C:\Windows\System32\svchost.exe
ParentCommandLine: C:\WINDOWS\system32\svchost.exe -k DcomLaunch -p
ParentUser: NT AUTHORITY\SYSTEM","1","5",,"4","1","0","-9223372036854775808","2364","Microsoft-Windows-Sysmon","5770385f-c22a-43e0-bf4c-06f5698ffbd9","Microsoft-Windows-Sysmon/Operational","3580","4288","Windows11","S-1-5-18","12/25/2025 4:16:33 PM",,,"Microsoft-Windows-Sysmon/Operational","System.UInt32[]","System.Diagnostics.Eventing.Reader.EventBookmark","Information","Info","File created (rule: FileCreate)","System.Collections.ObjectModel.ReadOnlyCollection`1[System.String]","System.Collections.Generic.List`1[System.Diagnostics.Eventing.Reader.EventProperty]"
"Process Create:
RuleName: -
UtcTime: 2025-12-25 15:15:48.066
ProcessGuid: {8bb50d47-5524-694d-5502-000000000c00}
ProcessId: 8948
Image: C:\Windows\System32\wermgr.exe
FileVersion: 10.0.26100.5074 (WinBuild.160101.0800)
Description: Windows Problem Reporting
Product: Microsoft? Windows? Operating System
Company: Microsoft Corporation
OriginalFileName: WerMgr
CommandLine: ""C:\WINDOWS\system32\wermgr.exe"" -upload
CurrentDirectory: C:\WINDOWS\system32\
User: NT AUTHORITY\SYSTEM
LogonGuid: {8bb50d47-11d7-694d-e703-000000000000}
LogonId: 0x3E7
TerminalSessionId: 0
IntegrityLevel: System
Hashes: MD5=7A8EA86F4C769DB46BD9554EC8277065,SHA256=1625290EF1DFF2082BCA7D3995A1ACD20BA641B7277DB30659CCC8D3094C4B87,IMPHASH=AB300DEDE19E5162BAE0307BEBC2C7FE
ParentProcessGuid: {8bb50d47-11e0-694d-1c00-000000000c00}
ParentProcessId: 1424
ParentImage: C:\Windows\System32\svchost.exe
ParentCommandLine: C:\WINDOWS\system32\svchost.exe -k netsvcs -p -s Schedule
ParentUser: NT AUTHORITY\SYSTEM","1","5",,"4","1","0","-9223372036854775808","2363","Microsoft-Windows-Sysmon","5770385f-c22a-43e0-bf4c-06f5698ffbd9","Microsoft-Windows-Sysmon/Operational","3580","4288","Windows11","S-1-5-18","12/25/2025 4:15:48 PM",,,"Microsoft-Windows-Sysmon/Operational","System.UInt32[]","System.Diagnostics.Eventing.Reader.EventBookmark","Information","Info","File created (rule: FileCreate)","System.Collections.ObjectModel.ReadOnlyCollection`1[System.String]","System.Collections.Generic.List`1[System.Diagnostics.Eventing.Reader.EventProperty]"
"Process Create:
RuleName: -
UtcTime: 2025-12-25 15:14:58.592
ProcessGuid: {8bb50d47-54f2-694d-5402-000000000c00}
ProcessId: 3792
Image: C:\Windows\System32\smartscreen.exe
FileVersion: 10.0.26100.5074 (WinBuild.160101.0800)
Description: Windows Defender SmartScreen
Product: Microsoft? Windows? Operating System
Company: Microsoft Corporation
OriginalFileName: smartscreen.exe
CommandLine: C:\Windows\System32\smartscreen.exe -Embedding
CurrentDirectory: C:\WINDOWS\system32\
User: WINDOWS11\Yomi
LogonGuid: {8bb50d47-11ef-694d-0419-020000000000}
LogonId: 0x21904
TerminalSessionId: 1
IntegrityLevel: Medium
Hashes: MD5=032D6D9E18A3CB24B70111593C2D0180,SHA256=045BFD198B5B7559819F3EC3392C533C875BCDEB89055D5E37CAB566C8FA4174,IMPHASH=C84171DF6E7F087EA4E625CCCE2AB167
ParentProcessGuid: {8bb50d47-11db-694d-0f00-000000000c00}
ParentProcessId: 560
ParentImage: C:\Windows\System32\svchost.exe
ParentCommandLine: C:\WINDOWS\system32\svchost.exe -k DcomLaunch -p
ParentUser: NT AUTHORITY\SYSTEM","1","5",,"4","1","0","-9223372036854775808","2362","Microsoft-Windows-Sysmon","5770385f-c22a-43e0-bf4c-06f5698ffbd9","Microsoft-Windows-Sysmon/Operational","3580","4288","Windows11","S-1-5-18","12/25/2025 4:14:58 PM",,,"Microsoft-Windows-Sysmon/Operational","System.UInt32[]","System.Diagnostics.Eventing.Reader.EventBookmark","Information","Info","File created (rule: FileCreate)","System.Collections.ObjectModel.ReadOnlyCollection`1[System.String]","System.Collections.Generic.List`1[System.Diagnostics.Eventing.Reader.EventProperty]"
"Registry value set:
RuleName: Suspicious,ImageBeginWithBackslash
EventType: SetValue
UtcTime: 2025-12-25 15:14:50.937
ProcessGuid: {8bb50d47-54e9-694d-5202-000000000c00}
ProcessId: 6128
Image: \\?\C:\Windows\System32\SecurityHealth\10.0.29429.1000-0\SecurityHealthHost.exe
TargetObject: HKLM\SOFTWARE\Microsoft\Windows NT\CurrentVersion\Notifications\Data\418A073AA3BC1C75
Details: Binary Data
User: WINDOWS11\Yomi","13","2",,"4","13","0","-9223372036854775808","2361","Microsoft-Windows-Sysmon","5770385f-c22a-43e0-bf4c-06f5698ffbd9","Microsoft-Windows-Sysmon/Operational","3580","4288","Windows11","S-1-5-18","12/25/2025 4:14:50 PM",,,"Microsoft-Windows-Sysmon/Operational","System.UInt32[]","System.Diagnostics.Eventing.Reader.EventBookmark","Information","Info","File created (rule: FileCreate)","System.Collections.ObjectModel.ReadOnlyCollection`1[System.String]","System.Collections.Generic.List`1[System.Diagnostics.Eventing.Reader.EventProperty]"
"Process Create:
RuleName: -
UtcTime: 2025-12-25 15:14:49.769
ProcessGuid: {8bb50d47-54e9-694d-5202-000000000c00}
ProcessId: 6128
Image: C:\Windows\System32\SecurityHealth\10.0.29429.1000-0\SecurityHealthHost.exe
FileVersion: 10.0.29429.1000 (WinBuild.160101.0800)
Description: Windows Security Health Host
Product: Microsoft? Windows? Operating System
Company: Microsoft Corporation
OriginalFileName: SecurityHealthHost.exe
CommandLine: \\?\C:\Windows\System32\SecurityHealth\10.0.29429.1000-0\SecurityHealthHost.exe {08728914-3F57-4D52-9E31-49DAECA5A80A} -Embedding
CurrentDirectory: C:\WINDOWS\system32\
User: WINDOWS11\Yomi
LogonGuid: {8bb50d47-11ef-694d-0419-020000000000}
LogonId: 0x21904
TerminalSessionId: 1
IntegrityLevel: Medium
Hashes: MD5=6A1C7F240C04965EA3627ADA46E890DB,SHA256=4DAAC737340C506314BF4B5FA7979FBA68E0F9E22093F9EC50CAF647542A113F,IMPHASH=E8960CAF12CF621B3CA78988264C27F1
ParentProcessGuid: {8bb50d47-11db-694d-0f00-000000000c00}
ParentProcessId: 560
ParentImage: C:\Windows\System32\svchost.exe
ParentCommandLine: C:\WINDOWS\system32\svchost.exe -k DcomLaunch -p
ParentUser: NT AUTHORITY\SYSTEM","1","5",,"4","1","0","-9223372036854775808","2360","Microsoft-Windows-Sysmon","5770385f-c22a-43e0-bf4c-06f5698ffbd9","Microsoft-Windows-Sysmon/Operational","3580","4288","Windows11","S-1-5-18","12/25/2025 4:14:49 PM",,,"Microsoft-Windows-Sysmon/Operational","System.UInt32[]","System.Diagnostics.Eventing.Reader.EventBookmark","Information","Info","File created (rule: FileCreate)","System.Collections.ObjectModel.ReadOnlyCollection`1[System.String]","System.Collections.Generic.List`1[System.Diagnostics.Eventing.Reader.EventProperty]"
"Process Create:
RuleName: -
UtcTime: 2025-12-25 15:14:46.089
ProcessGuid: {8bb50d47-54e6-694d-4d02-000000000c00}
ProcessId: 8780
Image: C:\ProgramData\Microsoft\Windows Defender\Platform\4.18.25110.6-0\MpCmdRun.exe
FileVersion: 4.18.25110.6 (747f30181b4cd739116f0a6ad3cabef997251d7f)
Description: Microsoft Malware Protection Command Line Utility
Product: Microsoft? Windows? Operating System
Company: Microsoft Corporation
OriginalFileName: MpCmdRun.exe
CommandLine: ""C:\ProgramData\Microsoft\Windows Defender\Platform\4.18.25110.6-0\MpCmdRun.exe"" -IdleTask -TaskName WdCacheMaintenance
CurrentDirectory: C:\WINDOWS\system32\
User: NT AUTHORITY\SYSTEM
LogonGuid: {8bb50d47-11d7-694d-e703-000000000000}
LogonId: 0x3E7
TerminalSessionId: 0
IntegrityLevel: System
Hashes: MD5=BFB14CF0FB83DBACA2496E451655F3A4,SHA256=BAEE05CEAD26C8105363F244B6A630EEB0983E96C0F366EE05882F84A5DD324F,IMPHASH=EC9821882B67AA0527E67484A60257BF
ParentProcessGuid: {8bb50d47-11e0-694d-1c00-000000000c00}
ParentProcessId: 1424
ParentImage: C:\Windows\System32\svchost.exe
ParentCommandLine: C:\WINDOWS\system32\svchost.exe -k netsvcs -p -s Schedule
ParentUser: NT AUTHORITY\SYSTEM","1","5",,"4","1","0","-9223372036854775808","2359","Microsoft-Windows-Sysmon","5770385f-c22a-43e0-bf4c-06f5698ffbd9","Microsoft-Windows-Sysmon/Operational","3580","4288","Windows11","S-1-5-18","12/25/2025 4:14:46 PM",,,"Microsoft-Windows-Sysmon/Operational","System.UInt32[]","System.Diagnostics.Eventing.Reader.EventBookmark","Information","Info","File created (rule: FileCreate)","System.Collections.ObjectModel.ReadOnlyCollection`1[System.String]","System.Collections.Generic.List`1[System.Diagnostics.Eventing.Reader.EventProperty]"
"Process Create:
RuleName: -
UtcTime: 2025-12-25 15:14:46.061
ProcessGuid: {8bb50d47-54e6-694d-4c02-000000000c00}
ProcessId: 6720
Image: C:\ProgramData\Microsoft\Windows Defender\Platform\4.18.25110.6-0\MpCmdRun.exe
FileVersion: 4.18.25110.6 (747f30181b4cd739116f0a6ad3cabef997251d7f)
Description: Microsoft Malware Protection Command Line Utility
Product: Microsoft? Windows? Operating System
Company: Microsoft Corporation
OriginalFileName: MpCmdRun.exe
CommandLine: ""C:\ProgramData\Microsoft\Windows Defender\Platform\4.18.25110.6-0\MpCmdRun.exe"" Scan -ScheduleJob -ScanTrigger 55 -IdleScheduledJob
CurrentDirectory: C:\WINDOWS\system32\
User: NT AUTHORITY\SYSTEM
LogonGuid: {8bb50d47-11d7-694d-e703-000000000000}
LogonId: 0x3E7
TerminalSessionId: 0
IntegrityLevel: System
Hashes: MD5=BFB14CF0FB83DBACA2496E451655F3A4,SHA256=BAEE05CEAD26C8105363F244B6A630EEB0983E96C0F366EE05882F84A5DD324F,IMPHASH=EC9821882B67AA0527E67484A60257BF
ParentProcessGuid: {8bb50d47-11e0-694d-1c00-000000000c00}
ParentProcessId: 1424
ParentImage: C:\Windows\System32\svchost.exe
ParentCommandLine: C:\WINDOWS\system32\svchost.exe -k netsvcs -p -s Schedule
ParentUser: NT AUTHORITY\SYSTEM","1","5",,"4","1","0","-9223372036854775808","2358","Microsoft-Windows-Sysmon","5770385f-c22a-43e0-bf4c-06f5698ffbd9","Microsoft-Windows-Sysmon/Operational","3580","4288","Windows11","S-1-5-18","12/25/2025 4:14:46 PM",,,"Microsoft-Windows-Sysmon/Operational","System.UInt32[]","System.Diagnostics.Eventing.Reader.EventBookmark","Information","Info","File created (rule: FileCreate)","System.Collections.ObjectModel.ReadOnlyCollection`1[System.String]","System.Collections.Generic.List`1[System.Diagnostics.Eventing.Reader.EventProperty]"
"Process Create:
RuleName: -
UtcTime: 2025-12-25 15:14:46.032
ProcessGuid: {8bb50d47-54e6-694d-4b02-000000000c00}
ProcessId: 6484
Image: C:\ProgramData\Microsoft\Windows Defender\Platform\4.18.25110.6-0\MpCmdRun.exe
FileVersion: 4.18.25110.6 (747f30181b4cd739116f0a6ad3cabef997251d7f)
Description: Microsoft Malware Protection Command Line Utility
Product: Microsoft? Windows? Operating System
Company: Microsoft Corporation
OriginalFileName: MpCmdRun.exe
CommandLine: ""C:\ProgramData\Microsoft\Windows Defender\Platform\4.18.25110.6-0\MpCmdRun.exe"" -IdleTask -TaskName WdVerification
CurrentDirectory: C:\WINDOWS\system32\
User: NT AUTHORITY\SYSTEM
LogonGuid: {8bb50d47-11d7-694d-e703-000000000000}
LogonId: 0x3E7
TerminalSessionId: 0
IntegrityLevel: System
Hashes: MD5=BFB14CF0FB83DBACA2496E451655F3A4,SHA256=BAEE05CEAD26C8105363F244B6A630EEB0983E96C0F366EE05882F84A5DD324F,IMPHASH=EC9821882B67AA0527E67484A60257BF
ParentProcessGuid: {8bb50d47-11e0-694d-1c00-000000000c00}
ParentProcessId: 1424
ParentImage: C:\Windows\System32\svchost.exe
ParentCommandLine: C:\WINDOWS\system32\svchost.exe -k netsvcs -p -s Schedule
ParentUser: NT AUTHORITY\SYSTEM","1","5",,"4","1","0","-9223372036854775808","2357","Microsoft-Windows-Sysmon","5770385f-c22a-43e0-bf4c-06f5698ffbd9","Microsoft-Windows-Sysmon/Operational","3580","4288","Windows11","S-1-5-18","12/25/2025 4:14:46 PM",,,"Microsoft-Windows-Sysmon/Operational","System.UInt32[]","System.Diagnostics.Eventing.Reader.EventBookmark","Information","Info","File created (rule: FileCreate)","System.Collections.ObjectModel.ReadOnlyCollection`1[System.String]","System.Collections.Generic.List`1[System.Diagnostics.Eventing.Reader.EventProperty]"
"Process Create:
RuleName: -
UtcTime: 2025-12-25 15:14:45.991
ProcessGuid: {8bb50d47-54e5-694d-4a02-000000000c00}
ProcessId: 6316
Image: C:\ProgramData\Microsoft\Windows Defender\Platform\4.18.25110.6-0\MpCmdRun.exe
FileVersion: 4.18.25110.6 (747f30181b4cd739116f0a6ad3cabef997251d7f)
Description: Microsoft Malware Protection Command Line Utility
Product: Microsoft? Windows? Operating System
Company: Microsoft Corporation
OriginalFileName: MpCmdRun.exe
CommandLine: ""C:\ProgramData\Microsoft\Windows Defender\Platform\4.18.25110.6-0\MpCmdRun.exe"" -IdleTask -TaskName WdCleanup
CurrentDirectory: C:\WINDOWS\system32\
User: NT AUTHORITY\SYSTEM
LogonGuid: {8bb50d47-11d7-694d-e703-000000000000}
LogonId: 0x3E7
TerminalSessionId: 0
IntegrityLevel: System
Hashes: MD5=BFB14CF0FB83DBACA2496E451655F3A4,SHA256=BAEE05CEAD26C8105363F244B6A630EEB0983E96C0F366EE05882F84A5DD324F,IMPHASH=EC9821882B67AA0527E67484A60257BF
ParentProcessGuid: {8bb50d47-11e0-694d-1c00-000000000c00}
ParentProcessId: 1424
ParentImage: C:\Windows\System32\svchost.exe
ParentCommandLine: C:\WINDOWS\system32\svchost.exe -k netsvcs -p -s Schedule
ParentUser: NT AUTHORITY\SYSTEM","1","5",,"4","1","0","-9223372036854775808","2356","Microsoft-Windows-Sysmon","5770385f-c22a-43e0-bf4c-06f5698ffbd9","Microsoft-Windows-Sysmon/Operational","3580","4288","Windows11","S-1-5-18","12/25/2025 4:14:46 PM",,,"Microsoft-Windows-Sysmon/Operational","System.UInt32[]","System.Diagnostics.Eventing.Reader.EventBookmark","Information","Info","File created (rule: FileCreate)","System.Collections.ObjectModel.ReadOnlyCollection`1[System.String]","System.Collections.Generic.List`1[System.Diagnostics.Eventing.Reader.EventProperty]"
"Process Create:
RuleName: -
UtcTime: 2025-12-25 15:14:23.674
ProcessGuid: {8bb50d47-54cf-694d-4802-000000000c00}
ProcessId: 8400
Image: C:\Windows\System32\appidcertstorecheck.exe
FileVersion: 10.0.26100.3037 (WinBuild.160101.0800)
Description: AppID Certificate Store Verification Task
Product: Microsoft? Windows? Operating System
Company: Microsoft Corporation
OriginalFileName: AppIDCertstoreCheck.exe
CommandLine: ""C:\WINDOWS\system32\appidcertstorecheck.exe""
CurrentDirectory: C:\WINDOWS\system32\
User: NT AUTHORITY\LOCAL SERVICE
LogonGuid: {8bb50d47-11df-694d-e503-000000000000}
LogonId: 0x3E5
TerminalSessionId: 0
IntegrityLevel: System
Hashes: MD5=B14AE123FE8C9391063FCA6A27E80B1C,SHA256=442A6A8546B9B2EE4159760B04E8FD33E6F3310C92C66709C27AFA47C8653808,IMPHASH=5472981C962523EC2271513DBA5F1CCC
ParentProcessGuid: {8bb50d47-11e0-694d-1c00-000000000c00}
ParentProcessId: 1424
ParentImage: C:\Windows\System32\svchost.exe
ParentCommandLine: C:\WINDOWS\system32\svchost.exe -k netsvcs -p -s Schedule
ParentUser: NT AUTHORITY\SYSTEM","1","5",,"4","1","0","-9223372036854775808","2355","Microsoft-Windows-Sysmon","5770385f-c22a-43e0-bf4c-06f5698ffbd9","Microsoft-Windows-Sysmon/Operational","3580","4288","Windows11","S-1-5-18","12/25/2025 4:14:23 PM",,,"Microsoft-Windows-Sysmon/Operational","System.UInt32[]","System.Diagnostics.Eventing.Reader.EventBookmark","Information","Info","File created (rule: FileCreate)","System.Collections.ObjectModel.ReadOnlyCollection`1[System.String]","System.Collections.Generic.List`1[System.Diagnostics.Eventing.Reader.EventProperty]"
"Network connection detected:
RuleName: Usermode
UtcTime: 2025-12-25 13:04:23.257
ProcessGuid: {8bb50d47-1307-694d-ea00-000000000c00}
ProcessId: 2512
Image: C:\Users\Yomi\AppData\Local\Microsoft\OneDrive\OneDrive.exe
User: WINDOWS11\Yomi
Protocol: tcp
Initiated: true
SourceIsIpv6: false
SourceIp: 10.0.2.15
SourceHostname: Windows11
SourcePort: 51363
SourcePortName: -
DestinationIsIpv6: false
DestinationIp: 52.182.143.215
DestinationHostname: -
DestinationPort: 443
DestinationPortName: https","3","5",,"4","3","0","-9223372036854775808","2354","Microsoft-Windows-Sysmon","5770385f-c22a-43e0-bf4c-06f5698ffbd9","Microsoft-Windows-Sysmon/Operational","3580","4136","Windows11","S-1-5-18","12/25/2025 4:13:37 PM",,,"Microsoft-Windows-Sysmon/Operational","System.UInt32[]","System.Diagnostics.Eventing.Reader.EventBookmark","Information","Info","File created (rule: FileCreate)","System.Collections.ObjectModel.ReadOnlyCollection`1[System.String]","System.Collections.Generic.List`1[System.Diagnostics.Eventing.Reader.EventProperty]"
"Process Create:
RuleName: -
UtcTime: 2025-12-25 15:13:20.696
ProcessGuid: {8bb50d47-5490-694d-4402-000000000c00}
ProcessId: 2904
Image: C:\Windows\System32\svchost.exe
FileVersion: 10.0.26100.5074 (WinBuild.160101.0800)
Description: Host Process for Windows Services
Product: Microsoft? Windows? Operating System
Company: Microsoft Corporation
OriginalFileName: svchost.exe
CommandLine: C:\WINDOWS\system32\svchost.exe -k InvSvcGroup -p -s InventorySvc
CurrentDirectory: C:\WINDOWS\system32\
User: NT AUTHORITY\SYSTEM
LogonGuid: {8bb50d47-11d7-694d-e703-000000000000}
LogonId: 0x3E7
TerminalSessionId: 0
IntegrityLevel: System
Hashes: MD5=7B88D0896FBF43469A9959D59824A514,SHA256=53A39B900E3BFBF384ACD13F0FC2329FA8D42B61E993D8ED5ADF3A1428005D26,IMPHASH=DE43BD45CC98C143357416C7519ECCFD
ParentProcessGuid: {8bb50d47-11d4-694d-0b00-000000000c00}
ParentProcessId: 856
ParentImage: C:\Windows\System32\services.exe
ParentCommandLine: C:\WINDOWS\system32\services.exe
ParentUser: NT AUTHORITY\SYSTEM","1","5",,"4","1","0","-9223372036854775808","2353","Microsoft-Windows-Sysmon","5770385f-c22a-43e0-bf4c-06f5698ffbd9","Microsoft-Windows-Sysmon/Operational","3580","4288","Windows11","S-1-5-18","12/25/2025 4:13:20 PM",,,"Microsoft-Windows-Sysmon/Operational","System.UInt32[]","System.Diagnostics.Eventing.Reader.EventBookmark","Information","Info","File created (rule: FileCreate)","System.Collections.ObjectModel.ReadOnlyCollection`1[System.String]","System.Collections.Generic.List`1[System.Diagnostics.Eventing.Reader.EventProperty]"
"Process Create:
RuleName: -
UtcTime: 2025-12-25 15:13:16.664
ProcessGuid: {8bb50d47-548c-694d-3f02-000000000c00}
ProcessId: 6480
Image: C:\Windows\System32\svchost.exe
FileVersion: 10.0.26100.5074 (WinBuild.160101.0800)
Description: Host Process for Windows Services
Product: Microsoft? Windows? Operating System
Company: Microsoft Corporation
OriginalFileName: svchost.exe
CommandLine: C:\WINDOWS\System32\svchost.exe -k netsvcs -p
CurrentDirectory: C:\WINDOWS\system32\
User: NT AUTHORITY\SYSTEM
LogonGuid: {8bb50d47-11d7-694d-e703-000000000000}
LogonId: 0x3E7
TerminalSessionId: 0
IntegrityLevel: System
Hashes: MD5=7B88D0896FBF43469A9959D59824A514,SHA256=53A39B900E3BFBF384ACD13F0FC2329FA8D42B61E993D8ED5ADF3A1428005D26,IMPHASH=DE43BD45CC98C143357416C7519ECCFD
ParentProcessGuid: {8bb50d47-11d4-694d-0b00-000000000c00}
ParentProcessId: 856
ParentImage: C:\Windows\System32\services.exe
ParentCommandLine: C:\WINDOWS\system32\services.exe
ParentUser: NT AUTHORITY\SYSTEM","1","5",,"4","1","0","-9223372036854775808","2352","Microsoft-Windows-Sysmon","5770385f-c22a-43e0-bf4c-06f5698ffbd9","Microsoft-Windows-Sysmon/Operational","3580","4288","Windows11","S-1-5-18","12/25/2025 4:13:16 PM",,,"Microsoft-Windows-Sysmon/Operational","System.UInt32[]","System.Diagnostics.Eventing.Reader.EventBookmark","Information","Info","File created (rule: FileCreate)","System.Collections.ObjectModel.ReadOnlyCollection`1[System.String]","System.Collections.Generic.List`1[System.Diagnostics.Eventing.Reader.EventProperty]"
"Process Create:
RuleName: -
UtcTime: 2025-12-25 15:13:14.697
ProcessGuid: {8bb50d47-548a-694d-3a02-000000000c00}
ProcessId: 8852
Image: C:\Windows\UUS\Packages\Preview\amd64\MoUsoCoreWorker.exe
FileVersion: 1505.2508.4072.0
Description: MoUSO Core Worker Process
Product: Microsoft? Windows? Operating System
Company: Microsoft Corporation
OriginalFileName: MoUSOCoreWorker.exe
CommandLine: ""C:\WINDOWS\uus\packages\preview\AMD64\MoUsoCoreWorker.exe"" useprivatenamespaces
CurrentDirectory: C:\WINDOWS\system32\
User: NT AUTHORITY\SYSTEM
LogonGuid: {8bb50d47-11d7-694d-e703-000000000000}
LogonId: 0x3E7
TerminalSessionId: 0
IntegrityLevel: System
Hashes: MD5=2DAC73875399E9A897E9B821A6073E31,SHA256=262B106FC45ABA45A102F2993FE13B86A5980A0FE0F56EF97B596FC5F345DA2B,IMPHASH=D94209F29DF7A71A8E58B98404380E33
ParentProcessGuid: {8bb50d47-12c6-694d-b900-000000000c00}
ParentProcessId: 5240
ParentImage: C:\Windows\System32\svchost.exe
ParentCommandLine: C:\WINDOWS\system32\svchost.exe -k netsvcs -p -s UsoSvc
ParentUser: NT AUTHORITY\SYSTEM","1","5",,"4","1","0","-9223372036854775808","2351","Microsoft-Windows-Sysmon","5770385f-c22a-43e0-bf4c-06f5698ffbd9","Microsoft-Windows-Sysmon/Operational","3580","4288","Windows11","S-1-5-18","12/25/2025 4:13:14 PM",,,"Microsoft-Windows-Sysmon/Operational","System.UInt32[]","System.Diagnostics.Eventing.Reader.EventBookmark","Information","Info","File created (rule: FileCreate)","System.Collections.ObjectModel.ReadOnlyCollection`1[System.String]","System.Collections.Generic.List`1[System.Diagnostics.Eventing.Reader.EventProperty]"
"Process Create:
RuleName: -
UtcTime: 2025-12-25 15:13:06.174
ProcessGuid: {8bb50d47-5482-694d-3902-000000000c00}
ProcessId: 668
Image: C:\Windows\System32\dmclient.exe
FileVersion: 10.0.26100.3624 (WinBuild.160101.0800)
Description: Microsoft Feedback SIUF Deployment Manager Client
Product: Microsoft? Windows? Operating System
Company: Microsoft Corporation
OriginalFileName: dmclient.exe
CommandLine: ""C:\WINDOWS\system32\dmclient.exe"" utcwnf
CurrentDirectory: C:\WINDOWS\system32\
User: NT AUTHORITY\SYSTEM
LogonGuid: {8bb50d47-11d7-694d-e703-000000000000}
LogonId: 0x3E7
TerminalSessionId: 0
IntegrityLevel: System
Hashes: MD5=ADE2D804514A7ADC1793FDE0DB3E2D7B,SHA256=B7E299313494360EA4A147FEAD786939E443850B0910421DA7F1A2F186A37445,IMPHASH=BE4CDFB4F5176337C6B65F6C57146EC5
ParentProcessGuid: {8bb50d47-11e0-694d-1c00-000000000c00}
ParentProcessId: 1424
ParentImage: C:\Windows\System32\svchost.exe
ParentCommandLine: C:\WINDOWS\system32\svchost.exe -k netsvcs -p -s Schedule
ParentUser: NT AUTHORITY\SYSTEM","1","5",,"4","1","0","-9223372036854775808","2350","Microsoft-Windows-Sysmon","5770385f-c22a-43e0-bf4c-06f5698ffbd9","Microsoft-Windows-Sysmon/Operational","3580","4288","Windows11","S-1-5-18","12/25/2025 4:13:06 PM",,,"Microsoft-Windows-Sysmon/Operational","System.UInt32[]","System.Diagnostics.Eventing.Reader.EventBookmark","Information","Info","File created (rule: FileCreate)","System.Collections.ObjectModel.ReadOnlyCollection`1[System.String]","System.Collections.Generic.List`1[System.Diagnostics.Eventing.Reader.EventProperty]"
"Process Create:
RuleName: -
UtcTime: 2025-12-25 15:13:02.793
ProcessGuid: {8bb50d47-547e-694d-3802-000000000c00}
ProcessId: 5916
Image: C:\Windows\System32\svchost.exe
FileVersion: 10.0.26100.5074 (WinBuild.160101.0800)
Description: Host Process for Windows Services
Product: Microsoft? Windows? Operating System
Company: Microsoft Corporation
OriginalFileName: svchost.exe
CommandLine: C:\WINDOWS\system32\svchost.exe -k GPSvcGroup
CurrentDirectory: C:\WINDOWS\system32\
User: NT AUTHORITY\SYSTEM
LogonGuid: {8bb50d47-11d7-694d-e703-000000000000}
LogonId: 0x3E7
TerminalSessionId: 0
IntegrityLevel: System
Hashes: MD5=7B88D0896FBF43469A9959D59824A514,SHA256=53A39B900E3BFBF384ACD13F0FC2329FA8D42B61E993D8ED5ADF3A1428005D26,IMPHASH=DE43BD45CC98C143357416C7519ECCFD
ParentProcessGuid: {8bb50d47-11d4-694d-0b00-000000000c00}
ParentProcessId: 856
ParentImage: C:\Windows\System32\services.exe
ParentCommandLine: C:\WINDOWS\system32\services.exe
ParentUser: NT AUTHORITY\SYSTEM","1","5",,"4","1","0","-9223372036854775808","2349","Microsoft-Windows-Sysmon","5770385f-c22a-43e0-bf4c-06f5698ffbd9","Microsoft-Windows-Sysmon/Operational","3580","4288","Windows11","S-1-5-18","12/25/2025 4:13:02 PM",,,"Microsoft-Windows-Sysmon/Operational","System.UInt32[]","System.Diagnostics.Eventing.Reader.EventBookmark","Information","Info","File created (rule: FileCreate)","System.Collections.ObjectModel.ReadOnlyCollection`1[System.String]","System.Collections.Generic.List`1[System.Diagnostics.Eventing.Reader.EventProperty]"
"Process Create:
RuleName: -
UtcTime: 2025-12-25 15:12:48.399
ProcessGuid: {8bb50d47-5470-694d-3602-000000000c00}
ProcessId: 8376
Image: C:\Windows\WinSxS\amd64_microsoft-windows-servicingstack_31bf3856ad364e35_10.0.26100.5074_none_a5532eb7772ad4c4\TiWorker.exe
FileVersion: 10.0.26100.5074 (WinBuild.160101.0800)
Description: Windows Modules Installer Worker
Product: Microsoft? Windows? Operating System
Company: Microsoft Corporation
OriginalFileName: TiWorker.exe
CommandLine: C:\WINDOWS\winsxs\amd64_microsoft-windows-servicingstack_31bf3856ad364e35_10.0.26100.5074_none_a5532eb7772ad4c4\TiWorker.exe -Embedding
CurrentDirectory: C:\WINDOWS\system32\
User: NT AUTHORITY\SYSTEM
LogonGuid: {8bb50d47-11d7-694d-e703-000000000000}
LogonId: 0x3E7
TerminalSessionId: 0
IntegrityLevel: System
Hashes: MD5=B0E2857EE9C2C9BF7238E4DFE3C97139,SHA256=83E44E2BF7DA29A6A5237C521F031B8E6B0E40CABAAFC433E7CAA39F317B454E,IMPHASH=3A3C1E80AF5AB810A6334FCC3C8E3FDF
ParentProcessGuid: {8bb50d47-11db-694d-0f00-000000000c00}
ParentProcessId: 560
ParentImage: C:\Windows\System32\svchost.exe
ParentCommandLine: C:\WINDOWS\system32\svchost.exe -k DcomLaunch -p
ParentUser: NT AUTHORITY\SYSTEM","1","5",,"4","1","0","-9223372036854775808","2348","Microsoft-Windows-Sysmon","5770385f-c22a-43e0-bf4c-06f5698ffbd9","Microsoft-Windows-Sysmon/Operational","3580","4288","Windows11","S-1-5-18","12/25/2025 4:12:48 PM",,,"Microsoft-Windows-Sysmon/Operational","System.UInt32[]","System.Diagnostics.Eventing.Reader.EventBookmark","Information","Info","File created (rule: FileCreate)","System.Collections.ObjectModel.ReadOnlyCollection`1[System.String]","System.Collections.Generic.List`1[System.Diagnostics.Eventing.Reader.EventProperty]"
"Process Create:
RuleName: -
UtcTime: 2025-12-25 15:12:47.598
ProcessGuid: {8bb50d47-546f-694d-3502-000000000c00}
ProcessId: 2788
Image: C:\Windows\servicing\TrustedInstaller.exe
FileVersion: 10.0.26100.5074 (WinBuild.160101.0800)
Description: Windows Modules Installer
Product: Microsoft? Windows? Operating System
Company: Microsoft Corporation
OriginalFileName: TrustedInstaller.exe
CommandLine: C:\WINDOWS\servicing\TrustedInstaller.exe
CurrentDirectory: C:\WINDOWS\system32\
User: NT AUTHORITY\SYSTEM
LogonGuid: {8bb50d47-11d7-694d-e703-000000000000}
LogonId: 0x3E7
TerminalSessionId: 0
IntegrityLevel: System
Hashes: MD5=AE4442013F290315E046DBF9E6F9803A,SHA256=1889C5BC1CEEF3554B3408F9BDD9B50CF0DAC4CC84AE96E4D7B72F3043557875,IMPHASH=5E159CE7599ACD6CA7EC3122186D5DBC
ParentProcessGuid: {8bb50d47-11d4-694d-0b00-000000000c00}
ParentProcessId: 856
ParentImage: C:\Windows\System32\services.exe
ParentCommandLine: C:\WINDOWS\system32\services.exe
ParentUser: NT AUTHORITY\SYSTEM","1","5",,"4","1","0","-9223372036854775808","2347","Microsoft-Windows-Sysmon","5770385f-c22a-43e0-bf4c-06f5698ffbd9","Microsoft-Windows-Sysmon/Operational","3580","4288","Windows11","S-1-5-18","12/25/2025 4:12:47 PM",,,"Microsoft-Windows-Sysmon/Operational","System.UInt32[]","System.Diagnostics.Eventing.Reader.EventBookmark","Information","Info","File created (rule: FileCreate)","System.Collections.ObjectModel.ReadOnlyCollection`1[System.String]","System.Collections.Generic.List`1[System.Diagnostics.Eventing.Reader.EventProperty]"
"Process Create:
RuleName: -
UtcTime: 2025-12-25 15:12:34.285
ProcessGuid: {8bb50d47-5462-694d-3402-000000000c00}
ProcessId: 7728
Image: C:\Windows\System32\svchost.exe
FileVersion: 10.0.26100.5074 (WinBuild.160101.0800)
Description: Host Process for Windows Services
Product: Microsoft? Windows? Operating System
Company: Microsoft Corporation
OriginalFileName: svchost.exe
CommandLine: C:\WINDOWS\system32\svchost.exe -k netsvcs -s LxpSvc
CurrentDirectory: C:\WINDOWS\system32\
User: NT AUTHORITY\SYSTEM
LogonGuid: {8bb50d47-11d7-694d-e703-000000000000}
LogonId: 0x3E7
TerminalSessionId: 0
IntegrityLevel: System
Hashes: MD5=7B88D0896FBF43469A9959D59824A514,SHA256=53A39B900E3BFBF384ACD13F0FC2329FA8D42B61E993D8ED5ADF3A1428005D26,IMPHASH=DE43BD45CC98C143357416C7519ECCFD
ParentProcessGuid: {8bb50d47-11d4-694d-0b00-000000000c00}
ParentProcessId: 856
ParentImage: C:\Windows\System32\services.exe
ParentCommandLine: C:\WINDOWS\system32\services.exe
ParentUser: NT AUTHORITY\SYSTEM","1","5",,"4","1","0","-9223372036854775808","2346","Microsoft-Windows-Sysmon","5770385f-c22a-43e0-bf4c-06f5698ffbd9","Microsoft-Windows-Sysmon/Operational","3580","4288","Windows11","S-1-5-18","12/25/2025 4:12:34 PM",,,"Microsoft-Windows-Sysmon/Operational","System.UInt32[]","System.Diagnostics.Eventing.Reader.EventBookmark","Information","Info","File created (rule: FileCreate)","System.Collections.ObjectModel.ReadOnlyCollection`1[System.String]","System.Collections.Generic.List`1[System.Diagnostics.Eventing.Reader.EventProperty]"
"Process Create:
RuleName: -
UtcTime: 2025-12-25 15:12:26.078
ProcessGuid: {8bb50d47-545a-694d-3102-000000000c00}
ProcessId: 8016
Image: C:\Windows\System32\taskhostw.exe
FileVersion: 10.0.26100.5074 (WinBuild.160101.0800)
Description: Host Process for Windows Tasks
Product: Microsoft? Windows? Operating System
Company: Microsoft Corporation
OriginalFileName: taskhostw.exe
CommandLine: taskhostw.exe KEYROAMING
CurrentDirectory: C:\WINDOWS\system32\
User: WINDOWS11\Yomi
LogonGuid: {8bb50d47-11ef-694d-0419-020000000000}
LogonId: 0x21904
TerminalSessionId: 1
IntegrityLevel: Medium
Hashes: MD5=AD050ED052AFF11737AE0A25AED89799,SHA256=818C6876E1028AB2B94E45B3CC45102CD83204803537D94263A9B7A6B6583D4B,IMPHASH=2196268E7A2880E3ADC74481297D0C4B
ParentProcessGuid: {8bb50d47-11e0-694d-1c00-000000000c00}
ParentProcessId: 1424
ParentImage: C:\Windows\System32\svchost.exe
ParentCommandLine: C:\WINDOWS\system32\svchost.exe -k netsvcs -p -s Schedule
ParentUser: NT AUTHORITY\SYSTEM","1","5",,"4","1","0","-9223372036854775808","2345","Microsoft-Windows-Sysmon","5770385f-c22a-43e0-bf4c-06f5698ffbd9","Microsoft-Windows-Sysmon/Operational","3580","4288","Windows11","S-1-5-18","12/25/2025 4:12:26 PM",,,"Microsoft-Windows-Sysmon/Operational","System.UInt32[]","System.Diagnostics.Eventing.Reader.EventBookmark","Information","Info","File created (rule: FileCreate)","System.Collections.ObjectModel.ReadOnlyCollection`1[System.String]","System.Collections.Generic.List`1[System.Diagnostics.Eventing.Reader.EventProperty]"
"Process Create:
RuleName: -
UtcTime: 2025-12-25 15:12:24.846
ProcessGuid: {8bb50d47-5458-694d-3002-000000000c00}
ProcessId: 7860
Image: C:\Windows\System32\taskhostw.exe
FileVersion: 10.0.26100.5074 (WinBuild.160101.0800)
Description: Host Process for Windows Tasks
Product: Microsoft? Windows? Operating System
Company: Microsoft Corporation
OriginalFileName: taskhostw.exe
CommandLine: taskhostw.exe
CurrentDirectory: C:\WINDOWS\system32\
User: NT AUTHORITY\SYSTEM
LogonGuid: {8bb50d47-11d7-694d-e703-000000000000}
LogonId: 0x3E7
TerminalSessionId: 0
IntegrityLevel: System
Hashes: MD5=AD050ED052AFF11737AE0A25AED89799,SHA256=818C6876E1028AB2B94E45B3CC45102CD83204803537D94263A9B7A6B6583D4B,IMPHASH=2196268E7A2880E3ADC74481297D0C4B
ParentProcessGuid: {8bb50d47-11e0-694d-1c00-000000000c00}
ParentProcessId: 1424
ParentImage: C:\Windows\System32\svchost.exe
ParentCommandLine: C:\WINDOWS\system32\svchost.exe -k netsvcs -p -s Schedule
ParentUser: NT AUTHORITY\SYSTEM","1","5",,"4","1","0","-9223372036854775808","2344","Microsoft-Windows-Sysmon","5770385f-c22a-43e0-bf4c-06f5698ffbd9","Microsoft-Windows-Sysmon/Operational","3580","4288","Windows11","S-1-5-18","12/25/2025 4:12:25 PM",,,"Microsoft-Windows-Sysmon/Operational","System.UInt32[]","System.Diagnostics.Eventing.Reader.EventBookmark","Information","Info","File created (rule: FileCreate)","System.Collections.ObjectModel.ReadOnlyCollection`1[System.String]","System.Collections.Generic.List`1[System.Diagnostics.Eventing.Reader.EventProperty]"
"Process Create:
RuleName: -
UtcTime: 2025-12-25 15:12:24.420
ProcessGuid: {8bb50d47-5458-694d-2f02-000000000c00}
ProcessId: 8244
Image: C:\Windows\System32\rundll32.exe
FileVersion: 10.0.26100.5074 (WinBuild.160101.0800)
Description: Windows host process (Rundll32)
Product: Microsoft? Windows? Operating System
Company: Microsoft Corporation
OriginalFileName: RUNDLL32.EXE
CommandLine: ""C:\WINDOWS\system32\rundll32.exe"" C:\WINDOWS\system32\PcaSvc.dll,PcaPatchSdbTask
CurrentDirectory: C:\WINDOWS\system32\
User: NT AUTHORITY\SYSTEM
LogonGuid: {8bb50d47-11d7-694d-e703-000000000000}
LogonId: 0x3E7
TerminalSessionId: 0
IntegrityLevel: System
Hashes: MD5=2FAFAA93AA691553B5303616A6044A42,SHA256=2370D904F3C18A68638B3AAEDF17B2C68306E98A784EB1F21985C4E880FF1D2D,IMPHASH=C8B70D465C35D895C4171BAF042BB63A
ParentProcessGuid: {8bb50d47-11e0-694d-1c00-000000000c00}
ParentProcessId: 1424
ParentImage: C:\Windows\System32\svchost.exe
ParentCommandLine: C:\WINDOWS\system32\svchost.exe -k netsvcs -p -s Schedule
ParentUser: NT AUTHORITY\SYSTEM","1","5",,"4","1","0","-9223372036854775808","2343","Microsoft-Windows-Sysmon","5770385f-c22a-43e0-bf4c-06f5698ffbd9","Microsoft-Windows-Sysmon/Operational","3580","4288","Windows11","S-1-5-18","12/25/2025 4:12:24 PM",,,"Microsoft-Windows-Sysmon/Operational","System.UInt32[]","System.Diagnostics.Eventing.Reader.EventBookmark","Information","Info","File created (rule: FileCreate)","System.Collections.ObjectModel.ReadOnlyCollection`1[System.String]","System.Collections.Generic.List`1[System.Diagnostics.Eventing.Reader.EventProperty]"
"Process Create:
RuleName: -
UtcTime: 2025-12-25 15:12:23.451
ProcessGuid: {8bb50d47-5457-694d-2e02-000000000c00}
ProcessId: 1900
Image: C:\Program Files (x86)\Microsoft\EdgeUpdate\MicrosoftEdgeUpdate.exe
FileVersion: 1.3.215.9
Description: Microsoft Edge Update
Product: Microsoft Edge Update
Company: Microsoft Corporation
OriginalFileName: msedgeupdate.dll
CommandLine: ""C:\Program Files (x86)\Microsoft\EdgeUpdate\MicrosoftEdgeUpdate.exe"" /ua /installsource scheduler
CurrentDirectory: C:\WINDOWS\system32\
User: NT AUTHORITY\SYSTEM
LogonGuid: {8bb50d47-11d7-694d-e703-000000000000}
LogonId: 0x3E7
TerminalSessionId: 0
IntegrityLevel: System
Hashes: MD5=B299AA9A27C330A9B44E45BD1595DBEA,SHA256=955B5950FD92E5C5EEC395B022566C9A2594CA3126D894408E2E29BA25D8B0DD,IMPHASH=CD3B2D99C6655A5D4A14E30E380F5BF9
ParentProcessGuid: {8bb50d47-11e0-694d-1c00-000000000c00}
ParentProcessId: 1424
ParentImage: C:\Windows\System32\svchost.exe
ParentCommandLine: C:\WINDOWS\system32\svchost.exe -k netsvcs -p -s Schedule
ParentUser: NT AUTHORITY\SYSTEM","1","5",,"4","1","0","-9223372036854775808","2342","Microsoft-Windows-Sysmon","5770385f-c22a-43e0-bf4c-06f5698ffbd9","Microsoft-Windows-Sysmon/Operational","3580","4288","Windows11","S-1-5-18","12/25/2025 4:12:23 PM",,,"Microsoft-Windows-Sysmon/Operational","System.UInt32[]","System.Diagnostics.Eventing.Reader.EventBookmark","Information","Info","File created (rule: FileCreate)","System.Collections.ObjectModel.ReadOnlyCollection`1[System.String]","System.Collections.Generic.List`1[System.Diagnostics.Eventing.Reader.EventProperty]"
"Process Create:
RuleName: -
UtcTime: 2025-12-25 12:50:54.592
ProcessGuid: {8bb50d47-332e-694d-2902-000000000c00}
ProcessId: 7868
Image: C:\Windows\System32\PickerHost.exe
FileVersion: 10.0.26100.5074 (WinBuild.160101.0800)
Description: File Picker UI Host
Product: Microsoft? Windows? Operating System
Company: Microsoft Corporation
OriginalFileName: PickerHost.exe
CommandLine: C:\Windows\System32\PickerHost.exe -Embedding
CurrentDirectory: C:\WINDOWS\system32\
User: WINDOWS11\Yomi
LogonGuid: {8bb50d47-11ef-694d-0419-020000000000}
LogonId: 0x21904
TerminalSessionId: 1
IntegrityLevel: Medium
Hashes: MD5=31F2ED79E606C41317B19ABB2E3EDAB3,SHA256=E3E3BAE797FB48A67B387CBAC8DEA0B081584A9D3972EC9FC247B7D9BA0C11C9,IMPHASH=A29C838752203A952CED99FCD67FC0FE
ParentProcessGuid: {8bb50d47-11db-694d-0f00-000000000c00}
ParentProcessId: 560
ParentImage: C:\Windows\System32\svchost.exe
ParentCommandLine: C:\WINDOWS\system32\svchost.exe -k DcomLaunch -p
ParentUser: NT AUTHORITY\SYSTEM","1","5",,"4","1","0","-9223372036854775808","2341","Microsoft-Windows-Sysmon","5770385f-c22a-43e0-bf4c-06f5698ffbd9","Microsoft-Windows-Sysmon/Operational","3580","4288","Windows11","S-1-5-18","12/25/2025 1:50:54 PM",,,"Microsoft-Windows-Sysmon/Operational","System.UInt32[]","System.Diagnostics.Eventing.Reader.EventBookmark","Information","Info","File created (rule: FileCreate)","System.Collections.ObjectModel.ReadOnlyCollection`1[System.String]","System.Collections.Generic.List`1[System.Diagnostics.Eventing.Reader.EventProperty]"
"Process Create:
RuleName: -
UtcTime: 2025-12-25 12:48:20.702
ProcessGuid: {8bb50d47-3294-694d-2602-000000000c00}
ProcessId: 5856
Image: C:\Windows\System32\svchost.exe
FileVersion: 10.0.26100.5074 (WinBuild.160101.0800)
Description: Host Process for Windows Services
Product: Microsoft? Windows? Operating System
Company: Microsoft Corporation
OriginalFileName: svchost.exe
CommandLine: C:\WINDOWS\system32\svchost.exe -k GPSvcGroup
CurrentDirectory: C:\WINDOWS\system32\
User: NT AUTHORITY\SYSTEM
LogonGuid: {8bb50d47-11d7-694d-e703-000000000000}
LogonId: 0x3E7
TerminalSessionId: 0
IntegrityLevel: System
Hashes: MD5=7B88D0896FBF43469A9959D59824A514,SHA256=53A39B900E3BFBF384ACD13F0FC2329FA8D42B61E993D8ED5ADF3A1428005D26,IMPHASH=DE43BD45CC98C143357416C7519ECCFD
ParentProcessGuid: {8bb50d47-11d4-694d-0b00-000000000c00}
ParentProcessId: 856
ParentImage: C:\Windows\System32\services.exe
ParentCommandLine: C:\WINDOWS\system32\services.exe
ParentUser: NT AUTHORITY\SYSTEM","1","5",,"4","1","0","-9223372036854775808","2340","Microsoft-Windows-Sysmon","5770385f-c22a-43e0-bf4c-06f5698ffbd9","Microsoft-Windows-Sysmon/Operational","3580","4288","Windows11","S-1-5-18","12/25/2025 1:48:20 PM",,,"Microsoft-Windows-Sysmon/Operational","System.UInt32[]","System.Diagnostics.Eventing.Reader.EventBookmark","Information","Info","File created (rule: FileCreate)","System.Collections.ObjectModel.ReadOnlyCollection`1[System.String]","System.Collections.Generic.List`1[System.Diagnostics.Eventing.Reader.EventProperty]"
"Process Create:
RuleName: -
UtcTime: 2025-12-25 12:37:25.574
ProcessGuid: {8bb50d47-3005-694d-2202-000000000c00}
ProcessId: 7348
Image: C:\Windows\UUS\Packages\Preview\amd64\MoUsoCoreWorker.exe
FileVersion: 1505.2508.4072.0
Description: MoUSO Core Worker Process
Product: Microsoft? Windows? Operating System
Company: Microsoft Corporation
OriginalFileName: MoUSOCoreWorker.exe
CommandLine: ""C:\WINDOWS\uus\packages\preview\AMD64\MoUsoCoreWorker.exe"" useprivatenamespaces
CurrentDirectory: C:\WINDOWS\system32\
User: NT AUTHORITY\SYSTEM
LogonGuid: {8bb50d47-11d7-694d-e703-000000000000}
LogonId: 0x3E7
TerminalSessionId: 0
IntegrityLevel: System
Hashes: MD5=2DAC73875399E9A897E9B821A6073E31,SHA256=262B106FC45ABA45A102F2993FE13B86A5980A0FE0F56EF97B596FC5F345DA2B,IMPHASH=D94209F29DF7A71A8E58B98404380E33
ParentProcessGuid: {8bb50d47-12c6-694d-b900-000000000c00}
ParentProcessId: 5240
ParentImage: C:\Windows\System32\svchost.exe
ParentCommandLine: C:\WINDOWS\system32\svchost.exe -k netsvcs -p -s UsoSvc
ParentUser: NT AUTHORITY\SYSTEM","1","5",,"4","1","0","-9223372036854775808","2339","Microsoft-Windows-Sysmon","5770385f-c22a-43e0-bf4c-06f5698ffbd9","Microsoft-Windows-Sysmon/Operational","3580","4288","Windows11","S-1-5-18","12/25/2025 1:37:25 PM",,,"Microsoft-Windows-Sysmon/Operational","System.UInt32[]","System.Diagnostics.Eventing.Reader.EventBookmark","Information","Info","File created (rule: FileCreate)","System.Collections.ObjectModel.ReadOnlyCollection`1[System.String]","System.Collections.Generic.List`1[System.Diagnostics.Eventing.Reader.EventProperty]"
"Process Create:
RuleName: -
UtcTime: 2025-12-25 12:37:12.419
ProcessGuid: {8bb50d47-2ff8-694d-2002-000000000c00}
ProcessId: 796
Image: C:\Windows\WinSxS\amd64_microsoft-windows-servicingstack_31bf3856ad364e35_10.0.26100.5074_none_a5532eb7772ad4c4\TiWorker.exe
FileVersion: 10.0.26100.5074 (WinBuild.160101.0800)
Description: Windows Modules Installer Worker
Product: Microsoft? Windows? Operating System
Company: Microsoft Corporation
OriginalFileName: TiWorker.exe
CommandLine: C:\WINDOWS\winsxs\amd64_microsoft-windows-servicingstack_31bf3856ad364e35_10.0.26100.5074_none_a5532eb7772ad4c4\TiWorker.exe -Embedding
CurrentDirectory: C:\WINDOWS\system32\
User: NT AUTHORITY\SYSTEM
LogonGuid: {8bb50d47-11d7-694d-e703-000000000000}
LogonId: 0x3E7
TerminalSessionId: 0
IntegrityLevel: System
Hashes: MD5=B0E2857EE9C2C9BF7238E4DFE3C97139,SHA256=83E44E2BF7DA29A6A5237C521F031B8E6B0E40CABAAFC433E7CAA39F317B454E,IMPHASH=3A3C1E80AF5AB810A6334FCC3C8E3FDF
ParentProcessGuid: {8bb50d47-11db-694d-0f00-000000000c00}
ParentProcessId: 560
ParentImage: C:\Windows\System32\svchost.exe
ParentCommandLine: C:\WINDOWS\system32\svchost.exe -k DcomLaunch -p
ParentUser: NT AUTHORITY\SYSTEM","1","5",,"4","1","0","-9223372036854775808","2338","Microsoft-Windows-Sysmon","5770385f-c22a-43e0-bf4c-06f5698ffbd9","Microsoft-Windows-Sysmon/Operational","3580","4288","Windows11","S-1-5-18","12/25/2025 1:37:12 PM",,,"Microsoft-Windows-Sysmon/Operational","System.UInt32[]","System.Diagnostics.Eventing.Reader.EventBookmark","Information","Info","File created (rule: FileCreate)","System.Collections.ObjectModel.ReadOnlyCollection`1[System.String]","System.Collections.Generic.List`1[System.Diagnostics.Eventing.Reader.EventProperty]"
"Process Create:
RuleName: -
UtcTime: 2025-12-25 12:37:12.205
ProcessGuid: {8bb50d47-2ff8-694d-1f02-000000000c00}
ProcessId: 4264
Image: C:\Windows\servicing\TrustedInstaller.exe
FileVersion: 10.0.26100.5074 (WinBuild.160101.0800)
Description: Windows Modules Installer
Product: Microsoft? Windows? Operating System
Company: Microsoft Corporation
OriginalFileName: TrustedInstaller.exe
CommandLine: C:\WINDOWS\servicing\TrustedInstaller.exe
CurrentDirectory: C:\WINDOWS\system32\
User: NT AUTHORITY\SYSTEM
LogonGuid: {8bb50d47-11d7-694d-e703-000000000000}
LogonId: 0x3E7
TerminalSessionId: 0
IntegrityLevel: System
Hashes: MD5=AE4442013F290315E046DBF9E6F9803A,SHA256=1889C5BC1CEEF3554B3408F9BDD9B50CF0DAC4CC84AE96E4D7B72F3043557875,IMPHASH=5E159CE7599ACD6CA7EC3122186D5DBC
ParentProcessGuid: {8bb50d47-11d4-694d-0b00-000000000c00}
ParentProcessId: 856
ParentImage: C:\Windows\System32\services.exe
ParentCommandLine: C:\WINDOWS\system32\services.exe
ParentUser: NT AUTHORITY\SYSTEM","1","5",,"4","1","0","-9223372036854775808","2337","Microsoft-Windows-Sysmon","5770385f-c22a-43e0-bf4c-06f5698ffbd9","Microsoft-Windows-Sysmon/Operational","3580","4288","Windows11","S-1-5-18","12/25/2025 1:37:12 PM",,,"Microsoft-Windows-Sysmon/Operational","System.UInt32[]","System.Diagnostics.Eventing.Reader.EventBookmark","Information","Info","File created (rule: FileCreate)","System.Collections.ObjectModel.ReadOnlyCollection`1[System.String]","System.Collections.Generic.List`1[System.Diagnostics.Eventing.Reader.EventProperty]"
"Network connection detected:
RuleName: Usermode
UtcTime: 2025-12-25 12:34:29.457
ProcessGuid: {8bb50d47-1307-694d-ea00-000000000c00}
ProcessId: 2512
Image: C:\Users\Yomi\AppData\Local\Microsoft\OneDrive\OneDrive.exe
User: WINDOWS11\Yomi
Protocol: tcp
Initiated: true
SourceIsIpv6: false
SourceIp: 10.0.2.15
SourceHostname: Windows11
SourcePort: 51337
SourcePortName: -
DestinationIsIpv6: false
DestinationIp: 51.116.253.170
DestinationHostname: -
DestinationPort: 443
DestinationPortName: https","3","5",,"4","3","0","-9223372036854775808","2336","Microsoft-Windows-Sysmon","5770385f-c22a-43e0-bf4c-06f5698ffbd9","Microsoft-Windows-Sysmon/Operational","3580","4136","Windows11","S-1-5-18","12/25/2025 1:34:35 PM",,,"Microsoft-Windows-Sysmon/Operational","System.UInt32[]","System.Diagnostics.Eventing.Reader.EventBookmark","Information","Info","File created (rule: FileCreate)","System.Collections.ObjectModel.ReadOnlyCollection`1[System.String]","System.Collections.Generic.List`1[System.Diagnostics.Eventing.Reader.EventProperty]"
"Process Create:
RuleName: -
UtcTime: 2025-12-25 12:34:05.275
ProcessGuid: {8bb50d47-2f3d-694d-1a02-000000000c00}
ProcessId: 4828
Image: C:\Windows\UUS\Packages\Preview\amd64\MoUsoCoreWorker.exe
FileVersion: 1505.2508.4072.0
Description: MoUSO Core Worker Process
Product: Microsoft? Windows? Operating System
Company: Microsoft Corporation
OriginalFileName: MoUSOCoreWorker.exe
CommandLine: ""C:\WINDOWS\uus\packages\preview\AMD64\MoUsoCoreWorker.exe"" useprivatenamespaces
CurrentDirectory: C:\WINDOWS\system32\
User: NT AUTHORITY\SYSTEM
LogonGuid: {8bb50d47-11d7-694d-e703-000000000000}
LogonId: 0x3E7
TerminalSessionId: 0
IntegrityLevel: System
Hashes: MD5=2DAC73875399E9A897E9B821A6073E31,SHA256=262B106FC45ABA45A102F2993FE13B86A5980A0FE0F56EF97B596FC5F345DA2B,IMPHASH=D94209F29DF7A71A8E58B98404380E33
ParentProcessGuid: {8bb50d47-12c6-694d-b900-000000000c00}
ParentProcessId: 5240
ParentImage: C:\Windows\System32\svchost.exe
ParentCommandLine: C:\WINDOWS\system32\svchost.exe -k netsvcs -p -s UsoSvc
ParentUser: NT AUTHORITY\SYSTEM","1","5",,"4","1","0","-9223372036854775808","2335","Microsoft-Windows-Sysmon","5770385f-c22a-43e0-bf4c-06f5698ffbd9","Microsoft-Windows-Sysmon/Operational","3580","4288","Windows11","S-1-5-18","12/25/2025 1:34:05 PM",,,"Microsoft-Windows-Sysmon/Operational","System.UInt32[]","System.Diagnostics.Eventing.Reader.EventBookmark","Information","Info","File created (rule: FileCreate)","System.Collections.ObjectModel.ReadOnlyCollection`1[System.String]","System.Collections.Generic.List`1[System.Diagnostics.Eventing.Reader.EventProperty]"
"Process Create:
RuleName: -
UtcTime: 2025-12-25 12:34:04.909
ProcessGuid: {8bb50d47-2f3c-694d-1902-000000000c00}
ProcessId: 4472
Image: C:\Windows\System32\UsoClient.exe
FileVersion: 10.0.26100.5074 (WinBuild.160101.0800)
Description: UsoClient
Product: Microsoft? Windows? Operating System
Company: Microsoft Corporation
OriginalFileName: UsoClient
CommandLine: ""C:\WINDOWS\system32\usoclient.exe"" StartScan
CurrentDirectory: C:\WINDOWS\system32\
User: NT AUTHORITY\SYSTEM
LogonGuid: {8bb50d47-11d7-694d-e703-000000000000}
LogonId: 0x3E7
TerminalSessionId: 0
IntegrityLevel: System
Hashes: MD5=C585B2D320072B9D51C88408A2412D19,SHA256=000B2F56A613C8DA761699A18E4ED06C63388D9F26BD9198D036DCD80643B11F,IMPHASH=1BC6441172601AD7E84C0082681FF7D2
ParentProcessGuid: {8bb50d47-11e0-694d-1c00-000000000c00}
ParentProcessId: 1424
ParentImage: C:\Windows\System32\svchost.exe
ParentCommandLine: C:\WINDOWS\system32\svchost.exe -k netsvcs -p -s Schedule
ParentUser: NT AUTHORITY\SYSTEM","1","5",,"4","1","0","-9223372036854775808","2334","Microsoft-Windows-Sysmon","5770385f-c22a-43e0-bf4c-06f5698ffbd9","Microsoft-Windows-Sysmon/Operational","3580","4288","Windows11","S-1-5-18","12/25/2025 1:34:04 PM",,,"Microsoft-Windows-Sysmon/Operational","System.UInt32[]","System.Diagnostics.Eventing.Reader.EventBookmark","Information","Info","File created (rule: FileCreate)","System.Collections.ObjectModel.ReadOnlyCollection`1[System.String]","System.Collections.Generic.List`1[System.Diagnostics.Eventing.Reader.EventProperty]"
"Process Create:
RuleName: -
UtcTime: 2025-12-25 12:33:26.763
ProcessGuid: {8bb50d47-2f16-694d-1802-000000000c00}
ProcessId: 1520
Image: C:\Windows\System32\svchost.exe
FileVersion: 10.0.26100.5074 (WinBuild.160101.0800)
Description: Host Process for Windows Services
Product: Microsoft? Windows? Operating System
Company: Microsoft Corporation
OriginalFileName: svchost.exe
CommandLine: C:\WINDOWS\system32\svchost.exe -k GPSvcGroup
CurrentDirectory: C:\WINDOWS\system32\
User: NT AUTHORITY\SYSTEM
LogonGuid: {8bb50d47-11d7-694d-e703-000000000000}
LogonId: 0x3E7
TerminalSessionId: 0
IntegrityLevel: System
Hashes: MD5=7B88D0896FBF43469A9959D59824A514,SHA256=53A39B900E3BFBF384ACD13F0FC2329FA8D42B61E993D8ED5ADF3A1428005D26,IMPHASH=DE43BD45CC98C143357416C7519ECCFD
ParentProcessGuid: {8bb50d47-11d4-694d-0b00-000000000c00}
ParentProcessId: 856
ParentImage: C:\Windows\System32\services.exe
ParentCommandLine: C:\WINDOWS\system32\services.exe
ParentUser: NT AUTHORITY\SYSTEM","1","5",,"4","1","0","-9223372036854775808","2333","Microsoft-Windows-Sysmon","5770385f-c22a-43e0-bf4c-06f5698ffbd9","Microsoft-Windows-Sysmon/Operational","3580","4288","Windows11","S-1-5-18","12/25/2025 1:33:26 PM",,,"Microsoft-Windows-Sysmon/Operational","System.UInt32[]","System.Diagnostics.Eventing.Reader.EventBookmark","Information","Info","File created (rule: FileCreate)","System.Collections.ObjectModel.ReadOnlyCollection`1[System.String]","System.Collections.Generic.List`1[System.Diagnostics.Eventing.Reader.EventProperty]"
"Registry value set:
RuleName: Context,DeviceConnectedOrUpdated
EventType: SetValue
UtcTime: 2025-12-25 12:32:49.661
ProcessGuid: {8bb50d47-2ef1-694d-1502-000000000c00}
ProcessId: 9116
Image: C:\WINDOWS\System32\sdbinst.exe
TargetObject: HKLM\SOFTWARE\Microsoft\Windows NT\CurrentVersion\AppCompatFlags\SdbUpdates\msimain.sdb\01DA54B25CE0D000.msimain.sdb\FriendlyName
Details: Microsoft System Installer Compatibility Database
User: NT AUTHORITY\SYSTEM","13","2",,"4","13","0","-9223372036854775808","2332","Microsoft-Windows-Sysmon","5770385f-c22a-43e0-bf4c-06f5698ffbd9","Microsoft-Windows-Sysmon/Operational","3580","4288","Windows11","S-1-5-18","12/25/2025 1:32:49 PM",,,"Microsoft-Windows-Sysmon/Operational","System.UInt32[]","System.Diagnostics.Eventing.Reader.EventBookmark","Information","Info","File created (rule: FileCreate)","System.Collections.ObjectModel.ReadOnlyCollection`1[System.String]","System.Collections.Generic.List`1[System.Diagnostics.Eventing.Reader.EventProperty]"
"Registry value set:
