RuleName: Context,DeviceConnectedOrUpdated
EventType: SetValue
UtcTime: 2025-12-25 10:28:06.191
ProcessGuid: {8bb50d47-11b3-694d-eb03-000000000000}
ProcessId: 4
Image: System
TargetObject: HKLM\System\CurrentControlSet\Control\DeviceClasses\{ffbb6e3f-ccfe-4d84-90d9-421418b03a8e}\##?#ROOT#SYSTEM#0000#{ffbb6e3f-ccfe-4d84-90d9-421418b03a8e}\#{EEC12DB6-AD9C-4168-8658-B03DAEF417FE}&{ABD61E00-9350-47e2-A632-4438B90C6641}\Device Parameters\FriendlyName
Details: Microsoft Trusted Audio Drivers
User: NT AUTHORITY\SYSTEM","13","2",,"4","13","0","-9223372036854775808","1774","Microsoft-Windows-Sysmon","5770385f-c22a-43e0-bf4c-06f5698ffbd9","Microsoft-Windows-Sysmon/Operational","3580","4288","Windows11","S-1-5-18","12/25/2025 11:29:34 AM",,,"Microsoft-Windows-Sysmon/Operational","System.UInt32[]","System.Diagnostics.Eventing.Reader.EventBookmark","Information","Info","File created (rule: FileCreate)","System.Collections.ObjectModel.ReadOnlyCollection`1[System.String]","System.Collections.Generic.List`1[System.Diagnostics.Eventing.Reader.EventProperty]"
"Registry value set:
RuleName: Context,DeviceConnectedOrUpdated
EventType: SetValue
UtcTime: 2025-12-25 10:28:06.186
ProcessGuid: {8bb50d47-11b3-694d-eb03-000000000000}
ProcessId: 4
Image: System
TargetObject: HKLM\System\CurrentControlSet\Control\DeviceClasses\{cf1dda2c-9743-11d0-a3ee-00a0c9223196}\##?#ROOT#SYSTEM#0000#{cf1dda2c-9743-11d0-a3ee-00a0c9223196}\#{cfd669f1-9bc2-11d0-8299-0000f822fe8a}&{CF1DDA2C-9743-11D0-A3EE-00A0C9223196}\Device Parameters\FriendlyName
Details: Tee/Sink-to-Sink Converter
User: NT AUTHORITY\SYSTEM","13","2",,"4","13","0","-9223372036854775808","1773","Microsoft-Windows-Sysmon","5770385f-c22a-43e0-bf4c-06f5698ffbd9","Microsoft-Windows-Sysmon/Operational","3580","4288","Windows11","S-1-5-18","12/25/2025 11:29:34 AM",,,"Microsoft-Windows-Sysmon/Operational","System.UInt32[]","System.Diagnostics.Eventing.Reader.EventBookmark","Information","Info","File created (rule: FileCreate)","System.Collections.ObjectModel.ReadOnlyCollection`1[System.String]","System.Collections.Generic.List`1[System.Diagnostics.Eventing.Reader.EventProperty]"
"Registry value set:
RuleName: Context,DeviceConnectedOrUpdated
EventType: SetValue
UtcTime: 2025-12-25 10:28:06.186
ProcessGuid: {8bb50d47-11b3-694d-eb03-000000000000}
ProcessId: 4
Image: System
TargetObject: HKLM\System\CurrentControlSet\Control\DeviceClasses\{0a4252a0-7e70-11d0-a5d6-28db04c10000}\##?#ROOT#SYSTEM#0000#{0a4252a0-7e70-11d0-a5d6-28db04c10000}\#{cfd669f1-9bc2-11d0-8299-0000f822fe8a}&{0A4252A0-7E70-11D0-A5D6-28DB04C10000}\Device Parameters\FriendlyName
Details: Tee/Sink-to-Sink Converter
User: NT AUTHORITY\SYSTEM","13","2",,"4","13","0","-9223372036854775808","1772","Microsoft-Windows-Sysmon","5770385f-c22a-43e0-bf4c-06f5698ffbd9","Microsoft-Windows-Sysmon/Operational","3580","4288","Windows11","S-1-5-18","12/25/2025 11:29:34 AM",,,"Microsoft-Windows-Sysmon/Operational","System.UInt32[]","System.Diagnostics.Eventing.Reader.EventBookmark","Information","Info","File created (rule: FileCreate)","System.Collections.ObjectModel.ReadOnlyCollection`1[System.String]","System.Collections.Generic.List`1[System.Diagnostics.Eventing.Reader.EventProperty]"
"Sysmon service state changed:
UtcTime: 2025-12-25 10:29:34.128
State: Started
Version: 15.15
SchemaVersion: 4.90","4","3",,"4","4","0","-9223372036854775808","1771","Microsoft-Windows-Sysmon","5770385f-c22a-43e0-bf4c-06f5698ffbd9","Microsoft-Windows-Sysmon/Operational","3580","4288","Windows11","S-1-5-18","12/25/2025 11:29:34 AM",,,"Microsoft-Windows-Sysmon/Operational","System.UInt32[]","System.Diagnostics.Eventing.Reader.EventBookmark","Information","Info","File created (rule: FileCreate)","System.Collections.ObjectModel.ReadOnlyCollection`1[System.String]","System.Collections.Generic.List`1[System.Diagnostics.Eventing.Reader.EventProperty]"
"Error report:
UtcTime: 2025-12-25 10:26:37.830
ID: GetConfigurationOptions
Description: Failed to open service configuration with error -127270464 - Last error: The media is write protected.
","255","3",,"2","255","0","-9223372036854775808","1770","Microsoft-Windows-Sysmon","5770385f-c22a-43e0-bf4c-06f5698ffbd9","Microsoft-Windows-Sysmon/Operational","3164","4260","Windows11","S-1-5-18","12/25/2025 11:26:37 AM",,,"Microsoft-Windows-Sysmon/Operational","System.UInt32[]","System.Diagnostics.Eventing.Reader.EventBookmark","Error","Info",,"System.Collections.ObjectModel.ReadOnlyCollection`1[System.String]","System.Collections.Generic.List`1[System.Diagnostics.Eventing.Reader.EventProperty]"
"Error report:
UtcTime: 2025-12-25 10:26:37.830
ID: GetConfigurationOptions
Description: Failed to open service configuration with error -127270464 - Last error: The media is write protected.
","255","3",,"2","255","0","-9223372036854775808","1769","Microsoft-Windows-Sysmon","5770385f-c22a-43e0-bf4c-06f5698ffbd9","Microsoft-Windows-Sysmon/Operational","3164","4260","Windows11","S-1-5-18","12/25/2025 11:26:37 AM",,,"Microsoft-Windows-Sysmon/Operational","System.UInt32[]","System.Diagnostics.Eventing.Reader.EventBookmark","Error","Info",,"System.Collections.ObjectModel.ReadOnlyCollection`1[System.String]","System.Collections.Generic.List`1[System.Diagnostics.Eventing.Reader.EventProperty]"
"File created:
RuleName: DLL
UtcTime: 2025-12-25 10:26:12.256
ProcessGuid: {8bb50d47-0ba5-694d-9f01-000000000b00}
ProcessId: 1344
Image: C:\WINDOWS\uus\packages\preview\AMD64\MoUsoCoreWorker.exe
TargetFilename: C:\Windows\SystemTemp\{169CBEA4-89B1-4C69-A772-44F2613E5A00}\ssshim.dll
CreationUtcTime: 2025-12-25 10:26:12.247
User: NT AUTHORITY\SYSTEM","11","2",,"4","11","0","-9223372036854775808","1768","Microsoft-Windows-Sysmon","5770385f-c22a-43e0-bf4c-06f5698ffbd9","Microsoft-Windows-Sysmon/Operational","3164","4264","Windows11","S-1-5-18","12/25/2025 11:26:12 AM",,,"Microsoft-Windows-Sysmon/Operational","System.UInt32[]","System.Diagnostics.Eventing.Reader.EventBookmark","Information","Info","File created (rule: FileCreate)","System.Collections.ObjectModel.ReadOnlyCollection`1[System.String]","System.Collections.Generic.List`1[System.Diagnostics.Eventing.Reader.EventProperty]"
"Process Create:
RuleName: -
UtcTime: 2025-12-25 10:26:11.652
ProcessGuid: {8bb50d47-1143-694d-e701-000000000b00}
ProcessId: 5888
Image: C:\Windows\System32\svchost.exe
FileVersion: 10.0.26100.5074 (WinBuild.160101.0800)
Description: Host Process for Windows Services
Product: Microsoft? Windows? Operating System
Company: Microsoft Corporation
OriginalFileName: svchost.exe
CommandLine: C:\WINDOWS\System32\svchost.exe -k CameraMonitor
CurrentDirectory: C:\WINDOWS\system32\
User: NT AUTHORITY\SYSTEM
LogonGuid: {8bb50d47-a5a7-694c-e703-000000000000}
LogonId: 0x3E7
TerminalSessionId: 0
IntegrityLevel: System
Hashes: MD5=7B88D0896FBF43469A9959D59824A514,SHA256=53A39B900E3BFBF384ACD13F0FC2329FA8D42B61E993D8ED5ADF3A1428005D26,IMPHASH=DE43BD45CC98C143357416C7519ECCFD
ParentProcessGuid: {8bb50d47-a5a6-694c-0b00-000000000b00}
ParentProcessId: 856
ParentImage: C:\Windows\System32\services.exe
ParentCommandLine: C:\WINDOWS\system32\services.exe
ParentUser: NT AUTHORITY\SYSTEM","1","5",,"4","1","0","-9223372036854775808","1767","Microsoft-Windows-Sysmon","5770385f-c22a-43e0-bf4c-06f5698ffbd9","Microsoft-Windows-Sysmon/Operational","3164","4264","Windows11","S-1-5-18","12/25/2025 11:26:11 AM",,,"Microsoft-Windows-Sysmon/Operational","System.UInt32[]","System.Diagnostics.Eventing.Reader.EventBookmark","Information","Info","File created (rule: FileCreate)","System.Collections.ObjectModel.ReadOnlyCollection`1[System.String]","System.Collections.Generic.List`1[System.Diagnostics.Eventing.Reader.EventProperty]"
"Process terminated:
RuleName: -
UtcTime: 2025-12-25 10:26:08.387
ProcessGuid: {8bb50d47-a654-694c-1001-000000000b00}
ProcessId: 3172
Image: C:\Users\Yomi\AppData\Local\Microsoft\OneDrive\OneDrive.exe
User: WINDOWS11\Yomi","5","3",,"4","5","0","-9223372036854775808","1766","Microsoft-Windows-Sysmon","5770385f-c22a-43e0-bf4c-06f5698ffbd9","Microsoft-Windows-Sysmon/Operational","3164","4264","Windows11","S-1-5-18","12/25/2025 11:26:08 AM",,,"Microsoft-Windows-Sysmon/Operational","System.UInt32[]","System.Diagnostics.Eventing.Reader.EventBookmark","Information","Info","File created (rule: FileCreate)","System.Collections.ObjectModel.ReadOnlyCollection`1[System.String]","System.Collections.Generic.List`1[System.Diagnostics.Eventing.Reader.EventProperty]"
"Process Create:
RuleName: -
UtcTime: 2025-12-25 10:26:04.043
ProcessGuid: {8bb50d47-113c-694d-e601-000000000b00}
ProcessId: 8500
Image: C:\Windows\System32\LogonUI.exe
FileVersion: 10.0.26100.5074 (WinBuild.160101.0800)
Description: Windows Logon User Interface Host
Product: Microsoft? Windows? Operating System
Company: Microsoft Corporation
OriginalFileName: logonui.exe
CommandLine: ""LogonUI.exe"" /flags:0x4 /state0:0xa3dc7055 /state1:0x41c64e6d
CurrentDirectory: C:\WINDOWS\system32\
User: NT AUTHORITY\SYSTEM
LogonGuid: {8bb50d47-a5a7-694c-e703-000000000000}
LogonId: 0x3E7
TerminalSessionId: 1
IntegrityLevel: System
Hashes: MD5=E8F6C286323B3D5235BCC0057AEFCDAF,SHA256=3C0884785488BF8187384D4D23C61366D5DC19EC3AEA11379506EE4A3BC94BFD,IMPHASH=A725A6C0F65392C3C24A8AF649AC1C54
ParentProcessGuid: {8bb50d47-a5a6-694c-0a00-000000000b00}
ParentProcessId: 772
ParentImage: C:\Windows\System32\winlogon.exe
ParentCommandLine: winlogon.exe
ParentUser: NT AUTHORITY\SYSTEM","1","5",,"4","1","0","-9223372036854775808","1765","Microsoft-Windows-Sysmon","5770385f-c22a-43e0-bf4c-06f5698ffbd9","Microsoft-Windows-Sysmon/Operational","3164","4264","Windows11","S-1-5-18","12/25/2025 11:26:04 AM",,,"Microsoft-Windows-Sysmon/Operational","System.UInt32[]","System.Diagnostics.Eventing.Reader.EventBookmark","Information","Info","File created (rule: FileCreate)","System.Collections.ObjectModel.ReadOnlyCollection`1[System.String]","System.Collections.Generic.List`1[System.Diagnostics.Eventing.Reader.EventProperty]"
"Process Create:
RuleName: -
UtcTime: 2025-12-25 10:25:21.403
ProcessGuid: {8bb50d47-1111-694d-e201-000000000b00}
ProcessId: 8424
Image: C:\Windows\System32\mmc.exe
FileVersion: 10.0.26100.5074 (WinBuild.160101.0800)
Description: Microsoft Management Console
Product: Microsoft? Windows? Operating System
Company: Microsoft Corporation
OriginalFileName: mmc.exe
CommandLine: ""C:\WINDOWS\system32\mmc.exe"" ""C:\WINDOWS\system32\eventvwr.msc""
CurrentDirectory: C:\WINDOWS\system32\
User: WINDOWS11\Yomi
LogonGuid: {8bb50d47-a5bc-694c-b84b-020000000000}
LogonId: 0x24BB8
TerminalSessionId: 1
IntegrityLevel: High
Hashes: MD5=C29FABCE5B10321714DADA2F518FF881,SHA256=17C15CBE812B0B006B21F3E655B2F50E5105E5519912C8A045732DD296B06085,IMPHASH=3720EE41511B64228B9D8C515B609003
ParentProcessGuid: {8bb50d47-1111-694d-e101-000000000b00}
ParentProcessId: 2040
ParentImage: C:\Windows\System32\eventvwr.exe
ParentCommandLine: ""C:\WINDOWS\system32\eventvwr.exe"" 
ParentUser: WINDOWS11\Yomi","1","5",,"4","1","0","-9223372036854775808","1764","Microsoft-Windows-Sysmon","5770385f-c22a-43e0-bf4c-06f5698ffbd9","Microsoft-Windows-Sysmon/Operational","3164","4264","Windows11","S-1-5-18","12/25/2025 11:25:21 AM",,,"Microsoft-Windows-Sysmon/Operational","System.UInt32[]","System.Diagnostics.Eventing.Reader.EventBookmark","Information","Info","File created (rule: FileCreate)","System.Collections.ObjectModel.ReadOnlyCollection`1[System.String]","System.Collections.Generic.List`1[System.Diagnostics.Eventing.Reader.EventProperty]"
"Process Create:
RuleName: -
UtcTime: 2025-12-25 10:25:21.251
ProcessGuid: {8bb50d47-1111-694d-e101-000000000b00}
ProcessId: 2040
Image: C:\Windows\System32\eventvwr.exe
FileVersion: 10.0.26100.5074 (WinBuild.160101.0800)
Description: Event Viewer Snapin Launcher
Product: Microsoft? Windows? Operating System
Company: Microsoft Corporation
OriginalFileName: eventvwr.exe
CommandLine: ""C:\WINDOWS\system32\eventvwr.exe"" 
CurrentDirectory: C:\WINDOWS\system32\
User: WINDOWS11\Yomi
LogonGuid: {8bb50d47-a5bc-694c-b84b-020000000000}
LogonId: 0x24BB8
TerminalSessionId: 1
IntegrityLevel: High
Hashes: MD5=505FE9D383E9BAA80227EA8A4EA0B2F0,SHA256=B5458390E94B467DDA104E282322C85077E587407CC7EA8B54703998900DEA20,IMPHASH=81E915BA07B6A006C4D31BF65A282226
ParentProcessGuid: {8bb50d47-a5e4-694c-7b00-000000000b00}
ParentProcessId: 8
ParentImage: C:\Windows\explorer.exe
ParentCommandLine: C:\WINDOWS\Explorer.EXE
ParentUser: WINDOWS11\Yomi","1","5",,"4","1","0","-9223372036854775808","1763","Microsoft-Windows-Sysmon","5770385f-c22a-43e0-bf4c-06f5698ffbd9","Microsoft-Windows-Sysmon/Operational","3164","4264","Windows11","S-1-5-18","12/25/2025 11:25:21 AM",,,"Microsoft-Windows-Sysmon/Operational","System.UInt32[]","System.Diagnostics.Eventing.Reader.EventBookmark","Information","Info","File created (rule: FileCreate)","System.Collections.ObjectModel.ReadOnlyCollection`1[System.String]","System.Collections.Generic.List`1[System.Diagnostics.Eventing.Reader.EventProperty]"
"Process Create:
RuleName: -
UtcTime: 2025-12-25 10:25:20.739
ProcessGuid: {8bb50d47-1110-694d-e001-000000000b00}
ProcessId: 9096
Image: C:\Windows\System32\consent.exe
FileVersion: 10.0.26100.5074 (WinBuild.160101.0800)
Description: Consent UI for administrative applications
Product: Microsoft? Windows? Operating System
Company: Microsoft Corporation
OriginalFileName: consent.exe
CommandLine: consent.exe 5332 454 0000020CB11519C0
CurrentDirectory: C:\WINDOWS\system32\
User: NT AUTHORITY\SYSTEM
LogonGuid: {8bb50d47-a5a7-694c-e703-000000000000}
LogonId: 0x3E7
TerminalSessionId: 1
IntegrityLevel: System
Hashes: MD5=8F1030C2603C82AB323BC03EAA5532AE,SHA256=9D80B4D956E8CD9E5C7FA9B083388DD32A15499D36CF81A2B01CC90608C69857,IMPHASH=531C24016A9A724FCB7E13BB0875666D
ParentProcessGuid: {8bb50d47-a5e7-694c-8000-000000000b00}
ParentProcessId: 5332
ParentImage: C:\Windows\System32\svchost.exe
ParentCommandLine: C:\WINDOWS\system32\svchost.exe -k netsvcs -p -s Appinfo
ParentUser: NT AUTHORITY\SYSTEM","1","5",,"4","1","0","-9223372036854775808","1762","Microsoft-Windows-Sysmon","5770385f-c22a-43e0-bf4c-06f5698ffbd9","Microsoft-Windows-Sysmon/Operational","3164","4264","Windows11","S-1-5-18","12/25/2025 11:25:20 AM",,,"Microsoft-Windows-Sysmon/Operational","System.UInt32[]","System.Diagnostics.Eventing.Reader.EventBookmark","Information","Info","File created (rule: FileCreate)","System.Collections.ObjectModel.ReadOnlyCollection`1[System.String]","System.Collections.Generic.List`1[System.Diagnostics.Eventing.Reader.EventProperty]"
"Process Create:
RuleName: -
UtcTime: 2025-12-25 10:25:20.359
ProcessGuid: {8bb50d47-1110-694d-df01-000000000b00}
ProcessId: 3204
Image: C:\Windows\System32\eventvwr.exe
FileVersion: 10.0.26100.5074 (WinBuild.160101.0800)
Description: Event Viewer Snapin Launcher
Product: Microsoft? Windows? Operating System
Company: Microsoft Corporation
OriginalFileName: eventvwr.exe
CommandLine: ""C:\WINDOWS\system32\eventvwr.exe"" 
CurrentDirectory: C:\Users\Yomi\
User: WINDOWS11\Yomi
LogonGuid: {8bb50d47-a5bc-694c-864c-020000000000}
LogonId: 0x24C86
TerminalSessionId: 1
IntegrityLevel: Medium
Hashes: MD5=505FE9D383E9BAA80227EA8A4EA0B2F0,SHA256=B5458390E94B467DDA104E282322C85077E587407CC7EA8B54703998900DEA20,IMPHASH=81E915BA07B6A006C4D31BF65A282226
ParentProcessGuid: {8bb50d47-a5e4-694c-7b00-000000000b00}
ParentProcessId: 8
ParentImage: C:\Windows\explorer.exe
ParentCommandLine: C:\WINDOWS\Explorer.EXE
ParentUser: WINDOWS11\Yomi","1","5",,"4","1","0","-9223372036854775808","1761","Microsoft-Windows-Sysmon","5770385f-c22a-43e0-bf4c-06f5698ffbd9","Microsoft-Windows-Sysmon/Operational","3164","4264","Windows11","S-1-5-18","12/25/2025 11:25:20 AM",,,"Microsoft-Windows-Sysmon/Operational","System.UInt32[]","System.Diagnostics.Eventing.Reader.EventBookmark","Information","Info","File created (rule: FileCreate)","System.Collections.ObjectModel.ReadOnlyCollection`1[System.String]","System.Collections.Generic.List`1[System.Diagnostics.Eventing.Reader.EventProperty]"
"Process Create:
RuleName: -
UtcTime: 2025-12-25 10:25:19.828
ProcessGuid: {8bb50d47-110f-694d-de01-000000000b00}
ProcessId: 8284
Image: C:\Windows\System32\smartscreen.exe
FileVersion: 10.0.26100.5074 (WinBuild.160101.0800)
Description: Windows Defender SmartScreen
Product: Microsoft? Windows? Operating System
Company: Microsoft Corporation
OriginalFileName: smartscreen.exe
CommandLine: C:\Windows\System32\smartscreen.exe -Embedding
CurrentDirectory: C:\WINDOWS\system32\
User: WINDOWS11\Yomi
LogonGuid: {8bb50d47-a5bc-694c-864c-020000000000}
LogonId: 0x24C86
TerminalSessionId: 1
IntegrityLevel: Medium
Hashes: MD5=032D6D9E18A3CB24B70111593C2D0180,SHA256=045BFD198B5B7559819F3EC3392C533C875BCDEB89055D5E37CAB566C8FA4174,IMPHASH=C84171DF6E7F087EA4E625CCCE2AB167
ParentProcessGuid: {8bb50d47-a5a9-694c-0f00-000000000b00}
ParentProcessId: 484
ParentImage: C:\Windows\System32\svchost.exe
ParentCommandLine: C:\WINDOWS\system32\svchost.exe -k DcomLaunch -p
ParentUser: NT AUTHORITY\SYSTEM","1","5",,"4","1","0","-9223372036854775808","1760","Microsoft-Windows-Sysmon","5770385f-c22a-43e0-bf4c-06f5698ffbd9","Microsoft-Windows-Sysmon/Operational","3164","4264","Windows11","S-1-5-18","12/25/2025 11:25:19 AM",,,"Microsoft-Windows-Sysmon/Operational","System.UInt32[]","System.Diagnostics.Eventing.Reader.EventBookmark","Information","Info","File created (rule: FileCreate)","System.Collections.ObjectModel.ReadOnlyCollection`1[System.String]","System.Collections.Generic.List`1[System.Diagnostics.Eventing.Reader.EventProperty]"
"CreateRemoteThread detected:
RuleName: -
UtcTime: 2025-12-25 10:23:55.753
SourceProcessGuid: {8bb50d47-a5ac-694c-1300-000000000b00}
SourceProcessId: 1084
SourceImage: C:\Windows\System32\dwm.exe
TargetProcessGuid: {8bb50d47-a5a5-694c-0900-000000000b00}
TargetProcessId: 724
TargetImage: C:\Windows\System32\csrss.exe
NewThreadId: 6040
StartAddress: 0xFFFFF80247CAD040
StartModule: -
StartFunction: -
SourceUser: Window Manager\DWM-1
TargetUser: NT AUTHORITY\SYSTEM","8","2",,"4","8","0","-9223372036854775808","1759","Microsoft-Windows-Sysmon","5770385f-c22a-43e0-bf4c-06f5698ffbd9","Microsoft-Windows-Sysmon/Operational","3164","4264","Windows11","S-1-5-18","12/25/2025 11:23:56 AM",,,"Microsoft-Windows-Sysmon/Operational","System.UInt32[]","System.Diagnostics.Eventing.Reader.EventBookmark","Information","Info","File created (rule: FileCreate)","System.Collections.ObjectModel.ReadOnlyCollection`1[System.String]","System.Collections.Generic.List`1[System.Diagnostics.Eventing.Reader.EventProperty]"
"Process Create:
RuleName: -
UtcTime: 2025-12-25 10:23:54.562
ProcessGuid: {8bb50d47-10ba-694d-dc01-000000000b00}
ProcessId: 4240
Image: C:\Windows\System32\svchost.exe
FileVersion: 10.0.26100.5074 (WinBuild.160101.0800)
Description: Host Process for Windows Services
Product: Microsoft? Windows? Operating System
Company: Microsoft Corporation
OriginalFileName: svchost.exe
CommandLine: C:\WINDOWS\System32\svchost.exe -k CameraMonitor
CurrentDirectory: C:\WINDOWS\system32\
User: NT AUTHORITY\SYSTEM
LogonGuid: {8bb50d47-a5a7-694c-e703-000000000000}
LogonId: 0x3E7
TerminalSessionId: 0
IntegrityLevel: System
Hashes: MD5=7B88D0896FBF43469A9959D59824A514,SHA256=53A39B900E3BFBF384ACD13F0FC2329FA8D42B61E993D8ED5ADF3A1428005D26,IMPHASH=DE43BD45CC98C143357416C7519ECCFD
ParentProcessGuid: {8bb50d47-a5a6-694c-0b00-000000000b00}
ParentProcessId: 856
ParentImage: C:\Windows\System32\services.exe
ParentCommandLine: C:\WINDOWS\system32\services.exe
ParentUser: NT AUTHORITY\SYSTEM","1","5",,"4","1","0","-9223372036854775808","1758","Microsoft-Windows-Sysmon","5770385f-c22a-43e0-bf4c-06f5698ffbd9","Microsoft-Windows-Sysmon/Operational","3164","4264","Windows11","S-1-5-18","12/25/2025 11:23:55 AM",,,"Microsoft-Windows-Sysmon/Operational","System.UInt32[]","System.Diagnostics.Eventing.Reader.EventBookmark","Information","Info","File created (rule: FileCreate)","System.Collections.ObjectModel.ReadOnlyCollection`1[System.String]","System.Collections.Generic.List`1[System.Diagnostics.Eventing.Reader.EventProperty]"
"Process Create:
RuleName: -
UtcTime: 2025-12-25 10:17:17.112
ProcessGuid: {8bb50d47-0f2d-694d-da01-000000000b00}
ProcessId: 7076
Image: C:\Windows\System32\svchost.exe
FileVersion: 10.0.26100.5074 (WinBuild.160101.0800)
Description: Host Process for Windows Services
Product: Microsoft? Windows? Operating System
Company: Microsoft Corporation
OriginalFileName: svchost.exe
CommandLine: C:\WINDOWS\system32\svchost.exe -k GPSvcGroup
CurrentDirectory: C:\WINDOWS\system32\
User: NT AUTHORITY\SYSTEM
LogonGuid: {8bb50d47-a5a7-694c-e703-000000000000}
LogonId: 0x3E7
TerminalSessionId: 0
IntegrityLevel: System
Hashes: MD5=7B88D0896FBF43469A9959D59824A514,SHA256=53A39B900E3BFBF384ACD13F0FC2329FA8D42B61E993D8ED5ADF3A1428005D26,IMPHASH=DE43BD45CC98C143357416C7519ECCFD
ParentProcessGuid: {8bb50d47-a5a6-694c-0b00-000000000b00}
ParentProcessId: 856
ParentImage: C:\Windows\System32\services.exe
ParentCommandLine: C:\WINDOWS\system32\services.exe
ParentUser: NT AUTHORITY\SYSTEM","1","5",,"4","1","0","-9223372036854775808","1757","Microsoft-Windows-Sysmon","5770385f-c22a-43e0-bf4c-06f5698ffbd9","Microsoft-Windows-Sysmon/Operational","3164","4264","Windows11","S-1-5-18","12/25/2025 11:17:17 AM",,,"Microsoft-Windows-Sysmon/Operational","System.UInt32[]","System.Diagnostics.Eventing.Reader.EventBookmark","Information","Info","File created (rule: FileCreate)","System.Collections.ObjectModel.ReadOnlyCollection`1[System.String]","System.Collections.Generic.List`1[System.Diagnostics.Eventing.Reader.EventProperty]"
"Process Create:
RuleName: -
UtcTime: 2025-12-25 10:08:30.578
ProcessGuid: {8bb50d47-0d1e-694d-cd01-000000000b00}
ProcessId: 6172
Image: C:\Windows\System32\appidcertstorecheck.exe
FileVersion: 10.0.26100.3037 (WinBuild.160101.0800)
Description: AppID Certificate Store Verification Task
Product: Microsoft? Windows? Operating System
Company: Microsoft Corporation
OriginalFileName: AppIDCertstoreCheck.exe
CommandLine: ""C:\WINDOWS\system32\appidcertstorecheck.exe""
CurrentDirectory: C:\WINDOWS\system32\
User: NT AUTHORITY\LOCAL SERVICE
LogonGuid: {8bb50d47-a5ad-694c-e503-000000000000}
LogonId: 0x3E5
TerminalSessionId: 0
IntegrityLevel: System
Hashes: MD5=B14AE123FE8C9391063FCA6A27E80B1C,SHA256=442A6A8546B9B2EE4159760B04E8FD33E6F3310C92C66709C27AFA47C8653808,IMPHASH=5472981C962523EC2271513DBA5F1CCC
ParentProcessGuid: {8bb50d47-a5ad-694c-1d00-000000000b00}
ParentProcessId: 1472
ParentImage: C:\Windows\System32\svchost.exe
ParentCommandLine: C:\WINDOWS\system32\svchost.exe -k netsvcs -p -s Schedule
ParentUser: NT AUTHORITY\SYSTEM","1","5",,"4","1","0","-9223372036854775808","1756","Microsoft-Windows-Sysmon","5770385f-c22a-43e0-bf4c-06f5698ffbd9","Microsoft-Windows-Sysmon/Operational","3164","4264","Windows11","S-1-5-18","12/25/2025 11:08:30 AM",,,"Microsoft-Windows-Sysmon/Operational","System.UInt32[]","System.Diagnostics.Eventing.Reader.EventBookmark","Information","Info","File created (rule: FileCreate)","System.Collections.ObjectModel.ReadOnlyCollection`1[System.String]","System.Collections.Generic.List`1[System.Diagnostics.Eventing.Reader.EventProperty]"
"Dns query:
RuleName: -
UtcTime: 2025-12-25 09:55:12.314
ProcessGuid: {8bb50d47-0ce2-694d-cb01-000000000b00}
ProcessId: 1144
QueryName: tse1.mm.bing.net
QueryStatus: 0
QueryResults: type: 5 mm-mm.bing.net.trafficmanager.net;type: 5 ax-0001.ax-msedge.net;2620:1ec:33::10;2620:1ec:33:1::10;::ffff:150.171.27.10;::ffff:150.171.28.10;
Image: C:\WINDOWS\system32\BackgroundTransferHost.exe
User: WINDOWS11\Yomi","22","5",,"4","22","0","-9223372036854775808","1755","Microsoft-Windows-Sysmon","5770385f-c22a-43e0-bf4c-06f5698ffbd9","Microsoft-Windows-Sysmon/Operational","3164","4292","Windows11","S-1-5-18","12/25/2025 11:07:35 AM",,,"Microsoft-Windows-Sysmon/Operational","System.UInt32[]","System.Diagnostics.Eventing.Reader.EventBookmark","Information","Info","File created (rule: FileCreate)","System.Collections.ObjectModel.ReadOnlyCollection`1[System.String]","System.Collections.Generic.List`1[System.Diagnostics.Eventing.Reader.EventProperty]"
"Process Create:
RuleName: -
UtcTime: 2025-12-25 10:07:22.897
ProcessGuid: {8bb50d47-0cda-694d-c901-000000000b00}
ProcessId: 788
Image: C:\Windows\WinSxS\amd64_microsoft-windows-servicingstack_31bf3856ad364e35_10.0.26100.5074_none_a5532eb7772ad4c4\TiWorker.exe
FileVersion: 10.0.26100.5074 (WinBuild.160101.0800)
Description: Windows Modules Installer Worker
Product: Microsoft? Windows? Operating System
Company: Microsoft Corporation
OriginalFileName: TiWorker.exe
CommandLine: C:\WINDOWS\winsxs\amd64_microsoft-windows-servicingstack_31bf3856ad364e35_10.0.26100.5074_none_a5532eb7772ad4c4\TiWorker.exe -Embedding
CurrentDirectory: C:\WINDOWS\system32\
User: NT AUTHORITY\SYSTEM
LogonGuid: {8bb50d47-a5a7-694c-e703-000000000000}
LogonId: 0x3E7
TerminalSessionId: 0
IntegrityLevel: System
Hashes: MD5=B0E2857EE9C2C9BF7238E4DFE3C97139,SHA256=83E44E2BF7DA29A6A5237C521F031B8E6B0E40CABAAFC433E7CAA39F317B454E,IMPHASH=3A3C1E80AF5AB810A6334FCC3C8E3FDF
ParentProcessGuid: {8bb50d47-a5a9-694c-0f00-000000000b00}
ParentProcessId: 484
ParentImage: C:\Windows\System32\svchost.exe
ParentCommandLine: C:\WINDOWS\system32\svchost.exe -k DcomLaunch -p
ParentUser: NT AUTHORITY\SYSTEM","1","5",,"4","1","0","-9223372036854775808","1754","Microsoft-Windows-Sysmon","5770385f-c22a-43e0-bf4c-06f5698ffbd9","Microsoft-Windows-Sysmon/Operational","3164","4264","Windows11","S-1-5-18","12/25/2025 11:07:22 AM",,,"Microsoft-Windows-Sysmon/Operational","System.UInt32[]","System.Diagnostics.Eventing.Reader.EventBookmark","Information","Info","File created (rule: FileCreate)","System.Collections.ObjectModel.ReadOnlyCollection`1[System.String]","System.Collections.Generic.List`1[System.Diagnostics.Eventing.Reader.EventProperty]"
"Process Create:
RuleName: -
UtcTime: 2025-12-25 10:07:22.552
ProcessGuid: {8bb50d47-0cda-694d-c801-000000000b00}
ProcessId: 9104
Image: C:\Windows\servicing\TrustedInstaller.exe
FileVersion: 10.0.26100.5074 (WinBuild.160101.0800)
Description: Windows Modules Installer
Product: Microsoft? Windows? Operating System
Company: Microsoft Corporation
OriginalFileName: TrustedInstaller.exe
CommandLine: C:\WINDOWS\servicing\TrustedInstaller.exe
CurrentDirectory: C:\WINDOWS\system32\
User: NT AUTHORITY\SYSTEM
LogonGuid: {8bb50d47-a5a7-694c-e703-000000000000}
LogonId: 0x3E7
TerminalSessionId: 0
IntegrityLevel: System
Hashes: MD5=AE4442013F290315E046DBF9E6F9803A,SHA256=1889C5BC1CEEF3554B3408F9BDD9B50CF0DAC4CC84AE96E4D7B72F3043557875,IMPHASH=5E159CE7599ACD6CA7EC3122186D5DBC
ParentProcessGuid: {8bb50d47-a5a6-694c-0b00-000000000b00}
ParentProcessId: 856
ParentImage: C:\Windows\System32\services.exe
ParentCommandLine: C:\WINDOWS\system32\services.exe
ParentUser: NT AUTHORITY\SYSTEM","1","5",,"4","1","0","-9223372036854775808","1753","Microsoft-Windows-Sysmon","5770385f-c22a-43e0-bf4c-06f5698ffbd9","Microsoft-Windows-Sysmon/Operational","3164","4264","Windows11","S-1-5-18","12/25/2025 11:07:22 AM",,,"Microsoft-Windows-Sysmon/Operational","System.UInt32[]","System.Diagnostics.Eventing.Reader.EventBookmark","Information","Info","File created (rule: FileCreate)","System.Collections.ObjectModel.ReadOnlyCollection`1[System.String]","System.Collections.Generic.List`1[System.Diagnostics.Eventing.Reader.EventProperty]"
"Network connection detected:
RuleName: Usermode
UtcTime: 2025-12-25 09:54:47.863
ProcessGuid: {8bb50d47-a654-694c-1001-000000000b00}
ProcessId: 3172
Image: C:\Users\Yomi\AppData\Local\Microsoft\OneDrive\OneDrive.exe
User: WINDOWS11\Yomi
Protocol: tcp
Initiated: true
SourceIsIpv6: false
SourceIp: 10.0.2.15
SourceHostname: Windows11
SourcePort: 63140
SourcePortName: -
DestinationIsIpv6: false
DestinationIp: 20.189.173.16
DestinationHostname: -
DestinationPort: 443
DestinationPortName: https","3","5",,"4","3","0","-9223372036854775808","1752","Microsoft-Windows-Sysmon","5770385f-c22a-43e0-bf4c-06f5698ffbd9","Microsoft-Windows-Sysmon/Operational","3164","4276","Windows11","S-1-5-18","12/25/2025 11:07:01 AM",,,"Microsoft-Windows-Sysmon/Operational","System.UInt32[]","System.Diagnostics.Eventing.Reader.EventBookmark","Information","Info","File created (rule: FileCreate)","System.Collections.ObjectModel.ReadOnlyCollection`1[System.String]","System.Collections.Generic.List`1[System.Diagnostics.Eventing.Reader.EventProperty]"
"Process Create:
RuleName: -
UtcTime: 2025-12-25 10:06:44.737
ProcessGuid: {8bb50d47-0cb4-694d-bf01-000000000b00}
ProcessId: 8540
Image: C:\Windows\System32\wermgr.exe
FileVersion: 10.0.26100.5074 (WinBuild.160101.0800)
Description: Windows Problem Reporting
Product: Microsoft? Windows? Operating System
Company: Microsoft Corporation
OriginalFileName: WerMgr
CommandLine: ""C:\WINDOWS\system32\wermgr.exe"" -upload
CurrentDirectory: C:\WINDOWS\system32\
User: NT AUTHORITY\SYSTEM
LogonGuid: {8bb50d47-a5a7-694c-e703-000000000000}
LogonId: 0x3E7
TerminalSessionId: 0
IntegrityLevel: System
Hashes: MD5=7A8EA86F4C769DB46BD9554EC8277065,SHA256=1625290EF1DFF2082BCA7D3995A1ACD20BA641B7277DB30659CCC8D3094C4B87,IMPHASH=AB300DEDE19E5162BAE0307BEBC2C7FE
ParentProcessGuid: {8bb50d47-a5ad-694c-1d00-000000000b00}
ParentProcessId: 1472
ParentImage: C:\Windows\System32\svchost.exe
ParentCommandLine: C:\WINDOWS\system32\svchost.exe -k netsvcs -p -s Schedule
ParentUser: NT AUTHORITY\SYSTEM","1","5",,"4","1","0","-9223372036854775808","1751","Microsoft-Windows-Sysmon","5770385f-c22a-43e0-bf4c-06f5698ffbd9","Microsoft-Windows-Sysmon/Operational","3164","4264","Windows11","S-1-5-18","12/25/2025 11:06:45 AM",,,"Microsoft-Windows-Sysmon/Operational","System.UInt32[]","System.Diagnostics.Eventing.Reader.EventBookmark","Information","Info","File created (rule: FileCreate)","System.Collections.ObjectModel.ReadOnlyCollection`1[System.String]","System.Collections.Generic.List`1[System.Diagnostics.Eventing.Reader.EventProperty]"
"Dns query:
RuleName: -
UtcTime: 2025-12-25 09:54:33.607
ProcessGuid: {8bb50d47-a5ae-694c-2100-000000000b00}
ProcessId: 1672
QueryName: www.msftconnecttest.com
QueryStatus: 0
QueryResults: type: 5 ncsi-geo.trafficmanager.net;type: 5 www.msftncsi.com.edgesuite.net;type: 5 a1961.g2.akamai.net;::ffff:2.16.55.209;::ffff:2.16.55.215;
Image: C:\Windows\System32\svchost.exe
User: NT AUTHORITY\NETWORK SERVICE","22","5",,"4","22","0","-9223372036854775808","1750","Microsoft-Windows-Sysmon","5770385f-c22a-43e0-bf4c-06f5698ffbd9","Microsoft-Windows-Sysmon/Operational","3164","4292","Windows11","S-1-5-18","12/25/2025 11:06:45 AM",,,"Microsoft-Windows-Sysmon/Operational","System.UInt32[]","System.Diagnostics.Eventing.Reader.EventBookmark","Information","Info","File created (rule: FileCreate)","System.Collections.ObjectModel.ReadOnlyCollection`1[System.String]","System.Collections.Generic.List`1[System.Diagnostics.Eventing.Reader.EventProperty]"
"Process Create:
RuleName: -
UtcTime: 2025-12-25 10:04:47.350
ProcessGuid: {8bb50d47-0c3f-694d-bd01-000000000b00}
ProcessId: 1516
Image: C:\Windows\System32\svchost.exe
FileVersion: 10.0.26100.5074 (WinBuild.160101.0800)
Description: Host Process for Windows Services
Product: Microsoft? Windows? Operating System
Company: Microsoft Corporation
OriginalFileName: svchost.exe
CommandLine: C:\WINDOWS\System32\svchost.exe -k netsvcs -p -s NetSetupSvc
CurrentDirectory: C:\WINDOWS\system32\
User: NT AUTHORITY\SYSTEM
LogonGuid: {8bb50d47-a5a7-694c-e703-000000000000}
LogonId: 0x3E7
TerminalSessionId: 0
IntegrityLevel: System
Hashes: MD5=7B88D0896FBF43469A9959D59824A514,SHA256=53A39B900E3BFBF384ACD13F0FC2329FA8D42B61E993D8ED5ADF3A1428005D26,IMPHASH=DE43BD45CC98C143357416C7519ECCFD
ParentProcessGuid: {8bb50d47-a5a6-694c-0b00-000000000b00}
ParentProcessId: 856
ParentImage: C:\Windows\System32\services.exe
ParentCommandLine: C:\WINDOWS\system32\services.exe
ParentUser: NT AUTHORITY\SYSTEM","1","5",,"4","1","0","-9223372036854775808","1749","Microsoft-Windows-Sysmon","5770385f-c22a-43e0-bf4c-06f5698ffbd9","Microsoft-Windows-Sysmon/Operational","3164","4264","Windows11","S-1-5-18","12/25/2025 11:04:47 AM",,,"Microsoft-Windows-Sysmon/Operational","System.UInt32[]","System.Diagnostics.Eventing.Reader.EventBookmark","Information","Info","File created (rule: FileCreate)","System.Collections.ObjectModel.ReadOnlyCollection`1[System.String]","System.Collections.Generic.List`1[System.Diagnostics.Eventing.Reader.EventProperty]"
"Process Create:
RuleName: -
UtcTime: 2025-12-25 10:03:49.247
ProcessGuid: {8bb50d47-0c05-694d-bb01-000000000b00}
ProcessId: 7796
Image: C:\Program Files (x86)\Microsoft\EdgeUpdate\MicrosoftEdgeUpdate.exe
FileVersion: 1.3.215.9
Description: Microsoft Edge Update
Product: Microsoft Edge Update
Company: Microsoft Corporation
OriginalFileName: msedgeupdate.dll
CommandLine: ""C:\Program Files (x86)\Microsoft\EdgeUpdate\MicrosoftEdgeUpdate.exe"" /ping PD94bWwgdmVyc2lvbj0iMS4wIiBlbmNvZGluZz0iVVRGLTgiPz48cmVxdWVzdCBwcm90b2NvbD0iMy4wIiB1cGRhdGVyPSJPbWFoYSIgdXBkYXRlcnZlcnNpb249IjEuMy4yMTUuOSIgc2hlbGxfdmVyc2lvbj0iMS4zLjIxNS45IiBpc21hY2hpbmU9IjEiIHNlc3Npb25pZD0iezAyNjBDMzFELTlGRDMtNDYwMS1BMzk0LTRFQzMwRjI5NzA3RX0iIHVzZXJpZD0iezIwN0U0MDMwLUY1RjgtNDJEQy1BMzEwLTg5NTc4RDNEMzk4Q30iIGluc3RhbGxzb3VyY2U9InNjaGVkdWxlciIgcmVxdWVzdGlkPSJ7MkFBOTIzQTQtNzE4Ny00MjAxLUJFMDgtQ0IxNjE5MUNFMzMxfSIgZGVkdXA9ImNyIiBkb21haW5qb2luZWQ9IjAiPjxodyBsb2dpY2FsX2NwdXM9IjIiIHBoeXNtZW1vcnk9IjQiIGRpc2tfdHlwZT0iMSIgc3NlPSIxIiBzc2UyPSIxIiBzc2UzPSIxIiBzc3NlMz0iMSIgc3NlNDE9IjEiIHNzZTQyPSIxIiBhdng9IjEiLz48b3MgcGxhdGZvcm09IndpbiIgdmVyc2lvbj0iMTAuMC4yNjIwMC42NTg0IiBzcD0iIiBhcmNoPSJ4NjQiIHByb2R1Y3RfdHlwZT0iMTAxIiBpc193aXA9IjAiIGlzX2luX2xvY2tkb3duX21vZGU9IjAiLz48b2VtIHByb2R1Y3RfbWFudWZhY3R1cmVyPSJpbm5vdGVrIEdtYkgiIHByb2R1Y3RfbmFtZT0iVmlydHVhbEJveCIvPjxleHAgZXRhZz0iJnF1b3Q7TmUwMXhmeEZ2VVd5ZHBac0ozZlNiVXp4eC9pQWE3N3hHWnpGVnVtNk5Qcz0mcXVvdDsiLz48YXBwIGFwcGlkPSJ7RjNDNEZFMDAtRUZENS00MDNCLTk1NjktMzk4QTIwRjFCQTRBfSIgdmVyc2lvbj0iMS4zLjIxNS45IiBuZXh0dmVyc2lvbj0iIiBsYW5nPSIiIGJyYW5kPSJJTkJYIiBjbGllbnQ9IiIgaW5zdGFsbGFnZT0iMSIgY29ob3J0PSJycmZAMC41NiI-PHVwZGF0ZWNoZWNrLz48cGluZyByPSIxIiByZD0iNjkzMiIgcGluZ19mcmVzaG5lc3M9Ins1NDQ4OTFGNy03REFCLTRCQTctODU5Qi1FREYxOUUxNjA2NjB9Ii8-PC9hcHA-PGFwcCBhcHBpZD0iezU2RUIxOEY4LUIwMDgtNENCRC1CNkQyLThDOTdGRTdFOTA2Mn0iIHZlcnNpb249IjE0My4wLjM2NTAuOTYiIG5leHR2ZXJzaW9uPSIiIGxhbmc9IiIgYnJhbmQ9IklOQlgiIGNsaWVudD0iIiBleHBlcmltZW50cz0iY29uc2VudD1mYWxzZSIgaW5zdGFsbGFnZT0iMSIgY29ob3J0PSJycmZAMC43MyIgb29iZV9pbnN0YWxsX3RpbWU9IjE4NDQ2NzQ0MDczNzA5NTUxNjA2IiB1cGRhdGVfY291bnQ9IjEiIGlzX3Bpbm5lZF9zeXN0ZW09InRydWUiIGxhc3RfbGF1bmNoX2NvdW50PSIxIiBsYXN0X2xhdW5jaF90aW1lPSIxMzQxMTEwNDYxNjU4Njg4NDAiIGZpcnN0X2ZyZV9zZWVuX3RpbWU9IjEzNDEwOTg1MTEzMDIyOTY5MCIgZmlyc3RfZnJlX3NlZW5fdmVyc2lvbj0iMTQwLjAuMzQ4NS42NiI-PHVwZGF0ZWNoZWNrLz48cGluZyBhY3RpdmU9IjEiIGE9IjEiIHI9IjEiIGFkPSI2OTMyIiByZD0iNjkzMiIgcGluZ19mcmVzaG5lc3M9InswOTc2RjEzOS0wMzgxLTQ2ODUtQTYxRC1GMjRDRDZDMkMxRTh9Ii8-PC9hcHA-PGFwcCBhcHBpZD0ie0YzMDE3MjI2LUZFMkEtNDI5NS04QkRGLTAwQzNBOUE3RTRDNX0iIHZlcnNpb249IjE0My4wLjM2NTAuOTYiIG5leHR2ZXJzaW9uPSIiIGxhbmc9IiIgYnJhbmQ9IklOQlgiIGNsaWVudD0iIiBleHBlcmltZW50cz0iY29uc2VudD1mYWxzZSIgaW5zdGFsbGFnZT0iMSIgY29ob3J0PSJycmZAMC4xMiIgdXBkYXRlX2NvdW50PSIxIiBsYXN0X2xhdW5jaF9jb3VudD0iMSIgbGFzdF9sYXVuY2hfdGltZT0iMTM0MTA5ODY5NTE0MDQxODgwIj48dXBkYXRlY2hlY2svPjxwaW5nIGFjdGl2ZT0iMCIgcj0iMSIgcmQ9IjY5MzIiIHBpbmdfZnJlc2huZXNzPSJ7NTA4RkU4MTQtRDBGNi00RjkwLTlDQUMtOTUzMkY3MDlCQTY4fSIvPjwvYXBwPjwvcmVxdWVzdD4
CurrentDirectory: C:\Program Files (x86)\Microsoft\EdgeUpdate\1.3.215.9\
User: NT AUTHORITY\SYSTEM
LogonGuid: {8bb50d47-a5a7-694c-e703-000000000000}
LogonId: 0x3E7
TerminalSessionId: 0
IntegrityLevel: System
Hashes: MD5=B299AA9A27C330A9B44E45BD1595DBEA,SHA256=955B5950FD92E5C5EEC395B022566C9A2594CA3126D894408E2E29BA25D8B0DD,IMPHASH=CD3B2D99C6655A5D4A14E30E380F5BF9
ParentProcessGuid: {8bb50d47-0bf5-694d-ba01-000000000b00}
ParentProcessId: 7784
ParentImage: C:\Program Files (x86)\Microsoft\EdgeUpdate\MicrosoftEdgeUpdate.exe
ParentCommandLine: ""C:\Program Files (x86)\Microsoft\EdgeUpdate\MicrosoftEdgeUpdate.exe"" /svc
ParentUser: NT AUTHORITY\SYSTEM","1","5",,"4","1","0","-9223372036854775808","1748","Microsoft-Windows-Sysmon","5770385f-c22a-43e0-bf4c-06f5698ffbd9","Microsoft-Windows-Sysmon/Operational","3164","4264","Windows11","S-1-5-18","12/25/2025 11:03:49 AM",,,"Microsoft-Windows-Sysmon/Operational","System.UInt32[]","System.Diagnostics.Eventing.Reader.EventBookmark","Information","Info","File created (rule: FileCreate)","System.Collections.ObjectModel.ReadOnlyCollection`1[System.String]","System.Collections.Generic.List`1[System.Diagnostics.Eventing.Reader.EventProperty]"
"Process Create:
RuleName: -
UtcTime: 2025-12-25 10:03:33.343
ProcessGuid: {8bb50d47-0bf5-694d-ba01-000000000b00}
ProcessId: 7784
Image: C:\Program Files (x86)\Microsoft\EdgeUpdate\MicrosoftEdgeUpdate.exe
FileVersion: 1.3.215.9
Description: Microsoft Edge Update
Product: Microsoft Edge Update
Company: Microsoft Corporation
OriginalFileName: msedgeupdate.dll
CommandLine: ""C:\Program Files (x86)\Microsoft\EdgeUpdate\MicrosoftEdgeUpdate.exe"" /svc
CurrentDirectory: C:\WINDOWS\system32\
User: NT AUTHORITY\SYSTEM
LogonGuid: {8bb50d47-a5a7-694c-e703-000000000000}
LogonId: 0x3E7
TerminalSessionId: 0
IntegrityLevel: System
Hashes: MD5=B299AA9A27C330A9B44E45BD1595DBEA,SHA256=955B5950FD92E5C5EEC395B022566C9A2594CA3126D894408E2E29BA25D8B0DD,IMPHASH=CD3B2D99C6655A5D4A14E30E380F5BF9
ParentProcessGuid: {8bb50d47-a5a6-694c-0b00-000000000b00}
ParentProcessId: 856
ParentImage: C:\Windows\System32\services.exe
ParentCommandLine: C:\WINDOWS\system32\services.exe
ParentUser: NT AUTHORITY\SYSTEM","1","5",,"4","1","0","-9223372036854775808","1747","Microsoft-Windows-Sysmon","5770385f-c22a-43e0-bf4c-06f5698ffbd9","Microsoft-Windows-Sysmon/Operational","3164","4264","Windows11","S-1-5-18","12/25/2025 11:03:33 AM",,,"Microsoft-Windows-Sysmon/Operational","System.UInt32[]","System.Diagnostics.Eventing.Reader.EventBookmark","Information","Info","File created (rule: FileCreate)","System.Collections.ObjectModel.ReadOnlyCollection`1[System.String]","System.Collections.Generic.List`1[System.Diagnostics.Eventing.Reader.EventProperty]"
"Dns query:
RuleName: -
UtcTime: 2025-12-25 09:50:25.489
ProcessGuid: {8bb50d47-a5ae-694c-2100-000000000b00}
ProcessId: 1672
QueryName: www.msftconnecttest.com
QueryStatus: 1460
QueryResults: -
Image: C:\Windows\System32\svchost.exe
User: NT AUTHORITY\NETWORK SERVICE","22","5",,"4","22","0","-9223372036854775808","1746","Microsoft-Windows-Sysmon","5770385f-c22a-43e0-bf4c-06f5698ffbd9","Microsoft-Windows-Sysmon/Operational","3164","4292","Windows11","S-1-5-18","12/25/2025 11:03:05 AM",,,"Microsoft-Windows-Sysmon/Operational","System.UInt32[]","System.Diagnostics.Eventing.Reader.EventBookmark","Information","Info","File created (rule: FileCreate)","System.Collections.ObjectModel.ReadOnlyCollection`1[System.String]","System.Collections.Generic.List`1[System.Diagnostics.Eventing.Reader.EventProperty]"
"Process Create:
RuleName: -
UtcTime: 2025-12-25 10:03:05.730
ProcessGuid: {8bb50d47-0bd9-694d-b801-000000000b00}
ProcessId: 7760
Image: C:\Windows\WinSxS\amd64_microsoft-windows-servicingstack_31bf3856ad364e35_10.0.26100.5074_none_a5532eb7772ad4c4\TiWorker.exe
FileVersion: 10.0.26100.5074 (WinBuild.160101.0800)
Description: Windows Modules Installer Worker
Product: Microsoft? Windows? Operating System
Company: Microsoft Corporation
OriginalFileName: TiWorker.exe
CommandLine: C:\WINDOWS\winsxs\amd64_microsoft-windows-servicingstack_31bf3856ad364e35_10.0.26100.5074_none_a5532eb7772ad4c4\TiWorker.exe -Embedding
CurrentDirectory: C:\WINDOWS\system32\
User: NT AUTHORITY\SYSTEM
LogonGuid: {8bb50d47-a5a7-694c-e703-000000000000}
LogonId: 0x3E7
TerminalSessionId: 0
IntegrityLevel: System
Hashes: MD5=B0E2857EE9C2C9BF7238E4DFE3C97139,SHA256=83E44E2BF7DA29A6A5237C521F031B8E6B0E40CABAAFC433E7CAA39F317B454E,IMPHASH=3A3C1E80AF5AB810A6334FCC3C8E3FDF
ParentProcessGuid: {8bb50d47-a5a9-694c-0f00-000000000b00}
ParentProcessId: 484
ParentImage: C:\Windows\System32\svchost.exe
ParentCommandLine: C:\WINDOWS\system32\svchost.exe -k DcomLaunch -p
ParentUser: NT AUTHORITY\SYSTEM","1","5",,"4","1","0","-9223372036854775808","1745","Microsoft-Windows-Sysmon","5770385f-c22a-43e0-bf4c-06f5698ffbd9","Microsoft-Windows-Sysmon/Operational","3164","4264","Windows11","S-1-5-18","12/25/2025 11:03:05 AM",,,"Microsoft-Windows-Sysmon/Operational","System.UInt32[]","System.Diagnostics.Eventing.Reader.EventBookmark","Information","Info","File created (rule: FileCreate)","System.Collections.ObjectModel.ReadOnlyCollection`1[System.String]","System.Collections.Generic.List`1[System.Diagnostics.Eventing.Reader.EventProperty]"
"Process Create:
RuleName: -
UtcTime: 2025-12-25 10:03:05.524
ProcessGuid: {8bb50d47-0bd9-694d-b701-000000000b00}
ProcessId: 320
Image: C:\Windows\servicing\TrustedInstaller.exe
FileVersion: 10.0.26100.5074 (WinBuild.160101.0800)
Description: Windows Modules Installer
Product: Microsoft? Windows? Operating System
Company: Microsoft Corporation
OriginalFileName: TrustedInstaller.exe
CommandLine: C:\WINDOWS\servicing\TrustedInstaller.exe
CurrentDirectory: C:\WINDOWS\system32\
User: NT AUTHORITY\SYSTEM
LogonGuid: {8bb50d47-a5a7-694c-e703-000000000000}
LogonId: 0x3E7
TerminalSessionId: 0
IntegrityLevel: System
Hashes: MD5=AE4442013F290315E046DBF9E6F9803A,SHA256=1889C5BC1CEEF3554B3408F9BDD9B50CF0DAC4CC84AE96E4D7B72F3043557875,IMPHASH=5E159CE7599ACD6CA7EC3122186D5DBC
ParentProcessGuid: {8bb50d47-a5a6-694c-0b00-000000000b00}
ParentProcessId: 856
ParentImage: C:\Windows\System32\services.exe
ParentCommandLine: C:\WINDOWS\system32\services.exe
ParentUser: NT AUTHORITY\SYSTEM","1","5",,"4","1","0","-9223372036854775808","1744","Microsoft-Windows-Sysmon","5770385f-c22a-43e0-bf4c-06f5698ffbd9","Microsoft-Windows-Sysmon/Operational","3164","4264","Windows11","S-1-5-18","12/25/2025 11:03:05 AM",,,"Microsoft-Windows-Sysmon/Operational","System.UInt32[]","System.Diagnostics.Eventing.Reader.EventBookmark","Information","Info","File created (rule: FileCreate)","System.Collections.ObjectModel.ReadOnlyCollection`1[System.String]","System.Collections.Generic.List`1[System.Diagnostics.Eventing.Reader.EventProperty]"
"Process Create:
RuleName: -
UtcTime: 2025-12-25 10:02:57.278
ProcessGuid: {8bb50d47-0bd1-694d-b601-000000000b00}
ProcessId: 3616
Image: C:\Windows\System32\wermgr.exe
FileVersion: 10.0.26100.5074 (WinBuild.160101.0800)
Description: Windows Problem Reporting
Product: Microsoft? Windows? Operating System
Company: Microsoft Corporation
OriginalFileName: WerMgr
CommandLine: ""C:\WINDOWS\system32\wermgr.exe"" -upload
CurrentDirectory: C:\WINDOWS\system32\
User: NT AUTHORITY\SYSTEM
LogonGuid: {8bb50d47-a5a7-694c-e703-000000000000}
LogonId: 0x3E7
TerminalSessionId: 0
IntegrityLevel: System
Hashes: MD5=7A8EA86F4C769DB46BD9554EC8277065,SHA256=1625290EF1DFF2082BCA7D3995A1ACD20BA641B7277DB30659CCC8D3094C4B87,IMPHASH=AB300DEDE19E5162BAE0307BEBC2C7FE
ParentProcessGuid: {8bb50d47-a5ad-694c-1d00-000000000b00}
ParentProcessId: 1472
ParentImage: C:\Windows\System32\svchost.exe
ParentCommandLine: C:\WINDOWS\system32\svchost.exe -k netsvcs -p -s Schedule
ParentUser: NT AUTHORITY\SYSTEM","1","5",,"4","1","0","-9223372036854775808","1743","Microsoft-Windows-Sysmon","5770385f-c22a-43e0-bf4c-06f5698ffbd9","Microsoft-Windows-Sysmon/Operational","3164","4264","Windows11","S-1-5-18","12/25/2025 11:02:57 AM",,,"Microsoft-Windows-Sysmon/Operational","System.UInt32[]","System.Diagnostics.Eventing.Reader.EventBookmark","Information","Info","File created (rule: FileCreate)","System.Collections.ObjectModel.ReadOnlyCollection`1[System.String]","System.Collections.Generic.List`1[System.Diagnostics.Eventing.Reader.EventProperty]"
"Process Create:
RuleName: -
UtcTime: 2025-12-25 10:02:55.713
ProcessGuid: {8bb50d47-0bcf-694d-b501-000000000b00}
ProcessId: 2976
Image: C:\Windows\System32\svchost.exe
FileVersion: 10.0.26100.5074 (WinBuild.160101.0800)
Description: Host Process for Windows Services
Product: Microsoft? Windows? Operating System
Company: Microsoft Corporation
OriginalFileName: svchost.exe
CommandLine: C:\WINDOWS\system32\svchost.exe -k InvSvcGroup -p -s InventorySvc
CurrentDirectory: C:\WINDOWS\system32\
User: NT AUTHORITY\SYSTEM
LogonGuid: {8bb50d47-a5a7-694c-e703-000000000000}
LogonId: 0x3E7
TerminalSessionId: 0
IntegrityLevel: System
Hashes: MD5=7B88D0896FBF43469A9959D59824A514,SHA256=53A39B900E3BFBF384ACD13F0FC2329FA8D42B61E993D8ED5ADF3A1428005D26,IMPHASH=DE43BD45CC98C143357416C7519ECCFD
ParentProcessGuid: {8bb50d47-a5a6-694c-0b00-000000000b00}
ParentProcessId: 856
ParentImage: C:\Windows\System32\services.exe
ParentCommandLine: C:\WINDOWS\system32\services.exe
ParentUser: NT AUTHORITY\SYSTEM","1","5",,"4","1","0","-9223372036854775808","1742","Microsoft-Windows-Sysmon","5770385f-c22a-43e0-bf4c-06f5698ffbd9","Microsoft-Windows-Sysmon/Operational","3164","4264","Windows11","S-1-5-18","12/25/2025 11:02:55 AM",,,"Microsoft-Windows-Sysmon/Operational","System.UInt32[]","System.Diagnostics.Eventing.Reader.EventBookmark","Information","Info","File created (rule: FileCreate)","System.Collections.ObjectModel.ReadOnlyCollection`1[System.String]","System.Collections.Generic.List`1[System.Diagnostics.Eventing.Reader.EventProperty]"
"File created:
RuleName: DLL
UtcTime: 2025-12-25 10:02:53.138
ProcessGuid: {8bb50d47-0ba5-694d-9f01-000000000b00}
ProcessId: 1344
Image: C:\WINDOWS\uus\packages\preview\AMD64\MoUsoCoreWorker.exe
TargetFilename: C:\Windows\SystemTemp\{A9AF545F-3C29-44EC-9457-1DD1B42AC417}\ssshim.dll
CreationUtcTime: 2025-12-25 10:02:53.135
User: NT AUTHORITY\SYSTEM","11","2",,"4","11","0","-9223372036854775808","1741","Microsoft-Windows-Sysmon","5770385f-c22a-43e0-bf4c-06f5698ffbd9","Microsoft-Windows-Sysmon/Operational","3164","4264","Windows11","S-1-5-18","12/25/2025 11:02:53 AM",,,"Microsoft-Windows-Sysmon/Operational","System.UInt32[]","System.Diagnostics.Eventing.Reader.EventBookmark","Information","Info","File created (rule: FileCreate)","System.Collections.ObjectModel.ReadOnlyCollection`1[System.String]","System.Collections.Generic.List`1[System.Diagnostics.Eventing.Reader.EventProperty]"
"File created:
RuleName: DLL
UtcTime: 2025-12-25 10:02:52.291
ProcessGuid: {8bb50d47-0bc1-694d-b201-000000000b00}
ProcessId: 9184
Image: C:\WINDOWS\system32\svchost.exe
TargetFilename: C:\Windows\SystemTemp\{BDE233D7-6DA8-430B-B9E7-37CE7E999A1A}\ssshim.dll
CreationUtcTime: 2025-12-25 10:02:52.291
User: NT AUTHORITY\SYSTEM","11","2",,"4","11","0","-9223372036854775808","1740","Microsoft-Windows-Sysmon","5770385f-c22a-43e0-bf4c-06f5698ffbd9","Microsoft-Windows-Sysmon/Operational","3164","4264","Windows11","S-1-5-18","12/25/2025 11:02:52 AM",,,"Microsoft-Windows-Sysmon/Operational","System.UInt32[]","System.Diagnostics.Eventing.Reader.EventBookmark","Information","Info","File created (rule: FileCreate)","System.Collections.ObjectModel.ReadOnlyCollection`1[System.String]","System.Collections.Generic.List`1[System.Diagnostics.Eventing.Reader.EventProperty]"
"Registry value set:
RuleName: Context,DeviceConnectedOrUpdated
EventType: SetValue
UtcTime: 2025-12-25 10:02:50.504
ProcessGuid: {8bb50d47-0bbd-694d-b001-000000000b00}
ProcessId: 8912
Image: C:\WINDOWS\System32\sdbinst.exe
TargetObject: HKLM\SOFTWARE\Microsoft\Windows NT\CurrentVersion\AppCompatFlags\SdbUpdates\msimain.sdb\01DA54B25CE0D000.msimain.sdb\FriendlyName
Details: Microsoft System Installer Compatibility Database
User: NT AUTHORITY\SYSTEM","13","2",,"4","13","0","-9223372036854775808","1739","Microsoft-Windows-Sysmon","5770385f-c22a-43e0-bf4c-06f5698ffbd9","Microsoft-Windows-Sysmon/Operational","3164","4264","Windows11","S-1-5-18","12/25/2025 11:02:50 AM",,,"Microsoft-Windows-Sysmon/Operational","System.UInt32[]","System.Diagnostics.Eventing.Reader.EventBookmark","Information","Info","File created (rule: FileCreate)","System.Collections.ObjectModel.ReadOnlyCollection`1[System.String]","System.Collections.Generic.List`1[System.Diagnostics.Eventing.Reader.EventProperty]"
"Registry value set:
RuleName: Context,DeviceConnectedOrUpdated
EventType: SetValue
UtcTime: 2025-12-25 10:02:50.164
ProcessGuid: {8bb50d47-0bbd-694d-b001-000000000b00}
ProcessId: 8912
Image: C:\WINDOWS\System32\sdbinst.exe
TargetObject: HKLM\SOFTWARE\Microsoft\Windows NT\CurrentVersion\AppCompatFlags\SdbUpdates\sysmain.sdb\01DA54B25CE0D000.sysmain.sdb\FriendlyName
Details: Microsoft Windows Application Compatibility Fix Database
User: NT AUTHORITY\SYSTEM","13","2",,"4","13","0","-9223372036854775808","1738","Microsoft-Windows-Sysmon","5770385f-c22a-43e0-bf4c-06f5698ffbd9","Microsoft-Windows-Sysmon/Operational","3164","4264","Windows11","S-1-5-18","12/25/2025 11:02:50 AM",,,"Microsoft-Windows-Sysmon/Operational","System.UInt32[]","System.Diagnostics.Eventing.Reader.EventBookmark","Information","Info","File created (rule: FileCreate)","System.Collections.ObjectModel.ReadOnlyCollection`1[System.String]","System.Collections.Generic.List`1[System.Diagnostics.Eventing.Reader.EventProperty]"
"File created:
RuleName: DLL
UtcTime: 2025-12-25 10:02:49.920
ProcessGuid: {8bb50d47-0ba5-694d-9f01-000000000b00}
ProcessId: 1344
Image: C:\WINDOWS\uus\packages\preview\AMD64\MoUsoCoreWorker.exe
TargetFilename: C:\Windows\SystemTemp\{5FBD398C-DF35-4AF7-BA35-8725DC257D52}\ssshim.dll
CreationUtcTime: 2025-12-25 10:02:49.920
User: NT AUTHORITY\SYSTEM","11","2",,"4","11","0","-9223372036854775808","1737","Microsoft-Windows-Sysmon","5770385f-c22a-43e0-bf4c-06f5698ffbd9","Microsoft-Windows-Sysmon/Operational","3164","4264","Windows11","S-1-5-18","12/25/2025 11:02:49 AM",,,"Microsoft-Windows-Sysmon/Operational","System.UInt32[]","System.Diagnostics.Eventing.Reader.EventBookmark","Information","Info","File created (rule: FileCreate)","System.Collections.ObjectModel.ReadOnlyCollection`1[System.String]","System.Collections.Generic.List`1[System.Diagnostics.Eventing.Reader.EventProperty]"
"Dns query:
