RuleName: Suspicious,ImageBeginWithBackslash
EventType: DeleteValue
UtcTime: 2025-12-25 01:58:40.354
ProcessGuid: {8bb50d47-99bc-694c-4d01-000000000a00}
ProcessId: 6584
Image: \\?\C:\WINDOWS\system32\wbem\WMIADAP.EXE
TargetObject: HKLM\System\CurrentControlSet\Services\WmiApRpl\Performance\Last Help
User: NT AUTHORITY\SYSTEM","12","2",,"4","12","0","-9223372036854775808","1144","Microsoft-Windows-Sysmon","5770385f-c22a-43e0-bf4c-06f5698ffbd9","Microsoft-Windows-Sysmon/Operational","3588","4124","Windows11","S-1-5-18","12/25/2025 2:58:40 AM",,,"Microsoft-Windows-Sysmon/Operational","System.UInt32[]","System.Diagnostics.Eventing.Reader.EventBookmark","Information","Info","File created (rule: FileCreate)","System.Collections.ObjectModel.ReadOnlyCollection`1[System.String]","System.Collections.Generic.List`1[System.Diagnostics.Eventing.Reader.EventProperty]"
"Registry object added or deleted:
RuleName: Suspicious,ImageBeginWithBackslash
EventType: DeleteValue
UtcTime: 2025-12-25 01:58:40.354
ProcessGuid: {8bb50d47-99bc-694c-4d01-000000000a00}
ProcessId: 6584
Image: \\?\C:\WINDOWS\system32\wbem\WMIADAP.EXE
TargetObject: HKLM\System\CurrentControlSet\Services\WmiApRpl\Performance\Last Counter
User: NT AUTHORITY\SYSTEM","12","2",,"4","12","0","-9223372036854775808","1143","Microsoft-Windows-Sysmon","5770385f-c22a-43e0-bf4c-06f5698ffbd9","Microsoft-Windows-Sysmon/Operational","3588","4124","Windows11","S-1-5-18","12/25/2025 2:58:40 AM",,,"Microsoft-Windows-Sysmon/Operational","System.UInt32[]","System.Diagnostics.Eventing.Reader.EventBookmark","Information","Info","File created (rule: FileCreate)","System.Collections.ObjectModel.ReadOnlyCollection`1[System.String]","System.Collections.Generic.List`1[System.Diagnostics.Eventing.Reader.EventProperty]"
"Registry object added or deleted:
RuleName: Suspicious,ImageBeginWithBackslash
EventType: DeleteValue
UtcTime: 2025-12-25 01:58:40.354
ProcessGuid: {8bb50d47-99bc-694c-4d01-000000000a00}
ProcessId: 6584
Image: \\?\C:\WINDOWS\system32\wbem\WMIADAP.EXE
TargetObject: HKLM\System\CurrentControlSet\Services\WmiApRpl\Performance\First Help
User: NT AUTHORITY\SYSTEM","12","2",,"4","12","0","-9223372036854775808","1142","Microsoft-Windows-Sysmon","5770385f-c22a-43e0-bf4c-06f5698ffbd9","Microsoft-Windows-Sysmon/Operational","3588","4124","Windows11","S-1-5-18","12/25/2025 2:58:40 AM",,,"Microsoft-Windows-Sysmon/Operational","System.UInt32[]","System.Diagnostics.Eventing.Reader.EventBookmark","Information","Info","File created (rule: FileCreate)","System.Collections.ObjectModel.ReadOnlyCollection`1[System.String]","System.Collections.Generic.List`1[System.Diagnostics.Eventing.Reader.EventProperty]"
"Registry object added or deleted:
RuleName: Suspicious,ImageBeginWithBackslash
EventType: DeleteValue
UtcTime: 2025-12-25 01:58:40.354
ProcessGuid: {8bb50d47-99bc-694c-4d01-000000000a00}
ProcessId: 6584
Image: \\?\C:\WINDOWS\system32\wbem\WMIADAP.EXE
TargetObject: HKLM\System\CurrentControlSet\Services\WmiApRpl\Performance\First Counter
User: NT AUTHORITY\SYSTEM","12","2",,"4","12","0","-9223372036854775808","1141","Microsoft-Windows-Sysmon","5770385f-c22a-43e0-bf4c-06f5698ffbd9","Microsoft-Windows-Sysmon/Operational","3588","4124","Windows11","S-1-5-18","12/25/2025 2:58:40 AM",,,"Microsoft-Windows-Sysmon/Operational","System.UInt32[]","System.Diagnostics.Eventing.Reader.EventBookmark","Information","Info","File created (rule: FileCreate)","System.Collections.ObjectModel.ReadOnlyCollection`1[System.String]","System.Collections.Generic.List`1[System.Diagnostics.Eventing.Reader.EventProperty]"
"Registry value set:
RuleName: Suspicious,ImageBeginWithBackslash
EventType: SetValue
UtcTime: 2025-12-25 01:58:40.354
ProcessGuid: {8bb50d47-99bc-694c-4d01-000000000a00}
ProcessId: 6584
Image: \\?\C:\WINDOWS\system32\wbem\WMIADAP.EXE
TargetObject: HKLM\SOFTWARE\Microsoft\Windows NT\CurrentVersion\Perflib\Updating
Details: WmiApRpl
User: NT AUTHORITY\SYSTEM","13","2",,"4","13","0","-9223372036854775808","1140","Microsoft-Windows-Sysmon","5770385f-c22a-43e0-bf4c-06f5698ffbd9","Microsoft-Windows-Sysmon/Operational","3588","4124","Windows11","S-1-5-18","12/25/2025 2:58:40 AM",,,"Microsoft-Windows-Sysmon/Operational","System.UInt32[]","System.Diagnostics.Eventing.Reader.EventBookmark","Information","Info","File created (rule: FileCreate)","System.Collections.ObjectModel.ReadOnlyCollection`1[System.String]","System.Collections.Generic.List`1[System.Diagnostics.Eventing.Reader.EventProperty]"
"Process Create:
RuleName: -
UtcTime: 2025-12-25 01:58:36.116
ProcessGuid: {8bb50d47-9a4c-694c-7401-000000000a00}
ProcessId: 8888
Image: C:\Program Files (x86)\Microsoft\Edge\Application\msedge.exe
FileVersion: 143.0.3650.96
Description: Microsoft Edge
Product: Microsoft Edge
Company: Microsoft Corporation
OriginalFileName: msedge.exe
CommandLine: ""C:\Program Files (x86)\Microsoft\Edge\Application\msedge.exe"" --type=utility --utility-sub-type=asset_store.mojom.AssetStoreService --lang=en-US --service-sandbox-type=asset_store_service --ram-no-pressure-read-main-dll --metrics-shmem-handle=4552,i,15766245658080092802,11298903515123620728,524288 --field-trial-handle=2524,i,10392308234706831151,11631399008401816910,262144 --variations-seed-version --trace-process-track-uuid=3190708995682289984 --mojo-platform-channel-handle=4152 /prefetch:14
CurrentDirectory: C:\Program Files (x86)\Microsoft\Edge\Application\143.0.3650.96\
User: WINDOWS11\Yomi
LogonGuid: {8bb50d47-98dd-694c-b2bf-020000000000}
LogonId: 0x2BFB2
TerminalSessionId: 1
IntegrityLevel: Low
Hashes: MD5=EEDCB91823A577336215FD725124B011,SHA256=9AFD1452D57620CC28C97C1760BB3FD195FB69D76037818EC956DE75B85771F1,IMPHASH=9ACEBDFAC77931C2B0DFBBEA2D494BA9
ParentProcessGuid: {8bb50d47-9989-694c-e600-000000000a00}
ParentProcessId: 4800
ParentImage: C:\Program Files (x86)\Microsoft\Edge\Application\msedge.exe
ParentCommandLine: ""C:\Program Files (x86)\Microsoft\Edge\Application\msedge.exe"" --no-startup-window --win-session-start
ParentUser: WINDOWS11\Yomi","1","5",,"4","1","0","-9223372036854775808","1139","Microsoft-Windows-Sysmon","5770385f-c22a-43e0-bf4c-06f5698ffbd9","Microsoft-Windows-Sysmon/Operational","3588","4124","Windows11","S-1-5-18","12/25/2025 2:58:36 AM",,,"Microsoft-Windows-Sysmon/Operational","System.UInt32[]","System.Diagnostics.Eventing.Reader.EventBookmark","Information","Info","File created (rule: FileCreate)","System.Collections.ObjectModel.ReadOnlyCollection`1[System.String]","System.Collections.Generic.List`1[System.Diagnostics.Eventing.Reader.EventProperty]"
"Registry value set:
RuleName: T1042
EventType: SetValue
UtcTime: 2025-12-25 01:58:34.198
ProcessGuid: {8bb50d47-98fc-694c-8100-000000000a00}
ProcessId: 5516
Image: C:\WINDOWS\Explorer.EXE
TargetObject: HKU\S-1-5-21-116772387-2583172374-3284080429-1000\Software\Microsoft\Windows\CurrentVersion\Explorer\FileExts\.exe\OpenWithProgids\exefile
Details: Binary Data
User: WINDOWS11\Yomi","13","2",,"4","13","0","-9223372036854775808","1138","Microsoft-Windows-Sysmon","5770385f-c22a-43e0-bf4c-06f5698ffbd9","Microsoft-Windows-Sysmon/Operational","3588","4124","Windows11","S-1-5-18","12/25/2025 2:58:34 AM",,,"Microsoft-Windows-Sysmon/Operational","System.UInt32[]","System.Diagnostics.Eventing.Reader.EventBookmark","Information","Info","File created (rule: FileCreate)","System.Collections.ObjectModel.ReadOnlyCollection`1[System.String]","System.Collections.Generic.List`1[System.Diagnostics.Eventing.Reader.EventProperty]"
"Dns query:
RuleName: -
UtcTime: 2025-12-25 01:58:22.397
ProcessGuid: {8bb50d47-9a3d-694c-6e01-000000000a00}
ProcessId: 876
QueryName: wpad
QueryStatus: 123
QueryResults: -
Image: C:\Program Files (x86)\Microsoft\EdgeWebView\Application\143.0.3650.96\msedgewebview2.exe
User: WINDOWS11\Yomi","22","5",,"4","22","0","-9223372036854775808","1137","Microsoft-Windows-Sysmon","5770385f-c22a-43e0-bf4c-06f5698ffbd9","Microsoft-Windows-Sysmon/Operational","3588","4144","Windows11","S-1-5-18","12/25/2025 2:58:30 AM",,,"Microsoft-Windows-Sysmon/Operational","System.UInt32[]","System.Diagnostics.Eventing.Reader.EventBookmark","Information","Info","File created (rule: FileCreate)","System.Collections.ObjectModel.ReadOnlyCollection`1[System.String]","System.Collections.Generic.List`1[System.Diagnostics.Eventing.Reader.EventProperty]"
"Dns query:
RuleName: -
UtcTime: 2025-12-25 01:58:14.279
ProcessGuid: {8bb50d47-9a3d-694c-6e01-000000000a00}
ProcessId: 876
QueryName: wpad
QueryStatus: 123
QueryResults: -
Image: C:\Program Files (x86)\Microsoft\EdgeWebView\Application\143.0.3650.96\msedgewebview2.exe
User: WINDOWS11\Yomi","22","5",,"4","22","0","-9223372036854775808","1136","Microsoft-Windows-Sysmon","5770385f-c22a-43e0-bf4c-06f5698ffbd9","Microsoft-Windows-Sysmon/Operational","3588","4144","Windows11","S-1-5-18","12/25/2025 2:58:24 AM",,,"Microsoft-Windows-Sysmon/Operational","System.UInt32[]","System.Diagnostics.Eventing.Reader.EventBookmark","Information","Info","File created (rule: FileCreate)","System.Collections.ObjectModel.ReadOnlyCollection`1[System.String]","System.Collections.Generic.List`1[System.Diagnostics.Eventing.Reader.EventProperty]"
"Dns query:
RuleName: -
UtcTime: 2025-12-25 01:58:14.232
ProcessGuid: {8bb50d47-9a3d-694c-6e01-000000000a00}
ProcessId: 876
QueryName: wpad
QueryStatus: 123
QueryResults: -
Image: C:\Program Files (x86)\Microsoft\EdgeWebView\Application\143.0.3650.96\msedgewebview2.exe
User: WINDOWS11\Yomi","22","5",,"4","22","0","-9223372036854775808","1135","Microsoft-Windows-Sysmon","5770385f-c22a-43e0-bf4c-06f5698ffbd9","Microsoft-Windows-Sysmon/Operational","3588","4144","Windows11","S-1-5-18","12/25/2025 2:58:23 AM",,,"Microsoft-Windows-Sysmon/Operational","System.UInt32[]","System.Diagnostics.Eventing.Reader.EventBookmark","Information","Info","File created (rule: FileCreate)","System.Collections.ObjectModel.ReadOnlyCollection`1[System.String]","System.Collections.Generic.List`1[System.Diagnostics.Eventing.Reader.EventProperty]"
"Dns query:
RuleName: -
UtcTime: 2025-12-25 01:58:14.186
ProcessGuid: {8bb50d47-9a3d-694c-6e01-000000000a00}
ProcessId: 876
QueryName: wpad
QueryStatus: 123
QueryResults: -
Image: C:\Program Files (x86)\Microsoft\EdgeWebView\Application\143.0.3650.96\msedgewebview2.exe
User: WINDOWS11\Yomi","22","5",,"4","22","0","-9223372036854775808","1134","Microsoft-Windows-Sysmon","5770385f-c22a-43e0-bf4c-06f5698ffbd9","Microsoft-Windows-Sysmon/Operational","3588","4144","Windows11","S-1-5-18","12/25/2025 2:58:23 AM",,,"Microsoft-Windows-Sysmon/Operational","System.UInt32[]","System.Diagnostics.Eventing.Reader.EventBookmark","Information","Info","File created (rule: FileCreate)","System.Collections.ObjectModel.ReadOnlyCollection`1[System.String]","System.Collections.Generic.List`1[System.Diagnostics.Eventing.Reader.EventProperty]"
"Process Create:
RuleName: -
UtcTime: 2025-12-25 01:58:22.442
ProcessGuid: {8bb50d47-9a3e-694c-7001-000000000a00}
ProcessId: 1792
Image: C:\Program Files (x86)\Microsoft\EdgeWebView\Application\143.0.3650.96\msedgewebview2.exe
FileVersion: 143.0.3650.96
Description: Microsoft Edge WebView2
Product: Microsoft Edge WebView2
Company: Microsoft Corporation
OriginalFileName: msedgewebview2.exe
CommandLine: ""C:\Program Files (x86)\Microsoft\EdgeWebView\Application\143.0.3650.96\msedgewebview2.exe"" --type=renderer --noerrdialogs --user-data-dir=""C:\Users\Yomi\AppData\Local\Packages\MicrosoftWindows.Client.WebExperience_cw5n1h2txyewy\LocalState\EBWebView"" --webview-exe-name=Widgets.exe --webview-exe-version=525.18101.20.0 --embedded-browser-webview=1 --dma-cps-flags=0 --video-capture-use-gpu-memory-buffer --lang=en-US --js-flags=--expose-gc --device-scale-factor=1 --num-raster-threads=1 --renderer-client-id=5 --time-ticks-at-unix-epoch=-1766627515892504 --launch-time-ticks=386584554 --ram-no-pressure-read-main-dll --metrics-shmem-handle=3648,i,10782151657022162357,2220025879657871483,2097152 --field-trial-handle=1812,i,13203900862925797607,12702641411502479839,262144 --variations-seed-version --trace-process-track-uuid=3190708990997080739 --mojo-platform-channel-handle=3660 /pfhostedapp:af731d5ad7d4765e67dde706345ebf3e93c44d91 /prefetch:1
CurrentDirectory: C:\Program Files (x86)\Microsoft\EdgeWebView\Application\143.0.3650.96\
User: WINDOWS11\Yomi
LogonGuid: {8bb50d47-98dd-694c-b2bf-020000000000}
LogonId: 0x2BFB2
TerminalSessionId: 1
IntegrityLevel: Low
Hashes: MD5=B3D8670A1D473BFC160824B84587CF06,SHA256=B0813B5D25A06F4F511A6151DBE5D1E6BFEEA35F4E2245DBC643C87432B9A783,IMPHASH=9ACEBDFAC77931C2B0DFBBEA2D494BA9
ParentProcessGuid: {8bb50d47-9a3d-694c-6a01-000000000a00}
ParentProcessId: 4000
ParentImage: C:\Program Files (x86)\Microsoft\EdgeWebView\Application\143.0.3650.96\msedgewebview2.exe
ParentCommandLine: ""C:\Program Files (x86)\Microsoft\EdgeWebView\Application\143.0.3650.96\msedgewebview2.exe"" --embedded-browser-webview=1 --webview-exe-name=Widgets.exe --webview-exe-version=525.18101.20.0 --user-data-dir=""C:\Users\Yomi\AppData\Local\Packages\MicrosoftWindows.Client.WebExperience_cw5n1h2txyewy\LocalState\EBWebView"" --noerrdialogs --disk-cache-size=52428800 --edge-webview-is-background --lang=en-US --mojo-named-platform-channel-pipe=6280.2508.14852809429623133821 /pfhostedapp:af731d5ad7d4765e67dde706345ebf3e93c44d91
ParentUser: WINDOWS11\Yomi","1","5",,"4","1","0","-9223372036854775808","1133","Microsoft-Windows-Sysmon","5770385f-c22a-43e0-bf4c-06f5698ffbd9","Microsoft-Windows-Sysmon/Operational","3588","4124","Windows11","S-1-5-18","12/25/2025 2:58:22 AM",,,"Microsoft-Windows-Sysmon/Operational","System.UInt32[]","System.Diagnostics.Eventing.Reader.EventBookmark","Information","Info","File created (rule: FileCreate)","System.Collections.ObjectModel.ReadOnlyCollection`1[System.String]","System.Collections.Generic.List`1[System.Diagnostics.Eventing.Reader.EventProperty]"
"Process Create:
RuleName: -
UtcTime: 2025-12-25 01:58:22.276
ProcessGuid: {8bb50d47-9a3e-694c-6f01-000000000a00}
ProcessId: 5296
Image: C:\Program Files (x86)\Microsoft\EdgeWebView\Application\143.0.3650.96\msedgewebview2.exe
FileVersion: 143.0.3650.96
Description: Microsoft Edge WebView2
Product: Microsoft Edge WebView2
Company: Microsoft Corporation
OriginalFileName: msedgewebview2.exe
CommandLine: ""C:\Program Files (x86)\Microsoft\EdgeWebView\Application\143.0.3650.96\msedgewebview2.exe"" --type=utility --utility-sub-type=storage.mojom.StorageService --lang=en-US --service-sandbox-type=service --noerrdialogs --user-data-dir=""C:\Users\Yomi\AppData\Local\Packages\MicrosoftWindows.Client.WebExperience_cw5n1h2txyewy\LocalState\EBWebView"" --webview-exe-name=Widgets.exe --webview-exe-version=525.18101.20.0 --embedded-browser-webview=1 --startup-read-main-dll --metrics-shmem-handle=2276,i,15767256071931372643,12087717274248903305,524288 --field-trial-handle=1812,i,13203900862925797607,12702641411502479839,262144 --variations-seed-version --trace-process-track-uuid=3190708990060038890 --mojo-platform-channel-handle=3168 /prefetch:13 /pfhostedapp:af731d5ad7d4765e67dde706345ebf3e93c44d91
CurrentDirectory: C:\Program Files (x86)\Microsoft\EdgeWebView\Application\143.0.3650.96\
User: WINDOWS11\Yomi
LogonGuid: {8bb50d47-98dd-694c-b2bf-020000000000}
LogonId: 0x2BFB2
TerminalSessionId: 1
IntegrityLevel: Low
Hashes: MD5=B3D8670A1D473BFC160824B84587CF06,SHA256=B0813B5D25A06F4F511A6151DBE5D1E6BFEEA35F4E2245DBC643C87432B9A783,IMPHASH=9ACEBDFAC77931C2B0DFBBEA2D494BA9
ParentProcessGuid: {8bb50d47-9a3d-694c-6a01-000000000a00}
ParentProcessId: 4000
ParentImage: C:\Program Files (x86)\Microsoft\EdgeWebView\Application\143.0.3650.96\msedgewebview2.exe
ParentCommandLine: ""C:\Program Files (x86)\Microsoft\EdgeWebView\Application\143.0.3650.96\msedgewebview2.exe"" --embedded-browser-webview=1 --webview-exe-name=Widgets.exe --webview-exe-version=525.18101.20.0 --user-data-dir=""C:\Users\Yomi\AppData\Local\Packages\MicrosoftWindows.Client.WebExperience_cw5n1h2txyewy\LocalState\EBWebView"" --noerrdialogs --disk-cache-size=52428800 --edge-webview-is-background --lang=en-US --mojo-named-platform-channel-pipe=6280.2508.14852809429623133821 /pfhostedapp:af731d5ad7d4765e67dde706345ebf3e93c44d91
ParentUser: WINDOWS11\Yomi","1","5",,"4","1","0","-9223372036854775808","1132","Microsoft-Windows-Sysmon","5770385f-c22a-43e0-bf4c-06f5698ffbd9","Microsoft-Windows-Sysmon/Operational","3588","4124","Windows11","S-1-5-18","12/25/2025 2:58:22 AM",,,"Microsoft-Windows-Sysmon/Operational","System.UInt32[]","System.Diagnostics.Eventing.Reader.EventBookmark","Information","Info","File created (rule: FileCreate)","System.Collections.ObjectModel.ReadOnlyCollection`1[System.String]","System.Collections.Generic.List`1[System.Diagnostics.Eventing.Reader.EventProperty]"
"Process Create:
RuleName: -
UtcTime: 2025-12-25 01:58:21.855
ProcessGuid: {8bb50d47-9a3d-694c-6d01-000000000a00}
ProcessId: 5728
Image: C:\Program Files (x86)\Microsoft\EdgeWebView\Application\143.0.3650.96\msedgewebview2.exe
FileVersion: 143.0.3650.96
Description: Microsoft Edge WebView2
Product: Microsoft Edge WebView2
Company: Microsoft Corporation
OriginalFileName: msedgewebview2.exe
CommandLine: ""C:\Program Files (x86)\Microsoft\EdgeWebView\Application\143.0.3650.96\msedgewebview2.exe"" --type=gpu-process --noerrdialogs --user-data-dir=""C:\Users\Yomi\AppData\Local\Packages\MicrosoftWindows.Client.WebExperience_cw5n1h2txyewy\LocalState\EBWebView"" --webview-exe-name=Widgets.exe --webview-exe-version=525.18101.20.0 --embedded-browser-webview=1 --no-pre-read-main-dll --gpu-preferences=SAAAAAAAAADgAAAEAAAAAAAAAAAAAGAAAQAAAAAAAAAAAAAAAAAAAAIAAAAAAAAAAAAAAAAAAAAQAAAAAAAAABAAAAAAAAAACAAAAAAAAAAIAAAAAAAAAA== --startup-read-main-dll --metrics-shmem-handle=1532,i,559844631511273846,13885466117299990523,262144 --field-trial-handle=1812,i,13203900862925797607,12702641411502479839,262144 --variations-seed-version --trace-process-track-uuid=3190708988185955192 --mojo-platform-channel-handle=1788 /prefetch:2 /pfhostedapp:af731d5ad7d4765e67dde706345ebf3e93c44d91
CurrentDirectory: C:\Program Files (x86)\Microsoft\EdgeWebView\Application\143.0.3650.96\
User: WINDOWS11\Yomi
LogonGuid: {8bb50d47-98dd-694c-b2bf-020000000000}
LogonId: 0x2BFB2
TerminalSessionId: 1
IntegrityLevel: Low
Hashes: MD5=B3D8670A1D473BFC160824B84587CF06,SHA256=B0813B5D25A06F4F511A6151DBE5D1E6BFEEA35F4E2245DBC643C87432B9A783,IMPHASH=9ACEBDFAC77931C2B0DFBBEA2D494BA9
ParentProcessGuid: {8bb50d47-9a3d-694c-6a01-000000000a00}
ParentProcessId: 4000
ParentImage: C:\Program Files (x86)\Microsoft\EdgeWebView\Application\143.0.3650.96\msedgewebview2.exe
ParentCommandLine: ""C:\Program Files (x86)\Microsoft\EdgeWebView\Application\143.0.3650.96\msedgewebview2.exe"" --embedded-browser-webview=1 --webview-exe-name=Widgets.exe --webview-exe-version=525.18101.20.0 --user-data-dir=""C:\Users\Yomi\AppData\Local\Packages\MicrosoftWindows.Client.WebExperience_cw5n1h2txyewy\LocalState\EBWebView"" --noerrdialogs --disk-cache-size=52428800 --edge-webview-is-background --lang=en-US --mojo-named-platform-channel-pipe=6280.2508.14852809429623133821 /pfhostedapp:af731d5ad7d4765e67dde706345ebf3e93c44d91
ParentUser: WINDOWS11\Yomi","1","5",,"4","1","0","-9223372036854775808","1131","Microsoft-Windows-Sysmon","5770385f-c22a-43e0-bf4c-06f5698ffbd9","Microsoft-Windows-Sysmon/Operational","3588","4124","Windows11","S-1-5-18","12/25/2025 2:58:22 AM",,,"Microsoft-Windows-Sysmon/Operational","System.UInt32[]","System.Diagnostics.Eventing.Reader.EventBookmark","Information","Info","File created (rule: FileCreate)","System.Collections.ObjectModel.ReadOnlyCollection`1[System.String]","System.Collections.Generic.List`1[System.Diagnostics.Eventing.Reader.EventProperty]"
"Process Create:
RuleName: -
UtcTime: 2025-12-25 01:58:21.888
ProcessGuid: {8bb50d47-9a3d-694c-6e01-000000000a00}
ProcessId: 876
Image: C:\Program Files (x86)\Microsoft\EdgeWebView\Application\143.0.3650.96\msedgewebview2.exe
FileVersion: 143.0.3650.96
Description: Microsoft Edge WebView2
Product: Microsoft Edge WebView2
Company: Microsoft Corporation
OriginalFileName: msedgewebview2.exe
CommandLine: ""C:\Program Files (x86)\Microsoft\EdgeWebView\Application\143.0.3650.96\msedgewebview2.exe"" --type=utility --utility-sub-type=network.mojom.NetworkService --lang=en-US --service-sandbox-type=none --noerrdialogs --user-data-dir=""C:\Users\Yomi\AppData\Local\Packages\MicrosoftWindows.Client.WebExperience_cw5n1h2txyewy\LocalState\EBWebView"" --webview-exe-name=Widgets.exe --webview-exe-version=525.18101.20.0 --embedded-browser-webview=1 --startup-read-main-dll --metrics-shmem-handle=1984,i,8913827322488487526,12981442315225073871,524288 --field-trial-handle=1812,i,13203900862925797607,12702641411502479839,262144 --variations-seed-version --trace-process-track-uuid=3190708989122997041 --mojo-platform-channel-handle=1992 /prefetch:11 /pfhostedapp:af731d5ad7d4765e67dde706345ebf3e93c44d91
CurrentDirectory: C:\Program Files (x86)\Microsoft\EdgeWebView\Application\143.0.3650.96\
User: WINDOWS11\Yomi
LogonGuid: {8bb50d47-98dd-694c-b2bf-020000000000}
LogonId: 0x2BFB2
TerminalSessionId: 1
IntegrityLevel: Medium
Hashes: MD5=B3D8670A1D473BFC160824B84587CF06,SHA256=B0813B5D25A06F4F511A6151DBE5D1E6BFEEA35F4E2245DBC643C87432B9A783,IMPHASH=9ACEBDFAC77931C2B0DFBBEA2D494BA9
ParentProcessGuid: {8bb50d47-9a3d-694c-6a01-000000000a00}
ParentProcessId: 4000
ParentImage: C:\Program Files (x86)\Microsoft\EdgeWebView\Application\143.0.3650.96\msedgewebview2.exe
ParentCommandLine: ""C:\Program Files (x86)\Microsoft\EdgeWebView\Application\143.0.3650.96\msedgewebview2.exe"" --embedded-browser-webview=1 --webview-exe-name=Widgets.exe --webview-exe-version=525.18101.20.0 --user-data-dir=""C:\Users\Yomi\AppData\Local\Packages\MicrosoftWindows.Client.WebExperience_cw5n1h2txyewy\LocalState\EBWebView"" --noerrdialogs --disk-cache-size=52428800 --edge-webview-is-background --lang=en-US --mojo-named-platform-channel-pipe=6280.2508.14852809429623133821 /pfhostedapp:af731d5ad7d4765e67dde706345ebf3e93c44d91
ParentUser: WINDOWS11\Yomi","1","5",,"4","1","0","-9223372036854775808","1130","Microsoft-Windows-Sysmon","5770385f-c22a-43e0-bf4c-06f5698ffbd9","Microsoft-Windows-Sysmon/Operational","3588","4124","Windows11","S-1-5-18","12/25/2025 2:58:22 AM",,,"Microsoft-Windows-Sysmon/Operational","System.UInt32[]","System.Diagnostics.Eventing.Reader.EventBookmark","Information","Info","File created (rule: FileCreate)","System.Collections.ObjectModel.ReadOnlyCollection`1[System.String]","System.Collections.Generic.List`1[System.Diagnostics.Eventing.Reader.EventProperty]"
"Process Create:
RuleName: -
UtcTime: 2025-12-25 01:58:21.405
ProcessGuid: {8bb50d47-9a3d-694c-6b01-000000000a00}
ProcessId: 2524
Image: C:\Program Files (x86)\Microsoft\EdgeWebView\Application\143.0.3650.96\msedgewebview2.exe
FileVersion: 143.0.3650.96
Description: Microsoft Edge WebView2
Product: Microsoft Edge WebView2
Company: Microsoft Corporation
OriginalFileName: msedgewebview2.exe
CommandLine: ""C:\Program Files (x86)\Microsoft\EdgeWebView\Application\143.0.3650.96\msedgewebview2.exe"" --type=crashpad-handler --user-data-dir=C:\Users\Yomi\AppData\Local\Packages\MicrosoftWindows.Client.WebExperience_cw5n1h2txyewy\LocalState\EBWebView /prefetch:4 /pfhostedapp:af731d5ad7d4765e67dde706345ebf3e93c44d91 --monitor-self-annotation=ptype=crashpad-handler --database=C:\Users\Yomi\AppData\Local\Packages\MicrosoftWindows.Client.WebExperience_cw5n1h2txyewy\LocalState\EBWebView\Crashpad --annotation=IsOfficialBuild=1 --annotation=channel= --annotation=chromium-version=143.0.7499.147 ""--annotation=exe=C:\Program Files (x86)\Microsoft\EdgeWebView\Application\143.0.3650.96\msedgewebview2.exe"" --annotation=plat=Win64 ""--annotation=prod=Edge WebView2"" --annotation=ver=143.0.3650.96 --initial-client-data=0x17c,0x180,0x184,0x150,0x18c,0x7ffc94dc62b8,0x7ffc94dc62c4,0x7ffc94dc62d0
CurrentDirectory: C:\Program Files (x86)\Microsoft\EdgeWebView\Application\143.0.3650.96\
User: WINDOWS11\Yomi
LogonGuid: {8bb50d47-98dd-694c-b2bf-020000000000}
LogonId: 0x2BFB2
TerminalSessionId: 1
IntegrityLevel: Medium
Hashes: MD5=B3D8670A1D473BFC160824B84587CF06,SHA256=B0813B5D25A06F4F511A6151DBE5D1E6BFEEA35F4E2245DBC643C87432B9A783,IMPHASH=9ACEBDFAC77931C2B0DFBBEA2D494BA9
ParentProcessGuid: {8bb50d47-9a3d-694c-6a01-000000000a00}
ParentProcessId: 4000
ParentImage: C:\Program Files (x86)\Microsoft\EdgeWebView\Application\143.0.3650.96\msedgewebview2.exe
ParentCommandLine: ""C:\Program Files (x86)\Microsoft\EdgeWebView\Application\143.0.3650.96\msedgewebview2.exe"" --embedded-browser-webview=1 --webview-exe-name=Widgets.exe --webview-exe-version=525.18101.20.0 --user-data-dir=""C:\Users\Yomi\AppData\Local\Packages\MicrosoftWindows.Client.WebExperience_cw5n1h2txyewy\LocalState\EBWebView"" --noerrdialogs --disk-cache-size=52428800 --edge-webview-is-background --lang=en-US --mojo-named-platform-channel-pipe=6280.2508.14852809429623133821 /pfhostedapp:af731d5ad7d4765e67dde706345ebf3e93c44d91
ParentUser: WINDOWS11\Yomi","1","5",,"4","1","0","-9223372036854775808","1129","Microsoft-Windows-Sysmon","5770385f-c22a-43e0-bf4c-06f5698ffbd9","Microsoft-Windows-Sysmon/Operational","3588","4124","Windows11","S-1-5-18","12/25/2025 2:58:21 AM",,,"Microsoft-Windows-Sysmon/Operational","System.UInt32[]","System.Diagnostics.Eventing.Reader.EventBookmark","Information","Info","File created (rule: FileCreate)","System.Collections.ObjectModel.ReadOnlyCollection`1[System.String]","System.Collections.Generic.List`1[System.Diagnostics.Eventing.Reader.EventProperty]"
"Process Create:
RuleName: -
UtcTime: 2025-12-25 01:58:21.098
ProcessGuid: {8bb50d47-9a3d-694c-6a01-000000000a00}
ProcessId: 4000
Image: C:\Program Files (x86)\Microsoft\EdgeWebView\Application\143.0.3650.96\msedgewebview2.exe
FileVersion: 143.0.3650.96
Description: Microsoft Edge WebView2
Product: Microsoft Edge WebView2
Company: Microsoft Corporation
OriginalFileName: msedgewebview2.exe
CommandLine: ""C:\Program Files (x86)\Microsoft\EdgeWebView\Application\143.0.3650.96\msedgewebview2.exe"" --embedded-browser-webview=1 --webview-exe-name=Widgets.exe --webview-exe-version=525.18101.20.0 --user-data-dir=""C:\Users\Yomi\AppData\Local\Packages\MicrosoftWindows.Client.WebExperience_cw5n1h2txyewy\LocalState\EBWebView"" --noerrdialogs --disk-cache-size=52428800 --edge-webview-is-background --lang=en-US --mojo-named-platform-channel-pipe=6280.2508.14852809429623133821 /pfhostedapp:af731d5ad7d4765e67dde706345ebf3e93c44d91
CurrentDirectory: C:\WINDOWS\system32\
User: WINDOWS11\Yomi
LogonGuid: {8bb50d47-98dd-694c-b2bf-020000000000}
LogonId: 0x2BFB2
TerminalSessionId: 1
IntegrityLevel: Medium
Hashes: MD5=B3D8670A1D473BFC160824B84587CF06,SHA256=B0813B5D25A06F4F511A6151DBE5D1E6BFEEA35F4E2245DBC643C87432B9A783,IMPHASH=9ACEBDFAC77931C2B0DFBBEA2D494BA9
ParentProcessGuid: {8bb50d47-9905-694c-9000-000000000a00}
ParentProcessId: 6280
ParentImage: C:\Program Files\WindowsApps\MicrosoftWindows.Client.WebExperience_525.18101.90.9_x64__cw5n1h2txyewy\Dashboard\Widgets.exe
ParentCommandLine: ""C:\Program Files\WindowsApps\MicrosoftWindows.Client.WebExperience_525.18101.90.9_x64__cw5n1h2txyewy\Dashboard\Widgets.exe"" -ServerName:Microsoft.Windows.DashboardServer
ParentUser: WINDOWS11\Yomi","1","5",,"4","1","0","-9223372036854775808","1128","Microsoft-Windows-Sysmon","5770385f-c22a-43e0-bf4c-06f5698ffbd9","Microsoft-Windows-Sysmon/Operational","3588","4124","Windows11","S-1-5-18","12/25/2025 2:58:21 AM",,,"Microsoft-Windows-Sysmon/Operational","System.UInt32[]","System.Diagnostics.Eventing.Reader.EventBookmark","Information","Info","File created (rule: FileCreate)","System.Collections.ObjectModel.ReadOnlyCollection`1[System.String]","System.Collections.Generic.List`1[System.Diagnostics.Eventing.Reader.EventProperty]"
"Process Create:
RuleName: -
UtcTime: 2025-12-25 01:58:17.309
ProcessGuid: {8bb50d47-9a39-694c-6601-000000000a00}
ProcessId: 1000
Image: C:\Windows\System32\svchost.exe
FileVersion: 10.0.26100.5074 (WinBuild.160101.0800)
Description: Host Process for Windows Services
Product: Microsoft? Windows? Operating System
Company: Microsoft Corporation
OriginalFileName: svchost.exe
CommandLine: C:\WINDOWS\System32\svchost.exe -k netsvcs -p -s PushToInstall
CurrentDirectory: C:\WINDOWS\system32\
User: NT AUTHORITY\SYSTEM
LogonGuid: {8bb50d47-9271-694c-e703-000000000000}
LogonId: 0x3E7
TerminalSessionId: 0
IntegrityLevel: System
Hashes: MD5=7B88D0896FBF43469A9959D59824A514,SHA256=53A39B900E3BFBF384ACD13F0FC2329FA8D42B61E993D8ED5ADF3A1428005D26,IMPHASH=DE43BD45CC98C143357416C7519ECCFD
ParentProcessGuid: {8bb50d47-9270-694c-0b00-000000000a00}
ParentProcessId: 852
ParentImage: C:\Windows\System32\services.exe
ParentCommandLine: C:\WINDOWS\system32\services.exe
ParentUser: NT AUTHORITY\SYSTEM","1","5",,"4","1","0","-9223372036854775808","1127","Microsoft-Windows-Sysmon","5770385f-c22a-43e0-bf4c-06f5698ffbd9","Microsoft-Windows-Sysmon/Operational","3588","4124","Windows11","S-1-5-18","12/25/2025 2:58:17 AM",,,"Microsoft-Windows-Sysmon/Operational","System.UInt32[]","System.Diagnostics.Eventing.Reader.EventBookmark","Information","Info","File created (rule: FileCreate)","System.Collections.ObjectModel.ReadOnlyCollection`1[System.String]","System.Collections.Generic.List`1[System.Diagnostics.Eventing.Reader.EventProperty]"
"Process Create:
RuleName: -
UtcTime: 2025-12-25 01:58:16.843
ProcessGuid: {8bb50d47-9a38-694c-6301-000000000a00}
ProcessId: 6244
Image: C:\Windows\System32\taskhostw.exe
FileVersion: 10.0.26100.5074 (WinBuild.160101.0800)
Description: Host Process for Windows Tasks
Product: Microsoft? Windows? Operating System
Company: Microsoft Corporation
OriginalFileName: taskhostw.exe
CommandLine: taskhostw.exe Logon
CurrentDirectory: C:\WINDOWS\system32\
User: WINDOWS11\Yomi
LogonGuid: {8bb50d47-98dd-694c-b2bf-020000000000}
LogonId: 0x2BFB2
TerminalSessionId: 1
IntegrityLevel: Medium
Hashes: MD5=AD050ED052AFF11737AE0A25AED89799,SHA256=818C6876E1028AB2B94E45B3CC45102CD83204803537D94263A9B7A6B6583D4B,IMPHASH=2196268E7A2880E3ADC74481297D0C4B
ParentProcessGuid: {8bb50d47-9277-694c-1d00-000000000a00}
ParentProcessId: 1472
ParentImage: C:\Windows\System32\svchost.exe
ParentCommandLine: C:\WINDOWS\system32\svchost.exe -k netsvcs -p -s Schedule
ParentUser: NT AUTHORITY\SYSTEM","1","5",,"4","1","0","-9223372036854775808","1126","Microsoft-Windows-Sysmon","5770385f-c22a-43e0-bf4c-06f5698ffbd9","Microsoft-Windows-Sysmon/Operational","3588","4124","Windows11","S-1-5-18","12/25/2025 2:58:16 AM",,,"Microsoft-Windows-Sysmon/Operational","System.UInt32[]","System.Diagnostics.Eventing.Reader.EventBookmark","Information","Info","File created (rule: FileCreate)","System.Collections.ObjectModel.ReadOnlyCollection`1[System.String]","System.Collections.Generic.List`1[System.Diagnostics.Eventing.Reader.EventProperty]"
"Process Create:
RuleName: -
UtcTime: 2025-12-25 01:58:16.836
ProcessGuid: {8bb50d47-9a38-694c-6201-000000000a00}
ProcessId: 7972
Image: C:\Windows\System32\sc.exe
FileVersion: 10.0.26100.4484 (WinBuild.160101.0800)
Description: Service Control Manager Configuration Tool
Product: Microsoft? Windows? Operating System
Company: Microsoft Corporation
OriginalFileName: sc.exe
CommandLine: ""C:\WINDOWS\system32\sc.exe"" start pushtoinstall login
CurrentDirectory: C:\WINDOWS\system32\
User: NT AUTHORITY\SYSTEM
LogonGuid: {8bb50d47-9271-694c-e703-000000000000}
LogonId: 0x3E7
TerminalSessionId: 0
IntegrityLevel: System
Hashes: MD5=C8F632A326219F85927B3F33A13F7C7D,SHA256=A452BFCB6000D03942DDFADDCDA5A7EB121447ED99B1BA090446B4A989F1F7AE,IMPHASH=42DADBD60BBC453DD1773FDC089E19B7
ParentProcessGuid: {8bb50d47-9277-694c-1d00-000000000a00}
ParentProcessId: 1472
ParentImage: C:\Windows\System32\svchost.exe
ParentCommandLine: C:\WINDOWS\system32\svchost.exe -k netsvcs -p -s Schedule
ParentUser: NT AUTHORITY\SYSTEM","1","5",,"4","1","0","-9223372036854775808","1125","Microsoft-Windows-Sysmon","5770385f-c22a-43e0-bf4c-06f5698ffbd9","Microsoft-Windows-Sysmon/Operational","3588","4124","Windows11","S-1-5-18","12/25/2025 2:58:16 AM",,,"Microsoft-Windows-Sysmon/Operational","System.UInt32[]","System.Diagnostics.Eventing.Reader.EventBookmark","Information","Info","File created (rule: FileCreate)","System.Collections.ObjectModel.ReadOnlyCollection`1[System.String]","System.Collections.Generic.List`1[System.Diagnostics.Eventing.Reader.EventProperty]"
"Process Create:
RuleName: -
UtcTime: 2025-12-25 01:58:06.540
ProcessGuid: {8bb50d47-9a2e-694c-6101-000000000a00}
ProcessId: 5960
Image: C:\Windows\WinSxS\amd64_microsoft-windows-servicingstack_31bf3856ad364e35_10.0.26100.5074_none_a5532eb7772ad4c4\TiWorker.exe
FileVersion: 10.0.26100.5074 (WinBuild.160101.0800)
Description: Windows Modules Installer Worker
Product: Microsoft? Windows? Operating System
Company: Microsoft Corporation
OriginalFileName: TiWorker.exe
CommandLine: C:\WINDOWS\winsxs\amd64_microsoft-windows-servicingstack_31bf3856ad364e35_10.0.26100.5074_none_a5532eb7772ad4c4\TiWorker.exe -Embedding
CurrentDirectory: C:\WINDOWS\system32\
User: NT AUTHORITY\SYSTEM
LogonGuid: {8bb50d47-9271-694c-e703-000000000000}
LogonId: 0x3E7
TerminalSessionId: 0
IntegrityLevel: System
Hashes: MD5=B0E2857EE9C2C9BF7238E4DFE3C97139,SHA256=83E44E2BF7DA29A6A5237C521F031B8E6B0E40CABAAFC433E7CAA39F317B454E,IMPHASH=3A3C1E80AF5AB810A6334FCC3C8E3FDF
ParentProcessGuid: {8bb50d47-9272-694c-0f00-000000000a00}
ParentProcessId: 1012
ParentImage: C:\Windows\System32\svchost.exe
ParentCommandLine: C:\WINDOWS\system32\svchost.exe -k DcomLaunch -p
ParentUser: NT AUTHORITY\SYSTEM","1","5",,"4","1","0","-9223372036854775808","1124","Microsoft-Windows-Sysmon","5770385f-c22a-43e0-bf4c-06f5698ffbd9","Microsoft-Windows-Sysmon/Operational","3588","4124","Windows11","S-1-5-18","12/25/2025 2:58:06 AM",,,"Microsoft-Windows-Sysmon/Operational","System.UInt32[]","System.Diagnostics.Eventing.Reader.EventBookmark","Information","Info","File created (rule: FileCreate)","System.Collections.ObjectModel.ReadOnlyCollection`1[System.String]","System.Collections.Generic.List`1[System.Diagnostics.Eventing.Reader.EventProperty]"
"Process Create:
RuleName: -
UtcTime: 2025-12-25 01:58:06.388
ProcessGuid: {8bb50d47-9a2e-694c-6001-000000000a00}
ProcessId: 1144
Image: C:\Windows\servicing\TrustedInstaller.exe
FileVersion: 10.0.26100.5074 (WinBuild.160101.0800)
Description: Windows Modules Installer
Product: Microsoft? Windows? Operating System
Company: Microsoft Corporation
OriginalFileName: TrustedInstaller.exe
CommandLine: C:\WINDOWS\servicing\TrustedInstaller.exe
CurrentDirectory: C:\WINDOWS\system32\
User: NT AUTHORITY\SYSTEM
LogonGuid: {8bb50d47-9271-694c-e703-000000000000}
LogonId: 0x3E7
TerminalSessionId: 0
IntegrityLevel: System
Hashes: MD5=AE4442013F290315E046DBF9E6F9803A,SHA256=1889C5BC1CEEF3554B3408F9BDD9B50CF0DAC4CC84AE96E4D7B72F3043557875,IMPHASH=5E159CE7599ACD6CA7EC3122186D5DBC
ParentProcessGuid: {8bb50d47-9270-694c-0b00-000000000a00}
ParentProcessId: 852
ParentImage: C:\Windows\System32\services.exe
ParentCommandLine: C:\WINDOWS\system32\services.exe
ParentUser: NT AUTHORITY\SYSTEM","1","5",,"4","1","0","-9223372036854775808","1123","Microsoft-Windows-Sysmon","5770385f-c22a-43e0-bf4c-06f5698ffbd9","Microsoft-Windows-Sysmon/Operational","3588","4124","Windows11","S-1-5-18","12/25/2025 2:58:06 AM",,,"Microsoft-Windows-Sysmon/Operational","System.UInt32[]","System.Diagnostics.Eventing.Reader.EventBookmark","Information","Info","File created (rule: FileCreate)","System.Collections.ObjectModel.ReadOnlyCollection`1[System.String]","System.Collections.Generic.List`1[System.Diagnostics.Eventing.Reader.EventProperty]"
"Process Create:
RuleName: -
UtcTime: 2025-12-25 01:58:02.089
ProcessGuid: {8bb50d47-9a2a-694c-5c01-000000000a00}
ProcessId: 6236
Image: C:\Windows\System32\svchost.exe
FileVersion: 10.0.26100.5074 (WinBuild.160101.0800)
Description: Host Process for Windows Services
Product: Microsoft? Windows? Operating System
Company: Microsoft Corporation
OriginalFileName: svchost.exe
CommandLine: C:\WINDOWS\System32\svchost.exe -k netsvcs -p -s PushToInstall
CurrentDirectory: C:\WINDOWS\system32\
User: NT AUTHORITY\SYSTEM
LogonGuid: {8bb50d47-9271-694c-e703-000000000000}
LogonId: 0x3E7
TerminalSessionId: 0
IntegrityLevel: System
Hashes: MD5=7B88D0896FBF43469A9959D59824A514,SHA256=53A39B900E3BFBF384ACD13F0FC2329FA8D42B61E993D8ED5ADF3A1428005D26,IMPHASH=DE43BD45CC98C143357416C7519ECCFD
ParentProcessGuid: {8bb50d47-9270-694c-0b00-000000000a00}
ParentProcessId: 852
ParentImage: C:\Windows\System32\services.exe
ParentCommandLine: C:\WINDOWS\system32\services.exe
ParentUser: NT AUTHORITY\SYSTEM","1","5",,"4","1","0","-9223372036854775808","1122","Microsoft-Windows-Sysmon","5770385f-c22a-43e0-bf4c-06f5698ffbd9","Microsoft-Windows-Sysmon/Operational","3588","4124","Windows11","S-1-5-18","12/25/2025 2:58:02 AM",,,"Microsoft-Windows-Sysmon/Operational","System.UInt32[]","System.Diagnostics.Eventing.Reader.EventBookmark","Information","Info","File created (rule: FileCreate)","System.Collections.ObjectModel.ReadOnlyCollection`1[System.String]","System.Collections.Generic.List`1[System.Diagnostics.Eventing.Reader.EventProperty]"
"Process Create:
RuleName: -
UtcTime: 2025-12-25 01:58:01.948
ProcessGuid: {8bb50d47-9a29-694c-5a01-000000000a00}
ProcessId: 1224
Image: C:\Windows\System32\sc.exe
FileVersion: 10.0.26100.4484 (WinBuild.160101.0800)
Description: Service Control Manager Configuration Tool
Product: Microsoft? Windows? Operating System
Company: Microsoft Corporation
OriginalFileName: sc.exe
CommandLine: ""C:\WINDOWS\system32\sc.exe"" start pushtoinstall registration
CurrentDirectory: C:\WINDOWS\system32\
User: NT AUTHORITY\SYSTEM
LogonGuid: {8bb50d47-9271-694c-e703-000000000000}
LogonId: 0x3E7
TerminalSessionId: 0
IntegrityLevel: System
Hashes: MD5=C8F632A326219F85927B3F33A13F7C7D,SHA256=A452BFCB6000D03942DDFADDCDA5A7EB121447ED99B1BA090446B4A989F1F7AE,IMPHASH=42DADBD60BBC453DD1773FDC089E19B7
ParentProcessGuid: {8bb50d47-9277-694c-1d00-000000000a00}
ParentProcessId: 1472
ParentImage: C:\Windows\System32\svchost.exe
ParentCommandLine: C:\WINDOWS\system32\svchost.exe -k netsvcs -p -s Schedule
ParentUser: NT AUTHORITY\SYSTEM","1","5",,"4","1","0","-9223372036854775808","1121","Microsoft-Windows-Sysmon","5770385f-c22a-43e0-bf4c-06f5698ffbd9","Microsoft-Windows-Sysmon/Operational","3588","4124","Windows11","S-1-5-18","12/25/2025 2:58:01 AM",,,"Microsoft-Windows-Sysmon/Operational","System.UInt32[]","System.Diagnostics.Eventing.Reader.EventBookmark","Information","Info","File created (rule: FileCreate)","System.Collections.ObjectModel.ReadOnlyCollection`1[System.String]","System.Collections.Generic.List`1[System.Diagnostics.Eventing.Reader.EventProperty]"
"Process Create:
RuleName: -
UtcTime: 2025-12-25 01:57:30.990
ProcessGuid: {8bb50d47-9a0a-694c-5701-000000000a00}
ProcessId: 6404
Image: C:\Program Files (x86)\Microsoft\Edge\Application\msedge.exe
FileVersion: 143.0.3650.96
Description: Microsoft Edge
Product: Microsoft Edge
Company: Microsoft Corporation
OriginalFileName: msedge.exe
CommandLine: ""C:\Program Files (x86)\Microsoft\Edge\Application\msedge.exe"" --type=gpu-process --disable-gpu-sandbox --use-gl=disabled --gpu-vendor-id=5140 --gpu-device-id=140 --gpu-sub-system-id=0 --gpu-revision=0 --gpu-driver-version=10.0.26100.5074 --gpu-preferences=SAAAAAAAAADoAAAEAAAAAAAAAAAAAGAAAQAAAAAAAAAAAAAAAAAAAEIAAAAAAAAAAAAAAAAAAAAQAAAAAAAAABAAAAAAAAAACAAAAAAAAAAIAAAAAAAAAA== --ram-no-pressure-read-main-dll --metrics-shmem-handle=4384,i,3068204203515509679,10386792911181177551,262144 --field-trial-handle=2524,i,10392308234706831151,11631399008401816910,262144 --variations-seed-version --trace-process-track-uuid=3190708994745248135 --mojo-platform-channel-handle=4532 /prefetch:10
CurrentDirectory: C:\Program Files (x86)\Microsoft\Edge\Application\143.0.3650.96\
User: WINDOWS11\Yomi
LogonGuid: {8bb50d47-98dd-694c-b2bf-020000000000}
LogonId: 0x2BFB2
TerminalSessionId: 1
IntegrityLevel: Medium
Hashes: MD5=EEDCB91823A577336215FD725124B011,SHA256=9AFD1452D57620CC28C97C1760BB3FD195FB69D76037818EC956DE75B85771F1,IMPHASH=9ACEBDFAC77931C2B0DFBBEA2D494BA9
ParentProcessGuid: {8bb50d47-9989-694c-e600-000000000a00}
ParentProcessId: 4800
ParentImage: C:\Program Files (x86)\Microsoft\Edge\Application\msedge.exe
ParentCommandLine: ""C:\Program Files (x86)\Microsoft\Edge\Application\msedge.exe"" --no-startup-window --win-session-start
ParentUser: WINDOWS11\Yomi","1","5",,"4","1","0","-9223372036854775808","1120","Microsoft-Windows-Sysmon","5770385f-c22a-43e0-bf4c-06f5698ffbd9","Microsoft-Windows-Sysmon/Operational","3588","4124","Windows11","S-1-5-18","12/25/2025 2:57:31 AM",,,"Microsoft-Windows-Sysmon/Operational","System.UInt32[]","System.Diagnostics.Eventing.Reader.EventBookmark","Information","Info","File created (rule: FileCreate)","System.Collections.ObjectModel.ReadOnlyCollection`1[System.String]","System.Collections.Generic.List`1[System.Diagnostics.Eventing.Reader.EventProperty]"
"Dns query:
RuleName: -
UtcTime: 2025-12-25 01:57:22.348
ProcessGuid: {8bb50d47-9279-694c-2900-000000000a00}
ProcessId: 332
QueryName: Windows11
QueryStatus: 1460
QueryResults: -
Image: C:\Windows\System32\svchost.exe
User: NT AUTHORITY\NETWORK SERVICE","22","5",,"4","22","0","-9223372036854775808","1119","Microsoft-Windows-Sysmon","5770385f-c22a-43e0-bf4c-06f5698ffbd9","Microsoft-Windows-Sysmon/Operational","3588","4144","Windows11","S-1-5-18","12/25/2025 2:57:22 AM",,,"Microsoft-Windows-Sysmon/Operational","System.UInt32[]","System.Diagnostics.Eventing.Reader.EventBookmark","Information","Info","File created (rule: FileCreate)","System.Collections.ObjectModel.ReadOnlyCollection`1[System.String]","System.Collections.Generic.List`1[System.Diagnostics.Eventing.Reader.EventProperty]"
"File created:
RuleName: -
UtcTime: 2025-12-25 01:57:06.671
ProcessGuid: {8bb50d47-99f0-694c-5601-000000000a00}
ProcessId: 3976
Image: C:\WINDOWS\System32\WindowsPowerShell\v1.0\powershell.exe
TargetFilename: C:\Users\Yomi\AppData\Local\Temp\__PSScriptPolicyTest_3yt3qknq.3em.ps1
CreationUtcTime: 2025-12-25 01:57:06.671
User: WINDOWS11\Yomi","11","2",,"4","11","0","-9223372036854775808","1118","Microsoft-Windows-Sysmon","5770385f-c22a-43e0-bf4c-06f5698ffbd9","Microsoft-Windows-Sysmon/Operational","3588","4124","Windows11","S-1-5-18","12/25/2025 2:57:06 AM",,,"Microsoft-Windows-Sysmon/Operational","System.UInt32[]","System.Diagnostics.Eventing.Reader.EventBookmark","Information","Info","File created (rule: FileCreate)","System.Collections.ObjectModel.ReadOnlyCollection`1[System.String]","System.Collections.Generic.List`1[System.Diagnostics.Eventing.Reader.EventProperty]"
"Process Create:
RuleName: -
UtcTime: 2025-12-25 01:57:04.581
ProcessGuid: {8bb50d47-99f0-694c-5601-000000000a00}
ProcessId: 3976
Image: C:\Windows\System32\WindowsPowerShell\v1.0\powershell.exe
FileVersion: 10.0.26100.5074 (WinBuild.160101.0800)
Description: Windows PowerShell
Product: Microsoft? Windows? Operating System
Company: Microsoft Corporation
OriginalFileName: PowerShell.EXE
CommandLine: C:\WINDOWS\System32\WindowsPowerShell\v1.0\powershell.exe
CurrentDirectory: C:\Users\Yomi\
User: WINDOWS11\Yomi
LogonGuid: {8bb50d47-98dd-694c-5dbf-020000000000}
LogonId: 0x2BF5D
TerminalSessionId: 1
IntegrityLevel: High
Hashes: MD5=A97E6573B97B44C96122BFA543A82EA1,SHA256=0FF6F2C94BC7E2833A5F7E16DE1622E5DBA70396F31C7D5F56381870317E8C46,IMPHASH=AFACF6DC9041114B198160AAB4D0AE77
ParentProcessGuid: {8bb50d47-99ef-694c-5401-000000000a00}
ParentProcessId: 7876
ParentImage: C:\Program Files\WindowsApps\Microsoft.WindowsTerminal_1.18.10301.0_x64__8wekyb3d8bbwe\WindowsTerminal.exe
ParentCommandLine: wt.exe 
ParentUser: WINDOWS11\Yomi","1","5",,"4","1","0","-9223372036854775808","1117","Microsoft-Windows-Sysmon","5770385f-c22a-43e0-bf4c-06f5698ffbd9","Microsoft-Windows-Sysmon/Operational","3588","4124","Windows11","S-1-5-18","12/25/2025 2:57:04 AM",,,"Microsoft-Windows-Sysmon/Operational","System.UInt32[]","System.Diagnostics.Eventing.Reader.EventBookmark","Information","Info","File created (rule: FileCreate)","System.Collections.ObjectModel.ReadOnlyCollection`1[System.String]","System.Collections.Generic.List`1[System.Diagnostics.Eventing.Reader.EventProperty]"
"Process Create:
RuleName: -
UtcTime: 2025-12-25 01:57:04.558
ProcessGuid: {8bb50d47-99f0-694c-5501-000000000a00}
ProcessId: 2440
Image: C:\Program Files\WindowsApps\Microsoft.WindowsTerminal_1.18.10301.0_x64__8wekyb3d8bbwe\OpenConsole.exe
FileVersion: -
Description: -
Product: -
Company: -
OriginalFileName: -
CommandLine: ""C:\Program Files\WindowsApps\Microsoft.WindowsTerminal_1.18.10301.0_x64__8wekyb3d8bbwe\OpenConsole.exe"" --headless --resizeQuirk --width 120 --height 30 --signal 0x9b4 --server 0x9ac
CurrentDirectory: C:\WINDOWS\system32\
User: WINDOWS11\Yomi
LogonGuid: {8bb50d47-98dd-694c-5dbf-020000000000}
LogonId: 0x2BF5D
TerminalSessionId: 1
IntegrityLevel: High
Hashes: MD5=7B435AF317F6CA704B01C4654E9B913A,SHA256=550DEA7A75E6E38008DFDD9FA82A341A642F4AE73C8C3469387772653718F623,IMPHASH=33416571AABF686D008253127681E909
ParentProcessGuid: {8bb50d47-99ef-694c-5401-000000000a00}
ParentProcessId: 7876
ParentImage: C:\Program Files\WindowsApps\Microsoft.WindowsTerminal_1.18.10301.0_x64__8wekyb3d8bbwe\WindowsTerminal.exe
ParentCommandLine: wt.exe 
ParentUser: WINDOWS11\Yomi","1","5",,"4","1","0","-9223372036854775808","1116","Microsoft-Windows-Sysmon","5770385f-c22a-43e0-bf4c-06f5698ffbd9","Microsoft-Windows-Sysmon/Operational","3588","4124","Windows11","S-1-5-18","12/25/2025 2:57:04 AM",,,"Microsoft-Windows-Sysmon/Operational","System.UInt32[]","System.Diagnostics.Eventing.Reader.EventBookmark","Information","Info","File created (rule: FileCreate)","System.Collections.ObjectModel.ReadOnlyCollection`1[System.String]","System.Collections.Generic.List`1[System.Diagnostics.Eventing.Reader.EventProperty]"
"Process Create:
RuleName: -
UtcTime: 2025-12-25 01:57:03.048
ProcessGuid: {8bb50d47-99ef-694c-5401-000000000a00}
ProcessId: 7876
Image: C:\Program Files\WindowsApps\Microsoft.WindowsTerminal_1.18.10301.0_x64__8wekyb3d8bbwe\WindowsTerminal.exe
FileVersion: -
Description: -
Product: -
Company: -
OriginalFileName: -
CommandLine: wt.exe 
CurrentDirectory: C:\WINDOWS\system32\
User: WINDOWS11\Yomi
LogonGuid: {8bb50d47-98dd-694c-5dbf-020000000000}
LogonId: 0x2BF5D
TerminalSessionId: 1
IntegrityLevel: High
Hashes: MD5=B24678F13F5DA0B384FABBED53E3C4A4,SHA256=C93512B004AD368992F76142E9718E8B58893D543B0906DC56D8C460AFF20AF1,IMPHASH=BCB2714C87F374338A0EBA63797E97F7
ParentProcessGuid: {8bb50d47-99ee-694c-5301-000000000a00}
ParentProcessId: 7844
ParentImage: C:\Program Files\WindowsApps\Microsoft.WindowsTerminal_1.18.10301.0_x64__8wekyb3d8bbwe\wt.exe
ParentCommandLine: ""C:\Program Files\WindowsApps\Microsoft.WindowsTerminal_1.18.10301.0_x64__8wekyb3d8bbwe\wt.exe"" 
ParentUser: WINDOWS11\Yomi","1","5",,"4","1","0","-9223372036854775808","1115","Microsoft-Windows-Sysmon","5770385f-c22a-43e0-bf4c-06f5698ffbd9","Microsoft-Windows-Sysmon/Operational","3588","4124","Windows11","S-1-5-18","12/25/2025 2:57:03 AM",,,"Microsoft-Windows-Sysmon/Operational","System.UInt32[]","System.Diagnostics.Eventing.Reader.EventBookmark","Information","Info","File created (rule: FileCreate)","System.Collections.ObjectModel.ReadOnlyCollection`1[System.String]","System.Collections.Generic.List`1[System.Diagnostics.Eventing.Reader.EventProperty]"
"Process Create:
RuleName: -
UtcTime: 2025-12-25 01:57:02.781
ProcessGuid: {8bb50d47-99ee-694c-5301-000000000a00}
ProcessId: 7844
Image: C:\Program Files\WindowsApps\Microsoft.WindowsTerminal_1.18.10301.0_x64__8wekyb3d8bbwe\wt.exe
FileVersion: -
Description: -
Product: -
Company: -
OriginalFileName: -
CommandLine: ""C:\Program Files\WindowsApps\Microsoft.WindowsTerminal_1.18.10301.0_x64__8wekyb3d8bbwe\wt.exe"" 
CurrentDirectory: C:\WINDOWS\system32\
User: WINDOWS11\Yomi
LogonGuid: {8bb50d47-98dd-694c-5dbf-020000000000}
LogonId: 0x2BF5D
TerminalSessionId: 1
IntegrityLevel: High
Hashes: MD5=C2E5883E22A591C2ED38C3BC68439364,SHA256=67E814F1BFC8B56D2E4996D42782BB84CB265B3B2B6FBD1CC1A7AB1C6A2C1803,IMPHASH=C64340B9DA29D43D7D8F3D5DF7166495
ParentProcessGuid: {8bb50d47-98fc-694c-8100-000000000a00}
ParentProcessId: 5516
ParentImage: C:\Windows\explorer.exe
ParentCommandLine: C:\WINDOWS\Explorer.EXE
ParentUser: WINDOWS11\Yomi","1","5",,"4","1","0","-9223372036854775808","1114","Microsoft-Windows-Sysmon","5770385f-c22a-43e0-bf4c-06f5698ffbd9","Microsoft-Windows-Sysmon/Operational","3588","4124","Windows11","S-1-5-18","12/25/2025 2:57:02 AM",,,"Microsoft-Windows-Sysmon/Operational","System.UInt32[]","System.Diagnostics.Eventing.Reader.EventBookmark","Information","Info","File created (rule: FileCreate)","System.Collections.ObjectModel.ReadOnlyCollection`1[System.String]","System.Collections.Generic.List`1[System.Diagnostics.Eventing.Reader.EventProperty]"
"Process Create:
