RuleName: -
UtcTime: 2025-12-25 02:50:01.857
ProcessGuid: {8bb50d47-a659-694c-1601-000000000b00}
ProcessId: 3820
Image: C:\Windows\System32\svchost.exe
FileVersion: 10.0.26100.5074 (WinBuild.160101.0800)
Description: Host Process for Windows Services
Product: Microsoft? Windows? Operating System
Company: Microsoft Corporation
OriginalFileName: svchost.exe
CommandLine: C:\WINDOWS\system32\svchost.exe -k LocalSystemNetworkRestricted -p -s PcaSvc
CurrentDirectory: C:\WINDOWS\system32\
User: NT AUTHORITY\SYSTEM
LogonGuid: {8bb50d47-a5a7-694c-e703-000000000000}
LogonId: 0x3E7
TerminalSessionId: 0
IntegrityLevel: System
Hashes: MD5=7B88D0896FBF43469A9959D59824A514,SHA256=53A39B900E3BFBF384ACD13F0FC2329FA8D42B61E993D8ED5ADF3A1428005D26,IMPHASH=DE43BD45CC98C143357416C7519ECCFD
ParentProcessGuid: {8bb50d47-a5a6-694c-0b00-000000000b00}
ParentProcessId: 856
ParentImage: C:\Windows\System32\services.exe
ParentCommandLine: C:\WINDOWS\system32\services.exe
ParentUser: NT AUTHORITY\SYSTEM","1","5",,"4","1","0","-9223372036854775808","1598","Microsoft-Windows-Sysmon","5770385f-c22a-43e0-bf4c-06f5698ffbd9","Microsoft-Windows-Sysmon/Operational","3164","4264","Windows11","S-1-5-18","12/25/2025 3:50:01 AM",,,"Microsoft-Windows-Sysmon/Operational","System.UInt32[]","System.Diagnostics.Eventing.Reader.EventBookmark","Information","Info","File created (rule: FileCreate)","System.Collections.ObjectModel.ReadOnlyCollection`1[System.String]","System.Collections.Generic.List`1[System.Diagnostics.Eventing.Reader.EventProperty]"
"Network connection detected:
RuleName: Usermode
UtcTime: 2025-12-25 02:50:00.763
ProcessGuid: {8bb50d47-a654-694c-1001-000000000b00}
ProcessId: 3172
Image: C:\Users\Yomi\AppData\Local\Microsoft\OneDrive\OneDrive.exe
User: WINDOWS11\Yomi
Protocol: tcp
Initiated: true
SourceIsIpv6: false
SourceIp: 10.0.2.15
SourceHostname: Windows11
SourcePort: 63436
SourcePortName: -
DestinationIsIpv6: false
DestinationIp: 13.107.246.56
DestinationHostname: -
DestinationPort: 443
DestinationPortName: https","3","5",,"4","3","0","-9223372036854775808","1597","Microsoft-Windows-Sysmon","5770385f-c22a-43e0-bf4c-06f5698ffbd9","Microsoft-Windows-Sysmon/Operational","3164","4276","Windows11","S-1-5-18","12/25/2025 3:50:01 AM",,,"Microsoft-Windows-Sysmon/Operational","System.UInt32[]","System.Diagnostics.Eventing.Reader.EventBookmark","Information","Info","File created (rule: FileCreate)","System.Collections.ObjectModel.ReadOnlyCollection`1[System.String]","System.Collections.Generic.List`1[System.Diagnostics.Eventing.Reader.EventProperty]"
"Process Create:
RuleName: -
UtcTime: 2025-12-25 02:50:00.806
ProcessGuid: {8bb50d47-a658-694c-1401-000000000b00}
ProcessId: 7136
Image: C:\Windows\System32\svchost.exe
FileVersion: 10.0.26100.5074 (WinBuild.160101.0800)
Description: Host Process for Windows Services
Product: Microsoft? Windows? Operating System
Company: Microsoft Corporation
OriginalFileName: svchost.exe
CommandLine: C:\WINDOWS\system32\svchost.exe -k InvSvcGroup -p -s InventorySvc
CurrentDirectory: C:\WINDOWS\system32\
User: NT AUTHORITY\SYSTEM
LogonGuid: {8bb50d47-a5a7-694c-e703-000000000000}
LogonId: 0x3E7
TerminalSessionId: 0
IntegrityLevel: System
Hashes: MD5=7B88D0896FBF43469A9959D59824A514,SHA256=53A39B900E3BFBF384ACD13F0FC2329FA8D42B61E993D8ED5ADF3A1428005D26,IMPHASH=DE43BD45CC98C143357416C7519ECCFD
ParentProcessGuid: {8bb50d47-a5a6-694c-0b00-000000000b00}
ParentProcessId: 856
ParentImage: C:\Windows\System32\services.exe
ParentCommandLine: C:\WINDOWS\system32\services.exe
ParentUser: NT AUTHORITY\SYSTEM","1","5",,"4","1","0","-9223372036854775808","1596","Microsoft-Windows-Sysmon","5770385f-c22a-43e0-bf4c-06f5698ffbd9","Microsoft-Windows-Sysmon/Operational","3164","4264","Windows11","S-1-5-18","12/25/2025 3:50:00 AM",,,"Microsoft-Windows-Sysmon/Operational","System.UInt32[]","System.Diagnostics.Eventing.Reader.EventBookmark","Information","Info","File created (rule: FileCreate)","System.Collections.ObjectModel.ReadOnlyCollection`1[System.String]","System.Collections.Generic.List`1[System.Diagnostics.Eventing.Reader.EventProperty]"
"Process Create:
RuleName: -
UtcTime: 2025-12-25 02:50:00.720
ProcessGuid: {8bb50d47-a658-694c-1301-000000000b00}
ProcessId: 7452
Image: C:\Program Files (x86)\Microsoft\EdgeUpdate\MicrosoftEdgeUpdate.exe
FileVersion: 1.3.215.9
Description: Microsoft Edge Update
Product: Microsoft Edge Update
Company: Microsoft Corporation
OriginalFileName: msedgeupdate.dll
CommandLine: ""C:\Program Files (x86)\Microsoft\EdgeUpdate\MicrosoftEdgeUpdate.exe"" /c
CurrentDirectory: C:\Program Files (x86)\Microsoft\EdgeUpdate\1.3.215.9\
User: NT AUTHORITY\SYSTEM
LogonGuid: {8bb50d47-a5a7-694c-e703-000000000000}
LogonId: 0x3E7
TerminalSessionId: 0
IntegrityLevel: System
Hashes: MD5=B299AA9A27C330A9B44E45BD1595DBEA,SHA256=955B5950FD92E5C5EEC395B022566C9A2594CA3126D894408E2E29BA25D8B0DD,IMPHASH=CD3B2D99C6655A5D4A14E30E380F5BF9
ParentProcessGuid: {8bb50d47-a657-694c-1201-000000000b00}
ParentProcessId: 7124
ParentImage: C:\Program Files (x86)\Microsoft\EdgeUpdate\MicrosoftEdgeUpdate.exe
ParentCommandLine: ""C:\Program Files (x86)\Microsoft\EdgeUpdate\MicrosoftEdgeUpdate.exe"" /svc
ParentUser: NT AUTHORITY\SYSTEM","1","5",,"4","1","0","-9223372036854775808","1595","Microsoft-Windows-Sysmon","5770385f-c22a-43e0-bf4c-06f5698ffbd9","Microsoft-Windows-Sysmon/Operational","3164","4264","Windows11","S-1-5-18","12/25/2025 3:50:00 AM",,,"Microsoft-Windows-Sysmon/Operational","System.UInt32[]","System.Diagnostics.Eventing.Reader.EventBookmark","Information","Info","File created (rule: FileCreate)","System.Collections.ObjectModel.ReadOnlyCollection`1[System.String]","System.Collections.Generic.List`1[System.Diagnostics.Eventing.Reader.EventProperty]"
"Process Create:
RuleName: -
UtcTime: 2025-12-25 02:49:59.817
ProcessGuid: {8bb50d47-a657-694c-1201-000000000b00}
ProcessId: 7124
Image: C:\Program Files (x86)\Microsoft\EdgeUpdate\MicrosoftEdgeUpdate.exe
FileVersion: 1.3.215.9
Description: Microsoft Edge Update
Product: Microsoft Edge Update
Company: Microsoft Corporation
OriginalFileName: msedgeupdate.dll
CommandLine: ""C:\Program Files (x86)\Microsoft\EdgeUpdate\MicrosoftEdgeUpdate.exe"" /svc
CurrentDirectory: C:\WINDOWS\system32\
User: NT AUTHORITY\SYSTEM
LogonGuid: {8bb50d47-a5a7-694c-e703-000000000000}
LogonId: 0x3E7
TerminalSessionId: 0
IntegrityLevel: System
Hashes: MD5=B299AA9A27C330A9B44E45BD1595DBEA,SHA256=955B5950FD92E5C5EEC395B022566C9A2594CA3126D894408E2E29BA25D8B0DD,IMPHASH=CD3B2D99C6655A5D4A14E30E380F5BF9
ParentProcessGuid: {8bb50d47-a5a6-694c-0b00-000000000b00}
ParentProcessId: 856
ParentImage: C:\Windows\System32\services.exe
ParentCommandLine: C:\WINDOWS\system32\services.exe
ParentUser: NT AUTHORITY\SYSTEM","1","5",,"4","1","0","-9223372036854775808","1594","Microsoft-Windows-Sysmon","5770385f-c22a-43e0-bf4c-06f5698ffbd9","Microsoft-Windows-Sysmon/Operational","3164","4264","Windows11","S-1-5-18","12/25/2025 3:49:59 AM",,,"Microsoft-Windows-Sysmon/Operational","System.UInt32[]","System.Diagnostics.Eventing.Reader.EventBookmark","Information","Info","File created (rule: FileCreate)","System.Collections.ObjectModel.ReadOnlyCollection`1[System.String]","System.Collections.Generic.List`1[System.Diagnostics.Eventing.Reader.EventProperty]"
"Process Create:
RuleName: -
UtcTime: 2025-12-25 02:49:59.406
ProcessGuid: {8bb50d47-a657-694c-1101-000000000b00}
ProcessId: 7120
Image: C:\Users\Yomi\AppData\Local\Microsoft\OneDrive\25.087.0506.0001\FileCoAuth.exe
FileVersion: 25.087.0506.0001
Description: Microsoft OneDriveFile Co-Authoring Executable
Product: Microsoft OneDrive
Company: Microsoft Corporation
OriginalFileName: FileCoAuth.exe
CommandLine: ""C:\Users\Yomi\AppData\Local\Microsoft\OneDrive\25.087.0506.0001\FileCoAuth.exe"" -Embedding
CurrentDirectory: C:\WINDOWS\system32\
User: WINDOWS11\Yomi
LogonGuid: {8bb50d47-a5bc-694c-864c-020000000000}
LogonId: 0x24C86
TerminalSessionId: 1
IntegrityLevel: Medium
Hashes: MD5=096F81630597EBFEC37488931ABA5502,SHA256=96E5C5B5479A7615659125E3EA2A06DBA9084F4D78ECD475171D958419D8ABA0,IMPHASH=C8181D4E2935CC7C0663A0D3AC88976C
ParentProcessGuid: {8bb50d47-a5a9-694c-0f00-000000000b00}
ParentProcessId: 484
ParentImage: C:\Windows\System32\svchost.exe
ParentCommandLine: C:\WINDOWS\system32\svchost.exe -k DcomLaunch -p
ParentUser: NT AUTHORITY\SYSTEM","1","5",,"4","1","0","-9223372036854775808","1593","Microsoft-Windows-Sysmon","5770385f-c22a-43e0-bf4c-06f5698ffbd9","Microsoft-Windows-Sysmon/Operational","3164","4264","Windows11","S-1-5-18","12/25/2025 3:49:59 AM",,,"Microsoft-Windows-Sysmon/Operational","System.UInt32[]","System.Diagnostics.Eventing.Reader.EventBookmark","Information","Info","File created (rule: FileCreate)","System.Collections.ObjectModel.ReadOnlyCollection`1[System.String]","System.Collections.Generic.List`1[System.Diagnostics.Eventing.Reader.EventProperty]"
"Registry value set:
RuleName: T1042
EventType: SetValue
UtcTime: 2025-12-25 02:49:58.732
ProcessGuid: {8bb50d47-a654-694c-1001-000000000b00}
ProcessId: 3172
Image: C:\Users\Yomi\AppData\Local\Microsoft\OneDrive\OneDrive.exe
TargetObject: HKU\S-1-5-21-116772387-2583172374-3284080429-1000_Classes\grvopen\shell\open\command\(Default)
Details: ""C:\Users\Yomi\AppData\Local\Microsoft\OneDrive\OneDrive.exe"" /url:""Incorrect function. ""
User: WINDOWS11\Yomi","13","2",,"4","13","0","-9223372036854775808","1592","Microsoft-Windows-Sysmon","5770385f-c22a-43e0-bf4c-06f5698ffbd9","Microsoft-Windows-Sysmon/Operational","3164","4264","Windows11","S-1-5-18","12/25/2025 3:49:58 AM",,,"Microsoft-Windows-Sysmon/Operational","System.UInt32[]","System.Diagnostics.Eventing.Reader.EventBookmark","Information","Info","File created (rule: FileCreate)","System.Collections.ObjectModel.ReadOnlyCollection`1[System.String]","System.Collections.Generic.List`1[System.Diagnostics.Eventing.Reader.EventProperty]"
"Registry value set:
RuleName: T1042
EventType: SetValue
UtcTime: 2025-12-25 02:49:58.732
ProcessGuid: {8bb50d47-a654-694c-1001-000000000b00}
ProcessId: 3172
Image: C:\Users\Yomi\AppData\Local\Microsoft\OneDrive\OneDrive.exe
TargetObject: HKU\S-1-5-21-116772387-2583172374-3284080429-1000_Classes\grvopen\shell\open\command\(Default)
Details: ""C:\Users\Yomi\AppData\Local\Microsoft\OneDrive\OneDrive.exe"" /url:""Incorrect function. ""
User: WINDOWS11\Yomi","13","2",,"4","13","0","-9223372036854775808","1591","Microsoft-Windows-Sysmon","5770385f-c22a-43e0-bf4c-06f5698ffbd9","Microsoft-Windows-Sysmon/Operational","3164","4264","Windows11","S-1-5-18","12/25/2025 3:49:58 AM",,,"Microsoft-Windows-Sysmon/Operational","System.UInt32[]","System.Diagnostics.Eventing.Reader.EventBookmark","Information","Info","File created (rule: FileCreate)","System.Collections.ObjectModel.ReadOnlyCollection`1[System.String]","System.Collections.Generic.List`1[System.Diagnostics.Eventing.Reader.EventProperty]"
"Registry value set:
RuleName: T1042
EventType: SetValue
UtcTime: 2025-12-25 02:49:58.732
ProcessGuid: {8bb50d47-a654-694c-1001-000000000b00}
ProcessId: 3172
Image: C:\Users\Yomi\AppData\Local\Microsoft\OneDrive\OneDrive.exe
TargetObject: HKU\S-1-5-21-116772387-2583172374-3284080429-1000_Classes\odopen\shell\open\command\(Default)
Details: ""C:\Users\Yomi\AppData\Local\Microsoft\OneDrive\OneDrive.exe"" /url:""Incorrect function. ""
User: WINDOWS11\Yomi","13","2",,"4","13","0","-9223372036854775808","1590","Microsoft-Windows-Sysmon","5770385f-c22a-43e0-bf4c-06f5698ffbd9","Microsoft-Windows-Sysmon/Operational","3164","4264","Windows11","S-1-5-18","12/25/2025 3:49:58 AM",,,"Microsoft-Windows-Sysmon/Operational","System.UInt32[]","System.Diagnostics.Eventing.Reader.EventBookmark","Information","Info","File created (rule: FileCreate)","System.Collections.ObjectModel.ReadOnlyCollection`1[System.String]","System.Collections.Generic.List`1[System.Diagnostics.Eventing.Reader.EventProperty]"
"Registry value set:
RuleName: T1042
EventType: SetValue
UtcTime: 2025-12-25 02:49:58.730
ProcessGuid: {8bb50d47-a654-694c-1001-000000000b00}
ProcessId: 3172
Image: C:\Users\Yomi\AppData\Local\Microsoft\OneDrive\OneDrive.exe
TargetObject: HKU\S-1-5-21-116772387-2583172374-3284080429-1000_Classes\odopen\shell\open\command\(Default)
Details: ""C:\Users\Yomi\AppData\Local\Microsoft\OneDrive\OneDrive.exe"" /url:""Incorrect function. ""
User: WINDOWS11\Yomi","13","2",,"4","13","0","-9223372036854775808","1589","Microsoft-Windows-Sysmon","5770385f-c22a-43e0-bf4c-06f5698ffbd9","Microsoft-Windows-Sysmon/Operational","3164","4264","Windows11","S-1-5-18","12/25/2025 3:49:58 AM",,,"Microsoft-Windows-Sysmon/Operational","System.UInt32[]","System.Diagnostics.Eventing.Reader.EventBookmark","Information","Info","File created (rule: FileCreate)","System.Collections.ObjectModel.ReadOnlyCollection`1[System.String]","System.Collections.Generic.List`1[System.Diagnostics.Eventing.Reader.EventProperty]"
"Registry value set:
RuleName: T1122
EventType: SetValue
UtcTime: 2025-12-25 02:49:58.725
ProcessGuid: {8bb50d47-a654-694c-1001-000000000b00}
ProcessId: 3172
Image: C:\Users\Yomi\AppData\Local\Microsoft\OneDrive\OneDrive.exe
TargetObject: HKU\S-1-5-21-116772387-2583172374-3284080429-1000_Classes\CLSID\{4410DC33-BC7C-496B-AA84-4AEA3EEE75F7}\InProcServer32\(Default)
Details: C:\Users\Yomi\AppData\Local\Microsoft\OneDrive\25.087.0506.0001\FileCoAuthLib64.dll
User: WINDOWS11\Yomi","13","2",,"4","13","0","-9223372036854775808","1588","Microsoft-Windows-Sysmon","5770385f-c22a-43e0-bf4c-06f5698ffbd9","Microsoft-Windows-Sysmon/Operational","3164","4264","Windows11","S-1-5-18","12/25/2025 3:49:58 AM",,,"Microsoft-Windows-Sysmon/Operational","System.UInt32[]","System.Diagnostics.Eventing.Reader.EventBookmark","Information","Info","File created (rule: FileCreate)","System.Collections.ObjectModel.ReadOnlyCollection`1[System.String]","System.Collections.Generic.List`1[System.Diagnostics.Eventing.Reader.EventProperty]"
"Registry value set:
RuleName: T1122
EventType: SetValue
UtcTime: 2025-12-25 02:49:58.678
ProcessGuid: {8bb50d47-a654-694c-1001-000000000b00}
ProcessId: 3172
Image: C:\Users\Yomi\AppData\Local\Microsoft\OneDrive\OneDrive.exe
TargetObject: HKU\S-1-5-21-116772387-2583172374-3284080429-1000_Classes\WOW6432Node\CLSID\{4410DC33-BC7C-496B-AA84-4AEA3EEE75F7}\InProcServer32\(Default)
Details: C:\Users\Yomi\AppData\Local\Microsoft\OneDrive\25.087.0506.0001\i386\FileCoAuthLib.dll
User: WINDOWS11\Yomi","13","2",,"4","13","0","-9223372036854775808","1587","Microsoft-Windows-Sysmon","5770385f-c22a-43e0-bf4c-06f5698ffbd9","Microsoft-Windows-Sysmon/Operational","3164","4264","Windows11","S-1-5-18","12/25/2025 3:49:58 AM",,,"Microsoft-Windows-Sysmon/Operational","System.UInt32[]","System.Diagnostics.Eventing.Reader.EventBookmark","Information","Info","File created (rule: FileCreate)","System.Collections.ObjectModel.ReadOnlyCollection`1[System.String]","System.Collections.Generic.List`1[System.Diagnostics.Eventing.Reader.EventProperty]"
"Registry value set:
RuleName: -
EventType: SetValue
UtcTime: 2025-12-25 02:49:58.631
ProcessGuid: {8bb50d47-a654-694c-1001-000000000b00}
ProcessId: 3172
Image: C:\Users\Yomi\AppData\Local\Microsoft\OneDrive\OneDrive.exe
TargetObject: HKU\S-1-5-21-116772387-2583172374-3284080429-1000_Classes\lnkfile\shellex\ContextMenuHandlers\ FileSyncEx\(Default)
Details: {CB3D0F55-BC2C-4C1A-85ED-23ED75B5106B}
User: WINDOWS11\Yomi","13","2",,"4","13","0","-9223372036854775808","1586","Microsoft-Windows-Sysmon","5770385f-c22a-43e0-bf4c-06f5698ffbd9","Microsoft-Windows-Sysmon/Operational","3164","4264","Windows11","S-1-5-18","12/25/2025 3:49:58 AM",,,"Microsoft-Windows-Sysmon/Operational","System.UInt32[]","System.Diagnostics.Eventing.Reader.EventBookmark","Information","Info","File created (rule: FileCreate)","System.Collections.ObjectModel.ReadOnlyCollection`1[System.String]","System.Collections.Generic.List`1[System.Diagnostics.Eventing.Reader.EventProperty]"
"Registry value set:
RuleName: -
EventType: SetValue
UtcTime: 2025-12-25 02:49:58.631
ProcessGuid: {8bb50d47-a654-694c-1001-000000000b00}
ProcessId: 3172
Image: C:\Users\Yomi\AppData\Local\Microsoft\OneDrive\OneDrive.exe
TargetObject: HKU\S-1-5-21-116772387-2583172374-3284080429-1000_Classes\lnkfile\shellex\ContextMenuHandlers\ FileSyncEx\(Default)
Details: {CB3D0F55-BC2C-4C1A-85ED-23ED75B5106B}
User: WINDOWS11\Yomi","13","2",,"4","13","0","-9223372036854775808","1585","Microsoft-Windows-Sysmon","5770385f-c22a-43e0-bf4c-06f5698ffbd9","Microsoft-Windows-Sysmon/Operational","3164","4264","Windows11","S-1-5-18","12/25/2025 3:49:58 AM",,,"Microsoft-Windows-Sysmon/Operational","System.UInt32[]","System.Diagnostics.Eventing.Reader.EventBookmark","Information","Info","File created (rule: FileCreate)","System.Collections.ObjectModel.ReadOnlyCollection`1[System.String]","System.Collections.Generic.List`1[System.Diagnostics.Eventing.Reader.EventProperty]"
"Registry value set:
RuleName: -
EventType: SetValue
UtcTime: 2025-12-25 02:49:58.628
ProcessGuid: {8bb50d47-a654-694c-1001-000000000b00}
ProcessId: 3172
Image: C:\Users\Yomi\AppData\Local\Microsoft\OneDrive\OneDrive.exe
TargetObject: HKU\S-1-5-21-116772387-2583172374-3284080429-1000_Classes\IE.AssocFile.URL\shellex\ContextMenuHandlers\ FileSyncEx\(Default)
Details: {CB3D0F55-BC2C-4C1A-85ED-23ED75B5106B}
User: WINDOWS11\Yomi","13","2",,"4","13","0","-9223372036854775808","1584","Microsoft-Windows-Sysmon","5770385f-c22a-43e0-bf4c-06f5698ffbd9","Microsoft-Windows-Sysmon/Operational","3164","4264","Windows11","S-1-5-18","12/25/2025 3:49:58 AM",,,"Microsoft-Windows-Sysmon/Operational","System.UInt32[]","System.Diagnostics.Eventing.Reader.EventBookmark","Information","Info","File created (rule: FileCreate)","System.Collections.ObjectModel.ReadOnlyCollection`1[System.String]","System.Collections.Generic.List`1[System.Diagnostics.Eventing.Reader.EventProperty]"
"Registry value set:
RuleName: -
EventType: SetValue
UtcTime: 2025-12-25 02:49:58.628
ProcessGuid: {8bb50d47-a654-694c-1001-000000000b00}
ProcessId: 3172
Image: C:\Users\Yomi\AppData\Local\Microsoft\OneDrive\OneDrive.exe
TargetObject: HKU\S-1-5-21-116772387-2583172374-3284080429-1000_Classes\IE.AssocFile.URL\shellex\ContextMenuHandlers\ FileSyncEx\(Default)
Details: {CB3D0F55-BC2C-4C1A-85ED-23ED75B5106B}
User: WINDOWS11\Yomi","13","2",,"4","13","0","-9223372036854775808","1583","Microsoft-Windows-Sysmon","5770385f-c22a-43e0-bf4c-06f5698ffbd9","Microsoft-Windows-Sysmon/Operational","3164","4264","Windows11","S-1-5-18","12/25/2025 3:49:58 AM",,,"Microsoft-Windows-Sysmon/Operational","System.UInt32[]","System.Diagnostics.Eventing.Reader.EventBookmark","Information","Info","File created (rule: FileCreate)","System.Collections.ObjectModel.ReadOnlyCollection`1[System.String]","System.Collections.Generic.List`1[System.Diagnostics.Eventing.Reader.EventProperty]"
"Registry value set:
RuleName: -
EventType: SetValue
UtcTime: 2025-12-25 02:49:58.628
ProcessGuid: {8bb50d47-a654-694c-1001-000000000b00}
ProcessId: 3172
Image: C:\Users\Yomi\AppData\Local\Microsoft\OneDrive\OneDrive.exe
TargetObject: HKU\S-1-5-21-116772387-2583172374-3284080429-1000_Classes\Directory\shellex\ContextMenuHandlers\ FileSyncEx\(Default)
Details: {CB3D0F55-BC2C-4C1A-85ED-23ED75B5106B}
User: WINDOWS11\Yomi","13","2",,"4","13","0","-9223372036854775808","1582","Microsoft-Windows-Sysmon","5770385f-c22a-43e0-bf4c-06f5698ffbd9","Microsoft-Windows-Sysmon/Operational","3164","4264","Windows11","S-1-5-18","12/25/2025 3:49:58 AM",,,"Microsoft-Windows-Sysmon/Operational","System.UInt32[]","System.Diagnostics.Eventing.Reader.EventBookmark","Information","Info","File created (rule: FileCreate)","System.Collections.ObjectModel.ReadOnlyCollection`1[System.String]","System.Collections.Generic.List`1[System.Diagnostics.Eventing.Reader.EventProperty]"
"Registry value set:
RuleName: -
EventType: SetValue
UtcTime: 2025-12-25 02:49:58.628
ProcessGuid: {8bb50d47-a654-694c-1001-000000000b00}
ProcessId: 3172
Image: C:\Users\Yomi\AppData\Local\Microsoft\OneDrive\OneDrive.exe
TargetObject: HKU\S-1-5-21-116772387-2583172374-3284080429-1000_Classes\Directory\shellex\ContextMenuHandlers\ FileSyncEx\(Default)
Details: {CB3D0F55-BC2C-4C1A-85ED-23ED75B5106B}
User: WINDOWS11\Yomi","13","2",,"4","13","0","-9223372036854775808","1581","Microsoft-Windows-Sysmon","5770385f-c22a-43e0-bf4c-06f5698ffbd9","Microsoft-Windows-Sysmon/Operational","3164","4264","Windows11","S-1-5-18","12/25/2025 3:49:58 AM",,,"Microsoft-Windows-Sysmon/Operational","System.UInt32[]","System.Diagnostics.Eventing.Reader.EventBookmark","Information","Info","File created (rule: FileCreate)","System.Collections.ObjectModel.ReadOnlyCollection`1[System.String]","System.Collections.Generic.List`1[System.Diagnostics.Eventing.Reader.EventProperty]"
"Registry value set:
RuleName: -
EventType: SetValue
UtcTime: 2025-12-25 02:49:58.628
ProcessGuid: {8bb50d47-a654-694c-1001-000000000b00}
ProcessId: 3172
Image: C:\Users\Yomi\AppData\Local\Microsoft\OneDrive\OneDrive.exe
TargetObject: HKU\S-1-5-21-116772387-2583172374-3284080429-1000_Classes\Directory\Background\shellex\ContextMenuHandlers\ FileSyncEx\(Default)
Details: {CB3D0F55-BC2C-4C1A-85ED-23ED75B5106B}
User: WINDOWS11\Yomi","13","2",,"4","13","0","-9223372036854775808","1580","Microsoft-Windows-Sysmon","5770385f-c22a-43e0-bf4c-06f5698ffbd9","Microsoft-Windows-Sysmon/Operational","3164","4264","Windows11","S-1-5-18","12/25/2025 3:49:58 AM",,,"Microsoft-Windows-Sysmon/Operational","System.UInt32[]","System.Diagnostics.Eventing.Reader.EventBookmark","Information","Info","File created (rule: FileCreate)","System.Collections.ObjectModel.ReadOnlyCollection`1[System.String]","System.Collections.Generic.List`1[System.Diagnostics.Eventing.Reader.EventProperty]"
"Registry value set:
RuleName: -
EventType: SetValue
UtcTime: 2025-12-25 02:49:58.628
ProcessGuid: {8bb50d47-a654-694c-1001-000000000b00}
ProcessId: 3172
Image: C:\Users\Yomi\AppData\Local\Microsoft\OneDrive\OneDrive.exe
TargetObject: HKU\S-1-5-21-116772387-2583172374-3284080429-1000_Classes\Directory\Background\shellex\ContextMenuHandlers\ FileSyncEx\(Default)
Details: {CB3D0F55-BC2C-4C1A-85ED-23ED75B5106B}
User: WINDOWS11\Yomi","13","2",,"4","13","0","-9223372036854775808","1579","Microsoft-Windows-Sysmon","5770385f-c22a-43e0-bf4c-06f5698ffbd9","Microsoft-Windows-Sysmon/Operational","3164","4264","Windows11","S-1-5-18","12/25/2025 3:49:58 AM",,,"Microsoft-Windows-Sysmon/Operational","System.UInt32[]","System.Diagnostics.Eventing.Reader.EventBookmark","Information","Info","File created (rule: FileCreate)","System.Collections.ObjectModel.ReadOnlyCollection`1[System.String]","System.Collections.Generic.List`1[System.Diagnostics.Eventing.Reader.EventProperty]"
"Registry value set:
RuleName: -
EventType: SetValue
UtcTime: 2025-12-25 02:49:58.626
ProcessGuid: {8bb50d47-a654-694c-1001-000000000b00}
ProcessId: 3172
Image: C:\Users\Yomi\AppData\Local\Microsoft\OneDrive\OneDrive.exe
TargetObject: HKU\S-1-5-21-116772387-2583172374-3284080429-1000_Classes\*\shellex\ContextMenuHandlers\ FileSyncEx\(Default)
Details: {CB3D0F55-BC2C-4C1A-85ED-23ED75B5106B}
User: WINDOWS11\Yomi","13","2",,"4","13","0","-9223372036854775808","1578","Microsoft-Windows-Sysmon","5770385f-c22a-43e0-bf4c-06f5698ffbd9","Microsoft-Windows-Sysmon/Operational","3164","4264","Windows11","S-1-5-18","12/25/2025 3:49:58 AM",,,"Microsoft-Windows-Sysmon/Operational","System.UInt32[]","System.Diagnostics.Eventing.Reader.EventBookmark","Information","Info","File created (rule: FileCreate)","System.Collections.ObjectModel.ReadOnlyCollection`1[System.String]","System.Collections.Generic.List`1[System.Diagnostics.Eventing.Reader.EventProperty]"
"Registry value set:
RuleName: -
EventType: SetValue
UtcTime: 2025-12-25 02:49:58.626
ProcessGuid: {8bb50d47-a654-694c-1001-000000000b00}
ProcessId: 3172
Image: C:\Users\Yomi\AppData\Local\Microsoft\OneDrive\OneDrive.exe
TargetObject: HKU\S-1-5-21-116772387-2583172374-3284080429-1000_Classes\*\shellex\ContextMenuHandlers\ FileSyncEx\(Default)
Details: {CB3D0F55-BC2C-4C1A-85ED-23ED75B5106B}
User: WINDOWS11\Yomi","13","2",,"4","13","0","-9223372036854775808","1577","Microsoft-Windows-Sysmon","5770385f-c22a-43e0-bf4c-06f5698ffbd9","Microsoft-Windows-Sysmon/Operational","3164","4264","Windows11","S-1-5-18","12/25/2025 3:49:58 AM",,,"Microsoft-Windows-Sysmon/Operational","System.UInt32[]","System.Diagnostics.Eventing.Reader.EventBookmark","Information","Info","File created (rule: FileCreate)","System.Collections.ObjectModel.ReadOnlyCollection`1[System.String]","System.Collections.Generic.List`1[System.Diagnostics.Eventing.Reader.EventProperty]"
"Registry value set:
RuleName: T1122
EventType: SetValue
UtcTime: 2025-12-25 02:49:58.626
ProcessGuid: {8bb50d47-a654-694c-1001-000000000b00}
ProcessId: 3172
Image: C:\Users\Yomi\AppData\Local\Microsoft\OneDrive\OneDrive.exe
TargetObject: HKU\S-1-5-21-116772387-2583172374-3284080429-1000_Classes\WOW6432Node\CLSID\{CB3D0F55-BC2C-4C1A-85ED-23ED75B5106B}\InprocServer32\(Default)
Details: C:\Users\Yomi\AppData\Local\Microsoft\OneDrive\25.087.0506.0001\i386\FileSyncShell.dll
User: WINDOWS11\Yomi","13","2",,"4","13","0","-9223372036854775808","1576","Microsoft-Windows-Sysmon","5770385f-c22a-43e0-bf4c-06f5698ffbd9","Microsoft-Windows-Sysmon/Operational","3164","4264","Windows11","S-1-5-18","12/25/2025 3:49:58 AM",,,"Microsoft-Windows-Sysmon/Operational","System.UInt32[]","System.Diagnostics.Eventing.Reader.EventBookmark","Information","Info","File created (rule: FileCreate)","System.Collections.ObjectModel.ReadOnlyCollection`1[System.String]","System.Collections.Generic.List`1[System.Diagnostics.Eventing.Reader.EventProperty]"
"Registry value set:
RuleName: T1122
EventType: SetValue
UtcTime: 2025-12-25 02:49:58.626
ProcessGuid: {8bb50d47-a654-694c-1001-000000000b00}
ProcessId: 3172
Image: C:\Users\Yomi\AppData\Local\Microsoft\OneDrive\OneDrive.exe
TargetObject: HKU\S-1-5-21-116772387-2583172374-3284080429-1000_Classes\CLSID\{CB3D0F55-BC2C-4C1A-85ED-23ED75B5106B}\InprocServer32\(Default)
Details: C:\Users\Yomi\AppData\Local\Microsoft\OneDrive\25.087.0506.0001\FileSyncShell64.dll
User: WINDOWS11\Yomi","13","2",,"4","13","0","-9223372036854775808","1575","Microsoft-Windows-Sysmon","5770385f-c22a-43e0-bf4c-06f5698ffbd9","Microsoft-Windows-Sysmon/Operational","3164","4264","Windows11","S-1-5-18","12/25/2025 3:49:58 AM",,,"Microsoft-Windows-Sysmon/Operational","System.UInt32[]","System.Diagnostics.Eventing.Reader.EventBookmark","Information","Info","File created (rule: FileCreate)","System.Collections.ObjectModel.ReadOnlyCollection`1[System.String]","System.Collections.Generic.List`1[System.Diagnostics.Eventing.Reader.EventProperty]"
"Registry value set:
RuleName: T1122
EventType: SetValue
UtcTime: 2025-12-25 02:49:58.623
ProcessGuid: {8bb50d47-a654-694c-1001-000000000b00}
ProcessId: 3172
Image: C:\Users\Yomi\AppData\Local\Microsoft\OneDrive\OneDrive.exe
TargetObject: HKU\S-1-5-21-116772387-2583172374-3284080429-1000_Classes\WOW6432Node\CLSID\{20894375-46AE-46E2-BAFD-CB38975CDCE6}\InprocServer32\(Default)
Details: C:\Users\Yomi\AppData\Local\Microsoft\OneDrive\25.087.0506.0001\i386\FileSyncShell.dll
User: WINDOWS11\Yomi","13","2",,"4","13","0","-9223372036854775808","1574","Microsoft-Windows-Sysmon","5770385f-c22a-43e0-bf4c-06f5698ffbd9","Microsoft-Windows-Sysmon/Operational","3164","4264","Windows11","S-1-5-18","12/25/2025 3:49:58 AM",,,"Microsoft-Windows-Sysmon/Operational","System.UInt32[]","System.Diagnostics.Eventing.Reader.EventBookmark","Information","Info","File created (rule: FileCreate)","System.Collections.ObjectModel.ReadOnlyCollection`1[System.String]","System.Collections.Generic.List`1[System.Diagnostics.Eventing.Reader.EventProperty]"
"Registry value set:
RuleName: T1122
EventType: SetValue
UtcTime: 2025-12-25 02:49:58.623
ProcessGuid: {8bb50d47-a654-694c-1001-000000000b00}
ProcessId: 3172
Image: C:\Users\Yomi\AppData\Local\Microsoft\OneDrive\OneDrive.exe
TargetObject: HKU\S-1-5-21-116772387-2583172374-3284080429-1000_Classes\CLSID\{20894375-46AE-46E2-BAFD-CB38975CDCE6}\InprocServer32\(Default)
Details: C:\Users\Yomi\AppData\Local\Microsoft\OneDrive\25.087.0506.0001\FileSyncShell64.dll
User: WINDOWS11\Yomi","13","2",,"4","13","0","-9223372036854775808","1573","Microsoft-Windows-Sysmon","5770385f-c22a-43e0-bf4c-06f5698ffbd9","Microsoft-Windows-Sysmon/Operational","3164","4264","Windows11","S-1-5-18","12/25/2025 3:49:58 AM",,,"Microsoft-Windows-Sysmon/Operational","System.UInt32[]","System.Diagnostics.Eventing.Reader.EventBookmark","Information","Info","File created (rule: FileCreate)","System.Collections.ObjectModel.ReadOnlyCollection`1[System.String]","System.Collections.Generic.List`1[System.Diagnostics.Eventing.Reader.EventProperty]"
"Registry value set:
RuleName: T1122
EventType: SetValue
UtcTime: 2025-12-25 02:49:58.623
ProcessGuid: {8bb50d47-a654-694c-1001-000000000b00}
ProcessId: 3172
Image: C:\Users\Yomi\AppData\Local\Microsoft\OneDrive\OneDrive.exe
TargetObject: HKU\S-1-5-21-116772387-2583172374-3284080429-1000_Classes\WOW6432Node\CLSID\{1BF42E4C-4AF4-4CFD-A1A0-CF2960B8F63E}\InprocServer32\(Default)
Details: C:\Users\Yomi\AppData\Local\Microsoft\OneDrive\25.087.0506.0001\i386\FileSyncShell.dll
User: WINDOWS11\Yomi","13","2",,"4","13","0","-9223372036854775808","1572","Microsoft-Windows-Sysmon","5770385f-c22a-43e0-bf4c-06f5698ffbd9","Microsoft-Windows-Sysmon/Operational","3164","4264","Windows11","S-1-5-18","12/25/2025 3:49:58 AM",,,"Microsoft-Windows-Sysmon/Operational","System.UInt32[]","System.Diagnostics.Eventing.Reader.EventBookmark","Information","Info","File created (rule: FileCreate)","System.Collections.ObjectModel.ReadOnlyCollection`1[System.String]","System.Collections.Generic.List`1[System.Diagnostics.Eventing.Reader.EventProperty]"
"Registry value set:
RuleName: T1122
EventType: SetValue
UtcTime: 2025-12-25 02:49:58.623
ProcessGuid: {8bb50d47-a654-694c-1001-000000000b00}
ProcessId: 3172
Image: C:\Users\Yomi\AppData\Local\Microsoft\OneDrive\OneDrive.exe
TargetObject: HKU\S-1-5-21-116772387-2583172374-3284080429-1000_Classes\CLSID\{1BF42E4C-4AF4-4CFD-A1A0-CF2960B8F63E}\InprocServer32\(Default)
Details: C:\Users\Yomi\AppData\Local\Microsoft\OneDrive\25.087.0506.0001\FileSyncShell64.dll
User: WINDOWS11\Yomi","13","2",,"4","13","0","-9223372036854775808","1571","Microsoft-Windows-Sysmon","5770385f-c22a-43e0-bf4c-06f5698ffbd9","Microsoft-Windows-Sysmon/Operational","3164","4264","Windows11","S-1-5-18","12/25/2025 3:49:58 AM",,,"Microsoft-Windows-Sysmon/Operational","System.UInt32[]","System.Diagnostics.Eventing.Reader.EventBookmark","Information","Info","File created (rule: FileCreate)","System.Collections.ObjectModel.ReadOnlyCollection`1[System.String]","System.Collections.Generic.List`1[System.Diagnostics.Eventing.Reader.EventProperty]"
"Registry value set:
RuleName: T1122
EventType: SetValue
UtcTime: 2025-12-25 02:49:58.618
ProcessGuid: {8bb50d47-a654-694c-1001-000000000b00}
ProcessId: 3172
Image: C:\Users\Yomi\AppData\Local\Microsoft\OneDrive\OneDrive.exe
TargetObject: HKU\S-1-5-21-116772387-2583172374-3284080429-1000_Classes\WOW6432Node\CLSID\{82CA8DE3-01AD-4CEA-9D75-BE4C51810A9E}\InprocServer32\(Default)
Details: C:\Users\Yomi\AppData\Local\Microsoft\OneDrive\25.087.0506.0001\i386\FileSyncShell.dll
User: WINDOWS11\Yomi","13","2",,"4","13","0","-9223372036854775808","1570","Microsoft-Windows-Sysmon","5770385f-c22a-43e0-bf4c-06f5698ffbd9","Microsoft-Windows-Sysmon/Operational","3164","4264","Windows11","S-1-5-18","12/25/2025 3:49:58 AM",,,"Microsoft-Windows-Sysmon/Operational","System.UInt32[]","System.Diagnostics.Eventing.Reader.EventBookmark","Information","Info","File created (rule: FileCreate)","System.Collections.ObjectModel.ReadOnlyCollection`1[System.String]","System.Collections.Generic.List`1[System.Diagnostics.Eventing.Reader.EventProperty]"
"Registry value set:
RuleName: T1122
EventType: SetValue
UtcTime: 2025-12-25 02:49:58.618
ProcessGuid: {8bb50d47-a654-694c-1001-000000000b00}
ProcessId: 3172
Image: C:\Users\Yomi\AppData\Local\Microsoft\OneDrive\OneDrive.exe
TargetObject: HKU\S-1-5-21-116772387-2583172374-3284080429-1000_Classes\CLSID\{82CA8DE3-01AD-4CEA-9D75-BE4C51810A9E}\InprocServer32\(Default)
Details: C:\Users\Yomi\AppData\Local\Microsoft\OneDrive\25.087.0506.0001\FileSyncShell64.dll
User: WINDOWS11\Yomi","13","2",,"4","13","0","-9223372036854775808","1569","Microsoft-Windows-Sysmon","5770385f-c22a-43e0-bf4c-06f5698ffbd9","Microsoft-Windows-Sysmon/Operational","3164","4264","Windows11","S-1-5-18","12/25/2025 3:49:58 AM",,,"Microsoft-Windows-Sysmon/Operational","System.UInt32[]","System.Diagnostics.Eventing.Reader.EventBookmark","Information","Info","File created (rule: FileCreate)","System.Collections.ObjectModel.ReadOnlyCollection`1[System.String]","System.Collections.Generic.List`1[System.Diagnostics.Eventing.Reader.EventProperty]"
"Registry value set:
RuleName: T1122
EventType: SetValue
UtcTime: 2025-12-25 02:49:58.616
ProcessGuid: {8bb50d47-a654-694c-1001-000000000b00}
ProcessId: 3172
Image: C:\Users\Yomi\AppData\Local\Microsoft\OneDrive\OneDrive.exe
TargetObject: HKU\S-1-5-21-116772387-2583172374-3284080429-1000_Classes\WOW6432Node\CLSID\{7AFDFDDB-F914-11E4-8377-6C3BE50D980C}\InprocServer32\(Default)
Details: C:\Users\Yomi\AppData\Local\Microsoft\OneDrive\25.087.0506.0001\i386\FileSyncShell.dll
User: WINDOWS11\Yomi","13","2",,"4","13","0","-9223372036854775808","1568","Microsoft-Windows-Sysmon","5770385f-c22a-43e0-bf4c-06f5698ffbd9","Microsoft-Windows-Sysmon/Operational","3164","4264","Windows11","S-1-5-18","12/25/2025 3:49:58 AM",,,"Microsoft-Windows-Sysmon/Operational","System.UInt32[]","System.Diagnostics.Eventing.Reader.EventBookmark","Information","Info","File created (rule: FileCreate)","System.Collections.ObjectModel.ReadOnlyCollection`1[System.String]","System.Collections.Generic.List`1[System.Diagnostics.Eventing.Reader.EventProperty]"
"Registry value set:
RuleName: T1122
EventType: SetValue
UtcTime: 2025-12-25 02:49:58.616
ProcessGuid: {8bb50d47-a654-694c-1001-000000000b00}
ProcessId: 3172
Image: C:\Users\Yomi\AppData\Local\Microsoft\OneDrive\OneDrive.exe
TargetObject: HKU\S-1-5-21-116772387-2583172374-3284080429-1000_Classes\CLSID\{7AFDFDDB-F914-11E4-8377-6C3BE50D980C}\InprocServer32\(Default)
Details: C:\Users\Yomi\AppData\Local\Microsoft\OneDrive\25.087.0506.0001\FileSyncShell64.dll
User: WINDOWS11\Yomi","13","2",,"4","13","0","-9223372036854775808","1567","Microsoft-Windows-Sysmon","5770385f-c22a-43e0-bf4c-06f5698ffbd9","Microsoft-Windows-Sysmon/Operational","3164","4264","Windows11","S-1-5-18","12/25/2025 3:49:58 AM",,,"Microsoft-Windows-Sysmon/Operational","System.UInt32[]","System.Diagnostics.Eventing.Reader.EventBookmark","Information","Info","File created (rule: FileCreate)","System.Collections.ObjectModel.ReadOnlyCollection`1[System.String]","System.Collections.Generic.List`1[System.Diagnostics.Eventing.Reader.EventProperty]"
"Registry value set:
RuleName: T1122
EventType: SetValue
UtcTime: 2025-12-25 02:49:58.614
ProcessGuid: {8bb50d47-a654-694c-1001-000000000b00}
ProcessId: 3172
Image: C:\Users\Yomi\AppData\Local\Microsoft\OneDrive\OneDrive.exe
TargetObject: HKU\S-1-5-21-116772387-2583172374-3284080429-1000_Classes\WOW6432Node\CLSID\{C5FF006E-2AE9-408C-B85B-2DFDD5449D9C}\InprocServer32\(Default)
Details: C:\Users\Yomi\AppData\Local\Microsoft\OneDrive\25.087.0506.0001\i386\FileSyncShell.dll
User: WINDOWS11\Yomi","13","2",,"4","13","0","-9223372036854775808","1566","Microsoft-Windows-Sysmon","5770385f-c22a-43e0-bf4c-06f5698ffbd9","Microsoft-Windows-Sysmon/Operational","3164","4264","Windows11","S-1-5-18","12/25/2025 3:49:58 AM",,,"Microsoft-Windows-Sysmon/Operational","System.UInt32[]","System.Diagnostics.Eventing.Reader.EventBookmark","Information","Info","File created (rule: FileCreate)","System.Collections.ObjectModel.ReadOnlyCollection`1[System.String]","System.Collections.Generic.List`1[System.Diagnostics.Eventing.Reader.EventProperty]"
"Registry value set:
RuleName: T1122
EventType: SetValue
UtcTime: 2025-12-25 02:49:58.614
ProcessGuid: {8bb50d47-a654-694c-1001-000000000b00}
ProcessId: 3172
Image: C:\Users\Yomi\AppData\Local\Microsoft\OneDrive\OneDrive.exe
TargetObject: HKU\S-1-5-21-116772387-2583172374-3284080429-1000_Classes\CLSID\{C5FF006E-2AE9-408C-B85B-2DFDD5449D9C}\InprocServer32\(Default)
Details: C:\Users\Yomi\AppData\Local\Microsoft\OneDrive\25.087.0506.0001\FileSyncShell64.dll
User: WINDOWS11\Yomi","13","2",,"4","13","0","-9223372036854775808","1565","Microsoft-Windows-Sysmon","5770385f-c22a-43e0-bf4c-06f5698ffbd9","Microsoft-Windows-Sysmon/Operational","3164","4264","Windows11","S-1-5-18","12/25/2025 3:49:58 AM",,,"Microsoft-Windows-Sysmon/Operational","System.UInt32[]","System.Diagnostics.Eventing.Reader.EventBookmark","Information","Info","File created (rule: FileCreate)","System.Collections.ObjectModel.ReadOnlyCollection`1[System.String]","System.Collections.Generic.List`1[System.Diagnostics.Eventing.Reader.EventProperty]"
"Registry value set:
RuleName: T1122
EventType: SetValue
UtcTime: 2025-12-25 02:49:58.611
ProcessGuid: {8bb50d47-a654-694c-1001-000000000b00}
ProcessId: 3172
Image: C:\Users\Yomi\AppData\Local\Microsoft\OneDrive\OneDrive.exe
TargetObject: HKU\S-1-5-21-116772387-2583172374-3284080429-1000_Classes\WOW6432Node\CLSID\{9AA2F32D-362A-42D9-9328-24A483E2CCC3}\InprocServer32\(Default)
Details: C:\Users\Yomi\AppData\Local\Microsoft\OneDrive\25.087.0506.0001\i386\FileSyncShell.dll
User: WINDOWS11\Yomi","13","2",,"4","13","0","-9223372036854775808","1564","Microsoft-Windows-Sysmon","5770385f-c22a-43e0-bf4c-06f5698ffbd9","Microsoft-Windows-Sysmon/Operational","3164","4264","Windows11","S-1-5-18","12/25/2025 3:49:58 AM",,,"Microsoft-Windows-Sysmon/Operational","System.UInt32[]","System.Diagnostics.Eventing.Reader.EventBookmark","Information","Info","File created (rule: FileCreate)","System.Collections.ObjectModel.ReadOnlyCollection`1[System.String]","System.Collections.Generic.List`1[System.Diagnostics.Eventing.Reader.EventProperty]"
"Registry value set:
RuleName: T1122
EventType: SetValue
UtcTime: 2025-12-25 02:49:58.611
ProcessGuid: {8bb50d47-a654-694c-1001-000000000b00}
ProcessId: 3172
Image: C:\Users\Yomi\AppData\Local\Microsoft\OneDrive\OneDrive.exe
TargetObject: HKU\S-1-5-21-116772387-2583172374-3284080429-1000_Classes\CLSID\{9AA2F32D-362A-42D9-9328-24A483E2CCC3}\InprocServer32\(Default)
Details: C:\Users\Yomi\AppData\Local\Microsoft\OneDrive\25.087.0506.0001\FileSyncShell64.dll
User: WINDOWS11\Yomi","13","2",,"4","13","0","-9223372036854775808","1563","Microsoft-Windows-Sysmon","5770385f-c22a-43e0-bf4c-06f5698ffbd9","Microsoft-Windows-Sysmon/Operational","3164","4264","Windows11","S-1-5-18","12/25/2025 3:49:58 AM",,,"Microsoft-Windows-Sysmon/Operational","System.UInt32[]","System.Diagnostics.Eventing.Reader.EventBookmark","Information","Info","File created (rule: FileCreate)","System.Collections.ObjectModel.ReadOnlyCollection`1[System.String]","System.Collections.Generic.List`1[System.Diagnostics.Eventing.Reader.EventProperty]"
"Registry value set:
RuleName: T1122
EventType: SetValue
UtcTime: 2025-12-25 02:49:58.607
ProcessGuid: {8bb50d47-a654-694c-1001-000000000b00}
ProcessId: 3172
Image: C:\Users\Yomi\AppData\Local\Microsoft\OneDrive\OneDrive.exe
TargetObject: HKU\S-1-5-21-116772387-2583172374-3284080429-1000_Classes\WOW6432Node\CLSID\{F241C880-6982-4CE5-8CF7-7085BA96DA5A}\InprocServer32\(Default)
Details: C:\Users\Yomi\AppData\Local\Microsoft\OneDrive\25.087.0506.0001\i386\FileSyncShell.dll
User: WINDOWS11\Yomi","13","2",,"4","13","0","-9223372036854775808","1562","Microsoft-Windows-Sysmon","5770385f-c22a-43e0-bf4c-06f5698ffbd9","Microsoft-Windows-Sysmon/Operational","3164","4264","Windows11","S-1-5-18","12/25/2025 3:49:58 AM",,,"Microsoft-Windows-Sysmon/Operational","System.UInt32[]","System.Diagnostics.Eventing.Reader.EventBookmark","Information","Info","File created (rule: FileCreate)","System.Collections.ObjectModel.ReadOnlyCollection`1[System.String]","System.Collections.Generic.List`1[System.Diagnostics.Eventing.Reader.EventProperty]"
"Registry value set:
RuleName: T1122
EventType: SetValue
UtcTime: 2025-12-25 02:49:58.607
ProcessGuid: {8bb50d47-a654-694c-1001-000000000b00}
ProcessId: 3172
Image: C:\Users\Yomi\AppData\Local\Microsoft\OneDrive\OneDrive.exe
TargetObject: HKU\S-1-5-21-116772387-2583172374-3284080429-1000_Classes\CLSID\{F241C880-6982-4CE5-8CF7-7085BA96DA5A}\InprocServer32\(Default)
Details: C:\Users\Yomi\AppData\Local\Microsoft\OneDrive\25.087.0506.0001\FileSyncShell64.dll
User: WINDOWS11\Yomi","13","2",,"4","13","0","-9223372036854775808","1561","Microsoft-Windows-Sysmon","5770385f-c22a-43e0-bf4c-06f5698ffbd9","Microsoft-Windows-Sysmon/Operational","3164","4264","Windows11","S-1-5-18","12/25/2025 3:49:58 AM",,,"Microsoft-Windows-Sysmon/Operational","System.UInt32[]","System.Diagnostics.Eventing.Reader.EventBookmark","Information","Info","File created (rule: FileCreate)","System.Collections.ObjectModel.ReadOnlyCollection`1[System.String]","System.Collections.Generic.List`1[System.Diagnostics.Eventing.Reader.EventProperty]"
"Registry value set:
RuleName: T1122
EventType: SetValue
UtcTime: 2025-12-25 02:49:58.603
ProcessGuid: {8bb50d47-a654-694c-1001-000000000b00}
ProcessId: 3172
Image: C:\Users\Yomi\AppData\Local\Microsoft\OneDrive\OneDrive.exe
TargetObject: HKU\S-1-5-21-116772387-2583172374-3284080429-1000_Classes\WOW6432Node\CLSID\{A0396A93-DC06-4AEF-BEE9-95FFCCAEF20E}\InprocServer32\(Default)
Details: C:\Users\Yomi\AppData\Local\Microsoft\OneDrive\25.087.0506.0001\i386\FileSyncShell.dll
User: WINDOWS11\Yomi","13","2",,"4","13","0","-9223372036854775808","1560","Microsoft-Windows-Sysmon","5770385f-c22a-43e0-bf4c-06f5698ffbd9","Microsoft-Windows-Sysmon/Operational","3164","4264","Windows11","S-1-5-18","12/25/2025 3:49:58 AM",,,"Microsoft-Windows-Sysmon/Operational","System.UInt32[]","System.Diagnostics.Eventing.Reader.EventBookmark","Information","Info","File created (rule: FileCreate)","System.Collections.ObjectModel.ReadOnlyCollection`1[System.String]","System.Collections.Generic.List`1[System.Diagnostics.Eventing.Reader.EventProperty]"
"Registry value set:
RuleName: T1122
EventType: SetValue
UtcTime: 2025-12-25 02:49:58.603
ProcessGuid: {8bb50d47-a654-694c-1001-000000000b00}
ProcessId: 3172
Image: C:\Users\Yomi\AppData\Local\Microsoft\OneDrive\OneDrive.exe
TargetObject: HKU\S-1-5-21-116772387-2583172374-3284080429-1000_Classes\CLSID\{A0396A93-DC06-4AEF-BEE9-95FFCCAEF20E}\InprocServer32\(Default)
Details: C:\Users\Yomi\AppData\Local\Microsoft\OneDrive\25.087.0506.0001\FileSyncShell64.dll
User: WINDOWS11\Yomi","13","2",,"4","13","0","-9223372036854775808","1559","Microsoft-Windows-Sysmon","5770385f-c22a-43e0-bf4c-06f5698ffbd9","Microsoft-Windows-Sysmon/Operational","3164","4264","Windows11","S-1-5-18","12/25/2025 3:49:58 AM",,,"Microsoft-Windows-Sysmon/Operational","System.UInt32[]","System.Diagnostics.Eventing.Reader.EventBookmark","Information","Info","File created (rule: FileCreate)","System.Collections.ObjectModel.ReadOnlyCollection`1[System.String]","System.Collections.Generic.List`1[System.Diagnostics.Eventing.Reader.EventProperty]"
"Registry value set:
RuleName: T1122
EventType: SetValue
UtcTime: 2025-12-25 02:49:58.603
ProcessGuid: {8bb50d47-a654-694c-1001-000000000b00}
ProcessId: 3172
Image: C:\Users\Yomi\AppData\Local\Microsoft\OneDrive\OneDrive.exe
TargetObject: HKU\S-1-5-21-116772387-2583172374-3284080429-1000_Classes\WOW6432Node\CLSID\{A78ED123-AB77-406B-9962-2A5D9D2F7F30}\InprocServer32\(Default)
Details: C:\Users\Yomi\AppData\Local\Microsoft\OneDrive\25.087.0506.0001\i386\FileSyncShell.dll
User: WINDOWS11\Yomi","13","2",,"4","13","0","-9223372036854775808","1558","Microsoft-Windows-Sysmon","5770385f-c22a-43e0-bf4c-06f5698ffbd9","Microsoft-Windows-Sysmon/Operational","3164","4264","Windows11","S-1-5-18","12/25/2025 3:49:58 AM",,,"Microsoft-Windows-Sysmon/Operational","System.UInt32[]","System.Diagnostics.Eventing.Reader.EventBookmark","Information","Info","File created (rule: FileCreate)","System.Collections.ObjectModel.ReadOnlyCollection`1[System.String]","System.Collections.Generic.List`1[System.Diagnostics.Eventing.Reader.EventProperty]"
"Registry value set:
RuleName: T1122
EventType: SetValue
UtcTime: 2025-12-25 02:49:58.603
ProcessGuid: {8bb50d47-a654-694c-1001-000000000b00}
ProcessId: 3172
Image: C:\Users\Yomi\AppData\Local\Microsoft\OneDrive\OneDrive.exe
TargetObject: HKU\S-1-5-21-116772387-2583172374-3284080429-1000_Classes\CLSID\{A78ED123-AB77-406B-9962-2A5D9D2F7F30}\InprocServer32\(Default)
Details: C:\Users\Yomi\AppData\Local\Microsoft\OneDrive\25.087.0506.0001\FileSyncShell64.dll
User: WINDOWS11\Yomi","13","2",,"4","13","0","-9223372036854775808","1557","Microsoft-Windows-Sysmon","5770385f-c22a-43e0-bf4c-06f5698ffbd9","Microsoft-Windows-Sysmon/Operational","3164","4264","Windows11","S-1-5-18","12/25/2025 3:49:58 AM",,,"Microsoft-Windows-Sysmon/Operational","System.UInt32[]","System.Diagnostics.Eventing.Reader.EventBookmark","Information","Info","File created (rule: FileCreate)","System.Collections.ObjectModel.ReadOnlyCollection`1[System.String]","System.Collections.Generic.List`1[System.Diagnostics.Eventing.Reader.EventProperty]"
"Registry value set:
RuleName: T1122
EventType: SetValue
UtcTime: 2025-12-25 02:49:58.601
ProcessGuid: {8bb50d47-a654-694c-1001-000000000b00}
ProcessId: 3172
Image: C:\Users\Yomi\AppData\Local\Microsoft\OneDrive\OneDrive.exe
TargetObject: HKU\S-1-5-21-116772387-2583172374-3284080429-1000_Classes\WOW6432Node\CLSID\{5AB7172C-9C11-405C-8DD5-AF20F3606282}\InprocServer32\(Default)
Details: C:\Users\Yomi\AppData\Local\Microsoft\OneDrive\25.087.0506.0001\i386\FileSyncShell.dll
User: WINDOWS11\Yomi","13","2",,"4","13","0","-9223372036854775808","1556","Microsoft-Windows-Sysmon","5770385f-c22a-43e0-bf4c-06f5698ffbd9","Microsoft-Windows-Sysmon/Operational","3164","4264","Windows11","S-1-5-18","12/25/2025 3:49:58 AM",,,"Microsoft-Windows-Sysmon/Operational","System.UInt32[]","System.Diagnostics.Eventing.Reader.EventBookmark","Information","Info","File created (rule: FileCreate)","System.Collections.ObjectModel.ReadOnlyCollection`1[System.String]","System.Collections.Generic.List`1[System.Diagnostics.Eventing.Reader.EventProperty]"
"Registry value set:
RuleName: T1122
EventType: SetValue
UtcTime: 2025-12-25 02:49:58.599
ProcessGuid: {8bb50d47-a654-694c-1001-000000000b00}
ProcessId: 3172
Image: C:\Users\Yomi\AppData\Local\Microsoft\OneDrive\OneDrive.exe
TargetObject: HKU\S-1-5-21-116772387-2583172374-3284080429-1000_Classes\CLSID\{5AB7172C-9C11-405C-8DD5-AF20F3606282}\InprocServer32\(Default)
Details: C:\Users\Yomi\AppData\Local\Microsoft\OneDrive\25.087.0506.0001\FileSyncShell64.dll
User: WINDOWS11\Yomi","13","2",,"4","13","0","-9223372036854775808","1555","Microsoft-Windows-Sysmon","5770385f-c22a-43e0-bf4c-06f5698ffbd9","Microsoft-Windows-Sysmon/Operational","3164","4264","Windows11","S-1-5-18","12/25/2025 3:49:58 AM",,,"Microsoft-Windows-Sysmon/Operational","System.UInt32[]","System.Diagnostics.Eventing.Reader.EventBookmark","Information","Info","File created (rule: FileCreate)","System.Collections.ObjectModel.ReadOnlyCollection`1[System.String]","System.Collections.Generic.List`1[System.Diagnostics.Eventing.Reader.EventProperty]"
"Registry value set:
RuleName: T1122
EventType: SetValue
UtcTime: 2025-12-25 02:49:58.596
ProcessGuid: {8bb50d47-a654-694c-1001-000000000b00}
ProcessId: 3172
Image: C:\Users\Yomi\AppData\Local\Microsoft\OneDrive\OneDrive.exe
TargetObject: HKU\S-1-5-21-116772387-2583172374-3284080429-1000_Classes\WOW6432Node\CLSID\{BBACC218-34EA-4666-9D7A-C78F2274A524}\InprocServer32\(Default)
Details: C:\Users\Yomi\AppData\Local\Microsoft\OneDrive\25.087.0506.0001\i386\FileSyncShell.dll
User: WINDOWS11\Yomi","13","2",,"4","13","0","-9223372036854775808","1554","Microsoft-Windows-Sysmon","5770385f-c22a-43e0-bf4c-06f5698ffbd9","Microsoft-Windows-Sysmon/Operational","3164","4264","Windows11","S-1-5-18","12/25/2025 3:49:58 AM",,,"Microsoft-Windows-Sysmon/Operational","System.UInt32[]","System.Diagnostics.Eventing.Reader.EventBookmark","Information","Info","File created (rule: FileCreate)","System.Collections.ObjectModel.ReadOnlyCollection`1[System.String]","System.Collections.Generic.List`1[System.Diagnostics.Eventing.Reader.EventProperty]"
"Registry value set:
RuleName: T1122
EventType: SetValue
UtcTime: 2025-12-25 02:49:58.596
ProcessGuid: {8bb50d47-a654-694c-1001-000000000b00}
ProcessId: 3172
Image: C:\Users\Yomi\AppData\Local\Microsoft\OneDrive\OneDrive.exe
TargetObject: HKU\S-1-5-21-116772387-2583172374-3284080429-1000_Classes\CLSID\{BBACC218-34EA-4666-9D7A-C78F2274A524}\InprocServer32\(Default)
Details: C:\Users\Yomi\AppData\Local\Microsoft\OneDrive\25.087.0506.0001\FileSyncShell64.dll
User: WINDOWS11\Yomi","13","2",,"4","13","0","-9223372036854775808","1553","Microsoft-Windows-Sysmon","5770385f-c22a-43e0-bf4c-06f5698ffbd9","Microsoft-Windows-Sysmon/Operational","3164","4264","Windows11","S-1-5-18","12/25/2025 3:49:58 AM",,,"Microsoft-Windows-Sysmon/Operational","System.UInt32[]","System.Diagnostics.Eventing.Reader.EventBookmark","Information","Info","File created (rule: FileCreate)","System.Collections.ObjectModel.ReadOnlyCollection`1[System.String]","System.Collections.Generic.List`1[System.Diagnostics.Eventing.Reader.EventProperty]"
"Process Create:
