RuleName: -
UtcTime: 2025-12-25 16:48:53.070
ProcessGuid: {8bb50d47-6af5-694d-8b02-000000000c00}
ProcessId: 8060
Image: C:\ProgramData\Microsoft\Windows Defender\Platform\4.18.25110.6-0\MpCmdRun.exe
FileVersion: 4.18.25110.6 (747f30181b4cd739116f0a6ad3cabef997251d7f)
Description: Microsoft Malware Protection Command Line Utility
Product: Microsoft? Windows? Operating System
Company: Microsoft Corporation
OriginalFileName: MpCmdRun.exe
CommandLine: ""C:\ProgramData\Microsoft\Windows Defender\Platform\4.18.25110.6-0\MpCmdRun.exe"" -IdleTask -TaskName WdCacheMaintenance
CurrentDirectory: C:\WINDOWS\system32\
User: NT AUTHORITY\SYSTEM
LogonGuid: {8bb50d47-11d7-694d-e703-000000000000}
LogonId: 0x3E7
TerminalSessionId: 0
IntegrityLevel: System
Hashes: MD5=BFB14CF0FB83DBACA2496E451655F3A4,SHA256=BAEE05CEAD26C8105363F244B6A630EEB0983E96C0F366EE05882F84A5DD324F,IMPHASH=EC9821882B67AA0527E67484A60257BF
ParentProcessGuid: {8bb50d47-11e0-694d-1c00-000000000c00}
ParentProcessId: 1424
ParentImage: C:\Windows\System32\svchost.exe
ParentCommandLine: C:\WINDOWS\system32\svchost.exe -k netsvcs -p -s Schedule
ParentUser: NT AUTHORITY\SYSTEM","1","5",,"4","1","0","-9223372036854775808","2399","Microsoft-Windows-Sysmon","5770385f-c22a-43e0-bf4c-06f5698ffbd9","Microsoft-Windows-Sysmon/Operational","3580","4288","Windows11","S-1-5-18","12/25/2025 5:48:53 PM",,,"Microsoft-Windows-Sysmon/Operational","System.UInt32[]","System.Diagnostics.Eventing.Reader.EventBookmark","Information","Info","File created (rule: FileCreate)","System.Collections.ObjectModel.ReadOnlyCollection`1[System.String]","System.Collections.Generic.List`1[System.Diagnostics.Eventing.Reader.EventProperty]"
"Process Create:
RuleName: -
UtcTime: 2025-12-25 16:48:53.047
ProcessGuid: {8bb50d47-6af5-694d-8a02-000000000c00}
ProcessId: 6612
Image: C:\ProgramData\Microsoft\Windows Defender\Platform\4.18.25110.6-0\MpCmdRun.exe
FileVersion: 4.18.25110.6 (747f30181b4cd739116f0a6ad3cabef997251d7f)
Description: Microsoft Malware Protection Command Line Utility
Product: Microsoft? Windows? Operating System
Company: Microsoft Corporation
OriginalFileName: MpCmdRun.exe
CommandLine: ""C:\ProgramData\Microsoft\Windows Defender\Platform\4.18.25110.6-0\MpCmdRun.exe"" Scan -ScheduleJob -ScanTrigger 55 -IdleScheduledJob
CurrentDirectory: C:\WINDOWS\system32\
User: NT AUTHORITY\SYSTEM
LogonGuid: {8bb50d47-11d7-694d-e703-000000000000}
LogonId: 0x3E7
TerminalSessionId: 0
IntegrityLevel: System
Hashes: MD5=BFB14CF0FB83DBACA2496E451655F3A4,SHA256=BAEE05CEAD26C8105363F244B6A630EEB0983E96C0F366EE05882F84A5DD324F,IMPHASH=EC9821882B67AA0527E67484A60257BF
ParentProcessGuid: {8bb50d47-11e0-694d-1c00-000000000c00}
ParentProcessId: 1424
ParentImage: C:\Windows\System32\svchost.exe
ParentCommandLine: C:\WINDOWS\system32\svchost.exe -k netsvcs -p -s Schedule
ParentUser: NT AUTHORITY\SYSTEM","1","5",,"4","1","0","-9223372036854775808","2398","Microsoft-Windows-Sysmon","5770385f-c22a-43e0-bf4c-06f5698ffbd9","Microsoft-Windows-Sysmon/Operational","3580","4288","Windows11","S-1-5-18","12/25/2025 5:48:53 PM",,,"Microsoft-Windows-Sysmon/Operational","System.UInt32[]","System.Diagnostics.Eventing.Reader.EventBookmark","Information","Info","File created (rule: FileCreate)","System.Collections.ObjectModel.ReadOnlyCollection`1[System.String]","System.Collections.Generic.List`1[System.Diagnostics.Eventing.Reader.EventProperty]"
"Process Create:
RuleName: -
UtcTime: 2025-12-25 16:48:51.770
ProcessGuid: {8bb50d47-6af3-694d-8802-000000000c00}
ProcessId: 9500
Image: C:\Windows\System32\appidcertstorecheck.exe
FileVersion: 10.0.26100.3037 (WinBuild.160101.0800)
Description: AppID Certificate Store Verification Task
Product: Microsoft? Windows? Operating System
Company: Microsoft Corporation
OriginalFileName: AppIDCertstoreCheck.exe
CommandLine: ""C:\WINDOWS\system32\appidcertstorecheck.exe""
CurrentDirectory: C:\WINDOWS\system32\
User: NT AUTHORITY\LOCAL SERVICE
LogonGuid: {8bb50d47-11df-694d-e503-000000000000}
LogonId: 0x3E5
TerminalSessionId: 0
IntegrityLevel: System
Hashes: MD5=B14AE123FE8C9391063FCA6A27E80B1C,SHA256=442A6A8546B9B2EE4159760B04E8FD33E6F3310C92C66709C27AFA47C8653808,IMPHASH=5472981C962523EC2271513DBA5F1CCC
ParentProcessGuid: {8bb50d47-11e0-694d-1c00-000000000c00}
ParentProcessId: 1424
ParentImage: C:\Windows\System32\svchost.exe
ParentCommandLine: C:\WINDOWS\system32\svchost.exe -k netsvcs -p -s Schedule
ParentUser: NT AUTHORITY\SYSTEM","1","5",,"4","1","0","-9223372036854775808","2397","Microsoft-Windows-Sysmon","5770385f-c22a-43e0-bf4c-06f5698ffbd9","Microsoft-Windows-Sysmon/Operational","3580","4288","Windows11","S-1-5-18","12/25/2025 5:48:51 PM",,,"Microsoft-Windows-Sysmon/Operational","System.UInt32[]","System.Diagnostics.Eventing.Reader.EventBookmark","Information","Info","File created (rule: FileCreate)","System.Collections.ObjectModel.ReadOnlyCollection`1[System.String]","System.Collections.Generic.List`1[System.Diagnostics.Eventing.Reader.EventProperty]"
"Process Create:
RuleName: -
UtcTime: 2025-12-25 16:48:41.495
ProcessGuid: {8bb50d47-6ae9-694d-8702-000000000c00}
ProcessId: 6896
Image: C:\Windows\System32\svchost.exe
FileVersion: 10.0.26100.5074 (WinBuild.160101.0800)
Description: Host Process for Windows Services
Product: Microsoft? Windows? Operating System
Company: Microsoft Corporation
OriginalFileName: svchost.exe
CommandLine: C:\WINDOWS\System32\svchost.exe -k netsvcs -p -s NetSetupSvc
CurrentDirectory: C:\WINDOWS\system32\
User: NT AUTHORITY\SYSTEM
LogonGuid: {8bb50d47-11d7-694d-e703-000000000000}
LogonId: 0x3E7
TerminalSessionId: 0
IntegrityLevel: System
Hashes: MD5=7B88D0896FBF43469A9959D59824A514,SHA256=53A39B900E3BFBF384ACD13F0FC2329FA8D42B61E993D8ED5ADF3A1428005D26,IMPHASH=DE43BD45CC98C143357416C7519ECCFD
ParentProcessGuid: {8bb50d47-11d4-694d-0b00-000000000c00}
ParentProcessId: 856
ParentImage: C:\Windows\System32\services.exe
ParentCommandLine: C:\WINDOWS\system32\services.exe
ParentUser: NT AUTHORITY\SYSTEM","1","5",,"4","1","0","-9223372036854775808","2396","Microsoft-Windows-Sysmon","5770385f-c22a-43e0-bf4c-06f5698ffbd9","Microsoft-Windows-Sysmon/Operational","3580","4288","Windows11","S-1-5-18","12/25/2025 5:48:41 PM",,,"Microsoft-Windows-Sysmon/Operational","System.UInt32[]","System.Diagnostics.Eventing.Reader.EventBookmark","Information","Info","File created (rule: FileCreate)","System.Collections.ObjectModel.ReadOnlyCollection`1[System.String]","System.Collections.Generic.List`1[System.Diagnostics.Eventing.Reader.EventProperty]"
"File created:
RuleName: DLL
UtcTime: 2025-12-25 16:48:16.835
ProcessGuid: {8bb50d47-69eb-694d-5902-000000000c00}
ProcessId: 4964
Image: C:\WINDOWS\uus\packages\preview\AMD64\MoUsoCoreWorker.exe
TargetFilename: C:\Windows\SystemTemp\{CC026481-1B37-43C2-88C1-B1F27BAB8FB2}\ssshim.dll
CreationUtcTime: 2025-12-25 16:48:16.827
User: NT AUTHORITY\SYSTEM","11","2",,"4","11","0","-9223372036854775808","2395","Microsoft-Windows-Sysmon","5770385f-c22a-43e0-bf4c-06f5698ffbd9","Microsoft-Windows-Sysmon/Operational","3580","4288","Windows11","S-1-5-18","12/25/2025 5:48:16 PM",,,"Microsoft-Windows-Sysmon/Operational","System.UInt32[]","System.Diagnostics.Eventing.Reader.EventBookmark","Information","Info","File created (rule: FileCreate)","System.Collections.ObjectModel.ReadOnlyCollection`1[System.String]","System.Collections.Generic.List`1[System.Diagnostics.Eventing.Reader.EventProperty]"
"File created:
RuleName: DLL
UtcTime: 2025-12-25 16:48:16.334
ProcessGuid: {8bb50d47-6a89-694d-7902-000000000c00}
ProcessId: 9968
Image: C:\WINDOWS\system32\svchost.exe
TargetFilename: C:\Windows\SystemTemp\{FDF51B74-99BD-412A-BD2F-45ED8FEFB292}\ssshim.dll
CreationUtcTime: 2025-12-25 16:48:16.331
User: NT AUTHORITY\SYSTEM","11","2",,"4","11","0","-9223372036854775808","2394","Microsoft-Windows-Sysmon","5770385f-c22a-43e0-bf4c-06f5698ffbd9","Microsoft-Windows-Sysmon/Operational","3580","4288","Windows11","S-1-5-18","12/25/2025 5:48:16 PM",,,"Microsoft-Windows-Sysmon/Operational","System.UInt32[]","System.Diagnostics.Eventing.Reader.EventBookmark","Information","Info","File created (rule: FileCreate)","System.Collections.ObjectModel.ReadOnlyCollection`1[System.String]","System.Collections.Generic.List`1[System.Diagnostics.Eventing.Reader.EventProperty]"
"File created:
RuleName: DLL
UtcTime: 2025-12-25 16:48:15.073
ProcessGuid: {8bb50d47-69eb-694d-5902-000000000c00}
ProcessId: 4964
Image: C:\WINDOWS\uus\packages\preview\AMD64\MoUsoCoreWorker.exe
TargetFilename: C:\Windows\SystemTemp\{30CD2158-93BB-4A51-9C44-C07D1FD829B1}\ssshim.dll
CreationUtcTime: 2025-12-25 16:48:15.070
User: NT AUTHORITY\SYSTEM","11","2",,"4","11","0","-9223372036854775808","2393","Microsoft-Windows-Sysmon","5770385f-c22a-43e0-bf4c-06f5698ffbd9","Microsoft-Windows-Sysmon/Operational","3580","4288","Windows11","S-1-5-18","12/25/2025 5:48:15 PM",,,"Microsoft-Windows-Sysmon/Operational","System.UInt32[]","System.Diagnostics.Eventing.Reader.EventBookmark","Information","Info","File created (rule: FileCreate)","System.Collections.ObjectModel.ReadOnlyCollection`1[System.String]","System.Collections.Generic.List`1[System.Diagnostics.Eventing.Reader.EventProperty]"
"Process Create:
RuleName: -
UtcTime: 2025-12-25 16:47:56.904
ProcessGuid: {8bb50d47-6abc-694d-8502-000000000c00}
ProcessId: 7108
Image: C:\Windows\UUS\Packages\Preview\amd64\MoNotificationUx.exe
FileVersion: 1505.2508.4072.0
Description: Notifications host process
Product: Microsoft? Windows? Operating System
Company: Microsoft Corporation
OriginalFileName: MoNotificationUx.exe
CommandLine: C:\WINDOWS\uus\packages\preview\AMD64\MoNotificationUx.exe /ClearActiveNotifications /CV 3dOTYCjuW0W43l/t.1.0.0
CurrentDirectory: C:\WINDOWS\system32\
User: WINDOWS11\Yomi
LogonGuid: {8bb50d47-11ef-694d-0419-020000000000}
LogonId: 0x21904
TerminalSessionId: 1
IntegrityLevel: Medium
Hashes: MD5=845B17CC18F5B5B6A64AA0225AD36426,SHA256=026003DEB3826B61C6484435E2D65A0739D715181784B7AFB68137D0DEE529BE,IMPHASH=5429F5FEAE6B22DD5AF3DFE15FDB5A36
ParentProcessGuid: {8bb50d47-69eb-694d-5902-000000000c00}
ParentProcessId: 4964
ParentImage: C:\Windows\UUS\Packages\Preview\amd64\MoUsoCoreWorker.exe
ParentCommandLine: ""C:\WINDOWS\uus\packages\preview\AMD64\MoUsoCoreWorker.exe"" useprivatenamespaces
ParentUser: NT AUTHORITY\SYSTEM","1","5",,"4","1","0","-9223372036854775808","2392","Microsoft-Windows-Sysmon","5770385f-c22a-43e0-bf4c-06f5698ffbd9","Microsoft-Windows-Sysmon/Operational","3580","4288","Windows11","S-1-5-18","12/25/2025 5:47:56 PM",,,"Microsoft-Windows-Sysmon/Operational","System.UInt32[]","System.Diagnostics.Eventing.Reader.EventBookmark","Information","Info","File created (rule: FileCreate)","System.Collections.ObjectModel.ReadOnlyCollection`1[System.String]","System.Collections.Generic.List`1[System.Diagnostics.Eventing.Reader.EventProperty]"
"Process Create:
RuleName: -
UtcTime: 2025-12-25 16:47:50.788
ProcessGuid: {8bb50d47-6ab6-694d-8402-000000000c00}
ProcessId: 2088
Image: C:\Windows\System32\wermgr.exe
FileVersion: 10.0.26100.5074 (WinBuild.160101.0800)
Description: Windows Problem Reporting
Product: Microsoft? Windows? Operating System
Company: Microsoft Corporation
OriginalFileName: WerMgr
CommandLine: ""C:\WINDOWS\system32\wermgr.exe"" -upload
CurrentDirectory: C:\WINDOWS\system32\
User: NT AUTHORITY\SYSTEM
LogonGuid: {8bb50d47-11d7-694d-e703-000000000000}
LogonId: 0x3E7
TerminalSessionId: 0
IntegrityLevel: System
Hashes: MD5=7A8EA86F4C769DB46BD9554EC8277065,SHA256=1625290EF1DFF2082BCA7D3995A1ACD20BA641B7277DB30659CCC8D3094C4B87,IMPHASH=AB300DEDE19E5162BAE0307BEBC2C7FE
ParentProcessGuid: {8bb50d47-11e0-694d-1c00-000000000c00}
ParentProcessId: 1424
ParentImage: C:\Windows\System32\svchost.exe
ParentCommandLine: C:\WINDOWS\system32\svchost.exe -k netsvcs -p -s Schedule
ParentUser: NT AUTHORITY\SYSTEM","1","5",,"4","1","0","-9223372036854775808","2391","Microsoft-Windows-Sysmon","5770385f-c22a-43e0-bf4c-06f5698ffbd9","Microsoft-Windows-Sysmon/Operational","3580","4288","Windows11","S-1-5-18","12/25/2025 5:47:50 PM",,,"Microsoft-Windows-Sysmon/Operational","System.UInt32[]","System.Diagnostics.Eventing.Reader.EventBookmark","Information","Info","File created (rule: FileCreate)","System.Collections.ObjectModel.ReadOnlyCollection`1[System.String]","System.Collections.Generic.List`1[System.Diagnostics.Eventing.Reader.EventProperty]"
"Process Create:
RuleName: -
UtcTime: 2025-12-25 16:47:43.728
ProcessGuid: {8bb50d47-6aaf-694d-8002-000000000c00}
ProcessId: 10220
Image: C:\Windows\System32\appidcertstorecheck.exe
FileVersion: 10.0.26100.3037 (WinBuild.160101.0800)
Description: AppID Certificate Store Verification Task
Product: Microsoft? Windows? Operating System
Company: Microsoft Corporation
OriginalFileName: AppIDCertstoreCheck.exe
CommandLine: ""C:\WINDOWS\system32\appidcertstorecheck.exe""
CurrentDirectory: C:\WINDOWS\system32\
User: NT AUTHORITY\LOCAL SERVICE
LogonGuid: {8bb50d47-11df-694d-e503-000000000000}
LogonId: 0x3E5
TerminalSessionId: 0
IntegrityLevel: System
Hashes: MD5=B14AE123FE8C9391063FCA6A27E80B1C,SHA256=442A6A8546B9B2EE4159760B04E8FD33E6F3310C92C66709C27AFA47C8653808,IMPHASH=5472981C962523EC2271513DBA5F1CCC
ParentProcessGuid: {8bb50d47-11e0-694d-1c00-000000000c00}
ParentProcessId: 1424
ParentImage: C:\Windows\System32\svchost.exe
ParentCommandLine: C:\WINDOWS\system32\svchost.exe -k netsvcs -p -s Schedule
ParentUser: NT AUTHORITY\SYSTEM","1","5",,"4","1","0","-9223372036854775808","2390","Microsoft-Windows-Sysmon","5770385f-c22a-43e0-bf4c-06f5698ffbd9","Microsoft-Windows-Sysmon/Operational","3580","4288","Windows11","S-1-5-18","12/25/2025 5:47:43 PM",,,"Microsoft-Windows-Sysmon/Operational","System.UInt32[]","System.Diagnostics.Eventing.Reader.EventBookmark","Information","Info","File created (rule: FileCreate)","System.Collections.ObjectModel.ReadOnlyCollection`1[System.String]","System.Collections.Generic.List`1[System.Diagnostics.Eventing.Reader.EventProperty]"
"Process Create:
RuleName: -
UtcTime: 2025-12-25 16:47:39.987
ProcessGuid: {8bb50d47-6aab-694d-7f02-000000000c00}
ProcessId: 5432
Image: C:\Windows\System32\slui.exe
FileVersion: 10.0.26100.5074 (WinBuild.160101.0800)
Description: Windows Activation Client
Product: Microsoft? Windows? Operating System
Company: Microsoft Corporation
OriginalFileName: slui.exe
CommandLine: C:\WINDOWS\System32\slui.exe -Embedding
CurrentDirectory: C:\WINDOWS\system32\
User: WINDOWS11\Yomi
LogonGuid: {8bb50d47-11ef-694d-0419-020000000000}
LogonId: 0x21904
TerminalSessionId: 1
IntegrityLevel: Medium
Hashes: MD5=6BB7583E4CC2F16175F65D7F7A414690,SHA256=A01088082CB47B53AFD38E1A60D3041227E6D3D30F8045409F2891B98AEB5D62,IMPHASH=965E6FDBF2B84C0CDAA6303EA677DF71
ParentProcessGuid: {8bb50d47-11db-694d-0f00-000000000c00}
ParentProcessId: 560
ParentImage: C:\Windows\System32\svchost.exe
ParentCommandLine: C:\WINDOWS\system32\svchost.exe -k DcomLaunch -p
ParentUser: NT AUTHORITY\SYSTEM","1","5",,"4","1","0","-9223372036854775808","2389","Microsoft-Windows-Sysmon","5770385f-c22a-43e0-bf4c-06f5698ffbd9","Microsoft-Windows-Sysmon/Operational","3580","4288","Windows11","S-1-5-18","12/25/2025 5:47:40 PM",,,"Microsoft-Windows-Sysmon/Operational","System.UInt32[]","System.Diagnostics.Eventing.Reader.EventBookmark","Information","Info","File created (rule: FileCreate)","System.Collections.ObjectModel.ReadOnlyCollection`1[System.String]","System.Collections.Generic.List`1[System.Diagnostics.Eventing.Reader.EventProperty]"
"Process Create:
RuleName: -
UtcTime: 2025-12-25 16:47:22.188
ProcessGuid: {8bb50d47-6a9a-694d-7d02-000000000c00}
ProcessId: 9960
Image: C:\Windows\System32\slui.exe
FileVersion: 10.0.26100.5074 (WinBuild.160101.0800)
Description: Windows Activation Client
Product: Microsoft? Windows? Operating System
Company: Microsoft Corporation
OriginalFileName: slui.exe
CommandLine: ""C:\WINDOWS\System32\SLUI.exe"" RuleId=31e71c49-8da7-4a2f-ad92-45d98a1c79ba;Action=AutoActivate;AppId=55c92734-d682-4d71-983e-d6ec3f16059f;SkuId=2b1f36bb-c1cd-4306-bf5c-a0367c2d97d8;NotificationInterval=1440;Trigger=NetworkAvailable
CurrentDirectory: C:\WINDOWS\system32\
User: NT AUTHORITY\NETWORK SERVICE
LogonGuid: {8bb50d47-11dd-694d-e403-000000000000}
LogonId: 0x3E4
TerminalSessionId: 0
IntegrityLevel: System
Hashes: MD5=6BB7583E4CC2F16175F65D7F7A414690,SHA256=A01088082CB47B53AFD38E1A60D3041227E6D3D30F8045409F2891B98AEB5D62,IMPHASH=965E6FDBF2B84C0CDAA6303EA677DF71
ParentProcessGuid: {8bb50d47-6a99-694d-7c02-000000000c00}
ParentProcessId: 9912
ParentImage: C:\Windows\System32\SppExtComObj.Exe
ParentCommandLine: C:\WINDOWS\system32\SppExtComObj.exe -Embedding
ParentUser: NT AUTHORITY\NETWORK SERVICE","1","5",,"4","1","0","-9223372036854775808","2388","Microsoft-Windows-Sysmon","5770385f-c22a-43e0-bf4c-06f5698ffbd9","Microsoft-Windows-Sysmon/Operational","3580","4288","Windows11","S-1-5-18","12/25/2025 5:47:22 PM",,,"Microsoft-Windows-Sysmon/Operational","System.UInt32[]","System.Diagnostics.Eventing.Reader.EventBookmark","Information","Info","File created (rule: FileCreate)","System.Collections.ObjectModel.ReadOnlyCollection`1[System.String]","System.Collections.Generic.List`1[System.Diagnostics.Eventing.Reader.EventProperty]"
"Process Create:
RuleName: -
UtcTime: 2025-12-25 16:47:18.480
ProcessGuid: {8bb50d47-6a96-694d-7b02-000000000c00}
ProcessId: 4420
Image: C:\Windows\System32\svchost.exe
FileVersion: 10.0.26100.5074 (WinBuild.160101.0800)
Description: Host Process for Windows Services
Product: Microsoft? Windows? Operating System
Company: Microsoft Corporation
OriginalFileName: svchost.exe
CommandLine: C:\WINDOWS\system32\svchost.exe -k InvSvcGroup -p -s InventorySvc
CurrentDirectory: C:\WINDOWS\system32\
User: NT AUTHORITY\SYSTEM
LogonGuid: {8bb50d47-11d7-694d-e703-000000000000}
LogonId: 0x3E7
TerminalSessionId: 0
IntegrityLevel: System
Hashes: MD5=7B88D0896FBF43469A9959D59824A514,SHA256=53A39B900E3BFBF384ACD13F0FC2329FA8D42B61E993D8ED5ADF3A1428005D26,IMPHASH=DE43BD45CC98C143357416C7519ECCFD
ParentProcessGuid: {8bb50d47-11d4-694d-0b00-000000000c00}
ParentProcessId: 856
ParentImage: C:\Windows\System32\services.exe
ParentCommandLine: C:\WINDOWS\system32\services.exe
ParentUser: NT AUTHORITY\SYSTEM","1","5",,"4","1","0","-9223372036854775808","2387","Microsoft-Windows-Sysmon","5770385f-c22a-43e0-bf4c-06f5698ffbd9","Microsoft-Windows-Sysmon/Operational","3580","4288","Windows11","S-1-5-18","12/25/2025 5:47:18 PM",,,"Microsoft-Windows-Sysmon/Operational","System.UInt32[]","System.Diagnostics.Eventing.Reader.EventBookmark","Information","Info","File created (rule: FileCreate)","System.Collections.ObjectModel.ReadOnlyCollection`1[System.String]","System.Collections.Generic.List`1[System.Diagnostics.Eventing.Reader.EventProperty]"
"Process Create:
RuleName: -
UtcTime: 2025-12-25 16:47:15.868
ProcessGuid: {8bb50d47-6a93-694d-7a02-000000000c00}
ProcessId: 6352
Image: C:\ProgramData\Microsoft\Windows Defender\Platform\4.18.25110.6-0\NisSrv.exe
FileVersion: 4.18.25110.6 (747f30181b4cd739116f0a6ad3cabef997251d7f)
Description: Microsoft Network Realtime Inspection Service
Product: Microsoft? Windows? Operating System
Company: Microsoft Corporation
OriginalFileName: NisSrv.exe
CommandLine: ""C:\ProgramData\Microsoft\Windows Defender\Platform\4.18.25110.6-0\NisSrv.exe""
CurrentDirectory: C:\WINDOWS\system32\
User: NT AUTHORITY\LOCAL SERVICE
LogonGuid: {8bb50d47-11df-694d-e503-000000000000}
LogonId: 0x3E5
TerminalSessionId: 0
IntegrityLevel: System
Hashes: MD5=02D06BEBBA893FBE9EF4092B45EB1777,SHA256=9E69234B30CD945BE6E9F7F3A92014476BC18286AA8A1BB968608EF0CBA77DF8,IMPHASH=DA908CBD033381A8B6C8CCF1E7D35732
ParentProcessGuid: {8bb50d47-11d4-694d-0b00-000000000c00}
ParentProcessId: 856
ParentImage: C:\Windows\System32\services.exe
ParentCommandLine: C:\WINDOWS\system32\services.exe
ParentUser: NT AUTHORITY\SYSTEM","1","5",,"4","1","0","-9223372036854775808","2386","Microsoft-Windows-Sysmon","5770385f-c22a-43e0-bf4c-06f5698ffbd9","Microsoft-Windows-Sysmon/Operational","3580","4288","Windows11","S-1-5-18","12/25/2025 5:47:15 PM",,,"Microsoft-Windows-Sysmon/Operational","System.UInt32[]","System.Diagnostics.Eventing.Reader.EventBookmark","Information","Info","File created (rule: FileCreate)","System.Collections.ObjectModel.ReadOnlyCollection`1[System.String]","System.Collections.Generic.List`1[System.Diagnostics.Eventing.Reader.EventProperty]"
"Registry value set:
RuleName: Context,DeviceConnectedOrUpdated
EventType: SetValue
UtcTime: 2025-12-25 16:47:00.270
ProcessGuid: {8bb50d47-6a63-694d-6c02-000000000c00}
ProcessId: 9896
Image: C:\WINDOWS\System32\sdbinst.exe
TargetObject: HKLM\SOFTWARE\Microsoft\Windows NT\CurrentVersion\AppCompatFlags\SdbUpdates\msimain.sdb\01DA54B25CE0D000.msimain.sdb\FriendlyName
Details: Microsoft System Installer Compatibility Database
User: NT AUTHORITY\SYSTEM","13","2",,"4","13","0","-9223372036854775808","2385","Microsoft-Windows-Sysmon","5770385f-c22a-43e0-bf4c-06f5698ffbd9","Microsoft-Windows-Sysmon/Operational","3580","4288","Windows11","S-1-5-18","12/25/2025 5:47:00 PM",,,"Microsoft-Windows-Sysmon/Operational","System.UInt32[]","System.Diagnostics.Eventing.Reader.EventBookmark","Information","Info","File created (rule: FileCreate)","System.Collections.ObjectModel.ReadOnlyCollection`1[System.String]","System.Collections.Generic.List`1[System.Diagnostics.Eventing.Reader.EventProperty]"
"Registry value set:
RuleName: Context,DeviceConnectedOrUpdated
EventType: SetValue
UtcTime: 2025-12-25 16:46:52.381
ProcessGuid: {8bb50d47-6a63-694d-6c02-000000000c00}
ProcessId: 9896
Image: C:\WINDOWS\System32\sdbinst.exe
TargetObject: HKLM\SOFTWARE\Microsoft\Windows NT\CurrentVersion\AppCompatFlags\SdbUpdates\sysmain.sdb\01DA54B25CE0D000.sysmain.sdb\FriendlyName
Details: Microsoft Windows Application Compatibility Fix Database
User: NT AUTHORITY\SYSTEM","13","2",,"4","13","0","-9223372036854775808","2384","Microsoft-Windows-Sysmon","5770385f-c22a-43e0-bf4c-06f5698ffbd9","Microsoft-Windows-Sysmon/Operational","3580","4288","Windows11","S-1-5-18","12/25/2025 5:46:52 PM",,,"Microsoft-Windows-Sysmon/Operational","System.UInt32[]","System.Diagnostics.Eventing.Reader.EventBookmark","Information","Info","File created (rule: FileCreate)","System.Collections.ObjectModel.ReadOnlyCollection`1[System.String]","System.Collections.Generic.List`1[System.Diagnostics.Eventing.Reader.EventProperty]"
"Process Create:
RuleName: -
UtcTime: 2025-12-25 16:46:45.990
ProcessGuid: {8bb50d47-6a75-694d-7802-000000000c00}
ProcessId: 8608
Image: C:\Windows\WinSxS\amd64_microsoft-windows-servicingstack_31bf3856ad364e35_10.0.26100.5074_none_a5532eb7772ad4c4\TiWorker.exe
FileVersion: 10.0.26100.5074 (WinBuild.160101.0800)
Description: Windows Modules Installer Worker
Product: Microsoft? Windows? Operating System
Company: Microsoft Corporation
OriginalFileName: TiWorker.exe
CommandLine: C:\WINDOWS\winsxs\amd64_microsoft-windows-servicingstack_31bf3856ad364e35_10.0.26100.5074_none_a5532eb7772ad4c4\TiWorker.exe -Embedding
CurrentDirectory: C:\WINDOWS\system32\
User: NT AUTHORITY\SYSTEM
LogonGuid: {8bb50d47-11d7-694d-e703-000000000000}
LogonId: 0x3E7
TerminalSessionId: 0
IntegrityLevel: System
Hashes: MD5=B0E2857EE9C2C9BF7238E4DFE3C97139,SHA256=83E44E2BF7DA29A6A5237C521F031B8E6B0E40CABAAFC433E7CAA39F317B454E,IMPHASH=3A3C1E80AF5AB810A6334FCC3C8E3FDF
ParentProcessGuid: {8bb50d47-11db-694d-0f00-000000000c00}
ParentProcessId: 560
ParentImage: C:\Windows\System32\svchost.exe
ParentCommandLine: C:\WINDOWS\system32\svchost.exe -k DcomLaunch -p
ParentUser: NT AUTHORITY\SYSTEM","1","5",,"4","1","0","-9223372036854775808","2383","Microsoft-Windows-Sysmon","5770385f-c22a-43e0-bf4c-06f5698ffbd9","Microsoft-Windows-Sysmon/Operational","3580","4288","Windows11","S-1-5-18","12/25/2025 5:46:46 PM",,,"Microsoft-Windows-Sysmon/Operational","System.UInt32[]","System.Diagnostics.Eventing.Reader.EventBookmark","Information","Info","File created (rule: FileCreate)","System.Collections.ObjectModel.ReadOnlyCollection`1[System.String]","System.Collections.Generic.List`1[System.Diagnostics.Eventing.Reader.EventProperty]"
"Process Create:
RuleName: -
UtcTime: 2025-12-25 16:46:45.428
ProcessGuid: {8bb50d47-6a75-694d-7702-000000000c00}
ProcessId: 1136
Image: C:\Windows\servicing\TrustedInstaller.exe
FileVersion: 10.0.26100.5074 (WinBuild.160101.0800)
Description: Windows Modules Installer
Product: Microsoft? Windows? Operating System
Company: Microsoft Corporation
OriginalFileName: TrustedInstaller.exe
CommandLine: C:\WINDOWS\servicing\TrustedInstaller.exe
CurrentDirectory: C:\WINDOWS\system32\
User: NT AUTHORITY\SYSTEM
LogonGuid: {8bb50d47-11d7-694d-e703-000000000000}
LogonId: 0x3E7
TerminalSessionId: 0
IntegrityLevel: System
Hashes: MD5=AE4442013F290315E046DBF9E6F9803A,SHA256=1889C5BC1CEEF3554B3408F9BDD9B50CF0DAC4CC84AE96E4D7B72F3043557875,IMPHASH=5E159CE7599ACD6CA7EC3122186D5DBC
ParentProcessGuid: {8bb50d47-11d4-694d-0b00-000000000c00}
ParentProcessId: 856
ParentImage: C:\Windows\System32\services.exe
ParentCommandLine: C:\WINDOWS\system32\services.exe
ParentUser: NT AUTHORITY\SYSTEM","1","5",,"4","1","0","-9223372036854775808","2382","Microsoft-Windows-Sysmon","5770385f-c22a-43e0-bf4c-06f5698ffbd9","Microsoft-Windows-Sysmon/Operational","3580","4288","Windows11","S-1-5-18","12/25/2025 5:46:45 PM",,,"Microsoft-Windows-Sysmon/Operational","System.UInt32[]","System.Diagnostics.Eventing.Reader.EventBookmark","Information","Info","File created (rule: FileCreate)","System.Collections.ObjectModel.ReadOnlyCollection`1[System.String]","System.Collections.Generic.List`1[System.Diagnostics.Eventing.Reader.EventProperty]"
"Process Create:
RuleName: -
UtcTime: 2025-12-25 16:46:27.217
ProcessGuid: {8bb50d47-6a63-694d-6c02-000000000c00}
ProcessId: 9896
Image: C:\Windows\System32\sdbinst.exe
FileVersion: 10.0.26100.5074 (WinBuild.160101.0800)
Description: Application Compatibility Database Installer
Product: Microsoft? Windows? Operating System
Company: Microsoft Corporation
OriginalFileName: sdbinst.exe
CommandLine: C:\WINDOWS\System32\sdbinst.exe -m -bg
CurrentDirectory: C:\WINDOWS\system32\
User: NT AUTHORITY\SYSTEM
LogonGuid: {8bb50d47-11d7-694d-e703-000000000000}
LogonId: 0x3E7
TerminalSessionId: 0
IntegrityLevel: System
Hashes: MD5=CEA085EFB871D275E6201522A8FEF885,SHA256=1D2AAF50656A3E0BD602FECB33FAC5DD117F0220EAC040642A0E45615F28E6E8,IMPHASH=1B6EE3C1899EA90A8A3811555E1DA64E
ParentProcessGuid: {8bb50d47-12c5-694d-b700-000000000c00}
ParentProcessId: 7100
ParentImage: C:\Windows\System32\svchost.exe
ParentCommandLine: C:\WINDOWS\system32\svchost.exe -k LocalSystemNetworkRestricted -p -s PcaSvc
ParentUser: NT AUTHORITY\SYSTEM","1","5",,"4","1","0","-9223372036854775808","2381","Microsoft-Windows-Sysmon","5770385f-c22a-43e0-bf4c-06f5698ffbd9","Microsoft-Windows-Sysmon/Operational","3580","4288","Windows11","S-1-5-18","12/25/2025 5:46:27 PM",,,"Microsoft-Windows-Sysmon/Operational","System.UInt32[]","System.Diagnostics.Eventing.Reader.EventBookmark","Information","Info","File created (rule: FileCreate)","System.Collections.ObjectModel.ReadOnlyCollection`1[System.String]","System.Collections.Generic.List`1[System.Diagnostics.Eventing.Reader.EventProperty]"
"Dns query:
RuleName: -
UtcTime: 2025-12-25 13:50:59.690
ProcessGuid: {8bb50d47-11e3-694d-2300-000000000c00}
ProcessId: 1784
QueryName: www.msftconnecttest.com
QueryStatus: 0
QueryResults: type: 5 ncsi-geo.trafficmanager.net;type: 5 www.msftncsi.com.edgesuite.net;type: 5 a1961.g2.akamai.net;::ffff:2.16.55.209;::ffff:2.16.55.215;
Image: C:\Windows\System32\svchost.exe
User: NT AUTHORITY\NETWORK SERVICE","22","5",,"4","22","0","-9223372036854775808","2380","Microsoft-Windows-Sysmon","5770385f-c22a-43e0-bf4c-06f5698ffbd9","Microsoft-Windows-Sysmon/Operational","3580","4340","Windows11","S-1-5-18","12/25/2025 5:46:16 PM",,,"Microsoft-Windows-Sysmon/Operational","System.UInt32[]","System.Diagnostics.Eventing.Reader.EventBookmark","Information","Info","File created (rule: FileCreate)","System.Collections.ObjectModel.ReadOnlyCollection`1[System.String]","System.Collections.Generic.List`1[System.Diagnostics.Eventing.Reader.EventProperty]"
"Process Create:
RuleName: -
UtcTime: 2025-12-25 16:46:14.137
ProcessGuid: {8bb50d47-6a56-694d-6902-000000000c00}
ProcessId: 9504
Image: C:\Windows\System32\smartscreen.exe
FileVersion: 10.0.26100.5074 (WinBuild.160101.0800)
Description: Windows Defender SmartScreen
Product: Microsoft? Windows? Operating System
Company: Microsoft Corporation
OriginalFileName: smartscreen.exe
CommandLine: C:\Windows\System32\smartscreen.exe -Embedding
CurrentDirectory: C:\WINDOWS\system32\
User: WINDOWS11\Yomi
LogonGuid: {8bb50d47-11ef-694d-0419-020000000000}
LogonId: 0x21904
TerminalSessionId: 1
IntegrityLevel: Medium
Hashes: MD5=032D6D9E18A3CB24B70111593C2D0180,SHA256=045BFD198B5B7559819F3EC3392C533C875BCDEB89055D5E37CAB566C8FA4174,IMPHASH=C84171DF6E7F087EA4E625CCCE2AB167
ParentProcessGuid: {8bb50d47-11db-694d-0f00-000000000c00}
ParentProcessId: 560
ParentImage: C:\Windows\System32\svchost.exe
ParentCommandLine: C:\WINDOWS\system32\svchost.exe -k DcomLaunch -p
ParentUser: NT AUTHORITY\SYSTEM","1","5",,"4","1","0","-9223372036854775808","2379","Microsoft-Windows-Sysmon","5770385f-c22a-43e0-bf4c-06f5698ffbd9","Microsoft-Windows-Sysmon/Operational","3580","4288","Windows11","S-1-5-18","12/25/2025 5:46:14 PM",,,"Microsoft-Windows-Sysmon/Operational","System.UInt32[]","System.Diagnostics.Eventing.Reader.EventBookmark","Information","Info","File created (rule: FileCreate)","System.Collections.ObjectModel.ReadOnlyCollection`1[System.String]","System.Collections.Generic.List`1[System.Diagnostics.Eventing.Reader.EventProperty]"
"Network connection detected:
RuleName: Usermode
UtcTime: 2025-12-25 13:50:56.840
ProcessGuid: {8bb50d47-1307-694d-ea00-000000000c00}
ProcessId: 2512
Image: C:\Users\Yomi\AppData\Local\Microsoft\OneDrive\OneDrive.exe
User: WINDOWS11\Yomi
Protocol: tcp
Initiated: true
SourceIsIpv6: false
SourceIp: 10.0.2.15
SourceHostname: Windows11
SourcePort: 51367
SourcePortName: -
DestinationIsIpv6: false
DestinationIp: 20.42.73.24
DestinationHostname: -
DestinationPort: 443
DestinationPortName: https","3","5",,"4","3","0","-9223372036854775808","2378","Microsoft-Windows-Sysmon","5770385f-c22a-43e0-bf4c-06f5698ffbd9","Microsoft-Windows-Sysmon/Operational","3580","4136","Windows11","S-1-5-18","12/25/2025 5:46:11 PM",,,"Microsoft-Windows-Sysmon/Operational","System.UInt32[]","System.Diagnostics.Eventing.Reader.EventBookmark","Information","Info","File created (rule: FileCreate)","System.Collections.ObjectModel.ReadOnlyCollection`1[System.String]","System.Collections.Generic.List`1[System.Diagnostics.Eventing.Reader.EventProperty]"
"Process Create:
RuleName: -
UtcTime: 2025-12-25 16:46:09.085
ProcessGuid: {8bb50d47-6a51-694d-6502-000000000c00}
ProcessId: 9244
Image: C:\Program Files (x86)\Microsoft\EdgeUpdate\MicrosoftEdgeUpdate.exe
FileVersion: 1.3.215.9
Description: Microsoft Edge Update
Product: Microsoft Edge Update
Company: Microsoft Corporation
OriginalFileName: msedgeupdate.dll
CommandLine: ""C:\Program Files (x86)\Microsoft\EdgeUpdate\MicrosoftEdgeUpdate.exe"" /ua /installsource scheduler
CurrentDirectory: C:\WINDOWS\system32\
User: NT AUTHORITY\SYSTEM
LogonGuid: {8bb50d47-11d7-694d-e703-000000000000}
LogonId: 0x3E7
TerminalSessionId: 0
IntegrityLevel: System
Hashes: MD5=B299AA9A27C330A9B44E45BD1595DBEA,SHA256=955B5950FD92E5C5EEC395B022566C9A2594CA3126D894408E2E29BA25D8B0DD,IMPHASH=CD3B2D99C6655A5D4A14E30E380F5BF9
ParentProcessGuid: {8bb50d47-11e0-694d-1c00-000000000c00}
ParentProcessId: 1424
ParentImage: C:\Windows\System32\svchost.exe
ParentCommandLine: C:\WINDOWS\system32\svchost.exe -k netsvcs -p -s Schedule
ParentUser: NT AUTHORITY\SYSTEM","1","5",,"4","1","0","-9223372036854775808","2377","Microsoft-Windows-Sysmon","5770385f-c22a-43e0-bf4c-06f5698ffbd9","Microsoft-Windows-Sysmon/Operational","3580","4288","Windows11","S-1-5-18","12/25/2025 5:46:09 PM",,,"Microsoft-Windows-Sysmon/Operational","System.UInt32[]","System.Diagnostics.Eventing.Reader.EventBookmark","Information","Info","File created (rule: FileCreate)","System.Collections.ObjectModel.ReadOnlyCollection`1[System.String]","System.Collections.Generic.List`1[System.Diagnostics.Eventing.Reader.EventProperty]"
"Process Create:
RuleName: -
UtcTime: 2025-12-25 16:46:06.459
ProcessGuid: {8bb50d47-6a4e-694d-6102-000000000c00}
ProcessId: 4012
Image: C:\Windows\System32\WerFault.exe
FileVersion: 10.0.26100.5074 (WinBuild.160101.0800)
Description: Windows Problem Reporting
Product: Microsoft? Windows? Operating System
Company: Microsoft Corporation
OriginalFileName: WerFault.exe
CommandLine: werfault.exe /hc /shared Global\c66fdb21ecdf4f9b98c3e12654ea2cae /t 564 /p 2860 5444
CurrentDirectory: C:\WINDOWS\system32\
User: NT AUTHORITY\LOCAL SERVICE
LogonGuid: {8bb50d47-11df-694d-e503-000000000000}
LogonId: 0x3E5
TerminalSessionId: 0
IntegrityLevel: System
Hashes: MD5=8DE087CA26A554A3A45B946BAC7832F6,SHA256=18FA07FD37233135C2938A809E001B47936D7BDB7783CC0263BDC31C57D02900,IMPHASH=D91C32B0FE9120B97ADA9698D765A3E9
ParentProcessGuid: {8bb50d47-6a45-694d-5a02-000000000c00}
ParentProcessId: 7844
ParentImage: C:\Windows\System32\svchost.exe
ParentCommandLine: C:\WINDOWS\System32\svchost.exe -k WerSvcGroup
ParentUser: NT AUTHORITY\SYSTEM","1","5",,"4","1","0","-9223372036854775808","2376","Microsoft-Windows-Sysmon","5770385f-c22a-43e0-bf4c-06f5698ffbd9","Microsoft-Windows-Sysmon/Operational","3580","4288","Windows11","S-1-5-18","12/25/2025 5:46:07 PM",,,"Microsoft-Windows-Sysmon/Operational","System.UInt32[]","System.Diagnostics.Eventing.Reader.EventBookmark","Information","Info","File created (rule: FileCreate)","System.Collections.ObjectModel.ReadOnlyCollection`1[System.String]","System.Collections.Generic.List`1[System.Diagnostics.Eventing.Reader.EventProperty]"
"Process Create:
RuleName: -
UtcTime: 2025-12-25 16:46:07.088
ProcessGuid: {8bb50d47-6a4f-694d-6302-000000000c00}
ProcessId: 4756
Image: C:\Windows\System32\taskhostw.exe
FileVersion: 10.0.26100.5074 (WinBuild.160101.0800)
Description: Host Process for Windows Tasks
Product: Microsoft? Windows? Operating System
Company: Microsoft Corporation
OriginalFileName: taskhostw.exe
CommandLine: taskhostw.exe network
CurrentDirectory: C:\WINDOWS\system32\
User: NT AUTHORITY\NETWORK SERVICE
LogonGuid: {8bb50d47-11dd-694d-e403-000000000000}
LogonId: 0x3E4
TerminalSessionId: 0
IntegrityLevel: System
Hashes: MD5=AD050ED052AFF11737AE0A25AED89799,SHA256=818C6876E1028AB2B94E45B3CC45102CD83204803537D94263A9B7A6B6583D4B,IMPHASH=2196268E7A2880E3ADC74481297D0C4B
ParentProcessGuid: {8bb50d47-11e0-694d-1c00-000000000c00}
ParentProcessId: 1424
ParentImage: C:\Windows\System32\svchost.exe
ParentCommandLine: C:\WINDOWS\system32\svchost.exe -k netsvcs -p -s Schedule
ParentUser: NT AUTHORITY\SYSTEM","1","5",,"4","1","0","-9223372036854775808","2375","Microsoft-Windows-Sysmon","5770385f-c22a-43e0-bf4c-06f5698ffbd9","Microsoft-Windows-Sysmon/Operational","3580","4288","Windows11","S-1-5-18","12/25/2025 5:46:07 PM",,,"Microsoft-Windows-Sysmon/Operational","System.UInt32[]","System.Diagnostics.Eventing.Reader.EventBookmark","Information","Info","File created (rule: FileCreate)","System.Collections.ObjectModel.ReadOnlyCollection`1[System.String]","System.Collections.Generic.List`1[System.Diagnostics.Eventing.Reader.EventProperty]"
"Process Create:
RuleName: -
UtcTime: 2025-12-25 16:46:06.541
ProcessGuid: {8bb50d47-6a4e-694d-6202-000000000c00}
ProcessId: 7972
Image: C:\Windows\System32\taskhostw.exe
FileVersion: 10.0.26100.5074 (WinBuild.160101.0800)
Description: Host Process for Windows Tasks
Product: Microsoft? Windows? Operating System
Company: Microsoft Corporation
OriginalFileName: taskhostw.exe
CommandLine: taskhostw.exe
CurrentDirectory: C:\WINDOWS\system32\
User: NT AUTHORITY\SYSTEM
LogonGuid: {8bb50d47-11d7-694d-e703-000000000000}
LogonId: 0x3E7
TerminalSessionId: 0
IntegrityLevel: System
Hashes: MD5=AD050ED052AFF11737AE0A25AED89799,SHA256=818C6876E1028AB2B94E45B3CC45102CD83204803537D94263A9B7A6B6583D4B,IMPHASH=2196268E7A2880E3ADC74481297D0C4B
ParentProcessGuid: {8bb50d47-11e0-694d-1c00-000000000c00}
ParentProcessId: 1424
ParentImage: C:\Windows\System32\svchost.exe
ParentCommandLine: C:\WINDOWS\system32\svchost.exe -k netsvcs -p -s Schedule
ParentUser: NT AUTHORITY\SYSTEM","1","5",,"4","1","0","-9223372036854775808","2374","Microsoft-Windows-Sysmon","5770385f-c22a-43e0-bf4c-06f5698ffbd9","Microsoft-Windows-Sysmon/Operational","3580","4288","Windows11","S-1-5-18","12/25/2025 5:46:06 PM",,,"Microsoft-Windows-Sysmon/Operational","System.UInt32[]","System.Diagnostics.Eventing.Reader.EventBookmark","Information","Info","File created (rule: FileCreate)","System.Collections.ObjectModel.ReadOnlyCollection`1[System.String]","System.Collections.Generic.List`1[System.Diagnostics.Eventing.Reader.EventProperty]"
"Process Create:
RuleName: -
UtcTime: 2025-12-25 16:46:05.324
ProcessGuid: {8bb50d47-6a4d-694d-6002-000000000c00}
ProcessId: 9064
Image: C:\Windows\System32\sc.exe
FileVersion: 10.0.26100.4484 (WinBuild.160101.0800)
Description: Service Control Manager Configuration Tool
Product: Microsoft? Windows? Operating System
Company: Microsoft Corporation
OriginalFileName: sc.exe
CommandLine: ""C:\WINDOWS\system32\sc.exe"" start InventorySvc
CurrentDirectory: C:\WINDOWS\system32\
User: NT AUTHORITY\SYSTEM
LogonGuid: {8bb50d47-11d7-694d-e703-000000000000}
LogonId: 0x3E7
TerminalSessionId: 0
IntegrityLevel: System
Hashes: MD5=C8F632A326219F85927B3F33A13F7C7D,SHA256=A452BFCB6000D03942DDFADDCDA5A7EB121447ED99B1BA090446B4A989F1F7AE,IMPHASH=42DADBD60BBC453DD1773FDC089E19B7
ParentProcessGuid: {8bb50d47-11e0-694d-1c00-000000000c00}
ParentProcessId: 1424
ParentImage: C:\Windows\System32\svchost.exe
ParentCommandLine: C:\WINDOWS\system32\svchost.exe -k netsvcs -p -s Schedule
ParentUser: NT AUTHORITY\SYSTEM","1","5",,"4","1","0","-9223372036854775808","2373","Microsoft-Windows-Sysmon","5770385f-c22a-43e0-bf4c-06f5698ffbd9","Microsoft-Windows-Sysmon/Operational","3580","4288","Windows11","S-1-5-18","12/25/2025 5:46:06 PM",,,"Microsoft-Windows-Sysmon/Operational","System.UInt32[]","System.Diagnostics.Eventing.Reader.EventBookmark","Information","Info","File created (rule: FileCreate)","System.Collections.ObjectModel.ReadOnlyCollection`1[System.String]","System.Collections.Generic.List`1[System.Diagnostics.Eventing.Reader.EventProperty]"
"Process Create:
RuleName: -
UtcTime: 2025-12-25 16:46:05.121
ProcessGuid: {8bb50d47-6a4d-694d-5f02-000000000c00}
ProcessId: 8636
Image: C:\Windows\System32\UsoClient.exe
FileVersion: 10.0.26100.5074 (WinBuild.160101.0800)
Description: UsoClient
Product: Microsoft? Windows? Operating System
Company: Microsoft Corporation
OriginalFileName: UsoClient
CommandLine: ""C:\WINDOWS\system32\usoclient.exe"" StartScan
CurrentDirectory: C:\WINDOWS\system32\
User: NT AUTHORITY\SYSTEM
LogonGuid: {8bb50d47-11d7-694d-e703-000000000000}
LogonId: 0x3E7
TerminalSessionId: 0
IntegrityLevel: System
Hashes: MD5=C585B2D320072B9D51C88408A2412D19,SHA256=000B2F56A613C8DA761699A18E4ED06C63388D9F26BD9198D036DCD80643B11F,IMPHASH=1BC6441172601AD7E84C0082681FF7D2
ParentProcessGuid: {8bb50d47-11e0-694d-1c00-000000000c00}
ParentProcessId: 1424
ParentImage: C:\Windows\System32\svchost.exe
ParentCommandLine: C:\WINDOWS\system32\svchost.exe -k netsvcs -p -s Schedule
ParentUser: NT AUTHORITY\SYSTEM","1","5",,"4","1","0","-9223372036854775808","2372","Microsoft-Windows-Sysmon","5770385f-c22a-43e0-bf4c-06f5698ffbd9","Microsoft-Windows-Sysmon/Operational","3580","4288","Windows11","S-1-5-18","12/25/2025 5:46:06 PM",,,"Microsoft-Windows-Sysmon/Operational","System.UInt32[]","System.Diagnostics.Eventing.Reader.EventBookmark","Information","Info","File created (rule: FileCreate)","System.Collections.ObjectModel.ReadOnlyCollection`1[System.String]","System.Collections.Generic.List`1[System.Diagnostics.Eventing.Reader.EventProperty]"
"Process Create:
RuleName: -
UtcTime: 2025-12-25 16:46:04.776
ProcessGuid: {8bb50d47-6a4c-694d-5e02-000000000c00}
ProcessId: 1696
Image: C:\Windows\System32\PickerHost.exe
FileVersion: 10.0.26100.5074 (WinBuild.160101.0800)
Description: File Picker UI Host
Product: Microsoft? Windows? Operating System
Company: Microsoft Corporation
OriginalFileName: PickerHost.exe
CommandLine: C:\Windows\System32\PickerHost.exe -Embedding
CurrentDirectory: C:\WINDOWS\system32\
User: WINDOWS11\Yomi
LogonGuid: {8bb50d47-11ef-694d-0419-020000000000}
LogonId: 0x21904
TerminalSessionId: 1
IntegrityLevel: Medium
Hashes: MD5=31F2ED79E606C41317B19ABB2E3EDAB3,SHA256=E3E3BAE797FB48A67B387CBAC8DEA0B081584A9D3972EC9FC247B7D9BA0C11C9,IMPHASH=A29C838752203A952CED99FCD67FC0FE
ParentProcessGuid: {8bb50d47-11db-694d-0f00-000000000c00}
ParentProcessId: 560
ParentImage: C:\Windows\System32\svchost.exe
ParentCommandLine: C:\WINDOWS\system32\svchost.exe -k DcomLaunch -p
ParentUser: NT AUTHORITY\SYSTEM","1","5",,"4","1","0","-9223372036854775808","2371","Microsoft-Windows-Sysmon","5770385f-c22a-43e0-bf4c-06f5698ffbd9","Microsoft-Windows-Sysmon/Operational","3580","4288","Windows11","S-1-5-18","12/25/2025 5:46:04 PM",,,"Microsoft-Windows-Sysmon/Operational","System.UInt32[]","System.Diagnostics.Eventing.Reader.EventBookmark","Information","Info","File created (rule: FileCreate)","System.Collections.ObjectModel.ReadOnlyCollection`1[System.String]","System.Collections.Generic.List`1[System.Diagnostics.Eventing.Reader.EventProperty]"
"Process Create:
RuleName: -
UtcTime: 2025-12-25 16:46:04.473
ProcessGuid: {8bb50d47-6a4c-694d-5d02-000000000c00}
ProcessId: 4000
Image: C:\Windows\System32\wermgr.exe
FileVersion: 10.0.26100.5074 (WinBuild.160101.0800)
Description: Windows Problem Reporting
Product: Microsoft? Windows? Operating System
Company: Microsoft Corporation
OriginalFileName: WerMgr
CommandLine: ""C:\WINDOWS\system32\wermgr.exe"" -upload
CurrentDirectory: C:\WINDOWS\system32\
User: NT AUTHORITY\SYSTEM
LogonGuid: {8bb50d47-11d7-694d-e703-000000000000}
LogonId: 0x3E7
TerminalSessionId: 0
IntegrityLevel: System
Hashes: MD5=7A8EA86F4C769DB46BD9554EC8277065,SHA256=1625290EF1DFF2082BCA7D3995A1ACD20BA641B7277DB30659CCC8D3094C4B87,IMPHASH=AB300DEDE19E5162BAE0307BEBC2C7FE
ParentProcessGuid: {8bb50d47-11e0-694d-1c00-000000000c00}
ParentProcessId: 1424
ParentImage: C:\Windows\System32\svchost.exe
ParentCommandLine: C:\WINDOWS\system32\svchost.exe -k netsvcs -p -s Schedule
ParentUser: NT AUTHORITY\SYSTEM","1","5",,"4","1","0","-9223372036854775808","2370","Microsoft-Windows-Sysmon","5770385f-c22a-43e0-bf4c-06f5698ffbd9","Microsoft-Windows-Sysmon/Operational","3580","4288","Windows11","S-1-5-18","12/25/2025 5:46:04 PM",,,"Microsoft-Windows-Sysmon/Operational","System.UInt32[]","System.Diagnostics.Eventing.Reader.EventBookmark","Information","Info","File created (rule: FileCreate)","System.Collections.ObjectModel.ReadOnlyCollection`1[System.String]","System.Collections.Generic.List`1[System.Diagnostics.Eventing.Reader.EventProperty]"
"Process Create:
RuleName: -
UtcTime: 2025-12-25 16:44:27.273
ProcessGuid: {8bb50d47-69eb-694d-5902-000000000c00}
ProcessId: 4964
Image: C:\Windows\UUS\Packages\Preview\amd64\MoUsoCoreWorker.exe
FileVersion: 1505.2508.4072.0
Description: MoUSO Core Worker Process
Product: Microsoft? Windows? Operating System
Company: Microsoft Corporation
OriginalFileName: MoUSOCoreWorker.exe
CommandLine: ""C:\WINDOWS\uus\packages\preview\AMD64\MoUsoCoreWorker.exe"" useprivatenamespaces
CurrentDirectory: C:\WINDOWS\system32\
User: NT AUTHORITY\SYSTEM
LogonGuid: {8bb50d47-11d7-694d-e703-000000000000}
LogonId: 0x3E7
TerminalSessionId: 0
IntegrityLevel: System
Hashes: MD5=2DAC73875399E9A897E9B821A6073E31,SHA256=262B106FC45ABA45A102F2993FE13B86A5980A0FE0F56EF97B596FC5F345DA2B,IMPHASH=D94209F29DF7A71A8E58B98404380E33
ParentProcessGuid: {8bb50d47-12c6-694d-b900-000000000c00}
ParentProcessId: 5240
ParentImage: C:\Windows\System32\svchost.exe
ParentCommandLine: C:\WINDOWS\system32\svchost.exe -k netsvcs -p -s UsoSvc
ParentUser: NT AUTHORITY\SYSTEM","1","5",,"4","1","0","-9223372036854775808","2369","Microsoft-Windows-Sysmon","5770385f-c22a-43e0-bf4c-06f5698ffbd9","Microsoft-Windows-Sysmon/Operational","3580","4288","Windows11","S-1-5-18","12/25/2025 5:45:52 PM",,,"Microsoft-Windows-Sysmon/Operational","System.UInt32[]","System.Diagnostics.Eventing.Reader.EventBookmark","Information","Info","File created (rule: FileCreate)","System.Collections.ObjectModel.ReadOnlyCollection`1[System.String]","System.Collections.Generic.List`1[System.Diagnostics.Eventing.Reader.EventProperty]"
"Registry value set:
RuleName: T1031,T1050
EventType: SetValue
UtcTime: 2025-12-25 16:45:35.594
ProcessGuid: {8bb50d47-11d4-694d-0b00-000000000c00}
ProcessId: 856
Image: C:\WINDOWS\system32\services.exe
TargetObject: HKLM\System\CurrentControlSet\Services\WdNisDrv\Start
Details: DWORD (0x00000003)
User: NT AUTHORITY\SYSTEM","13","2",,"4","13","0","-9223372036854775808","2368","Microsoft-Windows-Sysmon","5770385f-c22a-43e0-bf4c-06f5698ffbd9","Microsoft-Windows-Sysmon/Operational","3580","4288","Windows11","S-1-5-18","12/25/2025 5:45:50 PM",,,"Microsoft-Windows-Sysmon/Operational","System.UInt32[]","System.Diagnostics.Eventing.Reader.EventBookmark","Information","Info","File created (rule: FileCreate)","System.Collections.ObjectModel.ReadOnlyCollection`1[System.String]","System.Collections.Generic.List`1[System.Diagnostics.Eventing.Reader.EventProperty]"
"File created:
RuleName: -
UtcTime: 2025-12-25 16:44:28.062
ProcessGuid: {8bb50d47-11ef-694d-3700-000000000c00}
ProcessId: 2744
Image: C:\WINDOWS\System32\svchost.exe
TargetFilename: C:\Windows\SERVIC~1\LOCALS~1\AppData\Local\Temp\dbb8bb5f-9638-443d-9cdc-ea3307d2a041.dmp
CreationUtcTime: 2025-12-25 16:44:28.036
User: NT AUTHORITY\SYSTEM","11","2",,"4","11","0","-9223372036854775808","2367","Microsoft-Windows-Sysmon","5770385f-c22a-43e0-bf4c-06f5698ffbd9","Microsoft-Windows-Sysmon/Operational","3580","4288","Windows11","S-1-5-18","12/25/2025 5:45:45 PM",,,"Microsoft-Windows-Sysmon/Operational","System.UInt32[]","System.Diagnostics.Eventing.Reader.EventBookmark","Information","Info","File created (rule: FileCreate)","System.Collections.ObjectModel.ReadOnlyCollection`1[System.String]","System.Collections.Generic.List`1[System.Diagnostics.Eventing.Reader.EventProperty]"
"Dns query:
RuleName: -
UtcTime: 2025-12-25 13:48:49.802
ProcessGuid: {8bb50d47-11f7-694d-3e00-000000000c00}
ProcessId: 3088
QueryName: WINDOWS11
QueryStatus: 0
QueryResults: 10.0.2.15;
Image: C:\Windows\System32\spoolsv.exe
User: NT AUTHORITY\SYSTEM","22","5",,"4","22","0","-9223372036854775808","2366","Microsoft-Windows-Sysmon","5770385f-c22a-43e0-bf4c-06f5698ffbd9","Microsoft-Windows-Sysmon/Operational","3580","4340","Windows11","S-1-5-18","12/25/2025 5:13:49 PM",,,"Microsoft-Windows-Sysmon/Operational","System.UInt32[]","System.Diagnostics.Eventing.Reader.EventBookmark","Information","Info","File created (rule: FileCreate)","System.Collections.ObjectModel.ReadOnlyCollection`1[System.String]","System.Collections.Generic.List`1[System.Diagnostics.Eventing.Reader.EventProperty]"
"Process Create:
RuleName: -
UtcTime: 2025-12-25 15:16:35.510
ProcessGuid: {8bb50d47-5553-694d-5702-000000000c00}
ProcessId: 8620
Image: C:\Windows\System32\taskhostw.exe
FileVersion: 10.0.26100.5074 (WinBuild.160101.0800)
Description: Host Process for Windows Tasks
Product: Microsoft? Windows? Operating System
Company: Microsoft Corporation
OriginalFileName: taskhostw.exe
CommandLine: taskhostw.exe ""C:\ProgramData\Microsoft\Windows Defender\Platform\4.18.25110.6-0\MpCmdRun.exe"" Scan -ScheduleJob -ScanTrigger 55 -IdleScheduledJob
CurrentDirectory: C:\WINDOWS\system32\
User: NT AUTHORITY\SYSTEM
LogonGuid: {8bb50d47-11d7-694d-e703-000000000000}
LogonId: 0x3E7
TerminalSessionId: 0
IntegrityLevel: System
Hashes: MD5=AD050ED052AFF11737AE0A25AED89799,SHA256=818C6876E1028AB2B94E45B3CC45102CD83204803537D94263A9B7A6B6583D4B,IMPHASH=2196268E7A2880E3ADC74481297D0C4B
ParentProcessGuid: {8bb50d47-11e0-694d-1c00-000000000c00}
ParentProcessId: 1424
ParentImage: C:\Windows\System32\svchost.exe
ParentCommandLine: C:\WINDOWS\system32\svchost.exe -k netsvcs -p -s Schedule
ParentUser: NT AUTHORITY\SYSTEM","1","5",,"4","1","0","-9223372036854775808","2365","Microsoft-Windows-Sysmon","5770385f-c22a-43e0-bf4c-06f5698ffbd9","Microsoft-Windows-Sysmon/Operational","3580","4288","Windows11","S-1-5-18","12/25/2025 4:16:36 PM",,,"Microsoft-Windows-Sysmon/Operational","System.UInt32[]","System.Diagnostics.Eventing.Reader.EventBookmark","Information","Info","File created (rule: FileCreate)","System.Collections.ObjectModel.ReadOnlyCollection`1[System.String]","System.Collections.Generic.List`1[System.Diagnostics.Eventing.Reader.EventProperty]"
"Process Create:
