RuleName: -
UtcTime: 2025-12-25 10:30:24.072
ProcessGuid: {8bb50d47-1240-694d-6700-000000000c00}
ProcessId: 276
Image: C:\Windows\System32\wevtutil.exe
FileVersion: 10.0.26100.1150 (WinBuild.160101.0800)
Description: Windows Event Log Utility
Product: Microsoft? Windows? Operating System
Company: Microsoft Corporation
OriginalFileName: wevtutil.exe
CommandLine: C:\WINDOWS\system32\wevtutil.exe uninstall-manifest ""C:\ProgramData\Microsoft\Windows Defender\Platform\4.18.25110.6-0\Microsoft-Antimalware-NIS.man""
CurrentDirectory: C:\WINDOWS\system32\
User: NT AUTHORITY\SYSTEM
LogonGuid: {8bb50d47-11d7-694d-e703-000000000000}
LogonId: 0x3E7
TerminalSessionId: 0
IntegrityLevel: System
Hashes: MD5=AF54D4FA49CD679D47064D30BD1B7641,SHA256=0EA582D5A4EB48096B40C2F7A102E465DAEA69C816C8FAEA481B68D8FD0929D5,IMPHASH=9D0B0164498DEE3DA72DF328E7AE8C0B
ParentProcessGuid: {8bb50d47-11fd-694d-4b00-000000000c00}
ParentProcessId: 3512
ParentImage: C:\ProgramData\Microsoft\Windows Defender\Platform\4.18.25110.6-0\MsMpEng.exe
ParentCommandLine: ""C:\ProgramData\Microsoft\Windows Defender\Platform\4.18.25110.6-0\MsMpEng.exe""
ParentUser: NT AUTHORITY\SYSTEM","1","5",,"4","1","0","-9223372036854775808","1882","Microsoft-Windows-Sysmon","5770385f-c22a-43e0-bf4c-06f5698ffbd9","Microsoft-Windows-Sysmon/Operational","3580","4288","Windows11","S-1-5-18","12/25/2025 11:30:24 AM",,,"Microsoft-Windows-Sysmon/Operational","System.UInt32[]","System.Diagnostics.Eventing.Reader.EventBookmark","Information","Info","File created (rule: FileCreate)","System.Collections.ObjectModel.ReadOnlyCollection`1[System.String]","System.Collections.Generic.List`1[System.Diagnostics.Eventing.Reader.EventProperty]"
"Dns query:
RuleName: -
UtcTime: 2025-12-25 10:30:14.367
ProcessGuid: {8bb50d47-11ed-694d-3000-000000000c00}
ProcessId: 2448
QueryName: wpad
QueryStatus: 123
QueryResults: -
Image: C:\Windows\System32\svchost.exe
User: NT AUTHORITY\LOCAL SERVICE","22","5",,"4","22","0","-9223372036854775808","1881","Microsoft-Windows-Sysmon","5770385f-c22a-43e0-bf4c-06f5698ffbd9","Microsoft-Windows-Sysmon/Operational","3580","4340","Windows11","S-1-5-18","12/25/2025 11:30:22 AM",,,"Microsoft-Windows-Sysmon/Operational","System.UInt32[]","System.Diagnostics.Eventing.Reader.EventBookmark","Information","Info","File created (rule: FileCreate)","System.Collections.ObjectModel.ReadOnlyCollection`1[System.String]","System.Collections.Generic.List`1[System.Diagnostics.Eventing.Reader.EventProperty]"
"Process Create:
RuleName: -
UtcTime: 2025-12-25 10:30:21.905
ProcessGuid: {8bb50d47-123d-694d-6500-000000000c00}
ProcessId: 888
Image: C:\Windows\System32\wevtutil.exe
FileVersion: 10.0.26100.1150 (WinBuild.160101.0800)
Description: Windows Event Log Utility
Product: Microsoft? Windows? Operating System
Company: Microsoft Corporation
OriginalFileName: wevtutil.exe
CommandLine: C:\WINDOWS\system32\wevtutil.exe install-manifest ""C:\ProgramData\Microsoft\Windows Defender\Platform\4.18.25110.6-0\Microsoft-Antimalware-Service.man"" ""/resourceFilePath:C:\ProgramData\Microsoft\Windows Defender\Platform\4.18.25110.6-0\MpSvc.dll"" ""/messageFilePath:C:\ProgramData\Microsoft\Windows Defender\Platform\4.18.25110.6-0\MpSvc.dll"" ""/parameterFilePath:C:\ProgramData\Microsoft\Windows Defender\Platform\4.18.25110.6-0\MpSvc.dll""
CurrentDirectory: C:\WINDOWS\system32\
User: NT AUTHORITY\SYSTEM
LogonGuid: {8bb50d47-11d7-694d-e703-000000000000}
LogonId: 0x3E7
TerminalSessionId: 0
IntegrityLevel: System
Hashes: MD5=AF54D4FA49CD679D47064D30BD1B7641,SHA256=0EA582D5A4EB48096B40C2F7A102E465DAEA69C816C8FAEA481B68D8FD0929D5,IMPHASH=9D0B0164498DEE3DA72DF328E7AE8C0B
ParentProcessGuid: {8bb50d47-11fd-694d-4b00-000000000c00}
ParentProcessId: 3512
ParentImage: C:\ProgramData\Microsoft\Windows Defender\Platform\4.18.25110.6-0\MsMpEng.exe
ParentCommandLine: ""C:\ProgramData\Microsoft\Windows Defender\Platform\4.18.25110.6-0\MsMpEng.exe""
ParentUser: NT AUTHORITY\SYSTEM","1","5",,"4","1","0","-9223372036854775808","1880","Microsoft-Windows-Sysmon","5770385f-c22a-43e0-bf4c-06f5698ffbd9","Microsoft-Windows-Sysmon/Operational","3580","4288","Windows11","S-1-5-18","12/25/2025 11:30:21 AM",,,"Microsoft-Windows-Sysmon/Operational","System.UInt32[]","System.Diagnostics.Eventing.Reader.EventBookmark","Information","Info","File created (rule: FileCreate)","System.Collections.ObjectModel.ReadOnlyCollection`1[System.String]","System.Collections.Generic.List`1[System.Diagnostics.Eventing.Reader.EventProperty]"
"Process Create:
RuleName: -
UtcTime: 2025-12-25 10:30:17.610
ProcessGuid: {8bb50d47-1239-694d-6300-000000000c00}
ProcessId: 5020
Image: C:\Windows\System32\wevtutil.exe
FileVersion: 10.0.26100.1150 (WinBuild.160101.0800)
Description: Windows Event Log Utility
Product: Microsoft? Windows? Operating System
Company: Microsoft Corporation
OriginalFileName: wevtutil.exe
CommandLine: C:\WINDOWS\system32\wevtutil.exe uninstall-manifest ""C:\ProgramData\Microsoft\Windows Defender\Platform\4.18.25110.6-0\Microsoft-Antimalware-Service.man""
CurrentDirectory: C:\WINDOWS\system32\
User: NT AUTHORITY\SYSTEM
LogonGuid: {8bb50d47-11d7-694d-e703-000000000000}
LogonId: 0x3E7
TerminalSessionId: 0
IntegrityLevel: System
Hashes: MD5=AF54D4FA49CD679D47064D30BD1B7641,SHA256=0EA582D5A4EB48096B40C2F7A102E465DAEA69C816C8FAEA481B68D8FD0929D5,IMPHASH=9D0B0164498DEE3DA72DF328E7AE8C0B
ParentProcessGuid: {8bb50d47-11fd-694d-4b00-000000000c00}
ParentProcessId: 3512
ParentImage: C:\ProgramData\Microsoft\Windows Defender\Platform\4.18.25110.6-0\MsMpEng.exe
ParentCommandLine: ""C:\ProgramData\Microsoft\Windows Defender\Platform\4.18.25110.6-0\MsMpEng.exe""
ParentUser: NT AUTHORITY\SYSTEM","1","5",,"4","1","0","-9223372036854775808","1879","Microsoft-Windows-Sysmon","5770385f-c22a-43e0-bf4c-06f5698ffbd9","Microsoft-Windows-Sysmon/Operational","3580","4288","Windows11","S-1-5-18","12/25/2025 11:30:17 AM",,,"Microsoft-Windows-Sysmon/Operational","System.UInt32[]","System.Diagnostics.Eventing.Reader.EventBookmark","Information","Info","File created (rule: FileCreate)","System.Collections.ObjectModel.ReadOnlyCollection`1[System.String]","System.Collections.Generic.List`1[System.Diagnostics.Eventing.Reader.EventProperty]"
"Process Create:
RuleName: -
UtcTime: 2025-12-25 10:30:14.677
ProcessGuid: {8bb50d47-1236-694d-6100-000000000c00}
ProcessId: 4996
Image: C:\Windows\SysWOW64\WindowsPowerShell\v1.0\powershell.exe
FileVersion: 10.0.26100.5074 (WinBuild.160101.0800)
Description: Windows PowerShell
Product: Microsoft? Windows? Operating System
Company: Microsoft Corporation
OriginalFileName: PowerShell.EXE
CommandLine: powershell secedit /export /cfg $env:TEMP\secpol.cfg; Get-Content $env:TEMP\secpol.cfg | Select-String ""PasswordHistorySize""; Remove-Item $env:TEMP\secpol.cfg
CurrentDirectory: C:\Program Files (x86)\ossec-agent\
User: NT AUTHORITY\SYSTEM
LogonGuid: {8bb50d47-11d7-694d-e703-000000000000}
LogonId: 0x3E7
TerminalSessionId: 0
IntegrityLevel: System
Hashes: MD5=0CB6529404FAEF431547CFF590744553,SHA256=3BFEDAAA40D9E19E45A3EE10C0F14B1750B01619EBB9F39BE3865BCFDACDD2E5,IMPHASH=9F91C97560360686D37B0E311BB8BD64
ParentProcessGuid: {8bb50d47-11fe-694d-4c00-000000000c00}
ParentProcessId: 3552
ParentImage: C:\Program Files (x86)\ossec-agent\wazuh-agent.exe
ParentCommandLine: ""C:\Program Files (x86)\ossec-agent\wazuh-agent.exe""
ParentUser: NT AUTHORITY\SYSTEM","1","5",,"4","1","0","-9223372036854775808","1878","Microsoft-Windows-Sysmon","5770385f-c22a-43e0-bf4c-06f5698ffbd9","Microsoft-Windows-Sysmon/Operational","3580","4288","Windows11","S-1-5-18","12/25/2025 11:30:14 AM",,,"Microsoft-Windows-Sysmon/Operational","System.UInt32[]","System.Diagnostics.Eventing.Reader.EventBookmark","Information","Info","File created (rule: FileCreate)","System.Collections.ObjectModel.ReadOnlyCollection`1[System.String]","System.Collections.Generic.List`1[System.Diagnostics.Eventing.Reader.EventProperty]"
"Process Create:
RuleName: -
UtcTime: 2025-12-25 10:30:09.234
ProcessGuid: {8bb50d47-1231-694d-6000-000000000c00}
ProcessId: 4956
Image: C:\Windows\System32\taskhostw.exe
FileVersion: 10.0.26100.5074 (WinBuild.160101.0800)
Description: Host Process for Windows Tasks
Product: Microsoft? Windows? Operating System
Company: Microsoft Corporation
OriginalFileName: taskhostw.exe
CommandLine: taskhostw.exe TpmTasks
CurrentDirectory: C:\WINDOWS\system32\
User: NT AUTHORITY\SYSTEM
LogonGuid: {8bb50d47-11d7-694d-e703-000000000000}
LogonId: 0x3E7
TerminalSessionId: 0
IntegrityLevel: System
Hashes: MD5=AD050ED052AFF11737AE0A25AED89799,SHA256=818C6876E1028AB2B94E45B3CC45102CD83204803537D94263A9B7A6B6583D4B,IMPHASH=2196268E7A2880E3ADC74481297D0C4B
ParentProcessGuid: {8bb50d47-11e0-694d-1c00-000000000c00}
ParentProcessId: 1424
ParentImage: C:\Windows\System32\svchost.exe
ParentCommandLine: C:\WINDOWS\system32\svchost.exe -k netsvcs -p -s Schedule
ParentUser: NT AUTHORITY\SYSTEM","1","5",,"4","1","0","-9223372036854775808","1877","Microsoft-Windows-Sysmon","5770385f-c22a-43e0-bf4c-06f5698ffbd9","Microsoft-Windows-Sysmon/Operational","3580","4288","Windows11","S-1-5-18","12/25/2025 11:30:09 AM",,,"Microsoft-Windows-Sysmon/Operational","System.UInt32[]","System.Diagnostics.Eventing.Reader.EventBookmark","Information","Info","File created (rule: FileCreate)","System.Collections.ObjectModel.ReadOnlyCollection`1[System.String]","System.Collections.Generic.List`1[System.Diagnostics.Eventing.Reader.EventProperty]"
"Process Create:
RuleName: -
UtcTime: 2025-12-25 10:30:07.741
ProcessGuid: {8bb50d47-122f-694d-5f00-000000000c00}
ProcessId: 4852
Image: C:\Windows\System32\ctfmon.exe
FileVersion: 10.0.26100.3624 (WinBuild.160101.0800)
Description: CTF Loader
Product: Microsoft? Windows? Operating System
Company: Microsoft Corporation
OriginalFileName: CTFMON.EXE
CommandLine: /QuitInfo:00000000000001B8;000000000000027C; 
CurrentDirectory: C:\WINDOWS\system32\
User: WINDOWS11\Yomi
LogonGuid: {8bb50d47-11ef-694d-0419-020000000000}
LogonId: 0x21904
TerminalSessionId: 1
IntegrityLevel: High
Hashes: MD5=A3E50EF69038B3415A4D75820255A301,SHA256=F219F0975E70935D0BD4898BC568B146603C1D2E07ECE027F5E5B5E4EAD203D5,IMPHASH=B539389D4BE1DD68C8213A539FEB41FB
ParentProcessGuid: {8bb50d47-11e9-694d-2a00-000000000c00}
ParentProcessId: 2100
ParentImage: C:\Windows\System32\svchost.exe
ParentCommandLine: C:\WINDOWS\System32\svchost.exe -k LocalSystemNetworkRestricted -p -s TextInputManagementService
ParentUser: NT AUTHORITY\SYSTEM","1","5",,"4","1","0","-9223372036854775808","1876","Microsoft-Windows-Sysmon","5770385f-c22a-43e0-bf4c-06f5698ffbd9","Microsoft-Windows-Sysmon/Operational","3580","4288","Windows11","S-1-5-18","12/25/2025 11:30:08 AM",,,"Microsoft-Windows-Sysmon/Operational","System.UInt32[]","System.Diagnostics.Eventing.Reader.EventBookmark","Information","Info","File created (rule: FileCreate)","System.Collections.ObjectModel.ReadOnlyCollection`1[System.String]","System.Collections.Generic.List`1[System.Diagnostics.Eventing.Reader.EventProperty]"
"Registry value set:
RuleName: -
EventType: SetValue
UtcTime: 2025-12-25 10:29:57.345
ProcessGuid: {8bb50d47-1220-694d-5c00-000000000c00}
ProcessId: 4632
Image: C:\WINDOWS\system32\wevtutil.exe
TargetObject: HKLM\SOFTWARE\Microsoft\Windows\CurrentVersion\WINEVT\Channels\Microsoft-Windows-Windows Defender/WHC\Type
Details: DWORD (0x00000001)
User: NT AUTHORITY\SYSTEM","13","2",,"4","13","0","-9223372036854775808","1875","Microsoft-Windows-Sysmon","5770385f-c22a-43e0-bf4c-06f5698ffbd9","Microsoft-Windows-Sysmon/Operational","3580","4288","Windows11","S-1-5-18","12/25/2025 11:29:57 AM",,,"Microsoft-Windows-Sysmon/Operational","System.UInt32[]","System.Diagnostics.Eventing.Reader.EventBookmark","Information","Info","File created (rule: FileCreate)","System.Collections.ObjectModel.ReadOnlyCollection`1[System.String]","System.Collections.Generic.List`1[System.Diagnostics.Eventing.Reader.EventProperty]"
"Registry value set:
RuleName: -
EventType: SetValue
UtcTime: 2025-12-25 10:29:57.345
ProcessGuid: {8bb50d47-1220-694d-5c00-000000000c00}
ProcessId: 4632
Image: C:\WINDOWS\system32\wevtutil.exe
TargetObject: HKLM\SOFTWARE\Microsoft\Windows\CurrentVersion\WINEVT\Channels\Microsoft-Windows-Windows Defender/WHC\MaxSizeUpper
Details: DWORD (0x00000000)
User: NT AUTHORITY\SYSTEM","13","2",,"4","13","0","-9223372036854775808","1874","Microsoft-Windows-Sysmon","5770385f-c22a-43e0-bf4c-06f5698ffbd9","Microsoft-Windows-Sysmon/Operational","3580","4288","Windows11","S-1-5-18","12/25/2025 11:29:57 AM",,,"Microsoft-Windows-Sysmon/Operational","System.UInt32[]","System.Diagnostics.Eventing.Reader.EventBookmark","Information","Info","File created (rule: FileCreate)","System.Collections.ObjectModel.ReadOnlyCollection`1[System.String]","System.Collections.Generic.List`1[System.Diagnostics.Eventing.Reader.EventProperty]"
"Registry value set:
RuleName: -
EventType: SetValue
UtcTime: 2025-12-25 10:29:57.345
ProcessGuid: {8bb50d47-1220-694d-5c00-000000000c00}
ProcessId: 4632
Image: C:\WINDOWS\system32\wevtutil.exe
TargetObject: HKLM\SOFTWARE\Microsoft\Windows\CurrentVersion\WINEVT\Channels\Microsoft-Windows-Windows Defender/WHC\MaxSize
Details: DWORD (0x00040000)
User: NT AUTHORITY\SYSTEM","13","2",,"4","13","0","-9223372036854775808","1873","Microsoft-Windows-Sysmon","5770385f-c22a-43e0-bf4c-06f5698ffbd9","Microsoft-Windows-Sysmon/Operational","3580","4288","Windows11","S-1-5-18","12/25/2025 11:29:57 AM",,,"Microsoft-Windows-Sysmon/Operational","System.UInt32[]","System.Diagnostics.Eventing.Reader.EventBookmark","Information","Info","File created (rule: FileCreate)","System.Collections.ObjectModel.ReadOnlyCollection`1[System.String]","System.Collections.Generic.List`1[System.Diagnostics.Eventing.Reader.EventProperty]"
"Registry value set:
RuleName: -
EventType: SetValue
UtcTime: 2025-12-25 10:29:57.345
ProcessGuid: {8bb50d47-1220-694d-5c00-000000000c00}
ProcessId: 4632
Image: C:\WINDOWS\system32\wevtutil.exe
TargetObject: HKLM\SOFTWARE\Microsoft\Windows\CurrentVersion\WINEVT\Channels\Microsoft-Windows-Windows Defender/WHC\ChannelAccess
Details: O:BAG:SYD:(A;;0xf0007;;;SY)(A;;0x7;;;BA)(A;;0x3;;;BO)(A;;0x5;;;SO)(A;;0x1;;;IU)(A;;0x3;;;SU)(A;;0x1;;;S-1-5-3)(A;;0x2;;;S-1-5-33)(A;;0x1;;;S-1-5-32-573)
User: NT AUTHORITY\SYSTEM","13","2",,"4","13","0","-9223372036854775808","1872","Microsoft-Windows-Sysmon","5770385f-c22a-43e0-bf4c-06f5698ffbd9","Microsoft-Windows-Sysmon/Operational","3580","4288","Windows11","S-1-5-18","12/25/2025 11:29:57 AM",,,"Microsoft-Windows-Sysmon/Operational","System.UInt32[]","System.Diagnostics.Eventing.Reader.EventBookmark","Information","Info","File created (rule: FileCreate)","System.Collections.ObjectModel.ReadOnlyCollection`1[System.String]","System.Collections.Generic.List`1[System.Diagnostics.Eventing.Reader.EventProperty]"
"Registry value set:
RuleName: -
EventType: SetValue
UtcTime: 2025-12-25 10:29:57.345
ProcessGuid: {8bb50d47-1220-694d-5c00-000000000c00}
ProcessId: 4632
Image: C:\WINDOWS\system32\wevtutil.exe
TargetObject: HKLM\SOFTWARE\Microsoft\Windows\CurrentVersion\WINEVT\Channels\Microsoft-Windows-Windows Defender/WHC\Isolation
Details: DWORD (0x00000001)
User: NT AUTHORITY\SYSTEM","13","2",,"4","13","0","-9223372036854775808","1871","Microsoft-Windows-Sysmon","5770385f-c22a-43e0-bf4c-06f5698ffbd9","Microsoft-Windows-Sysmon/Operational","3580","4288","Windows11","S-1-5-18","12/25/2025 11:29:57 AM",,,"Microsoft-Windows-Sysmon/Operational","System.UInt32[]","System.Diagnostics.Eventing.Reader.EventBookmark","Information","Info","File created (rule: FileCreate)","System.Collections.ObjectModel.ReadOnlyCollection`1[System.String]","System.Collections.Generic.List`1[System.Diagnostics.Eventing.Reader.EventProperty]"
"Registry value set:
RuleName: -
EventType: SetValue
UtcTime: 2025-12-25 10:29:57.345
ProcessGuid: {8bb50d47-1220-694d-5c00-000000000c00}
ProcessId: 4632
Image: C:\WINDOWS\system32\wevtutil.exe
TargetObject: HKLM\SOFTWARE\Microsoft\Windows\CurrentVersion\WINEVT\Channels\Microsoft-Windows-Windows Defender/WHC\Enabled
Details: DWORD (0x00000001)
User: NT AUTHORITY\SYSTEM","13","2",,"4","13","0","-9223372036854775808","1870","Microsoft-Windows-Sysmon","5770385f-c22a-43e0-bf4c-06f5698ffbd9","Microsoft-Windows-Sysmon/Operational","3580","4288","Windows11","S-1-5-18","12/25/2025 11:29:57 AM",,,"Microsoft-Windows-Sysmon/Operational","System.UInt32[]","System.Diagnostics.Eventing.Reader.EventBookmark","Information","Info","File created (rule: FileCreate)","System.Collections.ObjectModel.ReadOnlyCollection`1[System.String]","System.Collections.Generic.List`1[System.Diagnostics.Eventing.Reader.EventProperty]"
"Registry value set:
RuleName: -
EventType: SetValue
UtcTime: 2025-12-25 10:29:57.345
ProcessGuid: {8bb50d47-1220-694d-5c00-000000000c00}
ProcessId: 4632
Image: C:\WINDOWS\system32\wevtutil.exe
TargetObject: HKLM\SOFTWARE\Microsoft\Windows\CurrentVersion\WINEVT\Channels\Microsoft-Windows-Windows Defender/WHC\OwningPublisher
Details: {11cd958a-c507-4ef3-b3f2-5fd9dfbd2c78}
User: NT AUTHORITY\SYSTEM","13","2",,"4","13","0","-9223372036854775808","1869","Microsoft-Windows-Sysmon","5770385f-c22a-43e0-bf4c-06f5698ffbd9","Microsoft-Windows-Sysmon/Operational","3580","4288","Windows11","S-1-5-18","12/25/2025 11:29:57 AM",,,"Microsoft-Windows-Sysmon/Operational","System.UInt32[]","System.Diagnostics.Eventing.Reader.EventBookmark","Information","Info","File created (rule: FileCreate)","System.Collections.ObjectModel.ReadOnlyCollection`1[System.String]","System.Collections.Generic.List`1[System.Diagnostics.Eventing.Reader.EventProperty]"
"Registry value set:
RuleName: -
EventType: SetValue
UtcTime: 2025-12-25 10:29:57.345
ProcessGuid: {8bb50d47-1220-694d-5c00-000000000c00}
ProcessId: 4632
Image: C:\WINDOWS\system32\wevtutil.exe
TargetObject: HKLM\SOFTWARE\Microsoft\Windows\CurrentVersion\WINEVT\Channels\Microsoft-Windows-Windows Defender/Operational\Type
Details: DWORD (0x00000001)
User: NT AUTHORITY\SYSTEM","13","2",,"4","13","0","-9223372036854775808","1868","Microsoft-Windows-Sysmon","5770385f-c22a-43e0-bf4c-06f5698ffbd9","Microsoft-Windows-Sysmon/Operational","3580","4288","Windows11","S-1-5-18","12/25/2025 11:29:57 AM",,,"Microsoft-Windows-Sysmon/Operational","System.UInt32[]","System.Diagnostics.Eventing.Reader.EventBookmark","Information","Info","File created (rule: FileCreate)","System.Collections.ObjectModel.ReadOnlyCollection`1[System.String]","System.Collections.Generic.List`1[System.Diagnostics.Eventing.Reader.EventProperty]"
"Registry value set:
RuleName: -
EventType: SetValue
UtcTime: 2025-12-25 10:29:57.345
ProcessGuid: {8bb50d47-1220-694d-5c00-000000000c00}
ProcessId: 4632
Image: C:\WINDOWS\system32\wevtutil.exe
TargetObject: HKLM\SOFTWARE\Microsoft\Windows\CurrentVersion\WINEVT\Channels\Microsoft-Windows-Windows Defender/Operational\MaxSizeUpper
Details: DWORD (0x00000000)
User: NT AUTHORITY\SYSTEM","13","2",,"4","13","0","-9223372036854775808","1867","Microsoft-Windows-Sysmon","5770385f-c22a-43e0-bf4c-06f5698ffbd9","Microsoft-Windows-Sysmon/Operational","3580","4288","Windows11","S-1-5-18","12/25/2025 11:29:57 AM",,,"Microsoft-Windows-Sysmon/Operational","System.UInt32[]","System.Diagnostics.Eventing.Reader.EventBookmark","Information","Info","File created (rule: FileCreate)","System.Collections.ObjectModel.ReadOnlyCollection`1[System.String]","System.Collections.Generic.List`1[System.Diagnostics.Eventing.Reader.EventProperty]"
"Registry value set:
RuleName: -
EventType: SetValue
UtcTime: 2025-12-25 10:29:57.345
ProcessGuid: {8bb50d47-1220-694d-5c00-000000000c00}
ProcessId: 4632
Image: C:\WINDOWS\system32\wevtutil.exe
TargetObject: HKLM\SOFTWARE\Microsoft\Windows\CurrentVersion\WINEVT\Channels\Microsoft-Windows-Windows Defender/Operational\MaxSize
Details: DWORD (0x01000000)
User: NT AUTHORITY\SYSTEM","13","2",,"4","13","0","-9223372036854775808","1866","Microsoft-Windows-Sysmon","5770385f-c22a-43e0-bf4c-06f5698ffbd9","Microsoft-Windows-Sysmon/Operational","3580","4288","Windows11","S-1-5-18","12/25/2025 11:29:57 AM",,,"Microsoft-Windows-Sysmon/Operational","System.UInt32[]","System.Diagnostics.Eventing.Reader.EventBookmark","Information","Info","File created (rule: FileCreate)","System.Collections.ObjectModel.ReadOnlyCollection`1[System.String]","System.Collections.Generic.List`1[System.Diagnostics.Eventing.Reader.EventProperty]"
"Registry value set:
RuleName: -
EventType: SetValue
UtcTime: 2025-12-25 10:29:57.345
ProcessGuid: {8bb50d47-1220-694d-5c00-000000000c00}
ProcessId: 4632
Image: C:\WINDOWS\system32\wevtutil.exe
TargetObject: HKLM\SOFTWARE\Microsoft\Windows\CurrentVersion\WINEVT\Channels\Microsoft-Windows-Windows Defender/Operational\ChannelAccess
Details: O:BAG:SYD:(A;;0xf0007;;;SY)(A;;0x7;;;BA)(A;;0x3;;;BO)(A;;0x5;;;SO)(A;;0x1;;;IU)(A;;0x3;;;SU)(A;;0x1;;;S-1-5-3)(A;;0x2;;;S-1-5-33)(A;;0x1;;;S-1-5-32-573)
User: NT AUTHORITY\SYSTEM","13","2",,"4","13","0","-9223372036854775808","1865","Microsoft-Windows-Sysmon","5770385f-c22a-43e0-bf4c-06f5698ffbd9","Microsoft-Windows-Sysmon/Operational","3580","4288","Windows11","S-1-5-18","12/25/2025 11:29:57 AM",,,"Microsoft-Windows-Sysmon/Operational","System.UInt32[]","System.Diagnostics.Eventing.Reader.EventBookmark","Information","Info","File created (rule: FileCreate)","System.Collections.ObjectModel.ReadOnlyCollection`1[System.String]","System.Collections.Generic.List`1[System.Diagnostics.Eventing.Reader.EventProperty]"
"Registry value set:
RuleName: -
EventType: SetValue
UtcTime: 2025-12-25 10:29:57.345
ProcessGuid: {8bb50d47-1220-694d-5c00-000000000c00}
ProcessId: 4632
Image: C:\WINDOWS\system32\wevtutil.exe
TargetObject: HKLM\SOFTWARE\Microsoft\Windows\CurrentVersion\WINEVT\Channels\Microsoft-Windows-Windows Defender/Operational\Isolation
Details: DWORD (0x00000001)
User: NT AUTHORITY\SYSTEM","13","2",,"4","13","0","-9223372036854775808","1864","Microsoft-Windows-Sysmon","5770385f-c22a-43e0-bf4c-06f5698ffbd9","Microsoft-Windows-Sysmon/Operational","3580","4288","Windows11","S-1-5-18","12/25/2025 11:29:57 AM",,,"Microsoft-Windows-Sysmon/Operational","System.UInt32[]","System.Diagnostics.Eventing.Reader.EventBookmark","Information","Info","File created (rule: FileCreate)","System.Collections.ObjectModel.ReadOnlyCollection`1[System.String]","System.Collections.Generic.List`1[System.Diagnostics.Eventing.Reader.EventProperty]"
"Registry value set:
RuleName: -
EventType: SetValue
UtcTime: 2025-12-25 10:29:57.345
ProcessGuid: {8bb50d47-1220-694d-5c00-000000000c00}
ProcessId: 4632
Image: C:\WINDOWS\system32\wevtutil.exe
TargetObject: HKLM\SOFTWARE\Microsoft\Windows\CurrentVersion\WINEVT\Channels\Microsoft-Windows-Windows Defender/Operational\Enabled
Details: DWORD (0x00000001)
User: NT AUTHORITY\SYSTEM","13","2",,"4","13","0","-9223372036854775808","1863","Microsoft-Windows-Sysmon","5770385f-c22a-43e0-bf4c-06f5698ffbd9","Microsoft-Windows-Sysmon/Operational","3580","4288","Windows11","S-1-5-18","12/25/2025 11:29:57 AM",,,"Microsoft-Windows-Sysmon/Operational","System.UInt32[]","System.Diagnostics.Eventing.Reader.EventBookmark","Information","Info","File created (rule: FileCreate)","System.Collections.ObjectModel.ReadOnlyCollection`1[System.String]","System.Collections.Generic.List`1[System.Diagnostics.Eventing.Reader.EventProperty]"
"Registry value set:
RuleName: -
EventType: SetValue
UtcTime: 2025-12-25 10:29:57.341
ProcessGuid: {8bb50d47-1220-694d-5c00-000000000c00}
ProcessId: 4632
Image: C:\WINDOWS\system32\wevtutil.exe
TargetObject: HKLM\SOFTWARE\Microsoft\Windows\CurrentVersion\WINEVT\Channels\Microsoft-Windows-Windows Defender/Operational\OwningPublisher
Details: {11cd958a-c507-4ef3-b3f2-5fd9dfbd2c78}
User: NT AUTHORITY\SYSTEM","13","2",,"4","13","0","-9223372036854775808","1862","Microsoft-Windows-Sysmon","5770385f-c22a-43e0-bf4c-06f5698ffbd9","Microsoft-Windows-Sysmon/Operational","3580","4288","Windows11","S-1-5-18","12/25/2025 11:29:57 AM",,,"Microsoft-Windows-Sysmon/Operational","System.UInt32[]","System.Diagnostics.Eventing.Reader.EventBookmark","Information","Info","File created (rule: FileCreate)","System.Collections.ObjectModel.ReadOnlyCollection`1[System.String]","System.Collections.Generic.List`1[System.Diagnostics.Eventing.Reader.EventProperty]"
"Process Create:
RuleName: -
UtcTime: 2025-12-25 10:29:52.564
ProcessGuid: {8bb50d47-1220-694d-5c00-000000000c00}
ProcessId: 4632
Image: C:\Windows\System32\wevtutil.exe
FileVersion: 10.0.26100.1150 (WinBuild.160101.0800)
Description: Windows Event Log Utility
Product: Microsoft? Windows? Operating System
Company: Microsoft Corporation
OriginalFileName: wevtutil.exe
CommandLine: C:\WINDOWS\system32\wevtutil.exe install-manifest ""C:\ProgramData\Microsoft\Windows Defender\Platform\4.18.25110.6-0\Microsoft-Windows-Windows Defender.man"" ""/resourceFilePath:C:\ProgramData\Microsoft\Windows Defender\Platform\4.18.25110.6-0\MpEvMsg.dll"" ""/messageFilePath:C:\ProgramData\Microsoft\Windows Defender\Platform\4.18.25110.6-0\MpEvMsg.dll"" ""/parameterFilePath:C:\ProgramData\Microsoft\Windows Defender\Platform\4.18.25110.6-0\MpEvMsg.dll""
CurrentDirectory: C:\WINDOWS\system32\
User: NT AUTHORITY\SYSTEM
LogonGuid: {8bb50d47-11d7-694d-e703-000000000000}
LogonId: 0x3E7
TerminalSessionId: 0
IntegrityLevel: System
Hashes: MD5=AF54D4FA49CD679D47064D30BD1B7641,SHA256=0EA582D5A4EB48096B40C2F7A102E465DAEA69C816C8FAEA481B68D8FD0929D5,IMPHASH=9D0B0164498DEE3DA72DF328E7AE8C0B
ParentProcessGuid: {8bb50d47-11fd-694d-4b00-000000000c00}
ParentProcessId: 3512
ParentImage: C:\ProgramData\Microsoft\Windows Defender\Platform\4.18.25110.6-0\MsMpEng.exe
ParentCommandLine: ""C:\ProgramData\Microsoft\Windows Defender\Platform\4.18.25110.6-0\MsMpEng.exe""
ParentUser: NT AUTHORITY\SYSTEM","1","5",,"4","1","0","-9223372036854775808","1861","Microsoft-Windows-Sysmon","5770385f-c22a-43e0-bf4c-06f5698ffbd9","Microsoft-Windows-Sysmon/Operational","3580","4288","Windows11","S-1-5-18","12/25/2025 11:29:55 AM",,,"Microsoft-Windows-Sysmon/Operational","System.UInt32[]","System.Diagnostics.Eventing.Reader.EventBookmark","Information","Info","File created (rule: FileCreate)","System.Collections.ObjectModel.ReadOnlyCollection`1[System.String]","System.Collections.Generic.List`1[System.Diagnostics.Eventing.Reader.EventProperty]"
"Registry object added or deleted:
RuleName: -
EventType: DeleteKey
UtcTime: 2025-12-25 10:29:52.018
ProcessGuid: {8bb50d47-1216-694d-5a00-000000000c00}
ProcessId: 4504
Image: C:\WINDOWS\system32\wevtutil.exe
TargetObject: HKLM\SOFTWARE\Microsoft\Windows\CurrentVersion\WINEVT\Channels\Microsoft-Windows-Windows Defender/WHC
User: NT AUTHORITY\SYSTEM","12","2",,"4","12","0","-9223372036854775808","1860","Microsoft-Windows-Sysmon","5770385f-c22a-43e0-bf4c-06f5698ffbd9","Microsoft-Windows-Sysmon/Operational","3580","4288","Windows11","S-1-5-18","12/25/2025 11:29:55 AM",,,"Microsoft-Windows-Sysmon/Operational","System.UInt32[]","System.Diagnostics.Eventing.Reader.EventBookmark","Information","Info","File created (rule: FileCreate)","System.Collections.ObjectModel.ReadOnlyCollection`1[System.String]","System.Collections.Generic.List`1[System.Diagnostics.Eventing.Reader.EventProperty]"
"Registry object added or deleted:
RuleName: -
EventType: DeleteKey
UtcTime: 2025-12-25 10:29:49.914
ProcessGuid: {8bb50d47-1216-694d-5a00-000000000c00}
ProcessId: 4504
Image: C:\WINDOWS\system32\wevtutil.exe
TargetObject: HKLM\SOFTWARE\Microsoft\Windows\CurrentVersion\WINEVT\Channels\Microsoft-Windows-Windows Defender/Operational
User: NT AUTHORITY\SYSTEM","12","2",,"4","12","0","-9223372036854775808","1859","Microsoft-Windows-Sysmon","5770385f-c22a-43e0-bf4c-06f5698ffbd9","Microsoft-Windows-Sysmon/Operational","3580","4288","Windows11","S-1-5-18","12/25/2025 11:29:55 AM",,,"Microsoft-Windows-Sysmon/Operational","System.UInt32[]","System.Diagnostics.Eventing.Reader.EventBookmark","Information","Info","File created (rule: FileCreate)","System.Collections.ObjectModel.ReadOnlyCollection`1[System.String]","System.Collections.Generic.List`1[System.Diagnostics.Eventing.Reader.EventProperty]"
"Process Create:
RuleName: -
UtcTime: 2025-12-25 10:29:42.609
ProcessGuid: {8bb50d47-1216-694d-5a00-000000000c00}
ProcessId: 4504
Image: C:\Windows\System32\wevtutil.exe
FileVersion: 10.0.26100.1150 (WinBuild.160101.0800)
Description: Windows Event Log Utility
Product: Microsoft? Windows? Operating System
Company: Microsoft Corporation
OriginalFileName: wevtutil.exe
CommandLine: C:\WINDOWS\system32\wevtutil.exe uninstall-manifest ""C:\ProgramData\Microsoft\Windows Defender\Platform\4.18.25110.6-0\Microsoft-Windows-Windows Defender.man""
CurrentDirectory: C:\WINDOWS\system32\
User: NT AUTHORITY\SYSTEM
LogonGuid: {8bb50d47-11d7-694d-e703-000000000000}
LogonId: 0x3E7
TerminalSessionId: 0
IntegrityLevel: System
Hashes: MD5=AF54D4FA49CD679D47064D30BD1B7641,SHA256=0EA582D5A4EB48096B40C2F7A102E465DAEA69C816C8FAEA481B68D8FD0929D5,IMPHASH=9D0B0164498DEE3DA72DF328E7AE8C0B
ParentProcessGuid: {8bb50d47-11fd-694d-4b00-000000000c00}
ParentProcessId: 3512
ParentImage: C:\ProgramData\Microsoft\Windows Defender\Platform\4.18.25110.6-0\MsMpEng.exe
ParentCommandLine: ""C:\ProgramData\Microsoft\Windows Defender\Platform\4.18.25110.6-0\MsMpEng.exe""
ParentUser: NT AUTHORITY\SYSTEM","1","5",,"4","1","0","-9223372036854775808","1858","Microsoft-Windows-Sysmon","5770385f-c22a-43e0-bf4c-06f5698ffbd9","Microsoft-Windows-Sysmon/Operational","3580","4288","Windows11","S-1-5-18","12/25/2025 11:29:49 AM",,,"Microsoft-Windows-Sysmon/Operational","System.UInt32[]","System.Diagnostics.Eventing.Reader.EventBookmark","Information","Info","File created (rule: FileCreate)","System.Collections.ObjectModel.ReadOnlyCollection`1[System.String]","System.Collections.Generic.List`1[System.Diagnostics.Eventing.Reader.EventProperty]"
"Process Create:
RuleName: -
UtcTime: 2025-12-25 10:29:35.866
ProcessGuid: {8bb50d47-120f-694d-5700-000000000c00}
ProcessId: 4412
Image: C:\Windows\System32\wevtutil.exe
FileVersion: 10.0.26100.1150 (WinBuild.160101.0800)
Description: Windows Event Log Utility
Product: Microsoft? Windows? Operating System
Company: Microsoft Corporation
OriginalFileName: wevtutil.exe
CommandLine: C:\WINDOWS\system32\wevtutil.exe install-manifest ""C:\ProgramData\Microsoft\Windows Defender\Platform\4.18.25110.6-0\Microsoft-Antimalware-AMFilter.man"" ""/resourceFilePath:C:\ProgramData\Microsoft\Windows Defender\Platform\4.18.25110.6-0\Drivers\WdFilter.sys"" ""/messageFilePath:C:\ProgramData\Microsoft\Windows Defender\Platform\4.18.25110.6-0\Drivers\WdFilter.sys"" ""/parameterFilePath:C:\ProgramData\Microsoft\Windows Defender\Platform\4.18.25110.6-0\Drivers\WdFilter.sys""
CurrentDirectory: C:\WINDOWS\system32\
User: NT AUTHORITY\SYSTEM
LogonGuid: {8bb50d47-11d7-694d-e703-000000000000}
LogonId: 0x3E7
TerminalSessionId: 0
IntegrityLevel: System
Hashes: MD5=AF54D4FA49CD679D47064D30BD1B7641,SHA256=0EA582D5A4EB48096B40C2F7A102E465DAEA69C816C8FAEA481B68D8FD0929D5,IMPHASH=9D0B0164498DEE3DA72DF328E7AE8C0B
ParentProcessGuid: {8bb50d47-11fd-694d-4b00-000000000c00}
ParentProcessId: 3512
ParentImage: C:\ProgramData\Microsoft\Windows Defender\Platform\4.18.25110.6-0\MsMpEng.exe
ParentCommandLine: ""C:\ProgramData\Microsoft\Windows Defender\Platform\4.18.25110.6-0\MsMpEng.exe""
ParentUser: NT AUTHORITY\SYSTEM","1","5",,"4","1","0","-9223372036854775808","1857","Microsoft-Windows-Sysmon","5770385f-c22a-43e0-bf4c-06f5698ffbd9","Microsoft-Windows-Sysmon/Operational","3580","4288","Windows11","S-1-5-18","12/25/2025 11:29:48 AM",,,"Microsoft-Windows-Sysmon/Operational","System.UInt32[]","System.Diagnostics.Eventing.Reader.EventBookmark","Information","Info","File created (rule: FileCreate)","System.Collections.ObjectModel.ReadOnlyCollection`1[System.String]","System.Collections.Generic.List`1[System.Diagnostics.Eventing.Reader.EventProperty]"
"Process Create:
RuleName: -
UtcTime: 2025-12-25 10:29:29.948
ProcessGuid: {8bb50d47-1209-694d-5500-000000000c00}
ProcessId: 4200
Image: C:\Windows\System32\svchost.exe
FileVersion: 10.0.26100.5074 (WinBuild.160101.0800)
Description: Host Process for Windows Services
Product: Microsoft? Windows? Operating System
Company: Microsoft Corporation
OriginalFileName: svchost.exe
CommandLine: C:\WINDOWS\system32\svchost.exe -k netsvcs -p -s TokenBroker
CurrentDirectory: C:\WINDOWS\system32\
User: NT AUTHORITY\SYSTEM
LogonGuid: {8bb50d47-11d7-694d-e703-000000000000}
LogonId: 0x3E7
TerminalSessionId: 0
IntegrityLevel: System
Hashes: MD5=7B88D0896FBF43469A9959D59824A514,SHA256=53A39B900E3BFBF384ACD13F0FC2329FA8D42B61E993D8ED5ADF3A1428005D26,IMPHASH=DE43BD45CC98C143357416C7519ECCFD
ParentProcessGuid: {8bb50d47-11d4-694d-0b00-000000000c00}
ParentProcessId: 856
ParentImage: C:\Windows\System32\services.exe
ParentCommandLine: C:\WINDOWS\system32\services.exe
ParentUser: NT AUTHORITY\SYSTEM","1","5",,"4","1","0","-9223372036854775808","1856","Microsoft-Windows-Sysmon","5770385f-c22a-43e0-bf4c-06f5698ffbd9","Microsoft-Windows-Sysmon/Operational","3580","4288","Windows11","S-1-5-18","12/25/2025 11:29:46 AM",,,"Microsoft-Windows-Sysmon/Operational","System.UInt32[]","System.Diagnostics.Eventing.Reader.EventBookmark","Information","Info","File created (rule: FileCreate)","System.Collections.ObjectModel.ReadOnlyCollection`1[System.String]","System.Collections.Generic.List`1[System.Diagnostics.Eventing.Reader.EventProperty]"
"Process Create:
RuleName: -
UtcTime: 2025-12-25 10:29:28.082
ProcessGuid: {8bb50d47-1208-694d-5300-000000000c00}
ProcessId: 4104
Image: C:\Windows\System32\wevtutil.exe
FileVersion: 10.0.26100.1150 (WinBuild.160101.0800)
Description: Windows Event Log Utility
Product: Microsoft? Windows? Operating System
Company: Microsoft Corporation
OriginalFileName: wevtutil.exe
CommandLine: C:\WINDOWS\system32\wevtutil.exe uninstall-manifest ""C:\ProgramData\Microsoft\Windows Defender\Platform\4.18.25110.6-0\Microsoft-Antimalware-AMFilter.man""
CurrentDirectory: C:\WINDOWS\system32\
User: NT AUTHORITY\SYSTEM
LogonGuid: {8bb50d47-11d7-694d-e703-000000000000}
LogonId: 0x3E7
TerminalSessionId: 0
IntegrityLevel: System
Hashes: MD5=AF54D4FA49CD679D47064D30BD1B7641,SHA256=0EA582D5A4EB48096B40C2F7A102E465DAEA69C816C8FAEA481B68D8FD0929D5,IMPHASH=9D0B0164498DEE3DA72DF328E7AE8C0B
ParentProcessGuid: {8bb50d47-11fd-694d-4b00-000000000c00}
ParentProcessId: 3512
ParentImage: C:\ProgramData\Microsoft\Windows Defender\Platform\4.18.25110.6-0\MsMpEng.exe
ParentCommandLine: ""C:\ProgramData\Microsoft\Windows Defender\Platform\4.18.25110.6-0\MsMpEng.exe""
ParentUser: NT AUTHORITY\SYSTEM","1","5",,"4","1","0","-9223372036854775808","1855","Microsoft-Windows-Sysmon","5770385f-c22a-43e0-bf4c-06f5698ffbd9","Microsoft-Windows-Sysmon/Operational","3580","4288","Windows11","S-1-5-18","12/25/2025 11:29:46 AM",,,"Microsoft-Windows-Sysmon/Operational","System.UInt32[]","System.Diagnostics.Eventing.Reader.EventBookmark","Information","Info","File created (rule: FileCreate)","System.Collections.ObjectModel.ReadOnlyCollection`1[System.String]","System.Collections.Generic.List`1[System.Diagnostics.Eventing.Reader.EventProperty]"
"Registry value set:
RuleName: T1031,T1050
EventType: SetValue
UtcTime: 2025-12-25 10:29:27.210
ProcessGuid: {8bb50d47-11d4-694d-0b00-000000000c00}
ProcessId: 856
Image: C:\WINDOWS\system32\services.exe
TargetObject: HKLM\System\CurrentControlSet\Services\MDCoreSvc\Start
Details: DWORD (0x00000002)
User: NT AUTHORITY\SYSTEM","13","2",,"4","13","0","-9223372036854775808","1854","Microsoft-Windows-Sysmon","5770385f-c22a-43e0-bf4c-06f5698ffbd9","Microsoft-Windows-Sysmon/Operational","3580","4288","Windows11","S-1-5-18","12/25/2025 11:29:44 AM",,,"Microsoft-Windows-Sysmon/Operational","System.UInt32[]","System.Diagnostics.Eventing.Reader.EventBookmark","Information","Info","File created (rule: FileCreate)","System.Collections.ObjectModel.ReadOnlyCollection`1[System.String]","System.Collections.Generic.List`1[System.Diagnostics.Eventing.Reader.EventProperty]"
"Process Create:
RuleName: -
UtcTime: 2025-12-25 10:29:26.458
ProcessGuid: {8bb50d47-1206-694d-5100-000000000c00}
ProcessId: 2880
Image: C:\Windows\System32\wbem\unsecapp.exe
FileVersion: 10.0.26100.5074 (WinBuild.160101.0800)
Description: Sink to receive asynchronous callbacks for WMI client application
Product: Microsoft? Windows? Operating System
Company: Microsoft Corporation
OriginalFileName: unsecapp.dll
CommandLine: C:\WINDOWS\system32\wbem\unsecapp.exe -Embedding
CurrentDirectory: C:\WINDOWS\system32\
User: NT AUTHORITY\SYSTEM
LogonGuid: {8bb50d47-11d7-694d-e703-000000000000}
LogonId: 0x3E7
TerminalSessionId: 0
IntegrityLevel: System
Hashes: MD5=25FF283412B3B46C0B658AF8F7F09900,SHA256=41DA2BCBB07C1673537E62D8E19CE9F4F763983E3FE3DF037A52C2E06AA94ADD,IMPHASH=9656E21ED232DDC034DE628B1E2968AD
ParentProcessGuid: {8bb50d47-11db-694d-0f00-000000000c00}
ParentProcessId: 560
ParentImage: C:\Windows\System32\svchost.exe
ParentCommandLine: C:\WINDOWS\system32\svchost.exe -k DcomLaunch -p
ParentUser: NT AUTHORITY\SYSTEM","1","5",,"4","1","0","-9223372036854775808","1853","Microsoft-Windows-Sysmon","5770385f-c22a-43e0-bf4c-06f5698ffbd9","Microsoft-Windows-Sysmon/Operational","3580","4288","Windows11","S-1-5-18","12/25/2025 11:29:44 AM",,,"Microsoft-Windows-Sysmon/Operational","System.UInt32[]","System.Diagnostics.Eventing.Reader.EventBookmark","Information","Info","File created (rule: FileCreate)","System.Collections.ObjectModel.ReadOnlyCollection`1[System.String]","System.Collections.Generic.List`1[System.Diagnostics.Eventing.Reader.EventProperty]"
"File created:
RuleName: -
UtcTime: 2025-12-25 10:29:25.796
ProcessGuid: {8bb50d47-11fd-694d-4900-000000000c00}
ProcessId: 3480
Image: C:\WINDOWS\system32\svchost.exe
TargetFilename: C:\Windows\System32\wbem\Repository\WRITABLE.TST
CreationUtcTime: 2025-12-25 10:29:25.796
User: NT AUTHORITY\SYSTEM","11","2",,"4","11","0","-9223372036854775808","1852","Microsoft-Windows-Sysmon","5770385f-c22a-43e0-bf4c-06f5698ffbd9","Microsoft-Windows-Sysmon/Operational","3580","4288","Windows11","S-1-5-18","12/25/2025 11:29:44 AM",,,"Microsoft-Windows-Sysmon/Operational","System.UInt32[]","System.Diagnostics.Eventing.Reader.EventBookmark","Information","Info","File created (rule: FileCreate)","System.Collections.ObjectModel.ReadOnlyCollection`1[System.String]","System.Collections.Generic.List`1[System.Diagnostics.Eventing.Reader.EventProperty]"
"Process Create:
RuleName: -
UtcTime: 2025-12-25 10:29:24.086
ProcessGuid: {8bb50d47-1204-694d-4f00-000000000c00}
ProcessId: 3996
Image: C:\Windows\System32\SIHClient.exe
FileVersion: 1450.2508.4042.0
Description: SIH Client
Product: Microsoft? Windows? Operating System
Company: Microsoft Corporation
OriginalFileName: sihclient.exe
CommandLine: C:\WINDOWS\System32\sihclient.exe  /cv JqwG+gzJJk+khek7AUnFNQ.0.1
CurrentDirectory: C:\WINDOWS\system32\
User: NT AUTHORITY\SYSTEM
LogonGuid: {8bb50d47-11d7-694d-e703-000000000000}
LogonId: 0x3E7
TerminalSessionId: 0
IntegrityLevel: System
Hashes: MD5=25CD679E7E27830048B74CD9C2171974,SHA256=30AD5F19CE0DA6F93EC4C01CFA9C2401EAEFA210D12B78B6DFAA040ACF8E2432,IMPHASH=291D9B3B6F60DF8375BE9C8EA6D833E3
ParentProcessGuid: {8bb50d47-11e6-694d-2600-000000000c00}
ParentProcessId: 2020
ParentImage: C:\Windows\System32\upfc.exe
ParentCommandLine: C:\WINDOWS\System32\Upfc.exe /launchtype boot /cv JqwG+gzJJk+khek7AUnFNQ.0
ParentUser: NT AUTHORITY\SYSTEM","1","5",,"4","1","0","-9223372036854775808","1851","Microsoft-Windows-Sysmon","5770385f-c22a-43e0-bf4c-06f5698ffbd9","Microsoft-Windows-Sysmon/Operational","3580","4288","Windows11","S-1-5-18","12/25/2025 11:29:44 AM",,,"Microsoft-Windows-Sysmon/Operational","System.UInt32[]","System.Diagnostics.Eventing.Reader.EventBookmark","Information","Info","File created (rule: FileCreate)","System.Collections.ObjectModel.ReadOnlyCollection`1[System.String]","System.Collections.Generic.List`1[System.Diagnostics.Eventing.Reader.EventProperty]"
"Process Create:
RuleName: -
UtcTime: 2025-12-25 10:29:18.284
ProcessGuid: {8bb50d47-11fe-694d-4d00-000000000c00}
ProcessId: 3580
Image: C:\Windows\Sysmon64.exe
FileVersion: 15.15
Description: System activity monitor
Product: Sysinternals Sysmon
Company: Sysinternals - www.sysinternals.com
OriginalFileName: -
CommandLine: C:\WINDOWS\Sysmon64.exe
CurrentDirectory: C:\WINDOWS\system32\
User: NT AUTHORITY\SYSTEM
LogonGuid: {8bb50d47-11d7-694d-e703-000000000000}
LogonId: 0x3E7
TerminalSessionId: 0
IntegrityLevel: System
Hashes: MD5=7663C565BF28115506CB7EBD1DA389E0,SHA256=D9C8FDFDCE510FD9922DA3A1084B6AC4476C1407D1D8BBB67FC0A61988552771,IMPHASH=A039666F8D08DD16E0909469DA998438
ParentProcessGuid: {8bb50d47-11d4-694d-0b00-000000000c00}
ParentProcessId: 856
ParentImage: C:\Windows\System32\services.exe
ParentCommandLine: C:\WINDOWS\system32\services.exe
ParentUser: NT AUTHORITY\SYSTEM","1","5",,"4","1","0","-9223372036854775808","1850","Microsoft-Windows-Sysmon","5770385f-c22a-43e0-bf4c-06f5698ffbd9","Microsoft-Windows-Sysmon/Operational","3580","4288","Windows11","S-1-5-18","12/25/2025 11:29:44 AM",,,"Microsoft-Windows-Sysmon/Operational","System.UInt32[]","System.Diagnostics.Eventing.Reader.EventBookmark","Information","Info","File created (rule: FileCreate)","System.Collections.ObjectModel.ReadOnlyCollection`1[System.String]","System.Collections.Generic.List`1[System.Diagnostics.Eventing.Reader.EventProperty]"
"Process Create:
RuleName: -
UtcTime: 2025-12-25 10:29:17.165
ProcessGuid: {8bb50d47-11fd-694d-4700-000000000c00}
ProcessId: 3432
Image: C:\ProgramData\Microsoft\Windows Defender\Platform\4.18.25110.6-0\MpDefenderCoreService.exe
FileVersion: 4.18.25110.6 (747f30181b4cd739116f0a6ad3cabef997251d7f)
Description: Antimalware Core Service
Product: Microsoft? Windows? Operating System
Company: Microsoft Corporation
OriginalFileName: MpDefenderCoreService.exe
CommandLine: ""C:\ProgramData\Microsoft\Windows Defender\Platform\4.18.25110.6-0\MpDefenderCoreService.exe""
CurrentDirectory: C:\WINDOWS\system32\
User: NT AUTHORITY\SYSTEM
LogonGuid: {8bb50d47-11d7-694d-e703-000000000000}
LogonId: 0x3E7
TerminalSessionId: 0
IntegrityLevel: System
Hashes: MD5=C6B217A9525E31D82A2A08868F693091,SHA256=0E174F23134E5CF11D239F8290CE038521729B71190DE1844500530682AB896C,IMPHASH=5C6BDD5C59B8DE84AD348501CF577E6C
ParentProcessGuid: {8bb50d47-11d4-694d-0b00-000000000c00}
ParentProcessId: 856
ParentImage: C:\Windows\System32\services.exe
ParentCommandLine: C:\WINDOWS\system32\services.exe
ParentUser: NT AUTHORITY\SYSTEM","1","5",,"4","1","0","-9223372036854775808","1849","Microsoft-Windows-Sysmon","5770385f-c22a-43e0-bf4c-06f5698ffbd9","Microsoft-Windows-Sysmon/Operational","3580","4288","Windows11","S-1-5-18","12/25/2025 11:29:44 AM",,,"Microsoft-Windows-Sysmon/Operational","System.UInt32[]","System.Diagnostics.Eventing.Reader.EventBookmark","Information","Info","File created (rule: FileCreate)","System.Collections.ObjectModel.ReadOnlyCollection`1[System.String]","System.Collections.Generic.List`1[System.Diagnostics.Eventing.Reader.EventProperty]"
"Process Create:
RuleName: -
UtcTime: 2025-12-25 10:29:18.154
ProcessGuid: {8bb50d47-11fe-694d-4c00-000000000c00}
ProcessId: 3552
Image: C:\Program Files (x86)\ossec-agent\wazuh-agent.exe
FileVersion: v4.14.1
Description: Wazuh Agent
Product: Wazuh Windows Agent
Company: Wazuh Inc.
OriginalFileName: -
CommandLine: ""C:\Program Files (x86)\ossec-agent\wazuh-agent.exe""
CurrentDirectory: C:\WINDOWS\system32\
User: NT AUTHORITY\SYSTEM
LogonGuid: {8bb50d47-11d7-694d-e703-000000000000}
LogonId: 0x3E7
TerminalSessionId: 0
IntegrityLevel: System
Hashes: MD5=D0D05B93FCFF080FA16FE2E5B08A0079,SHA256=A186EE94E58DEE1E104BF7CB93577F62204A6FEA504393A5C5FA33C177A6F8E1,IMPHASH=A1683B3976CE387F1F100B206AC0C5B1
ParentProcessGuid: {8bb50d47-11d4-694d-0b00-000000000c00}
ParentProcessId: 856
ParentImage: C:\Windows\System32\services.exe
ParentCommandLine: C:\WINDOWS\system32\services.exe
ParentUser: NT AUTHORITY\SYSTEM","1","5",,"4","1","0","-9223372036854775808","1848","Microsoft-Windows-Sysmon","5770385f-c22a-43e0-bf4c-06f5698ffbd9","Microsoft-Windows-Sysmon/Operational","3580","4288","Windows11","S-1-5-18","12/25/2025 11:29:44 AM",,,"Microsoft-Windows-Sysmon/Operational","System.UInt32[]","System.Diagnostics.Eventing.Reader.EventBookmark","Information","Info","File created (rule: FileCreate)","System.Collections.ObjectModel.ReadOnlyCollection`1[System.String]","System.Collections.Generic.List`1[System.Diagnostics.Eventing.Reader.EventProperty]"
"Process Create:
RuleName: -
UtcTime: 2025-12-25 10:29:18.291
ProcessGuid: {8bb50d47-11fe-694d-4e00-000000000c00}
ProcessId: 3588
Image: C:\Windows\System32\svchost.exe
FileVersion: 10.0.26100.5074 (WinBuild.160101.0800)
Description: Host Process for Windows Services
Product: Microsoft? Windows? Operating System
Company: Microsoft Corporation
OriginalFileName: svchost.exe
CommandLine: C:\WINDOWS\system32\svchost.exe -k WSAIFabricSvcGroup -p -s WSAIFabricSvc
CurrentDirectory: C:\WINDOWS\system32\
User: NT AUTHORITY\LOCAL SERVICE
LogonGuid: {8bb50d47-11df-694d-e503-000000000000}
LogonId: 0x3E5
TerminalSessionId: 0
IntegrityLevel: System
Hashes: MD5=7B88D0896FBF43469A9959D59824A514,SHA256=53A39B900E3BFBF384ACD13F0FC2329FA8D42B61E993D8ED5ADF3A1428005D26,IMPHASH=DE43BD45CC98C143357416C7519ECCFD
ParentProcessGuid: {8bb50d47-11d4-694d-0b00-000000000c00}
ParentProcessId: 856
ParentImage: C:\Windows\System32\services.exe
ParentCommandLine: C:\WINDOWS\system32\services.exe
ParentUser: NT AUTHORITY\SYSTEM","1","5",,"4","1","0","-9223372036854775808","1847","Microsoft-Windows-Sysmon","5770385f-c22a-43e0-bf4c-06f5698ffbd9","Microsoft-Windows-Sysmon/Operational","3580","4288","Windows11","S-1-5-18","12/25/2025 11:29:44 AM",,,"Microsoft-Windows-Sysmon/Operational","System.UInt32[]","System.Diagnostics.Eventing.Reader.EventBookmark","Information","Info","File created (rule: FileCreate)","System.Collections.ObjectModel.ReadOnlyCollection`1[System.String]","System.Collections.Generic.List`1[System.Diagnostics.Eventing.Reader.EventProperty]"
"Process Create:
RuleName: -
UtcTime: 2025-12-25 10:29:17.946
ProcessGuid: {8bb50d47-11fd-694d-4b00-000000000c00}
ProcessId: 3512
Image: C:\ProgramData\Microsoft\Windows Defender\Platform\4.18.25110.6-0\MsMpEng.exe
FileVersion: 4.18.25110.6 (747f30181b4cd739116f0a6ad3cabef997251d7f)
Description: Antimalware Service Executable
Product: Microsoft? Windows? Operating System
Company: Microsoft Corporation
OriginalFileName: MsMpEng.exe
CommandLine: ""C:\ProgramData\Microsoft\Windows Defender\Platform\4.18.25110.6-0\MsMpEng.exe""
CurrentDirectory: C:\WINDOWS\system32\
User: NT AUTHORITY\SYSTEM
LogonGuid: {8bb50d47-11d7-694d-e703-000000000000}
LogonId: 0x3E7
TerminalSessionId: 0
IntegrityLevel: System
Hashes: MD5=F94C519C76D4B4E615EE311DC8C1FEE9,SHA256=8D0E9883B95282F818CFEC893C992E97047AE774C499CF42BBAE0056BFB4CED0,IMPHASH=75AA09157E03E8930197125FB1114E25
ParentProcessGuid: {8bb50d47-11d4-694d-0b00-000000000c00}
ParentProcessId: 856
ParentImage: C:\Windows\System32\services.exe
ParentCommandLine: C:\WINDOWS\system32\services.exe
ParentUser: NT AUTHORITY\SYSTEM","1","5",,"4","1","0","-9223372036854775808","1846","Microsoft-Windows-Sysmon","5770385f-c22a-43e0-bf4c-06f5698ffbd9","Microsoft-Windows-Sysmon/Operational","3580","4288","Windows11","S-1-5-18","12/25/2025 11:29:44 AM",,,"Microsoft-Windows-Sysmon/Operational","System.UInt32[]","System.Diagnostics.Eventing.Reader.EventBookmark","Information","Info","File created (rule: FileCreate)","System.Collections.ObjectModel.ReadOnlyCollection`1[System.String]","System.Collections.Generic.List`1[System.Diagnostics.Eventing.Reader.EventProperty]"
"Process Create:
RuleName: -
UtcTime: 2025-12-25 10:29:17.395
ProcessGuid: {8bb50d47-11fd-694d-4900-000000000c00}
ProcessId: 3480
Image: C:\Windows\System32\svchost.exe
FileVersion: 10.0.26100.5074 (WinBuild.160101.0800)
Description: Host Process for Windows Services
Product: Microsoft? Windows? Operating System
Company: Microsoft Corporation
OriginalFileName: svchost.exe
CommandLine: C:\WINDOWS\system32\svchost.exe -k netsvcs -p -s Winmgmt
CurrentDirectory: C:\WINDOWS\system32\
User: NT AUTHORITY\SYSTEM
LogonGuid: {8bb50d47-11d7-694d-e703-000000000000}
LogonId: 0x3E7
TerminalSessionId: 0
IntegrityLevel: System
Hashes: MD5=7B88D0896FBF43469A9959D59824A514,SHA256=53A39B900E3BFBF384ACD13F0FC2329FA8D42B61E993D8ED5ADF3A1428005D26,IMPHASH=DE43BD45CC98C143357416C7519ECCFD
ParentProcessGuid: {8bb50d47-11d4-694d-0b00-000000000c00}
ParentProcessId: 856
ParentImage: C:\Windows\System32\services.exe
ParentCommandLine: C:\WINDOWS\system32\services.exe
ParentUser: NT AUTHORITY\SYSTEM","1","5",,"4","1","0","-9223372036854775808","1845","Microsoft-Windows-Sysmon","5770385f-c22a-43e0-bf4c-06f5698ffbd9","Microsoft-Windows-Sysmon/Operational","3580","4288","Windows11","S-1-5-18","12/25/2025 11:29:44 AM",,,"Microsoft-Windows-Sysmon/Operational","System.UInt32[]","System.Diagnostics.Eventing.Reader.EventBookmark","Information","Info","File created (rule: FileCreate)","System.Collections.ObjectModel.ReadOnlyCollection`1[System.String]","System.Collections.Generic.List`1[System.Diagnostics.Eventing.Reader.EventProperty]"
"Process Create:
