RuleName: -
UtcTime: 2025-12-25 10:33:41.787
SourceProcessGuid: {8bb50d47-11de-694d-1300-000000000c00}
SourceProcessId: 1084
SourceImage: C:\Windows\System32\dwm.exe
TargetProcessGuid: {8bb50d47-11d2-694d-0900-000000000c00}
TargetProcessId: 728
TargetImage: C:\Windows\System32\csrss.exe
NewThreadId: 5592
StartAddress: 0xFFFFF8031CE6D040
StartModule: -
StartFunction: -
SourceUser: Window Manager\DWM-1
TargetUser: NT AUTHORITY\SYSTEM","8","2",,"4","8","0","-9223372036854775808","2043","Microsoft-Windows-Sysmon","5770385f-c22a-43e0-bf4c-06f5698ffbd9","Microsoft-Windows-Sysmon/Operational","3580","4288","Windows11","S-1-5-18","12/25/2025 11:33:41 AM",,,"Microsoft-Windows-Sysmon/Operational","System.UInt32[]","System.Diagnostics.Eventing.Reader.EventBookmark","Information","Info","File created (rule: FileCreate)","System.Collections.ObjectModel.ReadOnlyCollection`1[System.String]","System.Collections.Generic.List`1[System.Diagnostics.Eventing.Reader.EventProperty]"
"CreateRemoteThread detected:
RuleName: -
UtcTime: 2025-12-25 10:33:41.138
SourceProcessGuid: {8bb50d47-11de-694d-1300-000000000c00}
SourceProcessId: 1084
SourceImage: C:\Windows\System32\dwm.exe
TargetProcessGuid: {8bb50d47-11d2-694d-0900-000000000c00}
TargetProcessId: 728
TargetImage: C:\Windows\System32\csrss.exe
NewThreadId: 7812
StartAddress: 0xFFFFF8031CE6D040
StartModule: -
StartFunction: -
SourceUser: Window Manager\DWM-1
TargetUser: NT AUTHORITY\SYSTEM","8","2",,"4","8","0","-9223372036854775808","2042","Microsoft-Windows-Sysmon","5770385f-c22a-43e0-bf4c-06f5698ffbd9","Microsoft-Windows-Sysmon/Operational","3580","4288","Windows11","S-1-5-18","12/25/2025 11:33:41 AM",,,"Microsoft-Windows-Sysmon/Operational","System.UInt32[]","System.Diagnostics.Eventing.Reader.EventBookmark","Information","Info","File created (rule: FileCreate)","System.Collections.ObjectModel.ReadOnlyCollection`1[System.String]","System.Collections.Generic.List`1[System.Diagnostics.Eventing.Reader.EventProperty]"
"CreateRemoteThread detected:
RuleName: -
UtcTime: 2025-12-25 10:33:40.886
SourceProcessGuid: {8bb50d47-11de-694d-1300-000000000c00}
SourceProcessId: 1084
SourceImage: C:\Windows\System32\dwm.exe
TargetProcessGuid: {8bb50d47-11d2-694d-0900-000000000c00}
TargetProcessId: 728
TargetImage: C:\Windows\System32\csrss.exe
NewThreadId: 7836
StartAddress: 0xFFFFF8031CE6D040
StartModule: -
StartFunction: -
SourceUser: Window Manager\DWM-1
TargetUser: NT AUTHORITY\SYSTEM","8","2",,"4","8","0","-9223372036854775808","2041","Microsoft-Windows-Sysmon","5770385f-c22a-43e0-bf4c-06f5698ffbd9","Microsoft-Windows-Sysmon/Operational","3580","4288","Windows11","S-1-5-18","12/25/2025 11:33:41 AM",,,"Microsoft-Windows-Sysmon/Operational","System.UInt32[]","System.Diagnostics.Eventing.Reader.EventBookmark","Information","Info","File created (rule: FileCreate)","System.Collections.ObjectModel.ReadOnlyCollection`1[System.String]","System.Collections.Generic.List`1[System.Diagnostics.Eventing.Reader.EventProperty]"
"CreateRemoteThread detected:
RuleName: -
UtcTime: 2025-12-25 10:33:40.591
SourceProcessGuid: {8bb50d47-11de-694d-1300-000000000c00}
SourceProcessId: 1084
SourceImage: C:\Windows\System32\dwm.exe
TargetProcessGuid: {8bb50d47-11d2-694d-0900-000000000c00}
TargetProcessId: 728
TargetImage: C:\Windows\System32\csrss.exe
NewThreadId: 5460
StartAddress: 0xFFFFF8031CE6D040
StartModule: -
StartFunction: -
SourceUser: Window Manager\DWM-1
TargetUser: NT AUTHORITY\SYSTEM","8","2",,"4","8","0","-9223372036854775808","2040","Microsoft-Windows-Sysmon","5770385f-c22a-43e0-bf4c-06f5698ffbd9","Microsoft-Windows-Sysmon/Operational","3580","4288","Windows11","S-1-5-18","12/25/2025 11:33:40 AM",,,"Microsoft-Windows-Sysmon/Operational","System.UInt32[]","System.Diagnostics.Eventing.Reader.EventBookmark","Information","Info","File created (rule: FileCreate)","System.Collections.ObjectModel.ReadOnlyCollection`1[System.String]","System.Collections.Generic.List`1[System.Diagnostics.Eventing.Reader.EventProperty]"
"CreateRemoteThread detected:
RuleName: -
UtcTime: 2025-12-25 10:33:40.360
SourceProcessGuid: {8bb50d47-11de-694d-1300-000000000c00}
SourceProcessId: 1084
SourceImage: C:\Windows\System32\dwm.exe
TargetProcessGuid: {8bb50d47-11d2-694d-0900-000000000c00}
TargetProcessId: 728
TargetImage: C:\Windows\System32\csrss.exe
NewThreadId: 2768
StartAddress: 0xFFFFF8031CE6D040
StartModule: -
StartFunction: -
SourceUser: Window Manager\DWM-1
TargetUser: NT AUTHORITY\SYSTEM","8","2",,"4","8","0","-9223372036854775808","2039","Microsoft-Windows-Sysmon","5770385f-c22a-43e0-bf4c-06f5698ffbd9","Microsoft-Windows-Sysmon/Operational","3580","4288","Windows11","S-1-5-18","12/25/2025 11:33:40 AM",,,"Microsoft-Windows-Sysmon/Operational","System.UInt32[]","System.Diagnostics.Eventing.Reader.EventBookmark","Information","Info","File created (rule: FileCreate)","System.Collections.ObjectModel.ReadOnlyCollection`1[System.String]","System.Collections.Generic.List`1[System.Diagnostics.Eventing.Reader.EventProperty]"
"CreateRemoteThread detected:
RuleName: -
UtcTime: 2025-12-25 10:33:40.118
SourceProcessGuid: {8bb50d47-11de-694d-1300-000000000c00}
SourceProcessId: 1084
SourceImage: C:\Windows\System32\dwm.exe
TargetProcessGuid: {8bb50d47-11d2-694d-0900-000000000c00}
TargetProcessId: 728
TargetImage: C:\Windows\System32\csrss.exe
NewThreadId: 7984
StartAddress: 0xFFFFF8031CE6D040
StartModule: -
StartFunction: -
SourceUser: Window Manager\DWM-1
TargetUser: NT AUTHORITY\SYSTEM","8","2",,"4","8","0","-9223372036854775808","2038","Microsoft-Windows-Sysmon","5770385f-c22a-43e0-bf4c-06f5698ffbd9","Microsoft-Windows-Sysmon/Operational","3580","4288","Windows11","S-1-5-18","12/25/2025 11:33:40 AM",,,"Microsoft-Windows-Sysmon/Operational","System.UInt32[]","System.Diagnostics.Eventing.Reader.EventBookmark","Information","Info","File created (rule: FileCreate)","System.Collections.ObjectModel.ReadOnlyCollection`1[System.String]","System.Collections.Generic.List`1[System.Diagnostics.Eventing.Reader.EventProperty]"
"CreateRemoteThread detected:
RuleName: -
UtcTime: 2025-12-25 10:33:39.712
SourceProcessGuid: {8bb50d47-11de-694d-1300-000000000c00}
SourceProcessId: 1084
SourceImage: C:\Windows\System32\dwm.exe
TargetProcessGuid: {8bb50d47-11d2-694d-0900-000000000c00}
TargetProcessId: 728
TargetImage: C:\Windows\System32\csrss.exe
NewThreadId: 7956
StartAddress: 0xFFFFF8031CE6D040
StartModule: -
StartFunction: -
SourceUser: Window Manager\DWM-1
TargetUser: NT AUTHORITY\SYSTEM","8","2",,"4","8","0","-9223372036854775808","2037","Microsoft-Windows-Sysmon","5770385f-c22a-43e0-bf4c-06f5698ffbd9","Microsoft-Windows-Sysmon/Operational","3580","4288","Windows11","S-1-5-18","12/25/2025 11:33:39 AM",,,"Microsoft-Windows-Sysmon/Operational","System.UInt32[]","System.Diagnostics.Eventing.Reader.EventBookmark","Information","Info","File created (rule: FileCreate)","System.Collections.ObjectModel.ReadOnlyCollection`1[System.String]","System.Collections.Generic.List`1[System.Diagnostics.Eventing.Reader.EventProperty]"
"CreateRemoteThread detected:
RuleName: -
UtcTime: 2025-12-25 10:33:39.386
SourceProcessGuid: {8bb50d47-11de-694d-1300-000000000c00}
SourceProcessId: 1084
SourceImage: C:\Windows\System32\dwm.exe
TargetProcessGuid: {8bb50d47-11d2-694d-0900-000000000c00}
TargetProcessId: 728
TargetImage: C:\Windows\System32\csrss.exe
NewThreadId: 6812
StartAddress: 0xFFFFF8031CE6D040
StartModule: -
StartFunction: -
SourceUser: Window Manager\DWM-1
TargetUser: NT AUTHORITY\SYSTEM","8","2",,"4","8","0","-9223372036854775808","2036","Microsoft-Windows-Sysmon","5770385f-c22a-43e0-bf4c-06f5698ffbd9","Microsoft-Windows-Sysmon/Operational","3580","4288","Windows11","S-1-5-18","12/25/2025 11:33:39 AM",,,"Microsoft-Windows-Sysmon/Operational","System.UInt32[]","System.Diagnostics.Eventing.Reader.EventBookmark","Information","Info","File created (rule: FileCreate)","System.Collections.ObjectModel.ReadOnlyCollection`1[System.String]","System.Collections.Generic.List`1[System.Diagnostics.Eventing.Reader.EventProperty]"
"CreateRemoteThread detected:
RuleName: -
UtcTime: 2025-12-25 10:33:38.970
SourceProcessGuid: {8bb50d47-11de-694d-1300-000000000c00}
SourceProcessId: 1084
SourceImage: C:\Windows\System32\dwm.exe
TargetProcessGuid: {8bb50d47-11d2-694d-0900-000000000c00}
TargetProcessId: 728
TargetImage: C:\Windows\System32\csrss.exe
NewThreadId: 8152
StartAddress: 0xFFFFF8031CE6D040
StartModule: -
StartFunction: -
SourceUser: Window Manager\DWM-1
TargetUser: NT AUTHORITY\SYSTEM","8","2",,"4","8","0","-9223372036854775808","2035","Microsoft-Windows-Sysmon","5770385f-c22a-43e0-bf4c-06f5698ffbd9","Microsoft-Windows-Sysmon/Operational","3580","4288","Windows11","S-1-5-18","12/25/2025 11:33:38 AM",,,"Microsoft-Windows-Sysmon/Operational","System.UInt32[]","System.Diagnostics.Eventing.Reader.EventBookmark","Information","Info","File created (rule: FileCreate)","System.Collections.ObjectModel.ReadOnlyCollection`1[System.String]","System.Collections.Generic.List`1[System.Diagnostics.Eventing.Reader.EventProperty]"
"Process Create:
RuleName: -
UtcTime: 2025-12-25 10:33:38.942
ProcessGuid: {8bb50d47-1302-694d-e900-000000000c00}
ProcessId: 8052
Image: C:\Windows\SysWOW64\reg.exe
FileVersion: 10.0.26100.5074 (WinBuild.160101.0800)
Description: Registry Console Tool
Product: Microsoft? Windows? Operating System
Company: Microsoft Corporation
OriginalFileName: reg.exe
CommandLine: reg query HKLM\SOFTWARE\Microsoft\Windows\CurrentVersion\Policies\system /v legalnoticetext
CurrentDirectory: C:\Program Files (x86)\ossec-agent\
User: NT AUTHORITY\SYSTEM
LogonGuid: {8bb50d47-11d7-694d-e703-000000000000}
LogonId: 0x3E7
TerminalSessionId: 0
IntegrityLevel: System
Hashes: MD5=D941AB3D0A82553A1C47609D12E62E60,SHA256=91B607A875E9E2798ADF4709D020E4694FA01A89C52ADA9B2AA828C477C37A6B,IMPHASH=399BDA16B847D53316F20870AEF7DD41
ParentProcessGuid: {8bb50d47-11fe-694d-4c00-000000000c00}
ParentProcessId: 3552
ParentImage: C:\Program Files (x86)\ossec-agent\wazuh-agent.exe
ParentCommandLine: ""C:\Program Files (x86)\ossec-agent\wazuh-agent.exe""
ParentUser: NT AUTHORITY\SYSTEM","1","5",,"4","1","0","-9223372036854775808","2034","Microsoft-Windows-Sysmon","5770385f-c22a-43e0-bf4c-06f5698ffbd9","Microsoft-Windows-Sysmon/Operational","3580","4288","Windows11","S-1-5-18","12/25/2025 11:33:38 AM",,,"Microsoft-Windows-Sysmon/Operational","System.UInt32[]","System.Diagnostics.Eventing.Reader.EventBookmark","Information","Info","File created (rule: FileCreate)","System.Collections.ObjectModel.ReadOnlyCollection`1[System.String]","System.Collections.Generic.List`1[System.Diagnostics.Eventing.Reader.EventProperty]"
"Process Create:
RuleName: -
UtcTime: 2025-12-25 10:33:38.861
ProcessGuid: {8bb50d47-1302-694d-e800-000000000c00}
ProcessId: 8008
Image: C:\Windows\SysWOW64\net1.exe
FileVersion: 10.0.26100.1 (WinBuild.160101.0800)
Description: Net Command
Product: Microsoft? Windows? Operating System
Company: Microsoft Corporation
OriginalFileName: net1.exe
CommandLine: C:\WINDOWS\system32\net1 user
CurrentDirectory: C:\Program Files (x86)\ossec-agent\
User: NT AUTHORITY\SYSTEM
LogonGuid: {8bb50d47-11d7-694d-e703-000000000000}
LogonId: 0x3E7
TerminalSessionId: 0
IntegrityLevel: System
Hashes: MD5=F8D42E2BF18D54816819EA4DB4480F5F,SHA256=647136C32E9E7639B251719CFE503F1BD482335AECEC7AE7CB8A91B0A9805D49,IMPHASH=FEB4A1A72B6368863C8CC53955256BF8
ParentProcessGuid: {8bb50d47-1302-694d-e600-000000000c00}
ParentProcessId: 6484
ParentImage: C:\Windows\SysWOW64\net.exe
ParentCommandLine: net user
ParentUser: NT AUTHORITY\SYSTEM","1","5",,"4","1","0","-9223372036854775808","2033","Microsoft-Windows-Sysmon","5770385f-c22a-43e0-bf4c-06f5698ffbd9","Microsoft-Windows-Sysmon/Operational","3580","4288","Windows11","S-1-5-18","12/25/2025 11:33:38 AM",,,"Microsoft-Windows-Sysmon/Operational","System.UInt32[]","System.Diagnostics.Eventing.Reader.EventBookmark","Information","Info","File created (rule: FileCreate)","System.Collections.ObjectModel.ReadOnlyCollection`1[System.String]","System.Collections.Generic.List`1[System.Diagnostics.Eventing.Reader.EventProperty]"
"Process Create:
RuleName: -
UtcTime: 2025-12-25 10:33:38.698
ProcessGuid: {8bb50d47-1302-694d-e600-000000000c00}
ProcessId: 6484
Image: C:\Windows\SysWOW64\net.exe
FileVersion: 10.0.26100.4202 (WinBuild.160101.0800)
Description: Net Command
Product: Microsoft? Windows? Operating System
Company: Microsoft Corporation
OriginalFileName: net.exe
CommandLine: net user
CurrentDirectory: C:\Program Files (x86)\ossec-agent\
User: NT AUTHORITY\SYSTEM
LogonGuid: {8bb50d47-11d7-694d-e703-000000000000}
LogonId: 0x3E7
TerminalSessionId: 0
IntegrityLevel: System
Hashes: MD5=B8EFCE70D7E2D937F18846AF32D38D37,SHA256=81DA685BA6E1A854CAC977AFC709933932D2E05A6B476B4EEC5DB78382367E36,IMPHASH=559D4014B9861D37E317DED7FD6BC691
ParentProcessGuid: {8bb50d47-11fe-694d-4c00-000000000c00}
ParentProcessId: 3552
ParentImage: C:\Program Files (x86)\ossec-agent\wazuh-agent.exe
ParentCommandLine: ""C:\Program Files (x86)\ossec-agent\wazuh-agent.exe""
ParentUser: NT AUTHORITY\SYSTEM","1","5",,"4","1","0","-9223372036854775808","2032","Microsoft-Windows-Sysmon","5770385f-c22a-43e0-bf4c-06f5698ffbd9","Microsoft-Windows-Sysmon/Operational","3580","4288","Windows11","S-1-5-18","12/25/2025 11:33:38 AM",,,"Microsoft-Windows-Sysmon/Operational","System.UInt32[]","System.Diagnostics.Eventing.Reader.EventBookmark","Information","Info","File created (rule: FileCreate)","System.Collections.ObjectModel.ReadOnlyCollection`1[System.String]","System.Collections.Generic.List`1[System.Diagnostics.Eventing.Reader.EventProperty]"
"Process Create:
RuleName: -
UtcTime: 2025-12-25 10:33:38.550
ProcessGuid: {8bb50d47-1302-694d-e500-000000000c00}
ProcessId: 6760
Image: C:\Windows\SysWOW64\net1.exe
FileVersion: 10.0.26100.1 (WinBuild.160101.0800)
Description: Net Command
Product: Microsoft? Windows? Operating System
Company: Microsoft Corporation
OriginalFileName: net1.exe
CommandLine: C:\WINDOWS\system32\net1 user
CurrentDirectory: C:\Program Files (x86)\ossec-agent\
User: NT AUTHORITY\SYSTEM
LogonGuid: {8bb50d47-11d7-694d-e703-000000000000}
LogonId: 0x3E7
TerminalSessionId: 0
IntegrityLevel: System
Hashes: MD5=F8D42E2BF18D54816819EA4DB4480F5F,SHA256=647136C32E9E7639B251719CFE503F1BD482335AECEC7AE7CB8A91B0A9805D49,IMPHASH=FEB4A1A72B6368863C8CC53955256BF8
ParentProcessGuid: {8bb50d47-1302-694d-e300-000000000c00}
ParentProcessId: 5328
ParentImage: C:\Windows\SysWOW64\net.exe
ParentCommandLine: net user
ParentUser: NT AUTHORITY\SYSTEM","1","5",,"4","1","0","-9223372036854775808","2031","Microsoft-Windows-Sysmon","5770385f-c22a-43e0-bf4c-06f5698ffbd9","Microsoft-Windows-Sysmon/Operational","3580","4288","Windows11","S-1-5-18","12/25/2025 11:33:38 AM",,,"Microsoft-Windows-Sysmon/Operational","System.UInt32[]","System.Diagnostics.Eventing.Reader.EventBookmark","Information","Info","File created (rule: FileCreate)","System.Collections.ObjectModel.ReadOnlyCollection`1[System.String]","System.Collections.Generic.List`1[System.Diagnostics.Eventing.Reader.EventProperty]"
"Process Create:
RuleName: -
UtcTime: 2025-12-25 10:33:38.401
ProcessGuid: {8bb50d47-1302-694d-e300-000000000c00}
ProcessId: 5328
Image: C:\Windows\SysWOW64\net.exe
FileVersion: 10.0.26100.4202 (WinBuild.160101.0800)
Description: Net Command
Product: Microsoft? Windows? Operating System
Company: Microsoft Corporation
OriginalFileName: net.exe
CommandLine: net user
CurrentDirectory: C:\Program Files (x86)\ossec-agent\
User: NT AUTHORITY\SYSTEM
LogonGuid: {8bb50d47-11d7-694d-e703-000000000000}
LogonId: 0x3E7
TerminalSessionId: 0
IntegrityLevel: System
Hashes: MD5=B8EFCE70D7E2D937F18846AF32D38D37,SHA256=81DA685BA6E1A854CAC977AFC709933932D2E05A6B476B4EEC5DB78382367E36,IMPHASH=559D4014B9861D37E317DED7FD6BC691
ParentProcessGuid: {8bb50d47-11fe-694d-4c00-000000000c00}
ParentProcessId: 3552
ParentImage: C:\Program Files (x86)\ossec-agent\wazuh-agent.exe
ParentCommandLine: ""C:\Program Files (x86)\ossec-agent\wazuh-agent.exe""
ParentUser: NT AUTHORITY\SYSTEM","1","5",,"4","1","0","-9223372036854775808","2030","Microsoft-Windows-Sysmon","5770385f-c22a-43e0-bf4c-06f5698ffbd9","Microsoft-Windows-Sysmon/Operational","3580","4288","Windows11","S-1-5-18","12/25/2025 11:33:38 AM",,,"Microsoft-Windows-Sysmon/Operational","System.UInt32[]","System.Diagnostics.Eventing.Reader.EventBookmark","Information","Info","File created (rule: FileCreate)","System.Collections.ObjectModel.ReadOnlyCollection`1[System.String]","System.Collections.Generic.List`1[System.Diagnostics.Eventing.Reader.EventProperty]"
"CreateRemoteThread detected:
RuleName: -
UtcTime: 2025-12-25 10:33:36.528
SourceProcessGuid: {8bb50d47-11de-694d-1300-000000000c00}
SourceProcessId: 1084
SourceImage: C:\Windows\System32\dwm.exe
TargetProcessGuid: {8bb50d47-11d2-694d-0900-000000000c00}
TargetProcessId: 728
TargetImage: C:\Windows\System32\csrss.exe
NewThreadId: 5164
StartAddress: 0xFFFFF8031CE6D040
StartModule: -
StartFunction: -
SourceUser: Window Manager\DWM-1
TargetUser: NT AUTHORITY\SYSTEM","8","2",,"4","8","0","-9223372036854775808","2029","Microsoft-Windows-Sysmon","5770385f-c22a-43e0-bf4c-06f5698ffbd9","Microsoft-Windows-Sysmon/Operational","3580","4288","Windows11","S-1-5-18","12/25/2025 11:33:37 AM",,,"Microsoft-Windows-Sysmon/Operational","System.UInt32[]","System.Diagnostics.Eventing.Reader.EventBookmark","Information","Info","File created (rule: FileCreate)","System.Collections.ObjectModel.ReadOnlyCollection`1[System.String]","System.Collections.Generic.List`1[System.Diagnostics.Eventing.Reader.EventProperty]"
"CreateRemoteThread detected:
RuleName: -
UtcTime: 2025-12-25 10:33:36.252
SourceProcessGuid: {8bb50d47-11de-694d-1300-000000000c00}
SourceProcessId: 1084
SourceImage: C:\Windows\System32\dwm.exe
TargetProcessGuid: {8bb50d47-11d2-694d-0900-000000000c00}
TargetProcessId: 728
TargetImage: C:\Windows\System32\csrss.exe
NewThreadId: 5732
StartAddress: 0xFFFFF8031CE6D040
StartModule: -
StartFunction: -
SourceUser: Window Manager\DWM-1
TargetUser: NT AUTHORITY\SYSTEM","8","2",,"4","8","0","-9223372036854775808","2028","Microsoft-Windows-Sysmon","5770385f-c22a-43e0-bf4c-06f5698ffbd9","Microsoft-Windows-Sysmon/Operational","3580","4288","Windows11","S-1-5-18","12/25/2025 11:33:37 AM",,,"Microsoft-Windows-Sysmon/Operational","System.UInt32[]","System.Diagnostics.Eventing.Reader.EventBookmark","Information","Info","File created (rule: FileCreate)","System.Collections.ObjectModel.ReadOnlyCollection`1[System.String]","System.Collections.Generic.List`1[System.Diagnostics.Eventing.Reader.EventProperty]"
"CreateRemoteThread detected:
RuleName: -
UtcTime: 2025-12-25 10:33:35.974
SourceProcessGuid: {8bb50d47-11de-694d-1300-000000000c00}
SourceProcessId: 1084
SourceImage: C:\Windows\System32\dwm.exe
TargetProcessGuid: {8bb50d47-11d2-694d-0900-000000000c00}
TargetProcessId: 728
TargetImage: C:\Windows\System32\csrss.exe
NewThreadId: 7964
StartAddress: 0xFFFFF8031CE6D040
StartModule: -
StartFunction: -
SourceUser: Window Manager\DWM-1
TargetUser: NT AUTHORITY\SYSTEM","8","2",,"4","8","0","-9223372036854775808","2027","Microsoft-Windows-Sysmon","5770385f-c22a-43e0-bf4c-06f5698ffbd9","Microsoft-Windows-Sysmon/Operational","3580","4288","Windows11","S-1-5-18","12/25/2025 11:33:37 AM",,,"Microsoft-Windows-Sysmon/Operational","System.UInt32[]","System.Diagnostics.Eventing.Reader.EventBookmark","Information","Info","File created (rule: FileCreate)","System.Collections.ObjectModel.ReadOnlyCollection`1[System.String]","System.Collections.Generic.List`1[System.Diagnostics.Eventing.Reader.EventProperty]"
"CreateRemoteThread detected:
RuleName: -
UtcTime: 2025-12-25 10:33:35.704
SourceProcessGuid: {8bb50d47-11de-694d-1300-000000000c00}
SourceProcessId: 1084
SourceImage: C:\Windows\System32\dwm.exe
TargetProcessGuid: {8bb50d47-11d2-694d-0900-000000000c00}
TargetProcessId: 728
TargetImage: C:\Windows\System32\csrss.exe
NewThreadId: 7044
StartAddress: 0xFFFFF8031CE6D040
StartModule: -
StartFunction: -
SourceUser: Window Manager\DWM-1
TargetUser: NT AUTHORITY\SYSTEM","8","2",,"4","8","0","-9223372036854775808","2026","Microsoft-Windows-Sysmon","5770385f-c22a-43e0-bf4c-06f5698ffbd9","Microsoft-Windows-Sysmon/Operational","3580","4288","Windows11","S-1-5-18","12/25/2025 11:33:35 AM",,,"Microsoft-Windows-Sysmon/Operational","System.UInt32[]","System.Diagnostics.Eventing.Reader.EventBookmark","Information","Info","File created (rule: FileCreate)","System.Collections.ObjectModel.ReadOnlyCollection`1[System.String]","System.Collections.Generic.List`1[System.Diagnostics.Eventing.Reader.EventProperty]"
"File created:
RuleName: -
UtcTime: 2025-12-25 10:33:35.378
ProcessGuid: {8bb50d47-12f7-694d-e000-000000000c00}
ProcessId: 3340
Image: C:\WINDOWS\SysWOW64\WindowsPowerShell\v1.0\powershell.exe
TargetFilename: C:\Windows\SystemTemp\__PSScriptPolicyTest_ojyjhu2f.tpm.ps1
CreationUtcTime: 2025-12-25 10:33:35.374
User: NT AUTHORITY\SYSTEM","11","2",,"4","11","0","-9223372036854775808","2025","Microsoft-Windows-Sysmon","5770385f-c22a-43e0-bf4c-06f5698ffbd9","Microsoft-Windows-Sysmon/Operational","3580","4288","Windows11","S-1-5-18","12/25/2025 11:33:35 AM",,,"Microsoft-Windows-Sysmon/Operational","System.UInt32[]","System.Diagnostics.Eventing.Reader.EventBookmark","Information","Info","File created (rule: FileCreate)","System.Collections.ObjectModel.ReadOnlyCollection`1[System.String]","System.Collections.Generic.List`1[System.Diagnostics.Eventing.Reader.EventProperty]"
"CreateRemoteThread detected:
RuleName: -
UtcTime: 2025-12-25 10:33:33.260
SourceProcessGuid: {8bb50d47-11de-694d-1300-000000000c00}
SourceProcessId: 1084
SourceImage: C:\Windows\System32\dwm.exe
TargetProcessGuid: {8bb50d47-11d2-694d-0900-000000000c00}
TargetProcessId: 728
TargetImage: C:\Windows\System32\csrss.exe
NewThreadId: 7740
StartAddress: 0xFFFFF8031CE6D040
StartModule: -
StartFunction: -
SourceUser: Window Manager\DWM-1
TargetUser: NT AUTHORITY\SYSTEM","8","2",,"4","8","0","-9223372036854775808","2024","Microsoft-Windows-Sysmon","5770385f-c22a-43e0-bf4c-06f5698ffbd9","Microsoft-Windows-Sysmon/Operational","3580","4288","Windows11","S-1-5-18","12/25/2025 11:33:34 AM",,,"Microsoft-Windows-Sysmon/Operational","System.UInt32[]","System.Diagnostics.Eventing.Reader.EventBookmark","Information","Info","File created (rule: FileCreate)","System.Collections.ObjectModel.ReadOnlyCollection`1[System.String]","System.Collections.Generic.List`1[System.Diagnostics.Eventing.Reader.EventProperty]"
"CreateRemoteThread detected:
RuleName: -
UtcTime: 2025-12-25 10:33:32.681
SourceProcessGuid: {8bb50d47-11de-694d-1300-000000000c00}
SourceProcessId: 1084
SourceImage: C:\Windows\System32\dwm.exe
TargetProcessGuid: {8bb50d47-11d2-694d-0900-000000000c00}
TargetProcessId: 728
TargetImage: C:\Windows\System32\csrss.exe
NewThreadId: 7888
StartAddress: 0xFFFFF8031CE6D040
StartModule: -
StartFunction: -
SourceUser: Window Manager\DWM-1
TargetUser: NT AUTHORITY\SYSTEM","8","2",,"4","8","0","-9223372036854775808","2023","Microsoft-Windows-Sysmon","5770385f-c22a-43e0-bf4c-06f5698ffbd9","Microsoft-Windows-Sysmon/Operational","3580","4288","Windows11","S-1-5-18","12/25/2025 11:33:34 AM",,,"Microsoft-Windows-Sysmon/Operational","System.UInt32[]","System.Diagnostics.Eventing.Reader.EventBookmark","Information","Info","File created (rule: FileCreate)","System.Collections.ObjectModel.ReadOnlyCollection`1[System.String]","System.Collections.Generic.List`1[System.Diagnostics.Eventing.Reader.EventProperty]"
"CreateRemoteThread detected:
RuleName: -
UtcTime: 2025-12-25 10:33:32.333
SourceProcessGuid: {8bb50d47-11de-694d-1300-000000000c00}
SourceProcessId: 1084
SourceImage: C:\Windows\System32\dwm.exe
TargetProcessGuid: {8bb50d47-11d2-694d-0900-000000000c00}
TargetProcessId: 728
TargetImage: C:\Windows\System32\csrss.exe
NewThreadId: 6664
StartAddress: 0xFFFFF8031CE6D040
StartModule: -
StartFunction: -
SourceUser: Window Manager\DWM-1
TargetUser: NT AUTHORITY\SYSTEM","8","2",,"4","8","0","-9223372036854775808","2022","Microsoft-Windows-Sysmon","5770385f-c22a-43e0-bf4c-06f5698ffbd9","Microsoft-Windows-Sysmon/Operational","3580","4288","Windows11","S-1-5-18","12/25/2025 11:33:34 AM",,,"Microsoft-Windows-Sysmon/Operational","System.UInt32[]","System.Diagnostics.Eventing.Reader.EventBookmark","Information","Info","File created (rule: FileCreate)","System.Collections.ObjectModel.ReadOnlyCollection`1[System.String]","System.Collections.Generic.List`1[System.Diagnostics.Eventing.Reader.EventProperty]"
"CreateRemoteThread detected:
RuleName: -
UtcTime: 2025-12-25 10:33:32.051
SourceProcessGuid: {8bb50d47-11de-694d-1300-000000000c00}
SourceProcessId: 1084
SourceImage: C:\Windows\System32\dwm.exe
TargetProcessGuid: {8bb50d47-11d2-694d-0900-000000000c00}
TargetProcessId: 728
TargetImage: C:\Windows\System32\csrss.exe
NewThreadId: 7720
StartAddress: 0xFFFFF8031CE6D040
StartModule: -
StartFunction: -
SourceUser: Window Manager\DWM-1
TargetUser: NT AUTHORITY\SYSTEM","8","2",,"4","8","0","-9223372036854775808","2021","Microsoft-Windows-Sysmon","5770385f-c22a-43e0-bf4c-06f5698ffbd9","Microsoft-Windows-Sysmon/Operational","3580","4288","Windows11","S-1-5-18","12/25/2025 11:33:34 AM",,,"Microsoft-Windows-Sysmon/Operational","System.UInt32[]","System.Diagnostics.Eventing.Reader.EventBookmark","Information","Info","File created (rule: FileCreate)","System.Collections.ObjectModel.ReadOnlyCollection`1[System.String]","System.Collections.Generic.List`1[System.Diagnostics.Eventing.Reader.EventProperty]"
"CreateRemoteThread detected:
RuleName: -
UtcTime: 2025-12-25 10:33:31.766
SourceProcessGuid: {8bb50d47-11de-694d-1300-000000000c00}
SourceProcessId: 1084
SourceImage: C:\Windows\System32\dwm.exe
TargetProcessGuid: {8bb50d47-11d2-694d-0900-000000000c00}
TargetProcessId: 728
TargetImage: C:\Windows\System32\csrss.exe
NewThreadId: 4256
StartAddress: 0xFFFFF8031CE6D040
StartModule: -
StartFunction: -
SourceUser: Window Manager\DWM-1
TargetUser: NT AUTHORITY\SYSTEM","8","2",,"4","8","0","-9223372036854775808","2020","Microsoft-Windows-Sysmon","5770385f-c22a-43e0-bf4c-06f5698ffbd9","Microsoft-Windows-Sysmon/Operational","3580","4288","Windows11","S-1-5-18","12/25/2025 11:33:34 AM",,,"Microsoft-Windows-Sysmon/Operational","System.UInt32[]","System.Diagnostics.Eventing.Reader.EventBookmark","Information","Info","File created (rule: FileCreate)","System.Collections.ObjectModel.ReadOnlyCollection`1[System.String]","System.Collections.Generic.List`1[System.Diagnostics.Eventing.Reader.EventProperty]"
"CreateRemoteThread detected:
RuleName: -
UtcTime: 2025-12-25 10:33:31.509
SourceProcessGuid: {8bb50d47-11de-694d-1300-000000000c00}
SourceProcessId: 1084
SourceImage: C:\Windows\System32\dwm.exe
TargetProcessGuid: {8bb50d47-11d2-694d-0900-000000000c00}
TargetProcessId: 728
TargetImage: C:\Windows\System32\csrss.exe
NewThreadId: 2252
StartAddress: 0xFFFFF8031CE6D040
StartModule: -
StartFunction: -
SourceUser: Window Manager\DWM-1
TargetUser: NT AUTHORITY\SYSTEM","8","2",,"4","8","0","-9223372036854775808","2019","Microsoft-Windows-Sysmon","5770385f-c22a-43e0-bf4c-06f5698ffbd9","Microsoft-Windows-Sysmon/Operational","3580","4288","Windows11","S-1-5-18","12/25/2025 11:33:32 AM",,,"Microsoft-Windows-Sysmon/Operational","System.UInt32[]","System.Diagnostics.Eventing.Reader.EventBookmark","Information","Info","File created (rule: FileCreate)","System.Collections.ObjectModel.ReadOnlyCollection`1[System.String]","System.Collections.Generic.List`1[System.Diagnostics.Eventing.Reader.EventProperty]"
"CreateRemoteThread detected:
RuleName: -
UtcTime: 2025-12-25 10:33:31.223
SourceProcessGuid: {8bb50d47-11de-694d-1300-000000000c00}
SourceProcessId: 1084
SourceImage: C:\Windows\System32\dwm.exe
TargetProcessGuid: {8bb50d47-11d2-694d-0900-000000000c00}
TargetProcessId: 728
TargetImage: C:\Windows\System32\csrss.exe
NewThreadId: 7708
StartAddress: 0xFFFFF8031CE6D040
StartModule: -
StartFunction: -
SourceUser: Window Manager\DWM-1
TargetUser: NT AUTHORITY\SYSTEM","8","2",,"4","8","0","-9223372036854775808","2018","Microsoft-Windows-Sysmon","5770385f-c22a-43e0-bf4c-06f5698ffbd9","Microsoft-Windows-Sysmon/Operational","3580","4288","Windows11","S-1-5-18","12/25/2025 11:33:31 AM",,,"Microsoft-Windows-Sysmon/Operational","System.UInt32[]","System.Diagnostics.Eventing.Reader.EventBookmark","Information","Info","File created (rule: FileCreate)","System.Collections.ObjectModel.ReadOnlyCollection`1[System.String]","System.Collections.Generic.List`1[System.Diagnostics.Eventing.Reader.EventProperty]"
"File created:
RuleName: -
UtcTime: 2025-12-25 10:33:27.884
ProcessGuid: {8bb50d47-12f7-694d-e000-000000000c00}
ProcessId: 3340
Image: C:\WINDOWS\SysWOW64\WindowsPowerShell\v1.0\powershell.exe
TargetFilename: C:\Windows\SystemTemp\__PSScriptPolicyTest_m4vwrn1z.sko.ps1
CreationUtcTime: 2025-12-25 10:33:27.878
User: NT AUTHORITY\SYSTEM","11","2",,"4","11","0","-9223372036854775808","2017","Microsoft-Windows-Sysmon","5770385f-c22a-43e0-bf4c-06f5698ffbd9","Microsoft-Windows-Sysmon/Operational","3580","4288","Windows11","S-1-5-18","12/25/2025 11:33:27 AM",,,"Microsoft-Windows-Sysmon/Operational","System.UInt32[]","System.Diagnostics.Eventing.Reader.EventBookmark","Information","Info","File created (rule: FileCreate)","System.Collections.ObjectModel.ReadOnlyCollection`1[System.String]","System.Collections.Generic.List`1[System.Diagnostics.Eventing.Reader.EventProperty]"
"Process Create:
RuleName: -
UtcTime: 2025-12-25 10:33:27.370
ProcessGuid: {8bb50d47-12f7-694d-e000-000000000c00}
ProcessId: 3340
Image: C:\Windows\SysWOW64\WindowsPowerShell\v1.0\powershell.exe
FileVersion: 10.0.26100.5074 (WinBuild.160101.0800)
Description: Windows PowerShell
Product: Microsoft? Windows? Operating System
Company: Microsoft Corporation
OriginalFileName: PowerShell.EXE
CommandLine: powershell -NoProfile -Command ""[bool](Get-CimInstance -Query 'SELECT * FROM Win32_UserAccount WHERE LocalAccount = TRUE AND SID LIKE ''S-1-5-21-%%-501''' | Where-Object -Property Disabled)""
CurrentDirectory: C:\Program Files (x86)\ossec-agent\
User: NT AUTHORITY\SYSTEM
LogonGuid: {8bb50d47-11d7-694d-e703-000000000000}
LogonId: 0x3E7
TerminalSessionId: 0
IntegrityLevel: System
Hashes: MD5=0CB6529404FAEF431547CFF590744553,SHA256=3BFEDAAA40D9E19E45A3EE10C0F14B1750B01619EBB9F39BE3865BCFDACDD2E5,IMPHASH=9F91C97560360686D37B0E311BB8BD64
ParentProcessGuid: {8bb50d47-11fe-694d-4c00-000000000c00}
ParentProcessId: 3552
ParentImage: C:\Program Files (x86)\ossec-agent\wazuh-agent.exe
ParentCommandLine: ""C:\Program Files (x86)\ossec-agent\wazuh-agent.exe""
ParentUser: NT AUTHORITY\SYSTEM","1","5",,"4","1","0","-9223372036854775808","2016","Microsoft-Windows-Sysmon","5770385f-c22a-43e0-bf4c-06f5698ffbd9","Microsoft-Windows-Sysmon/Operational","3580","4288","Windows11","S-1-5-18","12/25/2025 11:33:27 AM",,,"Microsoft-Windows-Sysmon/Operational","System.UInt32[]","System.Diagnostics.Eventing.Reader.EventBookmark","Information","Info","File created (rule: FileCreate)","System.Collections.ObjectModel.ReadOnlyCollection`1[System.String]","System.Collections.Generic.List`1[System.Diagnostics.Eventing.Reader.EventProperty]"
"Process Create:
RuleName: -
UtcTime: 2025-12-25 10:33:26.389
ProcessGuid: {8bb50d47-12f6-694d-df00-000000000c00}
ProcessId: 7800
Image: C:\Windows\SysWOW64\SecEdit.exe
FileVersion: 10.0.26100.1882 (WinBuild.160101.0800)
Description: Windows Security Configuration Editor Command Tool
Product: Microsoft? Windows? Operating System
Company: Microsoft Corporation
OriginalFileName: SeCEdit
CommandLine: ""C:\WINDOWS\system32\SecEdit.exe"" /export /cfg C:\WINDOWS\TEMP\secpol.cfg
CurrentDirectory: C:\Program Files (x86)\ossec-agent\
User: NT AUTHORITY\SYSTEM
LogonGuid: {8bb50d47-11d7-694d-e703-000000000000}
LogonId: 0x3E7
TerminalSessionId: 0
IntegrityLevel: System
Hashes: MD5=5186660368C77614AEC7DF482ECD4BD9,SHA256=FB968BA2416A930CD06AC599A61A50569AAA846CA15D0880A5DB80A81CF1500A,IMPHASH=615449A6A25801F47AE0D7578EB950B4
ParentProcessGuid: {8bb50d47-12f3-694d-dc00-000000000c00}
ParentProcessId: 6636
ParentImage: C:\Windows\SysWOW64\WindowsPowerShell\v1.0\powershell.exe
ParentCommandLine: powershell secedit /export /cfg $env:TEMP\secpol.cfg; Get-Content $env:TEMP\secpol.cfg | Select-String ""ResetLockoutCount""; Remove-Item $env:TEMP\secpol.cfg
ParentUser: NT AUTHORITY\SYSTEM","1","5",,"4","1","0","-9223372036854775808","2015","Microsoft-Windows-Sysmon","5770385f-c22a-43e0-bf4c-06f5698ffbd9","Microsoft-Windows-Sysmon/Operational","3580","4288","Windows11","S-1-5-18","12/25/2025 11:33:26 AM",,,"Microsoft-Windows-Sysmon/Operational","System.UInt32[]","System.Diagnostics.Eventing.Reader.EventBookmark","Information","Info","File created (rule: FileCreate)","System.Collections.ObjectModel.ReadOnlyCollection`1[System.String]","System.Collections.Generic.List`1[System.Diagnostics.Eventing.Reader.EventProperty]"
"File created:
RuleName: -
UtcTime: 2025-12-25 10:33:24.640
ProcessGuid: {8bb50d47-12f3-694d-dc00-000000000c00}
ProcessId: 6636
Image: C:\WINDOWS\SysWOW64\WindowsPowerShell\v1.0\powershell.exe
TargetFilename: C:\Windows\SystemTemp\__PSScriptPolicyTest_k5gikpt5.jbn.ps1
CreationUtcTime: 2025-12-25 10:33:24.611
User: NT AUTHORITY\SYSTEM","11","2",,"4","11","0","-9223372036854775808","2014","Microsoft-Windows-Sysmon","5770385f-c22a-43e0-bf4c-06f5698ffbd9","Microsoft-Windows-Sysmon/Operational","3580","4288","Windows11","S-1-5-18","12/25/2025 11:33:24 AM",,,"Microsoft-Windows-Sysmon/Operational","System.UInt32[]","System.Diagnostics.Eventing.Reader.EventBookmark","Information","Info","File created (rule: FileCreate)","System.Collections.ObjectModel.ReadOnlyCollection`1[System.String]","System.Collections.Generic.List`1[System.Diagnostics.Eventing.Reader.EventProperty]"
"Process Create:
RuleName: -
UtcTime: 2025-12-25 10:33:24.370
ProcessGuid: {8bb50d47-12f4-694d-de00-000000000c00}
ProcessId: 4024
Image: C:\Windows\System32\SecurityHealth\10.0.29429.1000-0\SecurityHealthHost.exe
FileVersion: 10.0.29429.1000 (WinBuild.160101.0800)
Description: Windows Security Health Host
Product: Microsoft? Windows? Operating System
Company: Microsoft Corporation
OriginalFileName: SecurityHealthHost.exe
CommandLine: \\?\C:\Windows\System32\SecurityHealth\10.0.29429.1000-0\SecurityHealthHost.exe {08728914-3F57-4D52-9E31-49DAECA5A80A} -Embedding
CurrentDirectory: C:\WINDOWS\system32\
User: WINDOWS11\Yomi
LogonGuid: {8bb50d47-11ef-694d-0419-020000000000}
LogonId: 0x21904
TerminalSessionId: 1
IntegrityLevel: Medium
Hashes: MD5=6A1C7F240C04965EA3627ADA46E890DB,SHA256=4DAAC737340C506314BF4B5FA7979FBA68E0F9E22093F9EC50CAF647542A113F,IMPHASH=E8960CAF12CF621B3CA78988264C27F1
ParentProcessGuid: {8bb50d47-11db-694d-0f00-000000000c00}
ParentProcessId: 560
ParentImage: C:\Windows\System32\svchost.exe
ParentCommandLine: C:\WINDOWS\system32\svchost.exe -k DcomLaunch -p
ParentUser: NT AUTHORITY\SYSTEM","1","5",,"4","1","0","-9223372036854775808","2013","Microsoft-Windows-Sysmon","5770385f-c22a-43e0-bf4c-06f5698ffbd9","Microsoft-Windows-Sysmon/Operational","3580","4288","Windows11","S-1-5-18","12/25/2025 11:33:24 AM",,,"Microsoft-Windows-Sysmon/Operational","System.UInt32[]","System.Diagnostics.Eventing.Reader.EventBookmark","Information","Info","File created (rule: FileCreate)","System.Collections.ObjectModel.ReadOnlyCollection`1[System.String]","System.Collections.Generic.List`1[System.Diagnostics.Eventing.Reader.EventProperty]"
"Process Create:
RuleName: -
UtcTime: 2025-12-25 10:33:23.941
ProcessGuid: {8bb50d47-12f3-694d-dc00-000000000c00}
ProcessId: 6636
Image: C:\Windows\SysWOW64\WindowsPowerShell\v1.0\powershell.exe
FileVersion: 10.0.26100.5074 (WinBuild.160101.0800)
Description: Windows PowerShell
Product: Microsoft? Windows? Operating System
Company: Microsoft Corporation
OriginalFileName: PowerShell.EXE
CommandLine: powershell secedit /export /cfg $env:TEMP\secpol.cfg; Get-Content $env:TEMP\secpol.cfg | Select-String ""ResetLockoutCount""; Remove-Item $env:TEMP\secpol.cfg
CurrentDirectory: C:\Program Files (x86)\ossec-agent\
User: NT AUTHORITY\SYSTEM
LogonGuid: {8bb50d47-11d7-694d-e703-000000000000}
LogonId: 0x3E7
TerminalSessionId: 0
IntegrityLevel: System
Hashes: MD5=0CB6529404FAEF431547CFF590744553,SHA256=3BFEDAAA40D9E19E45A3EE10C0F14B1750B01619EBB9F39BE3865BCFDACDD2E5,IMPHASH=9F91C97560360686D37B0E311BB8BD64
ParentProcessGuid: {8bb50d47-11fe-694d-4c00-000000000c00}
ParentProcessId: 3552
ParentImage: C:\Program Files (x86)\ossec-agent\wazuh-agent.exe
ParentCommandLine: ""C:\Program Files (x86)\ossec-agent\wazuh-agent.exe""
ParentUser: NT AUTHORITY\SYSTEM","1","5",,"4","1","0","-9223372036854775808","2012","Microsoft-Windows-Sysmon","5770385f-c22a-43e0-bf4c-06f5698ffbd9","Microsoft-Windows-Sysmon/Operational","3580","4288","Windows11","S-1-5-18","12/25/2025 11:33:23 AM",,,"Microsoft-Windows-Sysmon/Operational","System.UInt32[]","System.Diagnostics.Eventing.Reader.EventBookmark","Information","Info","File created (rule: FileCreate)","System.Collections.ObjectModel.ReadOnlyCollection`1[System.String]","System.Collections.Generic.List`1[System.Diagnostics.Eventing.Reader.EventProperty]"
"Process Create:
RuleName: -
UtcTime: 2025-12-25 10:33:22.004
ProcessGuid: {8bb50d47-12f2-694d-db00-000000000c00}
ProcessId: 8176
Image: C:\Windows\System32\wbem\WMIADAP.exe
FileVersion: 10.0.26100.5074 (WinBuild.160101.0800)
Description: WMI Reverse Performance Adapter Maintenance Utility
Product: Microsoft? Windows? Operating System
Company: Microsoft Corporation
OriginalFileName: wmicookr.dll
CommandLine: wmiadap.exe /F /T /R
CurrentDirectory: C:\WINDOWS\system32\
User: NT AUTHORITY\SYSTEM
LogonGuid: {8bb50d47-11d7-694d-e703-000000000000}
LogonId: 0x3E7
TerminalSessionId: 0
IntegrityLevel: System
Hashes: MD5=A979D05926FA381DE115441B738F3CA9,SHA256=B00A46116344B0079E9F4EA027713F858700157AEB5F6445C09C72C704965552,IMPHASH=FA5718BEB895243416970B6C1C85E7E3
ParentProcessGuid: {8bb50d47-11fd-694d-4900-000000000c00}
ParentProcessId: 3480
ParentImage: C:\Windows\System32\svchost.exe
ParentCommandLine: C:\WINDOWS\system32\svchost.exe -k netsvcs -p -s Winmgmt
ParentUser: NT AUTHORITY\SYSTEM","1","5",,"4","1","0","-9223372036854775808","2011","Microsoft-Windows-Sysmon","5770385f-c22a-43e0-bf4c-06f5698ffbd9","Microsoft-Windows-Sysmon/Operational","3580","4288","Windows11","S-1-5-18","12/25/2025 11:33:22 AM",,,"Microsoft-Windows-Sysmon/Operational","System.UInt32[]","System.Diagnostics.Eventing.Reader.EventBookmark","Information","Info","File created (rule: FileCreate)","System.Collections.ObjectModel.ReadOnlyCollection`1[System.String]","System.Collections.Generic.List`1[System.Diagnostics.Eventing.Reader.EventProperty]"
"Process Create:
RuleName: -
UtcTime: 2025-12-25 10:33:21.805
ProcessGuid: {8bb50d47-12f1-694d-da00-000000000c00}
ProcessId: 8164
Image: C:\Windows\SysWOW64\SecEdit.exe
FileVersion: 10.0.26100.1882 (WinBuild.160101.0800)
Description: Windows Security Configuration Editor Command Tool
Product: Microsoft? Windows? Operating System
Company: Microsoft Corporation
OriginalFileName: SeCEdit
CommandLine: ""C:\WINDOWS\system32\SecEdit.exe"" /export /cfg C:\WINDOWS\TEMP\secpol.cfg
CurrentDirectory: C:\Program Files (x86)\ossec-agent\
User: NT AUTHORITY\SYSTEM
LogonGuid: {8bb50d47-11d7-694d-e703-000000000000}
LogonId: 0x3E7
TerminalSessionId: 0
IntegrityLevel: System
Hashes: MD5=5186660368C77614AEC7DF482ECD4BD9,SHA256=FB968BA2416A930CD06AC599A61A50569AAA846CA15D0880A5DB80A81CF1500A,IMPHASH=615449A6A25801F47AE0D7578EB950B4
ParentProcessGuid: {8bb50d47-12ed-694d-d700-000000000c00}
ParentProcessId: 7948
ParentImage: C:\Windows\SysWOW64\WindowsPowerShell\v1.0\powershell.exe
ParentCommandLine: powershell secedit /export /cfg $env:TEMP\secpol.cfg; Get-Content $env:TEMP\secpol.cfg | Select-String ""LockoutBadCount""; Remove-Item $env:TEMP\secpol.cfg
ParentUser: NT AUTHORITY\SYSTEM","1","5",,"4","1","0","-9223372036854775808","2010","Microsoft-Windows-Sysmon","5770385f-c22a-43e0-bf4c-06f5698ffbd9","Microsoft-Windows-Sysmon/Operational","3580","4288","Windows11","S-1-5-18","12/25/2025 11:33:21 AM",,,"Microsoft-Windows-Sysmon/Operational","System.UInt32[]","System.Diagnostics.Eventing.Reader.EventBookmark","Information","Info","File created (rule: FileCreate)","System.Collections.ObjectModel.ReadOnlyCollection`1[System.String]","System.Collections.Generic.List`1[System.Diagnostics.Eventing.Reader.EventProperty]"
"CreateRemoteThread detected:
RuleName: -
UtcTime: 2025-12-25 10:33:20.110
SourceProcessGuid: {8bb50d47-11de-694d-1300-000000000c00}
SourceProcessId: 1084
SourceImage: C:\Windows\System32\dwm.exe
TargetProcessGuid: {8bb50d47-11d2-694d-0900-000000000c00}
TargetProcessId: 728
TargetImage: C:\Windows\System32\csrss.exe
NewThreadId: 8136
StartAddress: 0xFFFFF8031CE6D040
StartModule: -
StartFunction: -
SourceUser: Window Manager\DWM-1
TargetUser: NT AUTHORITY\SYSTEM","8","2",,"4","8","0","-9223372036854775808","2009","Microsoft-Windows-Sysmon","5770385f-c22a-43e0-bf4c-06f5698ffbd9","Microsoft-Windows-Sysmon/Operational","3580","4288","Windows11","S-1-5-18","12/25/2025 11:33:20 AM",,,"Microsoft-Windows-Sysmon/Operational","System.UInt32[]","System.Diagnostics.Eventing.Reader.EventBookmark","Information","Info","File created (rule: FileCreate)","System.Collections.ObjectModel.ReadOnlyCollection`1[System.String]","System.Collections.Generic.List`1[System.Diagnostics.Eventing.Reader.EventProperty]"
"Process Create:
RuleName: -
UtcTime: 2025-12-25 10:33:19.844
ProcessGuid: {8bb50d47-12ef-694d-d900-000000000c00}
ProcessId: 8064
Image: C:\Windows\System32\VBoxTray.exe
FileVersion: 7.2.4.170995
Description: VirtualBox Guest Additions Tray Application
Product: Oracle VirtualBox Guest Additions
Company: Oracle and/or its affiliates
OriginalFileName: -
CommandLine: ""C:\Windows\System32\VBoxTray.exe"" 
CurrentDirectory: C:\WINDOWS\system32\
User: WINDOWS11\Yomi
LogonGuid: {8bb50d47-11ef-694d-0419-020000000000}
LogonId: 0x21904
TerminalSessionId: 1
IntegrityLevel: Medium
Hashes: MD5=3972968A74DC7B05CEAA8D25C96A63D5,SHA256=E2348B95917E0E8931F2CF2AB9A095D7EB80B98EEDB87D561274D1227EAD98A4,IMPHASH=8A80E14ACCF88B9BF05ED11E78CB26E3
ParentProcessGuid: {00000000-0000-0000-0000-000000000000}
ParentProcessId: 2028
ParentImage: -
ParentCommandLine: -
ParentUser: -","1","5",,"4","1","0","-9223372036854775808","2008","Microsoft-Windows-Sysmon","5770385f-c22a-43e0-bf4c-06f5698ffbd9","Microsoft-Windows-Sysmon/Operational","3580","4288","Windows11","S-1-5-18","12/25/2025 11:33:19 AM",,,"Microsoft-Windows-Sysmon/Operational","System.UInt32[]","System.Diagnostics.Eventing.Reader.EventBookmark","Information","Info","File created (rule: FileCreate)","System.Collections.ObjectModel.ReadOnlyCollection`1[System.String]","System.Collections.Generic.List`1[System.Diagnostics.Eventing.Reader.EventProperty]"
"File created:
RuleName: -
UtcTime: 2025-12-25 10:33:18.329
ProcessGuid: {8bb50d47-12ed-694d-d700-000000000c00}
ProcessId: 7948
Image: C:\WINDOWS\SysWOW64\WindowsPowerShell\v1.0\powershell.exe
TargetFilename: C:\Windows\SystemTemp\__PSScriptPolicyTest_50ilobla.14i.ps1
CreationUtcTime: 2025-12-25 10:33:18.218
User: NT AUTHORITY\SYSTEM","11","2",,"4","11","0","-9223372036854775808","2007","Microsoft-Windows-Sysmon","5770385f-c22a-43e0-bf4c-06f5698ffbd9","Microsoft-Windows-Sysmon/Operational","3580","4288","Windows11","S-1-5-18","12/25/2025 11:33:18 AM",,,"Microsoft-Windows-Sysmon/Operational","System.UInt32[]","System.Diagnostics.Eventing.Reader.EventBookmark","Information","Info","File created (rule: FileCreate)","System.Collections.ObjectModel.ReadOnlyCollection`1[System.String]","System.Collections.Generic.List`1[System.Diagnostics.Eventing.Reader.EventProperty]"
"Process Create:
RuleName: -
UtcTime: 2025-12-25 10:33:17.412
ProcessGuid: {8bb50d47-12ed-694d-d700-000000000c00}
ProcessId: 7948
Image: C:\Windows\SysWOW64\WindowsPowerShell\v1.0\powershell.exe
FileVersion: 10.0.26100.5074 (WinBuild.160101.0800)
Description: Windows PowerShell
Product: Microsoft? Windows? Operating System
Company: Microsoft Corporation
OriginalFileName: PowerShell.EXE
CommandLine: powershell secedit /export /cfg $env:TEMP\secpol.cfg; Get-Content $env:TEMP\secpol.cfg | Select-String ""LockoutBadCount""; Remove-Item $env:TEMP\secpol.cfg
CurrentDirectory: C:\Program Files (x86)\ossec-agent\
User: NT AUTHORITY\SYSTEM
LogonGuid: {8bb50d47-11d7-694d-e703-000000000000}
LogonId: 0x3E7
TerminalSessionId: 0
IntegrityLevel: System
Hashes: MD5=0CB6529404FAEF431547CFF590744553,SHA256=3BFEDAAA40D9E19E45A3EE10C0F14B1750B01619EBB9F39BE3865BCFDACDD2E5,IMPHASH=9F91C97560360686D37B0E311BB8BD64
ParentProcessGuid: {8bb50d47-11fe-694d-4c00-000000000c00}
ParentProcessId: 3552
ParentImage: C:\Program Files (x86)\ossec-agent\wazuh-agent.exe
ParentCommandLine: ""C:\Program Files (x86)\ossec-agent\wazuh-agent.exe""
ParentUser: NT AUTHORITY\SYSTEM","1","5",,"4","1","0","-9223372036854775808","2006","Microsoft-Windows-Sysmon","5770385f-c22a-43e0-bf4c-06f5698ffbd9","Microsoft-Windows-Sysmon/Operational","3580","4288","Windows11","S-1-5-18","12/25/2025 11:33:17 AM",,,"Microsoft-Windows-Sysmon/Operational","System.UInt32[]","System.Diagnostics.Eventing.Reader.EventBookmark","Information","Info","File created (rule: FileCreate)","System.Collections.ObjectModel.ReadOnlyCollection`1[System.String]","System.Collections.Generic.List`1[System.Diagnostics.Eventing.Reader.EventProperty]"
"Process Create:
RuleName: -
UtcTime: 2025-12-25 10:33:15.427
ProcessGuid: {8bb50d47-12eb-694d-d600-000000000c00}
ProcessId: 7888
Image: C:\Windows\SysWOW64\SecEdit.exe
FileVersion: 10.0.26100.1882 (WinBuild.160101.0800)
Description: Windows Security Configuration Editor Command Tool
Product: Microsoft? Windows? Operating System
Company: Microsoft Corporation
OriginalFileName: SeCEdit
CommandLine: ""C:\WINDOWS\system32\SecEdit.exe"" /export /cfg C:\WINDOWS\TEMP\secpol.cfg
CurrentDirectory: C:\Program Files (x86)\ossec-agent\
User: NT AUTHORITY\SYSTEM
LogonGuid: {8bb50d47-11d7-694d-e703-000000000000}
LogonId: 0x3E7
TerminalSessionId: 0
IntegrityLevel: System
Hashes: MD5=5186660368C77614AEC7DF482ECD4BD9,SHA256=FB968BA2416A930CD06AC599A61A50569AAA846CA15D0880A5DB80A81CF1500A,IMPHASH=615449A6A25801F47AE0D7578EB950B4
ParentProcessGuid: {8bb50d47-12ce-694d-c200-000000000c00}
ParentProcessId: 2588
ParentImage: C:\Windows\SysWOW64\WindowsPowerShell\v1.0\powershell.exe
ParentCommandLine: powershell secedit /export /cfg $env:TEMP\secpol.cfg; Get-Content $env:TEMP\secpol.cfg | Select-String ""LockoutDuration""; Remove-Item $env:TEMP\secpol.cfg
ParentUser: NT AUTHORITY\SYSTEM","1","5",,"4","1","0","-9223372036854775808","2005","Microsoft-Windows-Sysmon","5770385f-c22a-43e0-bf4c-06f5698ffbd9","Microsoft-Windows-Sysmon/Operational","3580","4288","Windows11","S-1-5-18","12/25/2025 11:33:15 AM",,,"Microsoft-Windows-Sysmon/Operational","System.UInt32[]","System.Diagnostics.Eventing.Reader.EventBookmark","Information","Info","File created (rule: FileCreate)","System.Collections.ObjectModel.ReadOnlyCollection`1[System.String]","System.Collections.Generic.List`1[System.Diagnostics.Eventing.Reader.EventProperty]"
"Dns query:
RuleName: -
UtcTime: 2025-12-25 10:33:09.321
ProcessGuid: {8bb50d47-12e0-694d-d100-000000000c00}
ProcessId: 7364
QueryName: wpad
QueryStatus: 123
QueryResults: -
Image: C:\Program Files (x86)\Microsoft\EdgeWebView\Application\143.0.3650.96\msedgewebview2.exe
User: WINDOWS11\Yomi","22","5",,"4","22","0","-9223372036854775808","2004","Microsoft-Windows-Sysmon","5770385f-c22a-43e0-bf4c-06f5698ffbd9","Microsoft-Windows-Sysmon/Operational","3580","4340","Windows11","S-1-5-18","12/25/2025 11:33:13 AM",,,"Microsoft-Windows-Sysmon/Operational","System.UInt32[]","System.Diagnostics.Eventing.Reader.EventBookmark","Information","Info","File created (rule: FileCreate)","System.Collections.ObjectModel.ReadOnlyCollection`1[System.String]","System.Collections.Generic.List`1[System.Diagnostics.Eventing.Reader.EventProperty]"
"File created:
RuleName: -
UtcTime: 2025-12-25 10:33:08.241
ProcessGuid: {8bb50d47-12ce-694d-c200-000000000c00}
ProcessId: 2588
Image: C:\WINDOWS\SysWOW64\WindowsPowerShell\v1.0\powershell.exe
TargetFilename: C:\Windows\SystemTemp\__PSScriptPolicyTest_zvh5ef3e.1pe.ps1
CreationUtcTime: 2025-12-25 10:33:08.241
User: NT AUTHORITY\SYSTEM","11","2",,"4","11","0","-9223372036854775808","2003","Microsoft-Windows-Sysmon","5770385f-c22a-43e0-bf4c-06f5698ffbd9","Microsoft-Windows-Sysmon/Operational","3580","4288","Windows11","S-1-5-18","12/25/2025 11:33:08 AM",,,"Microsoft-Windows-Sysmon/Operational","System.UInt32[]","System.Diagnostics.Eventing.Reader.EventBookmark","Information","Info","File created (rule: FileCreate)","System.Collections.ObjectModel.ReadOnlyCollection`1[System.String]","System.Collections.Generic.List`1[System.Diagnostics.Eventing.Reader.EventProperty]"
"Dns query:
RuleName: -
UtcTime: 2025-12-25 10:33:01.336
ProcessGuid: {8bb50d47-12e0-694d-d100-000000000c00}
ProcessId: 7364
QueryName: wpad
QueryStatus: 123
QueryResults: -
Image: C:\Program Files (x86)\Microsoft\EdgeWebView\Application\143.0.3650.96\msedgewebview2.exe
User: WINDOWS11\Yomi","22","5",,"4","22","0","-9223372036854775808","2002","Microsoft-Windows-Sysmon","5770385f-c22a-43e0-bf4c-06f5698ffbd9","Microsoft-Windows-Sysmon/Operational","3580","4340","Windows11","S-1-5-18","12/25/2025 11:33:05 AM",,,"Microsoft-Windows-Sysmon/Operational","System.UInt32[]","System.Diagnostics.Eventing.Reader.EventBookmark","Information","Info","File created (rule: FileCreate)","System.Collections.ObjectModel.ReadOnlyCollection`1[System.String]","System.Collections.Generic.List`1[System.Diagnostics.Eventing.Reader.EventProperty]"
"Dns query:
