RuleName: -
UtcTime: 2025-12-25 01:56:58.943
ProcessGuid: {8bb50d47-99ea-694c-5201-000000000a00}
ProcessId: 6032
Image: C:\Windows\System32\ctfmon.exe
FileVersion: 10.0.26100.3624 (WinBuild.160101.0800)
Description: CTF Loader
Product: Microsoft? Windows? Operating System
Company: Microsoft Corporation
OriginalFileName: CTFMON.EXE
CommandLine: /QuitInfo:0000000000000290;000000000000029C; 
CurrentDirectory: C:\WINDOWS\system32\
User: NT AUTHORITY\SYSTEM
LogonGuid: {8bb50d47-9271-694c-e703-000000000000}
LogonId: 0x3E7
TerminalSessionId: 1
IntegrityLevel: System
Hashes: MD5=A3E50EF69038B3415A4D75820255A301,SHA256=F219F0975E70935D0BD4898BC568B146603C1D2E07ECE027F5E5B5E4EAD203D5,IMPHASH=B539389D4BE1DD68C8213A539FEB41FB
ParentProcessGuid: {8bb50d47-98d6-694c-3500-000000000a00}
ParentProcessId: 2580
ParentImage: C:\Windows\System32\svchost.exe
ParentCommandLine: C:\WINDOWS\System32\svchost.exe -k LocalSystemNetworkRestricted -p -s TextInputManagementService
ParentUser: NT AUTHORITY\SYSTEM","1","5",,"4","1","0","-9223372036854775808","1113","Microsoft-Windows-Sysmon","5770385f-c22a-43e0-bf4c-06f5698ffbd9","Microsoft-Windows-Sysmon/Operational","3588","4124","Windows11","S-1-5-18","12/25/2025 2:56:59 AM",,,"Microsoft-Windows-Sysmon/Operational","System.UInt32[]","System.Diagnostics.Eventing.Reader.EventBookmark","Information","Info","File created (rule: FileCreate)","System.Collections.ObjectModel.ReadOnlyCollection`1[System.String]","System.Collections.Generic.List`1[System.Diagnostics.Eventing.Reader.EventProperty]"
"Process Create:
RuleName: -
UtcTime: 2025-12-25 01:56:58.361
ProcessGuid: {8bb50d47-99ea-694c-5101-000000000a00}
ProcessId: 8132
Image: C:\Windows\System32\consent.exe
FileVersion: 10.0.26100.5074 (WinBuild.160101.0800)
Description: Consent UI for administrative applications
Product: Microsoft? Windows? Operating System
Company: Microsoft Corporation
OriginalFileName: consent.exe
CommandLine: consent.exe 5720 790 000001C062135640
CurrentDirectory: C:\WINDOWS\system32\
User: NT AUTHORITY\SYSTEM
LogonGuid: {8bb50d47-9271-694c-e703-000000000000}
LogonId: 0x3E7
TerminalSessionId: 1
IntegrityLevel: System
Hashes: MD5=8F1030C2603C82AB323BC03EAA5532AE,SHA256=9D80B4D956E8CD9E5C7FA9B083388DD32A15499D36CF81A2B01CC90608C69857,IMPHASH=531C24016A9A724FCB7E13BB0875666D
ParentProcessGuid: {8bb50d47-98fe-694c-8300-000000000a00}
ParentProcessId: 5720
ParentImage: C:\Windows\System32\svchost.exe
ParentCommandLine: C:\WINDOWS\system32\svchost.exe -k netsvcs -p -s Appinfo
ParentUser: NT AUTHORITY\SYSTEM","1","5",,"4","1","0","-9223372036854775808","1112","Microsoft-Windows-Sysmon","5770385f-c22a-43e0-bf4c-06f5698ffbd9","Microsoft-Windows-Sysmon/Operational","3588","4124","Windows11","S-1-5-18","12/25/2025 2:56:58 AM",,,"Microsoft-Windows-Sysmon/Operational","System.UInt32[]","System.Diagnostics.Eventing.Reader.EventBookmark","Information","Info","File created (rule: FileCreate)","System.Collections.ObjectModel.ReadOnlyCollection`1[System.String]","System.Collections.Generic.List`1[System.Diagnostics.Eventing.Reader.EventProperty]"
"Process Create:
RuleName: -
UtcTime: 2025-12-25 01:56:34.121
ProcessGuid: {8bb50d47-99d2-694c-5001-000000000a00}
ProcessId: 1784
Image: C:\Windows\System32\PING.EXE
FileVersion: 10.0.26100.1150 (WinBuild.160101.0800)
Description: TCP/IP Ping Command
Product: Microsoft? Windows? Operating System
Company: Microsoft Corporation
OriginalFileName: ping.exe
CommandLine: ping  8.8.8.8
CurrentDirectory: C:\Users\Yomi\
User: WINDOWS11\Yomi
LogonGuid: {8bb50d47-98dd-694c-b2bf-020000000000}
LogonId: 0x2BFB2
TerminalSessionId: 1
IntegrityLevel: Medium
Hashes: MD5=D68F13893470BF6AB433516A45F2F690,SHA256=96F2ABAC2542F4CD59628D14AF1F1935FEBFA56C675C3430E108B5465EBC823E,IMPHASH=9DDDBB964513CE08E2AC4B23405CE7E6
ParentProcessGuid: {8bb50d47-99ae-694c-0801-000000000a00}
ParentProcessId: 6628
ParentImage: C:\Windows\System32\cmd.exe
ParentCommandLine: ""C:\WINDOWS\system32\cmd.exe"" 
ParentUser: WINDOWS11\Yomi","1","5",,"4","1","0","-9223372036854775808","1111","Microsoft-Windows-Sysmon","5770385f-c22a-43e0-bf4c-06f5698ffbd9","Microsoft-Windows-Sysmon/Operational","3588","4124","Windows11","S-1-5-18","12/25/2025 2:56:34 AM",,,"Microsoft-Windows-Sysmon/Operational","System.UInt32[]","System.Diagnostics.Eventing.Reader.EventBookmark","Information","Info","File created (rule: FileCreate)","System.Collections.ObjectModel.ReadOnlyCollection`1[System.String]","System.Collections.Generic.List`1[System.Diagnostics.Eventing.Reader.EventProperty]"
"Process Create:
RuleName: -
UtcTime: 2025-12-25 01:56:25.218
ProcessGuid: {8bb50d47-99c9-694c-4f01-000000000a00}
ProcessId: 3976
Image: C:\Windows\System32\ipconfig.exe
FileVersion: 10.0.26100.5074 (WinBuild.160101.0800)
Description: IP Configuration Utility
Product: Microsoft? Windows? Operating System
Company: Microsoft Corporation
OriginalFileName: ipconfig.exe
CommandLine: ipconfig
CurrentDirectory: C:\Users\Yomi\
User: WINDOWS11\Yomi
LogonGuid: {8bb50d47-98dd-694c-b2bf-020000000000}
LogonId: 0x2BFB2
TerminalSessionId: 1
IntegrityLevel: Medium
Hashes: MD5=72ADC02091B465B6C483307A542C6376,SHA256=0EF3D41FCD0F857F111098912613D41E470A3DA151A4D39D28ACF0A88C48FF02,IMPHASH=CBC2F12E2905610996C50B4E23E96AB7
ParentProcessGuid: {8bb50d47-99ae-694c-0801-000000000a00}
ParentProcessId: 6628
ParentImage: C:\Windows\System32\cmd.exe
ParentCommandLine: ""C:\WINDOWS\system32\cmd.exe"" 
ParentUser: WINDOWS11\Yomi","1","5",,"4","1","0","-9223372036854775808","1110","Microsoft-Windows-Sysmon","5770385f-c22a-43e0-bf4c-06f5698ffbd9","Microsoft-Windows-Sysmon/Operational","3588","4124","Windows11","S-1-5-18","12/25/2025 2:56:25 AM",,,"Microsoft-Windows-Sysmon/Operational","System.UInt32[]","System.Diagnostics.Eventing.Reader.EventBookmark","Information","Info","File created (rule: FileCreate)","System.Collections.ObjectModel.ReadOnlyCollection`1[System.String]","System.Collections.Generic.List`1[System.Diagnostics.Eventing.Reader.EventProperty]"
"Registry value set:
RuleName: InvDB-Ver
EventType: SetValue
UtcTime: 2025-12-25 01:56:15.657
ProcessGuid: {8bb50d47-98db-694c-4100-000000000a00}
ProcessId: 3148
Image: C:\WINDOWS\System32\svchost.exe
TargetObject: \REGISTRY\A\{eff1d256-3588-f593-733b-58999e32632b}\Root\InventoryApplicationFile\whoami.exe|7380676a876ce9b1\BinProductVersion
Details: 10.0.26100.1882
User: NT AUTHORITY\SYSTEM","13","2",,"4","13","0","-9223372036854775808","1109","Microsoft-Windows-Sysmon","5770385f-c22a-43e0-bf4c-06f5698ffbd9","Microsoft-Windows-Sysmon/Operational","3588","4124","Windows11","S-1-5-18","12/25/2025 2:56:15 AM",,,"Microsoft-Windows-Sysmon/Operational","System.UInt32[]","System.Diagnostics.Eventing.Reader.EventBookmark","Information","Info","File created (rule: FileCreate)","System.Collections.ObjectModel.ReadOnlyCollection`1[System.String]","System.Collections.Generic.List`1[System.Diagnostics.Eventing.Reader.EventProperty]"
"Registry value set:
RuleName: InvDB-CompileTimeClaim
EventType: SetValue
UtcTime: 2025-12-25 01:56:15.657
ProcessGuid: {8bb50d47-98db-694c-4100-000000000a00}
ProcessId: 3148
Image: C:\WINDOWS\System32\svchost.exe
TargetObject: \REGISTRY\A\{eff1d256-3588-f593-733b-58999e32632b}\Root\InventoryApplicationFile\whoami.exe|7380676a876ce9b1\LinkDate
Details: 02/26/2084 13:49:05
User: NT AUTHORITY\SYSTEM","13","2",,"4","13","0","-9223372036854775808","1108","Microsoft-Windows-Sysmon","5770385f-c22a-43e0-bf4c-06f5698ffbd9","Microsoft-Windows-Sysmon/Operational","3588","4124","Windows11","S-1-5-18","12/25/2025 2:56:15 AM",,,"Microsoft-Windows-Sysmon/Operational","System.UInt32[]","System.Diagnostics.Eventing.Reader.EventBookmark","Information","Info","File created (rule: FileCreate)","System.Collections.ObjectModel.ReadOnlyCollection`1[System.String]","System.Collections.Generic.List`1[System.Diagnostics.Eventing.Reader.EventProperty]"
"Registry value set:
RuleName: InvDB-Pub
EventType: SetValue
UtcTime: 2025-12-25 01:56:15.657
ProcessGuid: {8bb50d47-98db-694c-4100-000000000a00}
ProcessId: 3148
Image: C:\WINDOWS\System32\svchost.exe
TargetObject: \REGISTRY\A\{eff1d256-3588-f593-733b-58999e32632b}\Root\InventoryApplicationFile\whoami.exe|7380676a876ce9b1\Publisher
Details: microsoft corporation
User: NT AUTHORITY\SYSTEM","13","2",,"4","13","0","-9223372036854775808","1107","Microsoft-Windows-Sysmon","5770385f-c22a-43e0-bf4c-06f5698ffbd9","Microsoft-Windows-Sysmon/Operational","3588","4124","Windows11","S-1-5-18","12/25/2025 2:56:15 AM",,,"Microsoft-Windows-Sysmon/Operational","System.UInt32[]","System.Diagnostics.Eventing.Reader.EventBookmark","Information","Info","File created (rule: FileCreate)","System.Collections.ObjectModel.ReadOnlyCollection`1[System.String]","System.Collections.Generic.List`1[System.Diagnostics.Eventing.Reader.EventProperty]"
"Registry value set:
RuleName: InvDB-Path
EventType: SetValue
UtcTime: 2025-12-25 01:56:15.657
ProcessGuid: {8bb50d47-98db-694c-4100-000000000a00}
ProcessId: 3148
Image: C:\WINDOWS\System32\svchost.exe
TargetObject: \REGISTRY\A\{eff1d256-3588-f593-733b-58999e32632b}\Root\InventoryApplicationFile\whoami.exe|7380676a876ce9b1\LowerCaseLongPath
Details: c:\windows\system32\whoami.exe
User: NT AUTHORITY\SYSTEM","13","2",,"4","13","0","-9223372036854775808","1106","Microsoft-Windows-Sysmon","5770385f-c22a-43e0-bf4c-06f5698ffbd9","Microsoft-Windows-Sysmon/Operational","3588","4124","Windows11","S-1-5-18","12/25/2025 2:56:15 AM",,,"Microsoft-Windows-Sysmon/Operational","System.UInt32[]","System.Diagnostics.Eventing.Reader.EventBookmark","Information","Info","File created (rule: FileCreate)","System.Collections.ObjectModel.ReadOnlyCollection`1[System.String]","System.Collections.Generic.List`1[System.Diagnostics.Eventing.Reader.EventProperty]"
"Process Create:
RuleName: -
UtcTime: 2025-12-25 01:56:14.883
ProcessGuid: {8bb50d47-99be-694c-4e01-000000000a00}
ProcessId: 7936
Image: C:\Windows\System32\whoami.exe
FileVersion: 10.0.26100.1882 (WinBuild.160101.0800)
Description: whoami - displays logged on user information
Product: Microsoft? Windows? Operating System
Company: Microsoft Corporation
OriginalFileName: whoami.exe
CommandLine: whoami
CurrentDirectory: C:\Users\Yomi\
User: WINDOWS11\Yomi
LogonGuid: {8bb50d47-98dd-694c-b2bf-020000000000}
LogonId: 0x2BFB2
TerminalSessionId: 1
IntegrityLevel: Medium
Hashes: MD5=956692DADC5B2CEB46E9219F7A5BEFFA,SHA256=23240EF9F8B0A9A324110B1C2331DE31DC1B0E08F5359CB707E51A939AF56CD3,IMPHASH=E4464BCD92DF7AC69CCD074CB9C0EFED
ParentProcessGuid: {8bb50d47-99ae-694c-0801-000000000a00}
ParentProcessId: 6628
ParentImage: C:\Windows\System32\cmd.exe
ParentCommandLine: ""C:\WINDOWS\system32\cmd.exe"" 
ParentUser: WINDOWS11\Yomi","1","5",,"4","1","0","-9223372036854775808","1105","Microsoft-Windows-Sysmon","5770385f-c22a-43e0-bf4c-06f5698ffbd9","Microsoft-Windows-Sysmon/Operational","3588","4124","Windows11","S-1-5-18","12/25/2025 2:56:14 AM",,,"Microsoft-Windows-Sysmon/Operational","System.UInt32[]","System.Diagnostics.Eventing.Reader.EventBookmark","Information","Info","File created (rule: FileCreate)","System.Collections.ObjectModel.ReadOnlyCollection`1[System.String]","System.Collections.Generic.List`1[System.Diagnostics.Eventing.Reader.EventProperty]"
"Process Create:
RuleName: -
UtcTime: 2025-12-25 01:56:12.566
ProcessGuid: {8bb50d47-99bc-694c-4d01-000000000a00}
ProcessId: 6584
Image: C:\Windows\System32\wbem\WMIADAP.exe
FileVersion: 10.0.26100.5074 (WinBuild.160101.0800)
Description: WMI Reverse Performance Adapter Maintenance Utility
Product: Microsoft? Windows? Operating System
Company: Microsoft Corporation
OriginalFileName: wmicookr.dll
CommandLine: wmiadap.exe /F /T /R
CurrentDirectory: C:\WINDOWS\system32\
User: NT AUTHORITY\SYSTEM
LogonGuid: {8bb50d47-9271-694c-e703-000000000000}
LogonId: 0x3E7
TerminalSessionId: 0
IntegrityLevel: System
Hashes: MD5=A979D05926FA381DE115441B738F3CA9,SHA256=B00A46116344B0079E9F4EA027713F858700157AEB5F6445C09C72C704965552,IMPHASH=FA5718BEB895243416970B6C1C85E7E3
ParentProcessGuid: {8bb50d47-98db-694c-4900-000000000a00}
ParentProcessId: 3324
ParentImage: C:\Windows\System32\svchost.exe
ParentCommandLine: C:\WINDOWS\system32\svchost.exe -k netsvcs -p -s Winmgmt
ParentUser: NT AUTHORITY\SYSTEM","1","5",,"4","1","0","-9223372036854775808","1104","Microsoft-Windows-Sysmon","5770385f-c22a-43e0-bf4c-06f5698ffbd9","Microsoft-Windows-Sysmon/Operational","3588","4124","Windows11","S-1-5-18","12/25/2025 2:56:12 AM",,,"Microsoft-Windows-Sysmon/Operational","System.UInt32[]","System.Diagnostics.Eventing.Reader.EventBookmark","Information","Info","File created (rule: FileCreate)","System.Collections.ObjectModel.ReadOnlyCollection`1[System.String]","System.Collections.Generic.List`1[System.Diagnostics.Eventing.Reader.EventProperty]"
"Process Create:
RuleName: -
UtcTime: 2025-12-25 01:56:07.959
ProcessGuid: {8bb50d47-99b7-694c-4b01-000000000a00}
ProcessId: 5504
Image: C:\Windows\SysWOW64\auditpol.exe
FileVersion: 10.0.26100.3037 (WinBuild.160101.0800)
Description: Audit Policy Program
Product: Microsoft? Windows? Operating System
Company: Microsoft Corporation
OriginalFileName: AUDITPOL.EXE
CommandLine: auditpol.exe /get /subcategory:""System Integrity""
CurrentDirectory: C:\Program Files (x86)\ossec-agent\
User: NT AUTHORITY\SYSTEM
LogonGuid: {8bb50d47-9271-694c-e703-000000000000}
LogonId: 0x3E7
TerminalSessionId: 0
IntegrityLevel: System
Hashes: MD5=DF2B82B351C889B015CDFEE9C0A4BF28,SHA256=AC85C42F0994797B83F8491C56DBB83B7A4292DE00BD75A0B113036CB3A5BE04,IMPHASH=AB0C8C1C188B19D08FAF502671C04930
ParentProcessGuid: {8bb50d47-98db-694c-4800-000000000a00}
ParentProcessId: 3312
ParentImage: C:\Program Files (x86)\ossec-agent\wazuh-agent.exe
ParentCommandLine: ""C:\Program Files (x86)\ossec-agent\wazuh-agent.exe""
ParentUser: NT AUTHORITY\SYSTEM","1","5",,"4","1","0","-9223372036854775808","1103","Microsoft-Windows-Sysmon","5770385f-c22a-43e0-bf4c-06f5698ffbd9","Microsoft-Windows-Sysmon/Operational","3588","4124","Windows11","S-1-5-18","12/25/2025 2:56:07 AM",,,"Microsoft-Windows-Sysmon/Operational","System.UInt32[]","System.Diagnostics.Eventing.Reader.EventBookmark","Information","Info","File created (rule: FileCreate)","System.Collections.ObjectModel.ReadOnlyCollection`1[System.String]","System.Collections.Generic.List`1[System.Diagnostics.Eventing.Reader.EventProperty]"
"Process Create:
RuleName: -
UtcTime: 2025-12-25 01:56:07.808
ProcessGuid: {8bb50d47-99b7-694c-4901-000000000a00}
ProcessId: 1124
Image: C:\Windows\SysWOW64\auditpol.exe
FileVersion: 10.0.26100.3037 (WinBuild.160101.0800)
Description: Audit Policy Program
Product: Microsoft? Windows? Operating System
Company: Microsoft Corporation
OriginalFileName: AUDITPOL.EXE
CommandLine: auditpol.exe /get /subcategory:""Security System Extension""
CurrentDirectory: C:\Program Files (x86)\ossec-agent\
User: NT AUTHORITY\SYSTEM
LogonGuid: {8bb50d47-9271-694c-e703-000000000000}
LogonId: 0x3E7
TerminalSessionId: 0
IntegrityLevel: System
Hashes: MD5=DF2B82B351C889B015CDFEE9C0A4BF28,SHA256=AC85C42F0994797B83F8491C56DBB83B7A4292DE00BD75A0B113036CB3A5BE04,IMPHASH=AB0C8C1C188B19D08FAF502671C04930
ParentProcessGuid: {8bb50d47-98db-694c-4800-000000000a00}
ParentProcessId: 3312
ParentImage: C:\Program Files (x86)\ossec-agent\wazuh-agent.exe
ParentCommandLine: ""C:\Program Files (x86)\ossec-agent\wazuh-agent.exe""
ParentUser: NT AUTHORITY\SYSTEM","1","5",,"4","1","0","-9223372036854775808","1102","Microsoft-Windows-Sysmon","5770385f-c22a-43e0-bf4c-06f5698ffbd9","Microsoft-Windows-Sysmon/Operational","3588","4124","Windows11","S-1-5-18","12/25/2025 2:56:07 AM",,,"Microsoft-Windows-Sysmon/Operational","System.UInt32[]","System.Diagnostics.Eventing.Reader.EventBookmark","Information","Info","File created (rule: FileCreate)","System.Collections.ObjectModel.ReadOnlyCollection`1[System.String]","System.Collections.Generic.List`1[System.Diagnostics.Eventing.Reader.EventProperty]"
"Process Create:
RuleName: -
UtcTime: 2025-12-25 01:56:07.286
ProcessGuid: {8bb50d47-99b7-694c-4701-000000000a00}
ProcessId: 6872
Image: C:\Windows\SysWOW64\auditpol.exe
FileVersion: 10.0.26100.3037 (WinBuild.160101.0800)
Description: Audit Policy Program
Product: Microsoft? Windows? Operating System
Company: Microsoft Corporation
OriginalFileName: AUDITPOL.EXE
CommandLine: auditpol.exe /get /subcategory:""Security State Change""
CurrentDirectory: C:\Program Files (x86)\ossec-agent\
User: NT AUTHORITY\SYSTEM
LogonGuid: {8bb50d47-9271-694c-e703-000000000000}
LogonId: 0x3E7
TerminalSessionId: 0
IntegrityLevel: System
Hashes: MD5=DF2B82B351C889B015CDFEE9C0A4BF28,SHA256=AC85C42F0994797B83F8491C56DBB83B7A4292DE00BD75A0B113036CB3A5BE04,IMPHASH=AB0C8C1C188B19D08FAF502671C04930
ParentProcessGuid: {8bb50d47-98db-694c-4800-000000000a00}
ParentProcessId: 3312
ParentImage: C:\Program Files (x86)\ossec-agent\wazuh-agent.exe
ParentCommandLine: ""C:\Program Files (x86)\ossec-agent\wazuh-agent.exe""
ParentUser: NT AUTHORITY\SYSTEM","1","5",,"4","1","0","-9223372036854775808","1101","Microsoft-Windows-Sysmon","5770385f-c22a-43e0-bf4c-06f5698ffbd9","Microsoft-Windows-Sysmon/Operational","3588","4124","Windows11","S-1-5-18","12/25/2025 2:56:07 AM",,,"Microsoft-Windows-Sysmon/Operational","System.UInt32[]","System.Diagnostics.Eventing.Reader.EventBookmark","Information","Info","File created (rule: FileCreate)","System.Collections.ObjectModel.ReadOnlyCollection`1[System.String]","System.Collections.Generic.List`1[System.Diagnostics.Eventing.Reader.EventProperty]"
"Process Create:
RuleName: -
UtcTime: 2025-12-25 01:56:06.854
ProcessGuid: {8bb50d47-99b6-694c-4501-000000000a00}
ProcessId: 2808
Image: C:\Windows\SysWOW64\auditpol.exe
FileVersion: 10.0.26100.3037 (WinBuild.160101.0800)
Description: Audit Policy Program
Product: Microsoft? Windows? Operating System
Company: Microsoft Corporation
OriginalFileName: AUDITPOL.EXE
CommandLine: auditpol.exe /get /subcategory:""Other System Events""
CurrentDirectory: C:\Program Files (x86)\ossec-agent\
User: NT AUTHORITY\SYSTEM
LogonGuid: {8bb50d47-9271-694c-e703-000000000000}
LogonId: 0x3E7
TerminalSessionId: 0
IntegrityLevel: System
Hashes: MD5=DF2B82B351C889B015CDFEE9C0A4BF28,SHA256=AC85C42F0994797B83F8491C56DBB83B7A4292DE00BD75A0B113036CB3A5BE04,IMPHASH=AB0C8C1C188B19D08FAF502671C04930
ParentProcessGuid: {8bb50d47-98db-694c-4800-000000000a00}
ParentProcessId: 3312
ParentImage: C:\Program Files (x86)\ossec-agent\wazuh-agent.exe
ParentCommandLine: ""C:\Program Files (x86)\ossec-agent\wazuh-agent.exe""
ParentUser: NT AUTHORITY\SYSTEM","1","5",,"4","1","0","-9223372036854775808","1100","Microsoft-Windows-Sysmon","5770385f-c22a-43e0-bf4c-06f5698ffbd9","Microsoft-Windows-Sysmon/Operational","3588","4124","Windows11","S-1-5-18","12/25/2025 2:56:06 AM",,,"Microsoft-Windows-Sysmon/Operational","System.UInt32[]","System.Diagnostics.Eventing.Reader.EventBookmark","Information","Info","File created (rule: FileCreate)","System.Collections.ObjectModel.ReadOnlyCollection`1[System.String]","System.Collections.Generic.List`1[System.Diagnostics.Eventing.Reader.EventProperty]"
"Process Create:
RuleName: -
UtcTime: 2025-12-25 01:56:06.735
ProcessGuid: {8bb50d47-99b6-694c-4301-000000000a00}
ProcessId: 3284
Image: C:\Windows\SysWOW64\auditpol.exe
FileVersion: 10.0.26100.3037 (WinBuild.160101.0800)
Description: Audit Policy Program
Product: Microsoft? Windows? Operating System
Company: Microsoft Corporation
OriginalFileName: AUDITPOL.EXE
CommandLine: auditpol.exe /get /subcategory:""IPsec Driver""
CurrentDirectory: C:\Program Files (x86)\ossec-agent\
User: NT AUTHORITY\SYSTEM
LogonGuid: {8bb50d47-9271-694c-e703-000000000000}
LogonId: 0x3E7
TerminalSessionId: 0
IntegrityLevel: System
Hashes: MD5=DF2B82B351C889B015CDFEE9C0A4BF28,SHA256=AC85C42F0994797B83F8491C56DBB83B7A4292DE00BD75A0B113036CB3A5BE04,IMPHASH=AB0C8C1C188B19D08FAF502671C04930
ParentProcessGuid: {8bb50d47-98db-694c-4800-000000000a00}
ParentProcessId: 3312
ParentImage: C:\Program Files (x86)\ossec-agent\wazuh-agent.exe
ParentCommandLine: ""C:\Program Files (x86)\ossec-agent\wazuh-agent.exe""
ParentUser: NT AUTHORITY\SYSTEM","1","5",,"4","1","0","-9223372036854775808","1099","Microsoft-Windows-Sysmon","5770385f-c22a-43e0-bf4c-06f5698ffbd9","Microsoft-Windows-Sysmon/Operational","3588","4124","Windows11","S-1-5-18","12/25/2025 2:56:06 AM",,,"Microsoft-Windows-Sysmon/Operational","System.UInt32[]","System.Diagnostics.Eventing.Reader.EventBookmark","Information","Info","File created (rule: FileCreate)","System.Collections.ObjectModel.ReadOnlyCollection`1[System.String]","System.Collections.Generic.List`1[System.Diagnostics.Eventing.Reader.EventProperty]"
"Process Create:
RuleName: -
UtcTime: 2025-12-25 01:56:06.615
ProcessGuid: {8bb50d47-99b6-694c-4101-000000000a00}
ProcessId: 1136
Image: C:\Windows\SysWOW64\auditpol.exe
FileVersion: 10.0.26100.3037 (WinBuild.160101.0800)
Description: Audit Policy Program
Product: Microsoft? Windows? Operating System
Company: Microsoft Corporation
OriginalFileName: AUDITPOL.EXE
CommandLine: auditpol.exe /get /subcategory:""Sensitive Privilege Use""
CurrentDirectory: C:\Program Files (x86)\ossec-agent\
User: NT AUTHORITY\SYSTEM
LogonGuid: {8bb50d47-9271-694c-e703-000000000000}
LogonId: 0x3E7
TerminalSessionId: 0
IntegrityLevel: System
Hashes: MD5=DF2B82B351C889B015CDFEE9C0A4BF28,SHA256=AC85C42F0994797B83F8491C56DBB83B7A4292DE00BD75A0B113036CB3A5BE04,IMPHASH=AB0C8C1C188B19D08FAF502671C04930
ParentProcessGuid: {8bb50d47-98db-694c-4800-000000000a00}
ParentProcessId: 3312
ParentImage: C:\Program Files (x86)\ossec-agent\wazuh-agent.exe
ParentCommandLine: ""C:\Program Files (x86)\ossec-agent\wazuh-agent.exe""
ParentUser: NT AUTHORITY\SYSTEM","1","5",,"4","1","0","-9223372036854775808","1098","Microsoft-Windows-Sysmon","5770385f-c22a-43e0-bf4c-06f5698ffbd9","Microsoft-Windows-Sysmon/Operational","3588","4124","Windows11","S-1-5-18","12/25/2025 2:56:06 AM",,,"Microsoft-Windows-Sysmon/Operational","System.UInt32[]","System.Diagnostics.Eventing.Reader.EventBookmark","Information","Info","File created (rule: FileCreate)","System.Collections.ObjectModel.ReadOnlyCollection`1[System.String]","System.Collections.Generic.List`1[System.Diagnostics.Eventing.Reader.EventProperty]"
"Process Create:
RuleName: -
UtcTime: 2025-12-25 01:56:06.491
ProcessGuid: {8bb50d47-99b6-694c-3f01-000000000a00}
ProcessId: 2020
Image: C:\Windows\SysWOW64\auditpol.exe
FileVersion: 10.0.26100.3037 (WinBuild.160101.0800)
Description: Audit Policy Program
Product: Microsoft? Windows? Operating System
Company: Microsoft Corporation
OriginalFileName: AUDITPOL.EXE
CommandLine: auditpol.exe /get /subcategory:""Other Policy Change Events""
CurrentDirectory: C:\Program Files (x86)\ossec-agent\
User: NT AUTHORITY\SYSTEM
LogonGuid: {8bb50d47-9271-694c-e703-000000000000}
LogonId: 0x3E7
TerminalSessionId: 0
IntegrityLevel: System
Hashes: MD5=DF2B82B351C889B015CDFEE9C0A4BF28,SHA256=AC85C42F0994797B83F8491C56DBB83B7A4292DE00BD75A0B113036CB3A5BE04,IMPHASH=AB0C8C1C188B19D08FAF502671C04930
ParentProcessGuid: {8bb50d47-98db-694c-4800-000000000a00}
ParentProcessId: 3312
ParentImage: C:\Program Files (x86)\ossec-agent\wazuh-agent.exe
ParentCommandLine: ""C:\Program Files (x86)\ossec-agent\wazuh-agent.exe""
ParentUser: NT AUTHORITY\SYSTEM","1","5",,"4","1","0","-9223372036854775808","1097","Microsoft-Windows-Sysmon","5770385f-c22a-43e0-bf4c-06f5698ffbd9","Microsoft-Windows-Sysmon/Operational","3588","4124","Windows11","S-1-5-18","12/25/2025 2:56:06 AM",,,"Microsoft-Windows-Sysmon/Operational","System.UInt32[]","System.Diagnostics.Eventing.Reader.EventBookmark","Information","Info","File created (rule: FileCreate)","System.Collections.ObjectModel.ReadOnlyCollection`1[System.String]","System.Collections.Generic.List`1[System.Diagnostics.Eventing.Reader.EventProperty]"
"Process Create:
RuleName: -
UtcTime: 2025-12-25 01:56:06.368
ProcessGuid: {8bb50d47-99b6-694c-3d01-000000000a00}
ProcessId: 8068
Image: C:\Windows\SysWOW64\auditpol.exe
FileVersion: 10.0.26100.3037 (WinBuild.160101.0800)
Description: Audit Policy Program
Product: Microsoft? Windows? Operating System
Company: Microsoft Corporation
OriginalFileName: AUDITPOL.EXE
CommandLine: auditpol.exe /get /subcategory:""MPSSVC Rule-Level Policy Change""
CurrentDirectory: C:\Program Files (x86)\ossec-agent\
User: NT AUTHORITY\SYSTEM
LogonGuid: {8bb50d47-9271-694c-e703-000000000000}
LogonId: 0x3E7
TerminalSessionId: 0
IntegrityLevel: System
Hashes: MD5=DF2B82B351C889B015CDFEE9C0A4BF28,SHA256=AC85C42F0994797B83F8491C56DBB83B7A4292DE00BD75A0B113036CB3A5BE04,IMPHASH=AB0C8C1C188B19D08FAF502671C04930
ParentProcessGuid: {8bb50d47-98db-694c-4800-000000000a00}
ParentProcessId: 3312
ParentImage: C:\Program Files (x86)\ossec-agent\wazuh-agent.exe
ParentCommandLine: ""C:\Program Files (x86)\ossec-agent\wazuh-agent.exe""
ParentUser: NT AUTHORITY\SYSTEM","1","5",,"4","1","0","-9223372036854775808","1096","Microsoft-Windows-Sysmon","5770385f-c22a-43e0-bf4c-06f5698ffbd9","Microsoft-Windows-Sysmon/Operational","3588","4124","Windows11","S-1-5-18","12/25/2025 2:56:06 AM",,,"Microsoft-Windows-Sysmon/Operational","System.UInt32[]","System.Diagnostics.Eventing.Reader.EventBookmark","Information","Info","File created (rule: FileCreate)","System.Collections.ObjectModel.ReadOnlyCollection`1[System.String]","System.Collections.Generic.List`1[System.Diagnostics.Eventing.Reader.EventProperty]"
"Process Create:
RuleName: -
UtcTime: 2025-12-25 01:56:06.143
ProcessGuid: {8bb50d47-99b6-694c-3b01-000000000a00}
ProcessId: 5976
Image: C:\Windows\SysWOW64\auditpol.exe
FileVersion: 10.0.26100.3037 (WinBuild.160101.0800)
Description: Audit Policy Program
Product: Microsoft? Windows? Operating System
Company: Microsoft Corporation
OriginalFileName: AUDITPOL.EXE
CommandLine: auditpol.exe /get /subcategory:""Authorization Policy Change""
CurrentDirectory: C:\Program Files (x86)\ossec-agent\
User: NT AUTHORITY\SYSTEM
LogonGuid: {8bb50d47-9271-694c-e703-000000000000}
LogonId: 0x3E7
TerminalSessionId: 0
IntegrityLevel: System
Hashes: MD5=DF2B82B351C889B015CDFEE9C0A4BF28,SHA256=AC85C42F0994797B83F8491C56DBB83B7A4292DE00BD75A0B113036CB3A5BE04,IMPHASH=AB0C8C1C188B19D08FAF502671C04930
ParentProcessGuid: {8bb50d47-98db-694c-4800-000000000a00}
ParentProcessId: 3312
ParentImage: C:\Program Files (x86)\ossec-agent\wazuh-agent.exe
ParentCommandLine: ""C:\Program Files (x86)\ossec-agent\wazuh-agent.exe""
ParentUser: NT AUTHORITY\SYSTEM","1","5",,"4","1","0","-9223372036854775808","1095","Microsoft-Windows-Sysmon","5770385f-c22a-43e0-bf4c-06f5698ffbd9","Microsoft-Windows-Sysmon/Operational","3588","4124","Windows11","S-1-5-18","12/25/2025 2:56:06 AM",,,"Microsoft-Windows-Sysmon/Operational","System.UInt32[]","System.Diagnostics.Eventing.Reader.EventBookmark","Information","Info","File created (rule: FileCreate)","System.Collections.ObjectModel.ReadOnlyCollection`1[System.String]","System.Collections.Generic.List`1[System.Diagnostics.Eventing.Reader.EventProperty]"
"Process Create:
RuleName: -
UtcTime: 2025-12-25 01:56:06.018
ProcessGuid: {8bb50d47-99b6-694c-3901-000000000a00}
ProcessId: 3628
Image: C:\Windows\SysWOW64\auditpol.exe
FileVersion: 10.0.26100.3037 (WinBuild.160101.0800)
Description: Audit Policy Program
Product: Microsoft? Windows? Operating System
Company: Microsoft Corporation
OriginalFileName: AUDITPOL.EXE
CommandLine: auditpol.exe /get /subcategory:""Authentication Policy Change""
CurrentDirectory: C:\Program Files (x86)\ossec-agent\
User: NT AUTHORITY\SYSTEM
LogonGuid: {8bb50d47-9271-694c-e703-000000000000}
LogonId: 0x3E7
TerminalSessionId: 0
IntegrityLevel: System
Hashes: MD5=DF2B82B351C889B015CDFEE9C0A4BF28,SHA256=AC85C42F0994797B83F8491C56DBB83B7A4292DE00BD75A0B113036CB3A5BE04,IMPHASH=AB0C8C1C188B19D08FAF502671C04930
ParentProcessGuid: {8bb50d47-98db-694c-4800-000000000a00}
ParentProcessId: 3312
ParentImage: C:\Program Files (x86)\ossec-agent\wazuh-agent.exe
ParentCommandLine: ""C:\Program Files (x86)\ossec-agent\wazuh-agent.exe""
ParentUser: NT AUTHORITY\SYSTEM","1","5",,"4","1","0","-9223372036854775808","1094","Microsoft-Windows-Sysmon","5770385f-c22a-43e0-bf4c-06f5698ffbd9","Microsoft-Windows-Sysmon/Operational","3588","4124","Windows11","S-1-5-18","12/25/2025 2:56:06 AM",,,"Microsoft-Windows-Sysmon/Operational","System.UInt32[]","System.Diagnostics.Eventing.Reader.EventBookmark","Information","Info","File created (rule: FileCreate)","System.Collections.ObjectModel.ReadOnlyCollection`1[System.String]","System.Collections.Generic.List`1[System.Diagnostics.Eventing.Reader.EventProperty]"
"Process Create:
RuleName: -
UtcTime: 2025-12-25 01:56:05.796
ProcessGuid: {8bb50d47-99b5-694c-3701-000000000a00}
ProcessId: 6444
Image: C:\Windows\SysWOW64\auditpol.exe
FileVersion: 10.0.26100.3037 (WinBuild.160101.0800)
Description: Audit Policy Program
Product: Microsoft? Windows? Operating System
Company: Microsoft Corporation
OriginalFileName: AUDITPOL.EXE
CommandLine: auditpol.exe /get /subcategory:""Audit Policy Change""
CurrentDirectory: C:\Program Files (x86)\ossec-agent\
User: NT AUTHORITY\SYSTEM
LogonGuid: {8bb50d47-9271-694c-e703-000000000000}
LogonId: 0x3E7
TerminalSessionId: 0
IntegrityLevel: System
Hashes: MD5=DF2B82B351C889B015CDFEE9C0A4BF28,SHA256=AC85C42F0994797B83F8491C56DBB83B7A4292DE00BD75A0B113036CB3A5BE04,IMPHASH=AB0C8C1C188B19D08FAF502671C04930
ParentProcessGuid: {8bb50d47-98db-694c-4800-000000000a00}
ParentProcessId: 3312
ParentImage: C:\Program Files (x86)\ossec-agent\wazuh-agent.exe
ParentCommandLine: ""C:\Program Files (x86)\ossec-agent\wazuh-agent.exe""
ParentUser: NT AUTHORITY\SYSTEM","1","5",,"4","1","0","-9223372036854775808","1093","Microsoft-Windows-Sysmon","5770385f-c22a-43e0-bf4c-06f5698ffbd9","Microsoft-Windows-Sysmon/Operational","3588","4124","Windows11","S-1-5-18","12/25/2025 2:56:05 AM",,,"Microsoft-Windows-Sysmon/Operational","System.UInt32[]","System.Diagnostics.Eventing.Reader.EventBookmark","Information","Info","File created (rule: FileCreate)","System.Collections.ObjectModel.ReadOnlyCollection`1[System.String]","System.Collections.Generic.List`1[System.Diagnostics.Eventing.Reader.EventProperty]"
"Process Create:
RuleName: -
UtcTime: 2025-12-25 01:56:05.579
ProcessGuid: {8bb50d47-99b5-694c-3501-000000000a00}
ProcessId: 5504
Image: C:\Windows\SysWOW64\auditpol.exe
FileVersion: 10.0.26100.3037 (WinBuild.160101.0800)
Description: Audit Policy Program
Product: Microsoft? Windows? Operating System
Company: Microsoft Corporation
OriginalFileName: AUDITPOL.EXE
CommandLine: auditpol.exe /get /subcategory:""Removable Storage""
CurrentDirectory: C:\Program Files (x86)\ossec-agent\
User: NT AUTHORITY\SYSTEM
LogonGuid: {8bb50d47-9271-694c-e703-000000000000}
LogonId: 0x3E7
TerminalSessionId: 0
IntegrityLevel: System
Hashes: MD5=DF2B82B351C889B015CDFEE9C0A4BF28,SHA256=AC85C42F0994797B83F8491C56DBB83B7A4292DE00BD75A0B113036CB3A5BE04,IMPHASH=AB0C8C1C188B19D08FAF502671C04930
ParentProcessGuid: {8bb50d47-98db-694c-4800-000000000a00}
ParentProcessId: 3312
ParentImage: C:\Program Files (x86)\ossec-agent\wazuh-agent.exe
ParentCommandLine: ""C:\Program Files (x86)\ossec-agent\wazuh-agent.exe""
ParentUser: NT AUTHORITY\SYSTEM","1","5",,"4","1","0","-9223372036854775808","1092","Microsoft-Windows-Sysmon","5770385f-c22a-43e0-bf4c-06f5698ffbd9","Microsoft-Windows-Sysmon/Operational","3588","4124","Windows11","S-1-5-18","12/25/2025 2:56:05 AM",,,"Microsoft-Windows-Sysmon/Operational","System.UInt32[]","System.Diagnostics.Eventing.Reader.EventBookmark","Information","Info","File created (rule: FileCreate)","System.Collections.ObjectModel.ReadOnlyCollection`1[System.String]","System.Collections.Generic.List`1[System.Diagnostics.Eventing.Reader.EventProperty]"
"Process Create:
RuleName: -
UtcTime: 2025-12-25 01:56:05.395
ProcessGuid: {8bb50d47-99b5-694c-3301-000000000a00}
ProcessId: 4268
Image: C:\Windows\SysWOW64\auditpol.exe
FileVersion: 10.0.26100.3037 (WinBuild.160101.0800)
Description: Audit Policy Program
Product: Microsoft? Windows? Operating System
Company: Microsoft Corporation
OriginalFileName: AUDITPOL.EXE
CommandLine: auditpol.exe /get /subcategory:""Other Object Access Events""
CurrentDirectory: C:\Program Files (x86)\ossec-agent\
User: NT AUTHORITY\SYSTEM
LogonGuid: {8bb50d47-9271-694c-e703-000000000000}
LogonId: 0x3E7
TerminalSessionId: 0
IntegrityLevel: System
Hashes: MD5=DF2B82B351C889B015CDFEE9C0A4BF28,SHA256=AC85C42F0994797B83F8491C56DBB83B7A4292DE00BD75A0B113036CB3A5BE04,IMPHASH=AB0C8C1C188B19D08FAF502671C04930
ParentProcessGuid: {8bb50d47-98db-694c-4800-000000000a00}
ParentProcessId: 3312
ParentImage: C:\Program Files (x86)\ossec-agent\wazuh-agent.exe
ParentCommandLine: ""C:\Program Files (x86)\ossec-agent\wazuh-agent.exe""
ParentUser: NT AUTHORITY\SYSTEM","1","5",,"4","1","0","-9223372036854775808","1091","Microsoft-Windows-Sysmon","5770385f-c22a-43e0-bf4c-06f5698ffbd9","Microsoft-Windows-Sysmon/Operational","3588","4124","Windows11","S-1-5-18","12/25/2025 2:56:05 AM",,,"Microsoft-Windows-Sysmon/Operational","System.UInt32[]","System.Diagnostics.Eventing.Reader.EventBookmark","Information","Info","File created (rule: FileCreate)","System.Collections.ObjectModel.ReadOnlyCollection`1[System.String]","System.Collections.Generic.List`1[System.Diagnostics.Eventing.Reader.EventProperty]"
"Process Create:
RuleName: -
UtcTime: 2025-12-25 01:56:05.264
ProcessGuid: {8bb50d47-99b5-694c-3101-000000000a00}
ProcessId: 7160
Image: C:\Windows\SysWOW64\auditpol.exe
FileVersion: 10.0.26100.3037 (WinBuild.160101.0800)
Description: Audit Policy Program
Product: Microsoft? Windows? Operating System
Company: Microsoft Corporation
OriginalFileName: AUDITPOL.EXE
CommandLine: auditpol.exe /get /subcategory:""File Share""
CurrentDirectory: C:\Program Files (x86)\ossec-agent\
User: NT AUTHORITY\SYSTEM
LogonGuid: {8bb50d47-9271-694c-e703-000000000000}
LogonId: 0x3E7
TerminalSessionId: 0
IntegrityLevel: System
Hashes: MD5=DF2B82B351C889B015CDFEE9C0A4BF28,SHA256=AC85C42F0994797B83F8491C56DBB83B7A4292DE00BD75A0B113036CB3A5BE04,IMPHASH=AB0C8C1C188B19D08FAF502671C04930
ParentProcessGuid: {8bb50d47-98db-694c-4800-000000000a00}
ParentProcessId: 3312
ParentImage: C:\Program Files (x86)\ossec-agent\wazuh-agent.exe
ParentCommandLine: ""C:\Program Files (x86)\ossec-agent\wazuh-agent.exe""
ParentUser: NT AUTHORITY\SYSTEM","1","5",,"4","1","0","-9223372036854775808","1090","Microsoft-Windows-Sysmon","5770385f-c22a-43e0-bf4c-06f5698ffbd9","Microsoft-Windows-Sysmon/Operational","3588","4124","Windows11","S-1-5-18","12/25/2025 2:56:05 AM",,,"Microsoft-Windows-Sysmon/Operational","System.UInt32[]","System.Diagnostics.Eventing.Reader.EventBookmark","Information","Info","File created (rule: FileCreate)","System.Collections.ObjectModel.ReadOnlyCollection`1[System.String]","System.Collections.Generic.List`1[System.Diagnostics.Eventing.Reader.EventProperty]"
"Process Create:
RuleName: -
UtcTime: 2025-12-25 01:56:05.111
ProcessGuid: {8bb50d47-99b5-694c-2f01-000000000a00}
ProcessId: 500
Image: C:\Windows\SysWOW64\auditpol.exe
FileVersion: 10.0.26100.3037 (WinBuild.160101.0800)
Description: Audit Policy Program
Product: Microsoft? Windows? Operating System
Company: Microsoft Corporation
OriginalFileName: AUDITPOL.EXE
CommandLine: auditpol.exe /get /subcategory:""Detailed File Share""
CurrentDirectory: C:\Program Files (x86)\ossec-agent\
User: NT AUTHORITY\SYSTEM
LogonGuid: {8bb50d47-9271-694c-e703-000000000000}
LogonId: 0x3E7
TerminalSessionId: 0
IntegrityLevel: System
Hashes: MD5=DF2B82B351C889B015CDFEE9C0A4BF28,SHA256=AC85C42F0994797B83F8491C56DBB83B7A4292DE00BD75A0B113036CB3A5BE04,IMPHASH=AB0C8C1C188B19D08FAF502671C04930
ParentProcessGuid: {8bb50d47-98db-694c-4800-000000000a00}
ParentProcessId: 3312
ParentImage: C:\Program Files (x86)\ossec-agent\wazuh-agent.exe
ParentCommandLine: ""C:\Program Files (x86)\ossec-agent\wazuh-agent.exe""
ParentUser: NT AUTHORITY\SYSTEM","1","5",,"4","1","0","-9223372036854775808","1089","Microsoft-Windows-Sysmon","5770385f-c22a-43e0-bf4c-06f5698ffbd9","Microsoft-Windows-Sysmon/Operational","3588","4124","Windows11","S-1-5-18","12/25/2025 2:56:05 AM",,,"Microsoft-Windows-Sysmon/Operational","System.UInt32[]","System.Diagnostics.Eventing.Reader.EventBookmark","Information","Info","File created (rule: FileCreate)","System.Collections.ObjectModel.ReadOnlyCollection`1[System.String]","System.Collections.Generic.List`1[System.Diagnostics.Eventing.Reader.EventProperty]"
"Process Create:
RuleName: -
UtcTime: 2025-12-25 01:56:04.972
ProcessGuid: {8bb50d47-99b4-694c-2d01-000000000a00}
ProcessId: 2784
Image: C:\Windows\SysWOW64\auditpol.exe
FileVersion: 10.0.26100.3037 (WinBuild.160101.0800)
Description: Audit Policy Program
Product: Microsoft? Windows? Operating System
Company: Microsoft Corporation
OriginalFileName: AUDITPOL.EXE
CommandLine: auditpol.exe /get /subcategory:""Special Logon""
CurrentDirectory: C:\Program Files (x86)\ossec-agent\
User: NT AUTHORITY\SYSTEM
LogonGuid: {8bb50d47-9271-694c-e703-000000000000}
LogonId: 0x3E7
TerminalSessionId: 0
IntegrityLevel: System
Hashes: MD5=DF2B82B351C889B015CDFEE9C0A4BF28,SHA256=AC85C42F0994797B83F8491C56DBB83B7A4292DE00BD75A0B113036CB3A5BE04,IMPHASH=AB0C8C1C188B19D08FAF502671C04930
ParentProcessGuid: {8bb50d47-98db-694c-4800-000000000a00}
ParentProcessId: 3312
ParentImage: C:\Program Files (x86)\ossec-agent\wazuh-agent.exe
ParentCommandLine: ""C:\Program Files (x86)\ossec-agent\wazuh-agent.exe""
ParentUser: NT AUTHORITY\SYSTEM","1","5",,"4","1","0","-9223372036854775808","1088","Microsoft-Windows-Sysmon","5770385f-c22a-43e0-bf4c-06f5698ffbd9","Microsoft-Windows-Sysmon/Operational","3588","4124","Windows11","S-1-5-18","12/25/2025 2:56:04 AM",,,"Microsoft-Windows-Sysmon/Operational","System.UInt32[]","System.Diagnostics.Eventing.Reader.EventBookmark","Information","Info","File created (rule: FileCreate)","System.Collections.ObjectModel.ReadOnlyCollection`1[System.String]","System.Collections.Generic.List`1[System.Diagnostics.Eventing.Reader.EventProperty]"
"Process Create:
RuleName: -
UtcTime: 2025-12-25 01:56:04.812
ProcessGuid: {8bb50d47-99b4-694c-2b01-000000000a00}
ProcessId: 2984
Image: C:\Windows\SysWOW64\auditpol.exe
FileVersion: 10.0.26100.3037 (WinBuild.160101.0800)
Description: Audit Policy Program
Product: Microsoft? Windows? Operating System
Company: Microsoft Corporation
OriginalFileName: AUDITPOL.EXE
CommandLine: auditpol.exe /get /subcategory:""Other Logon/Logoff Events""
CurrentDirectory: C:\Program Files (x86)\ossec-agent\
User: NT AUTHORITY\SYSTEM
LogonGuid: {8bb50d47-9271-694c-e703-000000000000}
LogonId: 0x3E7
TerminalSessionId: 0
IntegrityLevel: System
Hashes: MD5=DF2B82B351C889B015CDFEE9C0A4BF28,SHA256=AC85C42F0994797B83F8491C56DBB83B7A4292DE00BD75A0B113036CB3A5BE04,IMPHASH=AB0C8C1C188B19D08FAF502671C04930
ParentProcessGuid: {8bb50d47-98db-694c-4800-000000000a00}
ParentProcessId: 3312
ParentImage: C:\Program Files (x86)\ossec-agent\wazuh-agent.exe
ParentCommandLine: ""C:\Program Files (x86)\ossec-agent\wazuh-agent.exe""
ParentUser: NT AUTHORITY\SYSTEM","1","5",,"4","1","0","-9223372036854775808","1087","Microsoft-Windows-Sysmon","5770385f-c22a-43e0-bf4c-06f5698ffbd9","Microsoft-Windows-Sysmon/Operational","3588","4124","Windows11","S-1-5-18","12/25/2025 2:56:04 AM",,,"Microsoft-Windows-Sysmon/Operational","System.UInt32[]","System.Diagnostics.Eventing.Reader.EventBookmark","Information","Info","File created (rule: FileCreate)","System.Collections.ObjectModel.ReadOnlyCollection`1[System.String]","System.Collections.Generic.List`1[System.Diagnostics.Eventing.Reader.EventProperty]"
"Process Create:
RuleName: -
UtcTime: 2025-12-25 01:56:04.680
ProcessGuid: {8bb50d47-99b4-694c-2901-000000000a00}
ProcessId: 6396
Image: C:\Windows\SysWOW64\auditpol.exe
FileVersion: 10.0.26100.3037 (WinBuild.160101.0800)
Description: Audit Policy Program
Product: Microsoft? Windows? Operating System
Company: Microsoft Corporation
OriginalFileName: AUDITPOL.EXE
CommandLine: auditpol.exe /get /subcategory:""Logon""
CurrentDirectory: C:\Program Files (x86)\ossec-agent\
User: NT AUTHORITY\SYSTEM
LogonGuid: {8bb50d47-9271-694c-e703-000000000000}
LogonId: 0x3E7
TerminalSessionId: 0
IntegrityLevel: System
Hashes: MD5=DF2B82B351C889B015CDFEE9C0A4BF28,SHA256=AC85C42F0994797B83F8491C56DBB83B7A4292DE00BD75A0B113036CB3A5BE04,IMPHASH=AB0C8C1C188B19D08FAF502671C04930
ParentProcessGuid: {8bb50d47-98db-694c-4800-000000000a00}
ParentProcessId: 3312
ParentImage: C:\Program Files (x86)\ossec-agent\wazuh-agent.exe
ParentCommandLine: ""C:\Program Files (x86)\ossec-agent\wazuh-agent.exe""
ParentUser: NT AUTHORITY\SYSTEM","1","5",,"4","1","0","-9223372036854775808","1086","Microsoft-Windows-Sysmon","5770385f-c22a-43e0-bf4c-06f5698ffbd9","Microsoft-Windows-Sysmon/Operational","3588","4124","Windows11","S-1-5-18","12/25/2025 2:56:04 AM",,,"Microsoft-Windows-Sysmon/Operational","System.UInt32[]","System.Diagnostics.Eventing.Reader.EventBookmark","Information","Info","File created (rule: FileCreate)","System.Collections.ObjectModel.ReadOnlyCollection`1[System.String]","System.Collections.Generic.List`1[System.Diagnostics.Eventing.Reader.EventProperty]"
"Process Create:
RuleName: -
UtcTime: 2025-12-25 01:56:04.550
ProcessGuid: {8bb50d47-99b4-694c-2701-000000000a00}
ProcessId: 4832
Image: C:\Windows\SysWOW64\auditpol.exe
FileVersion: 10.0.26100.3037 (WinBuild.160101.0800)
Description: Audit Policy Program
Product: Microsoft? Windows? Operating System
Company: Microsoft Corporation
OriginalFileName: AUDITPOL.EXE
CommandLine: auditpol.exe /get /subcategory:""Logoff""
CurrentDirectory: C:\Program Files (x86)\ossec-agent\
User: NT AUTHORITY\SYSTEM
LogonGuid: {8bb50d47-9271-694c-e703-000000000000}
LogonId: 0x3E7
TerminalSessionId: 0
IntegrityLevel: System
Hashes: MD5=DF2B82B351C889B015CDFEE9C0A4BF28,SHA256=AC85C42F0994797B83F8491C56DBB83B7A4292DE00BD75A0B113036CB3A5BE04,IMPHASH=AB0C8C1C188B19D08FAF502671C04930
ParentProcessGuid: {8bb50d47-98db-694c-4800-000000000a00}
ParentProcessId: 3312
ParentImage: C:\Program Files (x86)\ossec-agent\wazuh-agent.exe
ParentCommandLine: ""C:\Program Files (x86)\ossec-agent\wazuh-agent.exe""
ParentUser: NT AUTHORITY\SYSTEM","1","5",,"4","1","0","-9223372036854775808","1085","Microsoft-Windows-Sysmon","5770385f-c22a-43e0-bf4c-06f5698ffbd9","Microsoft-Windows-Sysmon/Operational","3588","4124","Windows11","S-1-5-18","12/25/2025 2:56:04 AM",,,"Microsoft-Windows-Sysmon/Operational","System.UInt32[]","System.Diagnostics.Eventing.Reader.EventBookmark","Information","Info","File created (rule: FileCreate)","System.Collections.ObjectModel.ReadOnlyCollection`1[System.String]","System.Collections.Generic.List`1[System.Diagnostics.Eventing.Reader.EventProperty]"
"Process Create:
RuleName: -
UtcTime: 2025-12-25 01:56:04.359
ProcessGuid: {8bb50d47-99b4-694c-2501-000000000a00}
ProcessId: 5976
Image: C:\Windows\SysWOW64\auditpol.exe
FileVersion: 10.0.26100.3037 (WinBuild.160101.0800)
Description: Audit Policy Program
Product: Microsoft? Windows? Operating System
Company: Microsoft Corporation
OriginalFileName: AUDITPOL.EXE
CommandLine: auditpol.exe /get /subcategory:""Group Membership""
CurrentDirectory: C:\Program Files (x86)\ossec-agent\
User: NT AUTHORITY\SYSTEM
LogonGuid: {8bb50d47-9271-694c-e703-000000000000}
LogonId: 0x3E7
TerminalSessionId: 0
IntegrityLevel: System
Hashes: MD5=DF2B82B351C889B015CDFEE9C0A4BF28,SHA256=AC85C42F0994797B83F8491C56DBB83B7A4292DE00BD75A0B113036CB3A5BE04,IMPHASH=AB0C8C1C188B19D08FAF502671C04930
ParentProcessGuid: {8bb50d47-98db-694c-4800-000000000a00}
ParentProcessId: 3312
ParentImage: C:\Program Files (x86)\ossec-agent\wazuh-agent.exe
ParentCommandLine: ""C:\Program Files (x86)\ossec-agent\wazuh-agent.exe""
ParentUser: NT AUTHORITY\SYSTEM","1","5",,"4","1","0","-9223372036854775808","1084","Microsoft-Windows-Sysmon","5770385f-c22a-43e0-bf4c-06f5698ffbd9","Microsoft-Windows-Sysmon/Operational","3588","4124","Windows11","S-1-5-18","12/25/2025 2:56:04 AM",,,"Microsoft-Windows-Sysmon/Operational","System.UInt32[]","System.Diagnostics.Eventing.Reader.EventBookmark","Information","Info","File created (rule: FileCreate)","System.Collections.ObjectModel.ReadOnlyCollection`1[System.String]","System.Collections.Generic.List`1[System.Diagnostics.Eventing.Reader.EventProperty]"
"Process Create:
RuleName: -
UtcTime: 2025-12-25 01:56:04.150
ProcessGuid: {8bb50d47-99b4-694c-2301-000000000a00}
ProcessId: 3912
Image: C:\Windows\SysWOW64\auditpol.exe
FileVersion: 10.0.26100.3037 (WinBuild.160101.0800)
Description: Audit Policy Program
Product: Microsoft? Windows? Operating System
Company: Microsoft Corporation
OriginalFileName: AUDITPOL.EXE
CommandLine: auditpol.exe /get /subcategory:""Account Lockout""
CurrentDirectory: C:\Program Files (x86)\ossec-agent\
User: NT AUTHORITY\SYSTEM
LogonGuid: {8bb50d47-9271-694c-e703-000000000000}
LogonId: 0x3E7
TerminalSessionId: 0
IntegrityLevel: System
Hashes: MD5=DF2B82B351C889B015CDFEE9C0A4BF28,SHA256=AC85C42F0994797B83F8491C56DBB83B7A4292DE00BD75A0B113036CB3A5BE04,IMPHASH=AB0C8C1C188B19D08FAF502671C04930
ParentProcessGuid: {8bb50d47-98db-694c-4800-000000000a00}
ParentProcessId: 3312
ParentImage: C:\Program Files (x86)\ossec-agent\wazuh-agent.exe
ParentCommandLine: ""C:\Program Files (x86)\ossec-agent\wazuh-agent.exe""
ParentUser: NT AUTHORITY\SYSTEM","1","5",,"4","1","0","-9223372036854775808","1083","Microsoft-Windows-Sysmon","5770385f-c22a-43e0-bf4c-06f5698ffbd9","Microsoft-Windows-Sysmon/Operational","3588","4124","Windows11","S-1-5-18","12/25/2025 2:56:04 AM",,,"Microsoft-Windows-Sysmon/Operational","System.UInt32[]","System.Diagnostics.Eventing.Reader.EventBookmark","Information","Info","File created (rule: FileCreate)","System.Collections.ObjectModel.ReadOnlyCollection`1[System.String]","System.Collections.Generic.List`1[System.Diagnostics.Eventing.Reader.EventProperty]"
"Process Create:
RuleName: -
UtcTime: 2025-12-25 01:56:03.987
ProcessGuid: {8bb50d47-99b3-694c-2101-000000000a00}
ProcessId: 6912
Image: C:\Windows\SysWOW64\auditpol.exe
FileVersion: 10.0.26100.3037 (WinBuild.160101.0800)
Description: Audit Policy Program
Product: Microsoft? Windows? Operating System
Company: Microsoft Corporation
OriginalFileName: AUDITPOL.EXE
CommandLine: auditpol.exe /get /subcategory:""Process Creation""
CurrentDirectory: C:\Program Files (x86)\ossec-agent\
User: NT AUTHORITY\SYSTEM
LogonGuid: {8bb50d47-9271-694c-e703-000000000000}
LogonId: 0x3E7
TerminalSessionId: 0
IntegrityLevel: System
Hashes: MD5=DF2B82B351C889B015CDFEE9C0A4BF28,SHA256=AC85C42F0994797B83F8491C56DBB83B7A4292DE00BD75A0B113036CB3A5BE04,IMPHASH=AB0C8C1C188B19D08FAF502671C04930
ParentProcessGuid: {8bb50d47-98db-694c-4800-000000000a00}
ParentProcessId: 3312
ParentImage: C:\Program Files (x86)\ossec-agent\wazuh-agent.exe
ParentCommandLine: ""C:\Program Files (x86)\ossec-agent\wazuh-agent.exe""
ParentUser: NT AUTHORITY\SYSTEM","1","5",,"4","1","0","-9223372036854775808","1082","Microsoft-Windows-Sysmon","5770385f-c22a-43e0-bf4c-06f5698ffbd9","Microsoft-Windows-Sysmon/Operational","3588","4124","Windows11","S-1-5-18","12/25/2025 2:56:03 AM",,,"Microsoft-Windows-Sysmon/Operational","System.UInt32[]","System.Diagnostics.Eventing.Reader.EventBookmark","Information","Info","File created (rule: FileCreate)","System.Collections.ObjectModel.ReadOnlyCollection`1[System.String]","System.Collections.Generic.List`1[System.Diagnostics.Eventing.Reader.EventProperty]"
"Process Create:
RuleName: -
UtcTime: 2025-12-25 01:56:03.861
ProcessGuid: {8bb50d47-99b3-694c-1f01-000000000a00}
ProcessId: 7048
Image: C:\Windows\SysWOW64\auditpol.exe
FileVersion: 10.0.26100.3037 (WinBuild.160101.0800)
Description: Audit Policy Program
Product: Microsoft? Windows? Operating System
Company: Microsoft Corporation
OriginalFileName: AUDITPOL.EXE
CommandLine: auditpol.exe /get /subcategory:""Plug and Play Events""
CurrentDirectory: C:\Program Files (x86)\ossec-agent\
User: NT AUTHORITY\SYSTEM
LogonGuid: {8bb50d47-9271-694c-e703-000000000000}
LogonId: 0x3E7
TerminalSessionId: 0
IntegrityLevel: System
Hashes: MD5=DF2B82B351C889B015CDFEE9C0A4BF28,SHA256=AC85C42F0994797B83F8491C56DBB83B7A4292DE00BD75A0B113036CB3A5BE04,IMPHASH=AB0C8C1C188B19D08FAF502671C04930
ParentProcessGuid: {8bb50d47-98db-694c-4800-000000000a00}
ParentProcessId: 3312
ParentImage: C:\Program Files (x86)\ossec-agent\wazuh-agent.exe
ParentCommandLine: ""C:\Program Files (x86)\ossec-agent\wazuh-agent.exe""
ParentUser: NT AUTHORITY\SYSTEM","1","5",,"4","1","0","-9223372036854775808","1081","Microsoft-Windows-Sysmon","5770385f-c22a-43e0-bf4c-06f5698ffbd9","Microsoft-Windows-Sysmon/Operational","3588","4124","Windows11","S-1-5-18","12/25/2025 2:56:03 AM",,,"Microsoft-Windows-Sysmon/Operational","System.UInt32[]","System.Diagnostics.Eventing.Reader.EventBookmark","Information","Info","File created (rule: FileCreate)","System.Collections.ObjectModel.ReadOnlyCollection`1[System.String]","System.Collections.Generic.List`1[System.Diagnostics.Eventing.Reader.EventProperty]"
"Process Create:
