RuleName: -
UtcTime: 2025-12-25 10:39:27.145
ProcessGuid: {8bb50d47-145f-694d-5d01-000000000c00}
ProcessId: 1228
Image: C:\Program Files (x86)\Microsoft\EdgeWebView\Application\143.0.3650.96\msedgewebview2.exe
FileVersion: 143.0.3650.96
Description: Microsoft Edge WebView2
Product: Microsoft Edge WebView2
Company: Microsoft Corporation
OriginalFileName: msedgewebview2.exe
CommandLine: ""C:\Program Files (x86)\Microsoft\EdgeWebView\Application\143.0.3650.96\msedgewebview2.exe"" --type=renderer --noerrdialogs --user-data-dir=""C:\Users\Yomi\AppData\Local\Packages\MicrosoftWindows.Client.WebExperience_cw5n1h2txyewy\LocalState\EBWebView"" --webview-exe-name=Widgets.exe --webview-exe-version=525.18101.20.0 --embedded-browser-webview=1 --dma-cps-flags=0 --video-capture-use-gpu-memory-buffer --lang=en-US --js-flags=--expose-gc --device-scale-factor=1 --num-raster-threads=1 --renderer-client-id=5 --time-ticks-at-unix-epoch=-1766658448917874 --launch-time-ticks=718255108 --ram-no-pressure-read-main-dll --metrics-shmem-handle=3436,i,7028714214966962448,16873749067862405498,2097152 --field-trial-handle=1812,i,14702404071842030353,746638829610019909,262144 --variations-seed-version --trace-process-track-uuid=3190708990997080739 --mojo-platform-channel-handle=3468 /pfhostedapp:af731d5ad7d4765e67dde706345ebf3e93c44d91 /prefetch:1
CurrentDirectory: C:\Program Files (x86)\Microsoft\EdgeWebView\Application\143.0.3650.96\
User: WINDOWS11\Yomi
LogonGuid: {8bb50d47-11ef-694d-0419-020000000000}
LogonId: 0x21904
TerminalSessionId: 1
IntegrityLevel: Low
Hashes: MD5=B3D8670A1D473BFC160824B84587CF06,SHA256=B0813B5D25A06F4F511A6151DBE5D1E6BFEEA35F4E2245DBC643C87432B9A783,IMPHASH=9ACEBDFAC77931C2B0DFBBEA2D494BA9
ParentProcessGuid: {8bb50d47-145d-694d-5801-000000000c00}
ParentProcessId: 6792
ParentImage: C:\Program Files (x86)\Microsoft\EdgeWebView\Application\143.0.3650.96\msedgewebview2.exe
ParentCommandLine: ""C:\Program Files (x86)\Microsoft\EdgeWebView\Application\143.0.3650.96\msedgewebview2.exe"" --embedded-browser-webview=1 --webview-exe-name=Widgets.exe --webview-exe-version=525.18101.20.0 --user-data-dir=""C:\Users\Yomi\AppData\Local\Packages\MicrosoftWindows.Client.WebExperience_cw5n1h2txyewy\LocalState\EBWebView"" --noerrdialogs --disk-cache-size=52428800 --edge-webview-is-background --lang=en-US --mojo-named-platform-channel-pipe=5888.5508.9522269654196740328 /pfhostedapp:af731d5ad7d4765e67dde706345ebf3e93c44d91
ParentUser: WINDOWS11\Yomi","1","5",,"4","1","0","-9223372036854775808","2195","Microsoft-Windows-Sysmon","5770385f-c22a-43e0-bf4c-06f5698ffbd9","Microsoft-Windows-Sysmon/Operational","3580","4288","Windows11","S-1-5-18","12/25/2025 11:39:27 AM",,,"Microsoft-Windows-Sysmon/Operational","System.UInt32[]","System.Diagnostics.Eventing.Reader.EventBookmark","Information","Info","File created (rule: FileCreate)","System.Collections.ObjectModel.ReadOnlyCollection`1[System.String]","System.Collections.Generic.List`1[System.Diagnostics.Eventing.Reader.EventProperty]"
"Process Create:
RuleName: -
UtcTime: 2025-12-25 10:39:26.971
ProcessGuid: {8bb50d47-145e-694d-5c01-000000000c00}
ProcessId: 1836
Image: C:\Program Files (x86)\Microsoft\EdgeWebView\Application\143.0.3650.96\msedgewebview2.exe
FileVersion: 143.0.3650.96
Description: Microsoft Edge WebView2
Product: Microsoft Edge WebView2
Company: Microsoft Corporation
OriginalFileName: msedgewebview2.exe
CommandLine: ""C:\Program Files (x86)\Microsoft\EdgeWebView\Application\143.0.3650.96\msedgewebview2.exe"" --type=utility --utility-sub-type=storage.mojom.StorageService --lang=en-US --service-sandbox-type=service --noerrdialogs --user-data-dir=""C:\Users\Yomi\AppData\Local\Packages\MicrosoftWindows.Client.WebExperience_cw5n1h2txyewy\LocalState\EBWebView"" --webview-exe-name=Widgets.exe --webview-exe-version=525.18101.20.0 --embedded-browser-webview=1 --startup-read-main-dll --metrics-shmem-handle=2264,i,17053693314201300197,6949390786008022175,524288 --field-trial-handle=1812,i,14702404071842030353,746638829610019909,262144 --variations-seed-version --trace-process-track-uuid=3190708990060038890 --mojo-platform-channel-handle=3204 /prefetch:13 /pfhostedapp:af731d5ad7d4765e67dde706345ebf3e93c44d91
CurrentDirectory: C:\Program Files (x86)\Microsoft\EdgeWebView\Application\143.0.3650.96\
User: WINDOWS11\Yomi
LogonGuid: {8bb50d47-11ef-694d-0419-020000000000}
LogonId: 0x21904
TerminalSessionId: 1
IntegrityLevel: Low
Hashes: MD5=B3D8670A1D473BFC160824B84587CF06,SHA256=B0813B5D25A06F4F511A6151DBE5D1E6BFEEA35F4E2245DBC643C87432B9A783,IMPHASH=9ACEBDFAC77931C2B0DFBBEA2D494BA9
ParentProcessGuid: {8bb50d47-145d-694d-5801-000000000c00}
ParentProcessId: 6792
ParentImage: C:\Program Files (x86)\Microsoft\EdgeWebView\Application\143.0.3650.96\msedgewebview2.exe
ParentCommandLine: ""C:\Program Files (x86)\Microsoft\EdgeWebView\Application\143.0.3650.96\msedgewebview2.exe"" --embedded-browser-webview=1 --webview-exe-name=Widgets.exe --webview-exe-version=525.18101.20.0 --user-data-dir=""C:\Users\Yomi\AppData\Local\Packages\MicrosoftWindows.Client.WebExperience_cw5n1h2txyewy\LocalState\EBWebView"" --noerrdialogs --disk-cache-size=52428800 --edge-webview-is-background --lang=en-US --mojo-named-platform-channel-pipe=5888.5508.9522269654196740328 /pfhostedapp:af731d5ad7d4765e67dde706345ebf3e93c44d91
ParentUser: WINDOWS11\Yomi","1","5",,"4","1","0","-9223372036854775808","2194","Microsoft-Windows-Sysmon","5770385f-c22a-43e0-bf4c-06f5698ffbd9","Microsoft-Windows-Sysmon/Operational","3580","4288","Windows11","S-1-5-18","12/25/2025 11:39:27 AM",,,"Microsoft-Windows-Sysmon/Operational","System.UInt32[]","System.Diagnostics.Eventing.Reader.EventBookmark","Information","Info","File created (rule: FileCreate)","System.Collections.ObjectModel.ReadOnlyCollection`1[System.String]","System.Collections.Generic.List`1[System.Diagnostics.Eventing.Reader.EventProperty]"
"Process Create:
RuleName: -
UtcTime: 2025-12-25 10:39:26.461
ProcessGuid: {8bb50d47-145e-694d-5b01-000000000c00}
ProcessId: 6988
Image: C:\Program Files (x86)\Microsoft\EdgeWebView\Application\143.0.3650.96\msedgewebview2.exe
FileVersion: 143.0.3650.96
Description: Microsoft Edge WebView2
Product: Microsoft Edge WebView2
Company: Microsoft Corporation
OriginalFileName: msedgewebview2.exe
CommandLine: ""C:\Program Files (x86)\Microsoft\EdgeWebView\Application\143.0.3650.96\msedgewebview2.exe"" --type=utility --utility-sub-type=network.mojom.NetworkService --lang=en-US --service-sandbox-type=none --noerrdialogs --user-data-dir=""C:\Users\Yomi\AppData\Local\Packages\MicrosoftWindows.Client.WebExperience_cw5n1h2txyewy\LocalState\EBWebView"" --webview-exe-name=Widgets.exe --webview-exe-version=525.18101.20.0 --embedded-browser-webview=1 --startup-read-main-dll --metrics-shmem-handle=1968,i,10353191785242298869,960862105993263984,524288 --field-trial-handle=1812,i,14702404071842030353,746638829610019909,262144 --variations-seed-version --trace-process-track-uuid=3190708989122997041 --mojo-platform-channel-handle=1964 /prefetch:11 /pfhostedapp:af731d5ad7d4765e67dde706345ebf3e93c44d91
CurrentDirectory: C:\Program Files (x86)\Microsoft\EdgeWebView\Application\143.0.3650.96\
User: WINDOWS11\Yomi
LogonGuid: {8bb50d47-11ef-694d-0419-020000000000}
LogonId: 0x21904
TerminalSessionId: 1
IntegrityLevel: Medium
Hashes: MD5=B3D8670A1D473BFC160824B84587CF06,SHA256=B0813B5D25A06F4F511A6151DBE5D1E6BFEEA35F4E2245DBC643C87432B9A783,IMPHASH=9ACEBDFAC77931C2B0DFBBEA2D494BA9
ParentProcessGuid: {8bb50d47-145d-694d-5801-000000000c00}
ParentProcessId: 6792
ParentImage: C:\Program Files (x86)\Microsoft\EdgeWebView\Application\143.0.3650.96\msedgewebview2.exe
ParentCommandLine: ""C:\Program Files (x86)\Microsoft\EdgeWebView\Application\143.0.3650.96\msedgewebview2.exe"" --embedded-browser-webview=1 --webview-exe-name=Widgets.exe --webview-exe-version=525.18101.20.0 --user-data-dir=""C:\Users\Yomi\AppData\Local\Packages\MicrosoftWindows.Client.WebExperience_cw5n1h2txyewy\LocalState\EBWebView"" --noerrdialogs --disk-cache-size=52428800 --edge-webview-is-background --lang=en-US --mojo-named-platform-channel-pipe=5888.5508.9522269654196740328 /pfhostedapp:af731d5ad7d4765e67dde706345ebf3e93c44d91
ParentUser: WINDOWS11\Yomi","1","5",,"4","1","0","-9223372036854775808","2193","Microsoft-Windows-Sysmon","5770385f-c22a-43e0-bf4c-06f5698ffbd9","Microsoft-Windows-Sysmon/Operational","3580","4288","Windows11","S-1-5-18","12/25/2025 11:39:27 AM",,,"Microsoft-Windows-Sysmon/Operational","System.UInt32[]","System.Diagnostics.Eventing.Reader.EventBookmark","Information","Info","File created (rule: FileCreate)","System.Collections.ObjectModel.ReadOnlyCollection`1[System.String]","System.Collections.Generic.List`1[System.Diagnostics.Eventing.Reader.EventProperty]"
"Process Create:
RuleName: -
UtcTime: 2025-12-25 10:39:26.424
ProcessGuid: {8bb50d47-145e-694d-5a01-000000000c00}
ProcessId: 2628
Image: C:\Program Files (x86)\Microsoft\EdgeWebView\Application\143.0.3650.96\msedgewebview2.exe
FileVersion: 143.0.3650.96
Description: Microsoft Edge WebView2
Product: Microsoft Edge WebView2
Company: Microsoft Corporation
OriginalFileName: msedgewebview2.exe
CommandLine: ""C:\Program Files (x86)\Microsoft\EdgeWebView\Application\143.0.3650.96\msedgewebview2.exe"" --type=gpu-process --noerrdialogs --user-data-dir=""C:\Users\Yomi\AppData\Local\Packages\MicrosoftWindows.Client.WebExperience_cw5n1h2txyewy\LocalState\EBWebView"" --webview-exe-name=Widgets.exe --webview-exe-version=525.18101.20.0 --embedded-browser-webview=1 --no-pre-read-main-dll --gpu-preferences=SAAAAAAAAADgAAAEAAAAAAAAAAAAAGAAAQAAAAAAAAAAAAAAAAAAAAIAAAAAAAAAAAAAAAAAAAAQAAAAAAAAABAAAAAAAAAACAAAAAAAAAAIAAAAAAAAAA== --startup-read-main-dll --metrics-shmem-handle=1644,i,15597871644632869358,15972762477183023551,262144 --field-trial-handle=1812,i,14702404071842030353,746638829610019909,262144 --variations-seed-version --trace-process-track-uuid=3190708988185955192 --mojo-platform-channel-handle=1808 /prefetch:2 /pfhostedapp:af731d5ad7d4765e67dde706345ebf3e93c44d91
CurrentDirectory: C:\Program Files (x86)\Microsoft\EdgeWebView\Application\143.0.3650.96\
User: WINDOWS11\Yomi
LogonGuid: {8bb50d47-11ef-694d-0419-020000000000}
LogonId: 0x21904
TerminalSessionId: 1
IntegrityLevel: Low
Hashes: MD5=B3D8670A1D473BFC160824B84587CF06,SHA256=B0813B5D25A06F4F511A6151DBE5D1E6BFEEA35F4E2245DBC643C87432B9A783,IMPHASH=9ACEBDFAC77931C2B0DFBBEA2D494BA9
ParentProcessGuid: {8bb50d47-145d-694d-5801-000000000c00}
ParentProcessId: 6792
ParentImage: C:\Program Files (x86)\Microsoft\EdgeWebView\Application\143.0.3650.96\msedgewebview2.exe
ParentCommandLine: ""C:\Program Files (x86)\Microsoft\EdgeWebView\Application\143.0.3650.96\msedgewebview2.exe"" --embedded-browser-webview=1 --webview-exe-name=Widgets.exe --webview-exe-version=525.18101.20.0 --user-data-dir=""C:\Users\Yomi\AppData\Local\Packages\MicrosoftWindows.Client.WebExperience_cw5n1h2txyewy\LocalState\EBWebView"" --noerrdialogs --disk-cache-size=52428800 --edge-webview-is-background --lang=en-US --mojo-named-platform-channel-pipe=5888.5508.9522269654196740328 /pfhostedapp:af731d5ad7d4765e67dde706345ebf3e93c44d91
ParentUser: WINDOWS11\Yomi","1","5",,"4","1","0","-9223372036854775808","2192","Microsoft-Windows-Sysmon","5770385f-c22a-43e0-bf4c-06f5698ffbd9","Microsoft-Windows-Sysmon/Operational","3580","4288","Windows11","S-1-5-18","12/25/2025 11:39:26 AM",,,"Microsoft-Windows-Sysmon/Operational","System.UInt32[]","System.Diagnostics.Eventing.Reader.EventBookmark","Information","Info","File created (rule: FileCreate)","System.Collections.ObjectModel.ReadOnlyCollection`1[System.String]","System.Collections.Generic.List`1[System.Diagnostics.Eventing.Reader.EventProperty]"
"Process Create:
RuleName: -
UtcTime: 2025-12-25 10:39:25.651
ProcessGuid: {8bb50d47-145d-694d-5901-000000000c00}
ProcessId: 6224
Image: C:\Program Files (x86)\Microsoft\EdgeWebView\Application\143.0.3650.96\msedgewebview2.exe
FileVersion: 143.0.3650.96
Description: Microsoft Edge WebView2
Product: Microsoft Edge WebView2
Company: Microsoft Corporation
OriginalFileName: msedgewebview2.exe
CommandLine: ""C:\Program Files (x86)\Microsoft\EdgeWebView\Application\143.0.3650.96\msedgewebview2.exe"" --type=crashpad-handler --user-data-dir=C:\Users\Yomi\AppData\Local\Packages\MicrosoftWindows.Client.WebExperience_cw5n1h2txyewy\LocalState\EBWebView /prefetch:4 /pfhostedapp:af731d5ad7d4765e67dde706345ebf3e93c44d91 --monitor-self-annotation=ptype=crashpad-handler --database=C:\Users\Yomi\AppData\Local\Packages\MicrosoftWindows.Client.WebExperience_cw5n1h2txyewy\LocalState\EBWebView\Crashpad --annotation=IsOfficialBuild=1 --annotation=channel= --annotation=chromium-version=143.0.7499.147 ""--annotation=exe=C:\Program Files (x86)\Microsoft\EdgeWebView\Application\143.0.3650.96\msedgewebview2.exe"" --annotation=plat=Win64 ""--annotation=prod=Edge WebView2"" --annotation=ver=143.0.3650.96 --initial-client-data=0x174,0x178,0x17c,0x60,0x1ac,0x7ff804e062b8,0x7ff804e062c4,0x7ff804e062d0
CurrentDirectory: C:\Program Files (x86)\Microsoft\EdgeWebView\Application\143.0.3650.96\
User: WINDOWS11\Yomi
LogonGuid: {8bb50d47-11ef-694d-0419-020000000000}
LogonId: 0x21904
TerminalSessionId: 1
IntegrityLevel: Medium
Hashes: MD5=B3D8670A1D473BFC160824B84587CF06,SHA256=B0813B5D25A06F4F511A6151DBE5D1E6BFEEA35F4E2245DBC643C87432B9A783,IMPHASH=9ACEBDFAC77931C2B0DFBBEA2D494BA9
ParentProcessGuid: {8bb50d47-145d-694d-5801-000000000c00}
ParentProcessId: 6792
ParentImage: C:\Program Files (x86)\Microsoft\EdgeWebView\Application\143.0.3650.96\msedgewebview2.exe
ParentCommandLine: ""C:\Program Files (x86)\Microsoft\EdgeWebView\Application\143.0.3650.96\msedgewebview2.exe"" --embedded-browser-webview=1 --webview-exe-name=Widgets.exe --webview-exe-version=525.18101.20.0 --user-data-dir=""C:\Users\Yomi\AppData\Local\Packages\MicrosoftWindows.Client.WebExperience_cw5n1h2txyewy\LocalState\EBWebView"" --noerrdialogs --disk-cache-size=52428800 --edge-webview-is-background --lang=en-US --mojo-named-platform-channel-pipe=5888.5508.9522269654196740328 /pfhostedapp:af731d5ad7d4765e67dde706345ebf3e93c44d91
ParentUser: WINDOWS11\Yomi","1","5",,"4","1","0","-9223372036854775808","2191","Microsoft-Windows-Sysmon","5770385f-c22a-43e0-bf4c-06f5698ffbd9","Microsoft-Windows-Sysmon/Operational","3580","4288","Windows11","S-1-5-18","12/25/2025 11:39:25 AM",,,"Microsoft-Windows-Sysmon/Operational","System.UInt32[]","System.Diagnostics.Eventing.Reader.EventBookmark","Information","Info","File created (rule: FileCreate)","System.Collections.ObjectModel.ReadOnlyCollection`1[System.String]","System.Collections.Generic.List`1[System.Diagnostics.Eventing.Reader.EventProperty]"
"Process Create:
RuleName: -
UtcTime: 2025-12-25 10:39:25.078
ProcessGuid: {8bb50d47-145d-694d-5801-000000000c00}
ProcessId: 6792
Image: C:\Program Files (x86)\Microsoft\EdgeWebView\Application\143.0.3650.96\msedgewebview2.exe
FileVersion: 143.0.3650.96
Description: Microsoft Edge WebView2
Product: Microsoft Edge WebView2
Company: Microsoft Corporation
OriginalFileName: msedgewebview2.exe
CommandLine: ""C:\Program Files (x86)\Microsoft\EdgeWebView\Application\143.0.3650.96\msedgewebview2.exe"" --embedded-browser-webview=1 --webview-exe-name=Widgets.exe --webview-exe-version=525.18101.20.0 --user-data-dir=""C:\Users\Yomi\AppData\Local\Packages\MicrosoftWindows.Client.WebExperience_cw5n1h2txyewy\LocalState\EBWebView"" --noerrdialogs --disk-cache-size=52428800 --edge-webview-is-background --lang=en-US --mojo-named-platform-channel-pipe=5888.5508.9522269654196740328 /pfhostedapp:af731d5ad7d4765e67dde706345ebf3e93c44d91
CurrentDirectory: C:\WINDOWS\system32\
User: WINDOWS11\Yomi
LogonGuid: {8bb50d47-11ef-694d-0419-020000000000}
LogonId: 0x21904
TerminalSessionId: 1
IntegrityLevel: Medium
Hashes: MD5=B3D8670A1D473BFC160824B84587CF06,SHA256=B0813B5D25A06F4F511A6151DBE5D1E6BFEEA35F4E2245DBC643C87432B9A783,IMPHASH=9ACEBDFAC77931C2B0DFBBEA2D494BA9
ParentProcessGuid: {8bb50d47-12a6-694d-9f00-000000000c00}
ParentProcessId: 5888
ParentImage: C:\Program Files\WindowsApps\MicrosoftWindows.Client.WebExperience_525.18101.90.9_x64__cw5n1h2txyewy\Dashboard\Widgets.exe
ParentCommandLine: ""C:\Program Files\WindowsApps\MicrosoftWindows.Client.WebExperience_525.18101.90.9_x64__cw5n1h2txyewy\Dashboard\Widgets.exe"" -ServerName:Microsoft.Windows.DashboardServer
ParentUser: WINDOWS11\Yomi","1","5",,"4","1","0","-9223372036854775808","2190","Microsoft-Windows-Sysmon","5770385f-c22a-43e0-bf4c-06f5698ffbd9","Microsoft-Windows-Sysmon/Operational","3580","4288","Windows11","S-1-5-18","12/25/2025 11:39:25 AM",,,"Microsoft-Windows-Sysmon/Operational","System.UInt32[]","System.Diagnostics.Eventing.Reader.EventBookmark","Information","Info","File created (rule: FileCreate)","System.Collections.ObjectModel.ReadOnlyCollection`1[System.String]","System.Collections.Generic.List`1[System.Diagnostics.Eventing.Reader.EventProperty]"
"Process Create:
RuleName: -
UtcTime: 2025-12-25 10:39:22.051
ProcessGuid: {8bb50d47-145a-694d-5701-000000000c00}
ProcessId: 1760
Image: C:\Program Files\WindowsApps\Microsoft.WidgetsPlatformRuntime_1.6.2.0_x64__8wekyb3d8bbwe\WidgetService\WidgetService.exe
FileVersion: 0.5.0.0
Description: WidgetService.exe
Product: Widgets Platform Runtime
Company: Microsoft Corporation
OriginalFileName: WidgetService.exe
CommandLine: ""C:\Program Files\WindowsApps\Microsoft.WidgetsPlatformRuntime_1.6.2.0_x64__8wekyb3d8bbwe\WidgetService\WidgetService.exe"" -RegisterProcessAsComServer -Embedding
CurrentDirectory: C:\WINDOWS\system32\
User: WINDOWS11\Yomi
LogonGuid: {8bb50d47-11ef-694d-0419-020000000000}
LogonId: 0x21904
TerminalSessionId: 1
IntegrityLevel: Medium
Hashes: MD5=035BBF7BADE95A68863D179F16B39F12,SHA256=6B461F80456244E0684CD1C75E14B572D37AF79C6951AA93ED3FF53B2DAFDDAD,IMPHASH=5A7730A9EDFDB7256D3229753A2E26F3
ParentProcessGuid: {8bb50d47-11db-694d-0f00-000000000c00}
ParentProcessId: 560
ParentImage: C:\Windows\System32\svchost.exe
ParentCommandLine: C:\WINDOWS\system32\svchost.exe -k DcomLaunch -p
ParentUser: NT AUTHORITY\SYSTEM","1","5",,"4","1","0","-9223372036854775808","2189","Microsoft-Windows-Sysmon","5770385f-c22a-43e0-bf4c-06f5698ffbd9","Microsoft-Windows-Sysmon/Operational","3580","4288","Windows11","S-1-5-18","12/25/2025 11:39:22 AM",,,"Microsoft-Windows-Sysmon/Operational","System.UInt32[]","System.Diagnostics.Eventing.Reader.EventBookmark","Information","Info","File created (rule: FileCreate)","System.Collections.ObjectModel.ReadOnlyCollection`1[System.String]","System.Collections.Generic.List`1[System.Diagnostics.Eventing.Reader.EventProperty]"
"Process Create:
RuleName: -
UtcTime: 2025-12-25 10:38:22.293
ProcessGuid: {8bb50d47-141e-694d-5501-000000000c00}
ProcessId: 8000
Image: C:\Windows\System32\taskhostw.exe
FileVersion: 10.0.26100.5074 (WinBuild.160101.0800)
Description: Host Process for Windows Tasks
Product: Microsoft? Windows? Operating System
Company: Microsoft Corporation
OriginalFileName: taskhostw.exe
CommandLine: taskhostw.exe
CurrentDirectory: C:\WINDOWS\system32\
User: NT AUTHORITY\SYSTEM
LogonGuid: {8bb50d47-11d7-694d-e703-000000000000}
LogonId: 0x3E7
TerminalSessionId: 0
IntegrityLevel: System
Hashes: MD5=AD050ED052AFF11737AE0A25AED89799,SHA256=818C6876E1028AB2B94E45B3CC45102CD83204803537D94263A9B7A6B6583D4B,IMPHASH=2196268E7A2880E3ADC74481297D0C4B
ParentProcessGuid: {8bb50d47-11e0-694d-1c00-000000000c00}
ParentProcessId: 1424
ParentImage: C:\Windows\System32\svchost.exe
ParentCommandLine: C:\WINDOWS\system32\svchost.exe -k netsvcs -p -s Schedule
ParentUser: NT AUTHORITY\SYSTEM","1","5",,"4","1","0","-9223372036854775808","2188","Microsoft-Windows-Sysmon","5770385f-c22a-43e0-bf4c-06f5698ffbd9","Microsoft-Windows-Sysmon/Operational","3580","4288","Windows11","S-1-5-18","12/25/2025 11:38:22 AM",,,"Microsoft-Windows-Sysmon/Operational","System.UInt32[]","System.Diagnostics.Eventing.Reader.EventBookmark","Information","Info","File created (rule: FileCreate)","System.Collections.ObjectModel.ReadOnlyCollection`1[System.String]","System.Collections.Generic.List`1[System.Diagnostics.Eventing.Reader.EventProperty]"
"Registry value set:
RuleName: Suspicious,ImageBeginWithBackslash
EventType: SetValue
UtcTime: 2025-12-25 10:37:47.668
ProcessGuid: {8bb50d47-12f2-694d-db00-000000000c00}
ProcessId: 8176
Image: \\?\C:\WINDOWS\system32\wbem\WMIADAP.EXE
TargetObject: HKLM\SOFTWARE\Microsoft\Wbem\PROVIDERS\Performance\Performance Refreshed
Details: DWORD (0x00000001)
User: NT AUTHORITY\SYSTEM","13","2",,"4","13","0","-9223372036854775808","2187","Microsoft-Windows-Sysmon","5770385f-c22a-43e0-bf4c-06f5698ffbd9","Microsoft-Windows-Sysmon/Operational","3580","4288","Windows11","S-1-5-18","12/25/2025 11:37:47 AM",,,"Microsoft-Windows-Sysmon/Operational","System.UInt32[]","System.Diagnostics.Eventing.Reader.EventBookmark","Information","Info","File created (rule: FileCreate)","System.Collections.ObjectModel.ReadOnlyCollection`1[System.String]","System.Collections.Generic.List`1[System.Diagnostics.Eventing.Reader.EventProperty]"
"Registry value set:
RuleName: Suspicious,ImageBeginWithBackslash
EventType: SetValue
UtcTime: 2025-12-25 10:37:47.668
ProcessGuid: {8bb50d47-12f2-694d-db00-000000000c00}
ProcessId: 8176
Image: \\?\C:\WINDOWS\system32\wbem\WMIADAP.EXE
TargetObject: HKLM\SOFTWARE\Microsoft\Wbem\PROVIDERS\Performance\Performance Refresh
Details: DWORD (0x00000000)
User: NT AUTHORITY\SYSTEM","13","2",,"4","13","0","-9223372036854775808","2186","Microsoft-Windows-Sysmon","5770385f-c22a-43e0-bf4c-06f5698ffbd9","Microsoft-Windows-Sysmon/Operational","3580","4288","Windows11","S-1-5-18","12/25/2025 11:37:47 AM",,,"Microsoft-Windows-Sysmon/Operational","System.UInt32[]","System.Diagnostics.Eventing.Reader.EventBookmark","Information","Info","File created (rule: FileCreate)","System.Collections.ObjectModel.ReadOnlyCollection`1[System.String]","System.Collections.Generic.List`1[System.Diagnostics.Eventing.Reader.EventProperty]"
"Registry value set:
RuleName: Suspicious,ImageBeginWithBackslash
EventType: SetValue
UtcTime: 2025-12-25 10:37:47.661
ProcessGuid: {8bb50d47-12f2-694d-db00-000000000c00}
ProcessId: 8176
Image: \\?\C:\WINDOWS\system32\wbem\WMIADAP.EXE
TargetObject: HKLM\SOFTWARE\Microsoft\Wbem\WDM\DREDGE\C:\WINDOWS\System32\drivers\pacer.sys[PschedMofResource]
Details: LowDateTime:410068315,HighDateTime:31204993***Binary mof failed, see WMIPROV.LOG
User: NT AUTHORITY\SYSTEM","13","2",,"4","13","0","-9223372036854775808","2185","Microsoft-Windows-Sysmon","5770385f-c22a-43e0-bf4c-06f5698ffbd9","Microsoft-Windows-Sysmon/Operational","3580","4288","Windows11","S-1-5-18","12/25/2025 11:37:47 AM",,,"Microsoft-Windows-Sysmon/Operational","System.UInt32[]","System.Diagnostics.Eventing.Reader.EventBookmark","Information","Info","File created (rule: FileCreate)","System.Collections.ObjectModel.ReadOnlyCollection`1[System.String]","System.Collections.Generic.List`1[System.Diagnostics.Eventing.Reader.EventProperty]"
"Registry value set:
RuleName: Suspicious,ImageBeginWithBackslash
EventType: SetValue
UtcTime: 2025-12-25 10:37:47.655
ProcessGuid: {8bb50d47-12f2-694d-db00-000000000c00}
ProcessId: 8176
Image: \\?\C:\WINDOWS\system32\wbem\WMIADAP.EXE
TargetObject: HKLM\SOFTWARE\Microsoft\Wbem\WDM\DREDGE\C:\WINDOWS\system32\drivers\en-US\ndis.sys.mui[MofResourceName]
Details: LowDateTime:408662667,HighDateTime:31204993***Binary mof failed, see WMIPROV.LOG
User: NT AUTHORITY\SYSTEM","13","2",,"4","13","0","-9223372036854775808","2184","Microsoft-Windows-Sysmon","5770385f-c22a-43e0-bf4c-06f5698ffbd9","Microsoft-Windows-Sysmon/Operational","3580","4288","Windows11","S-1-5-18","12/25/2025 11:37:47 AM",,,"Microsoft-Windows-Sysmon/Operational","System.UInt32[]","System.Diagnostics.Eventing.Reader.EventBookmark","Information","Info","File created (rule: FileCreate)","System.Collections.ObjectModel.ReadOnlyCollection`1[System.String]","System.Collections.Generic.List`1[System.Diagnostics.Eventing.Reader.EventProperty]"
"Registry value set:
RuleName: Suspicious,ImageBeginWithBackslash
EventType: SetValue
UtcTime: 2025-12-25 10:37:47.655
ProcessGuid: {8bb50d47-12f2-694d-db00-000000000c00}
ProcessId: 8176
Image: \\?\C:\WINDOWS\system32\wbem\WMIADAP.EXE
TargetObject: HKLM\SOFTWARE\Microsoft\Wbem\WDM\DREDGE\C:\WINDOWS\system32\drivers\ndis.sys[MofResourceName]
Details: LowDateTime:409443443,HighDateTime:31204993***Binary mof failed, see WMIPROV.LOG
User: NT AUTHORITY\SYSTEM","13","2",,"4","13","0","-9223372036854775808","2183","Microsoft-Windows-Sysmon","5770385f-c22a-43e0-bf4c-06f5698ffbd9","Microsoft-Windows-Sysmon/Operational","3580","4288","Windows11","S-1-5-18","12/25/2025 11:37:47 AM",,,"Microsoft-Windows-Sysmon/Operational","System.UInt32[]","System.Diagnostics.Eventing.Reader.EventBookmark","Information","Info","File created (rule: FileCreate)","System.Collections.ObjectModel.ReadOnlyCollection`1[System.String]","System.Collections.Generic.List`1[System.Diagnostics.Eventing.Reader.EventProperty]"
"Registry value set:
RuleName: Suspicious,ImageBeginWithBackslash
EventType: SetValue
UtcTime: 2025-12-25 10:37:47.655
ProcessGuid: {8bb50d47-12f2-694d-db00-000000000c00}
ProcessId: 8176
Image: \\?\C:\WINDOWS\system32\wbem\WMIADAP.EXE
TargetObject: HKLM\SOFTWARE\Microsoft\Wbem\WDM\DREDGE\C:\WINDOWS\System32\drivers\monitor.sys[MonitorWMI]
Details: LowDateTime:156923387,HighDateTime:31204993***Binary mof failed, see WMIPROV.LOG
User: NT AUTHORITY\SYSTEM","13","2",,"4","13","0","-9223372036854775808","2182","Microsoft-Windows-Sysmon","5770385f-c22a-43e0-bf4c-06f5698ffbd9","Microsoft-Windows-Sysmon/Operational","3580","4288","Windows11","S-1-5-18","12/25/2025 11:37:47 AM",,,"Microsoft-Windows-Sysmon/Operational","System.UInt32[]","System.Diagnostics.Eventing.Reader.EventBookmark","Information","Info","File created (rule: FileCreate)","System.Collections.ObjectModel.ReadOnlyCollection`1[System.String]","System.Collections.Generic.List`1[System.Diagnostics.Eventing.Reader.EventProperty]"
"Registry value set:
RuleName: Suspicious,ImageBeginWithBackslash
EventType: SetValue
UtcTime: 2025-12-25 10:37:47.655
ProcessGuid: {8bb50d47-12f2-694d-db00-000000000c00}
ProcessId: 8176
Image: \\?\C:\WINDOWS\system32\wbem\WMIADAP.EXE
TargetObject: HKLM\SOFTWARE\Microsoft\Wbem\WDM\DREDGE\C:\WINDOWS\System32\Drivers\portcls.SYS[PortclsMof]
Details: LowDateTime:170517318,HighDateTime:31204993***Binary mof compiled successfully
User: NT AUTHORITY\SYSTEM","13","2",,"4","13","0","-9223372036854775808","2181","Microsoft-Windows-Sysmon","5770385f-c22a-43e0-bf4c-06f5698ffbd9","Microsoft-Windows-Sysmon/Operational","3580","4288","Windows11","S-1-5-18","12/25/2025 11:37:47 AM",,,"Microsoft-Windows-Sysmon/Operational","System.UInt32[]","System.Diagnostics.Eventing.Reader.EventBookmark","Information","Info","File created (rule: FileCreate)","System.Collections.ObjectModel.ReadOnlyCollection`1[System.String]","System.Collections.Generic.List`1[System.Diagnostics.Eventing.Reader.EventProperty]"
"Registry value set:
RuleName: Suspicious,ImageBeginWithBackslash
EventType: SetValue
UtcTime: 2025-12-25 10:37:47.655
ProcessGuid: {8bb50d47-12f2-694d-db00-000000000c00}
ProcessId: 8176
Image: \\?\C:\WINDOWS\system32\wbem\WMIADAP.EXE
TargetObject: HKLM\SOFTWARE\Microsoft\Wbem\WDM\DREDGE\C:\WINDOWS\System32\drivers\en-US\processr.sys.mui[PROCESSORWMI]
Details: LowDateTime:147144711,HighDateTime:31204993***Binary mof compiled successfully
User: NT AUTHORITY\SYSTEM","13","2",,"4","13","0","-9223372036854775808","2180","Microsoft-Windows-Sysmon","5770385f-c22a-43e0-bf4c-06f5698ffbd9","Microsoft-Windows-Sysmon/Operational","3580","4288","Windows11","S-1-5-18","12/25/2025 11:37:47 AM",,,"Microsoft-Windows-Sysmon/Operational","System.UInt32[]","System.Diagnostics.Eventing.Reader.EventBookmark","Information","Info","File created (rule: FileCreate)","System.Collections.ObjectModel.ReadOnlyCollection`1[System.String]","System.Collections.Generic.List`1[System.Diagnostics.Eventing.Reader.EventProperty]"
"Registry value set:
RuleName: Suspicious,ImageBeginWithBackslash
EventType: SetValue
UtcTime: 2025-12-25 10:37:47.655
ProcessGuid: {8bb50d47-12f2-694d-db00-000000000c00}
ProcessId: 8176
Image: \\?\C:\WINDOWS\system32\wbem\WMIADAP.EXE
TargetObject: HKLM\SOFTWARE\Microsoft\Wbem\WDM\DREDGE\C:\WINDOWS\System32\drivers\processr.sys[PROCESSORWMI]
Details: LowDateTime:148550995,HighDateTime:31204993***Binary mof compiled successfully
User: NT AUTHORITY\SYSTEM","13","2",,"4","13","0","-9223372036854775808","2179","Microsoft-Windows-Sysmon","5770385f-c22a-43e0-bf4c-06f5698ffbd9","Microsoft-Windows-Sysmon/Operational","3580","4288","Windows11","S-1-5-18","12/25/2025 11:37:47 AM",,,"Microsoft-Windows-Sysmon/Operational","System.UInt32[]","System.Diagnostics.Eventing.Reader.EventBookmark","Information","Info","File created (rule: FileCreate)","System.Collections.ObjectModel.ReadOnlyCollection`1[System.String]","System.Collections.Generic.List`1[System.Diagnostics.Eventing.Reader.EventProperty]"
"Registry value set:
RuleName: Suspicious,ImageBeginWithBackslash
EventType: SetValue
UtcTime: 2025-12-25 10:37:47.655
ProcessGuid: {8bb50d47-12f2-694d-db00-000000000c00}
ProcessId: 8176
Image: \\?\C:\WINDOWS\system32\wbem\WMIADAP.EXE
TargetObject: HKLM\SOFTWARE\Microsoft\Wbem\WDM\DREDGE\C:\WINDOWS\System32\drivers\HDAudBus.sys[HDAudioMofName]
Details: LowDateTime:149019708,HighDateTime:31204993***Binary mof compiled successfully
User: NT AUTHORITY\SYSTEM","13","2",,"4","13","0","-9223372036854775808","2178","Microsoft-Windows-Sysmon","5770385f-c22a-43e0-bf4c-06f5698ffbd9","Microsoft-Windows-Sysmon/Operational","3580","4288","Windows11","S-1-5-18","12/25/2025 11:37:47 AM",,,"Microsoft-Windows-Sysmon/Operational","System.UInt32[]","System.Diagnostics.Eventing.Reader.EventBookmark","Information","Info","File created (rule: FileCreate)","System.Collections.ObjectModel.ReadOnlyCollection`1[System.String]","System.Collections.Generic.List`1[System.Diagnostics.Eventing.Reader.EventProperty]"
"Registry value set:
RuleName: Suspicious,ImageBeginWithBackslash
EventType: SetValue
UtcTime: 2025-12-25 10:37:47.652
ProcessGuid: {8bb50d47-12f2-694d-db00-000000000c00}
ProcessId: 8176
Image: \\?\C:\WINDOWS\system32\wbem\WMIADAP.EXE
TargetObject: HKLM\SOFTWARE\Microsoft\Wbem\WDM\DREDGE\C:\WINDOWS\system32\drivers\battc.sys[BATTCWMI]
Details: LowDateTime:147925999,HighDateTime:31204993***Binary mof compiled successfully
User: NT AUTHORITY\SYSTEM","13","2",,"4","13","0","-9223372036854775808","2177","Microsoft-Windows-Sysmon","5770385f-c22a-43e0-bf4c-06f5698ffbd9","Microsoft-Windows-Sysmon/Operational","3580","4288","Windows11","S-1-5-18","12/25/2025 11:37:47 AM",,,"Microsoft-Windows-Sysmon/Operational","System.UInt32[]","System.Diagnostics.Eventing.Reader.EventBookmark","Information","Info","File created (rule: FileCreate)","System.Collections.ObjectModel.ReadOnlyCollection`1[System.String]","System.Collections.Generic.List`1[System.Diagnostics.Eventing.Reader.EventProperty]"
"Registry value set:
RuleName: Suspicious,ImageBeginWithBackslash
EventType: SetValue
UtcTime: 2025-12-25 10:37:47.652
ProcessGuid: {8bb50d47-12f2-694d-db00-000000000c00}
ProcessId: 8176
Image: \\?\C:\WINDOWS\system32\wbem\WMIADAP.EXE
TargetObject: HKLM\SOFTWARE\Microsoft\Wbem\WDM\DREDGE\C:\WINDOWS\System32\drivers\mssmbios.sys[MofResource]
Details: LowDateTime:-1128098332,HighDateTime:31097869***Binary mof compiled successfully
User: NT AUTHORITY\SYSTEM","13","2",,"4","13","0","-9223372036854775808","2176","Microsoft-Windows-Sysmon","5770385f-c22a-43e0-bf4c-06f5698ffbd9","Microsoft-Windows-Sysmon/Operational","3580","4288","Windows11","S-1-5-18","12/25/2025 11:37:47 AM",,,"Microsoft-Windows-Sysmon/Operational","System.UInt32[]","System.Diagnostics.Eventing.Reader.EventBookmark","Information","Info","File created (rule: FileCreate)","System.Collections.ObjectModel.ReadOnlyCollection`1[System.String]","System.Collections.Generic.List`1[System.Diagnostics.Eventing.Reader.EventProperty]"
"Registry value set:
RuleName: Suspicious,ImageBeginWithBackslash
EventType: SetValue
UtcTime: 2025-12-25 10:37:47.652
ProcessGuid: {8bb50d47-12f2-694d-db00-000000000c00}
ProcessId: 8176
Image: \\?\C:\WINDOWS\system32\wbem\WMIADAP.EXE
TargetObject: HKLM\SOFTWARE\Microsoft\Wbem\WDM\DREDGE\C:\WINDOWS\System32\drivers\en-US\ACPI.sys.mui[ACPIMOFResource]
Details: LowDateTime:-584706823,HighDateTime:31097875***Binary mof compiled successfully
User: NT AUTHORITY\SYSTEM","13","2",,"4","13","0","-9223372036854775808","2175","Microsoft-Windows-Sysmon","5770385f-c22a-43e0-bf4c-06f5698ffbd9","Microsoft-Windows-Sysmon/Operational","3580","4288","Windows11","S-1-5-18","12/25/2025 11:37:47 AM",,,"Microsoft-Windows-Sysmon/Operational","System.UInt32[]","System.Diagnostics.Eventing.Reader.EventBookmark","Information","Info","File created (rule: FileCreate)","System.Collections.ObjectModel.ReadOnlyCollection`1[System.String]","System.Collections.Generic.List`1[System.Diagnostics.Eventing.Reader.EventProperty]"
"Registry value set:
RuleName: Suspicious,ImageBeginWithBackslash
EventType: SetValue
UtcTime: 2025-12-25 10:37:47.652
ProcessGuid: {8bb50d47-12f2-694d-db00-000000000c00}
ProcessId: 8176
Image: \\?\C:\WINDOWS\system32\wbem\WMIADAP.EXE
TargetObject: HKLM\SOFTWARE\Microsoft\Wbem\WDM\DREDGE\C:\WINDOWS\System32\drivers\ACPI.sys[ACPIMOFResource]
Details: LowDateTime:147925999,HighDateTime:31204993***Binary mof compiled successfully
User: NT AUTHORITY\SYSTEM","13","2",,"4","13","0","-9223372036854775808","2174","Microsoft-Windows-Sysmon","5770385f-c22a-43e0-bf4c-06f5698ffbd9","Microsoft-Windows-Sysmon/Operational","3580","4288","Windows11","S-1-5-18","12/25/2025 11:37:47 AM",,,"Microsoft-Windows-Sysmon/Operational","System.UInt32[]","System.Diagnostics.Eventing.Reader.EventBookmark","Information","Info","File created (rule: FileCreate)","System.Collections.ObjectModel.ReadOnlyCollection`1[System.String]","System.Collections.Generic.List`1[System.Diagnostics.Eventing.Reader.EventProperty]"
"Registry value set:
RuleName: Suspicious,ImageBeginWithBackslash
EventType: SetValue
UtcTime: 2025-12-25 10:37:47.652
ProcessGuid: {8bb50d47-12f2-694d-db00-000000000c00}
ProcessId: 8176
Image: \\?\C:\WINDOWS\system32\wbem\WMIADAP.EXE
TargetObject: HKLM\SOFTWARE\Microsoft\Wbem\WDM\DREDGE\C:\WINDOWS\system32\en-US\kernelbase.dll.mui[MofResourceName]
Details: LowDateTime:364739954,HighDateTime:31204993***Binary mof compiled successfully
User: NT AUTHORITY\SYSTEM","13","2",,"4","13","0","-9223372036854775808","2173","Microsoft-Windows-Sysmon","5770385f-c22a-43e0-bf4c-06f5698ffbd9","Microsoft-Windows-Sysmon/Operational","3580","4288","Windows11","S-1-5-18","12/25/2025 11:37:47 AM",,,"Microsoft-Windows-Sysmon/Operational","System.UInt32[]","System.Diagnostics.Eventing.Reader.EventBookmark","Information","Info","File created (rule: FileCreate)","System.Collections.ObjectModel.ReadOnlyCollection`1[System.String]","System.Collections.Generic.List`1[System.Diagnostics.Eventing.Reader.EventProperty]"
"Registry value set:
RuleName: Suspicious,ImageBeginWithBackslash
EventType: SetValue
UtcTime: 2025-12-25 10:37:47.645
ProcessGuid: {8bb50d47-12f2-694d-db00-000000000c00}
ProcessId: 8176
Image: \\?\C:\WINDOWS\system32\wbem\WMIADAP.EXE
TargetObject: HKLM\SOFTWARE\Microsoft\Wbem\WDM\DREDGE\C:\WINDOWS\system32\kernelbase.dll[MofResourceName]
Details: LowDateTime:368177475,HighDateTime:31204993***Binary mof compiled successfully
User: NT AUTHORITY\SYSTEM","13","2",,"4","13","0","-9223372036854775808","2172","Microsoft-Windows-Sysmon","5770385f-c22a-43e0-bf4c-06f5698ffbd9","Microsoft-Windows-Sysmon/Operational","3580","4288","Windows11","S-1-5-18","12/25/2025 11:37:47 AM",,,"Microsoft-Windows-Sysmon/Operational","System.UInt32[]","System.Diagnostics.Eventing.Reader.EventBookmark","Information","Info","File created (rule: FileCreate)","System.Collections.ObjectModel.ReadOnlyCollection`1[System.String]","System.Collections.Generic.List`1[System.Diagnostics.Eventing.Reader.EventProperty]"
"Registry object added or deleted:
RuleName: Suspicious,ImageBeginWithBackslash
EventType: DeleteKey
UtcTime: 2025-12-25 10:37:47.645
ProcessGuid: {8bb50d47-12f2-694d-db00-000000000c00}
ProcessId: 8176
Image: \\?\C:\WINDOWS\system32\wbem\WMIADAP.EXE
TargetObject: HKLM\SOFTWARE\Microsoft\Wbem\WDM\DREDGE
User: NT AUTHORITY\SYSTEM","12","2",,"4","12","0","-9223372036854775808","2171","Microsoft-Windows-Sysmon","5770385f-c22a-43e0-bf4c-06f5698ffbd9","Microsoft-Windows-Sysmon/Operational","3580","4288","Windows11","S-1-5-18","12/25/2025 11:37:47 AM",,,"Microsoft-Windows-Sysmon/Operational","System.UInt32[]","System.Diagnostics.Eventing.Reader.EventBookmark","Information","Info","File created (rule: FileCreate)","System.Collections.ObjectModel.ReadOnlyCollection`1[System.String]","System.Collections.Generic.List`1[System.Diagnostics.Eventing.Reader.EventProperty]"
"Registry value set:
RuleName: Suspicious,ImageBeginWithBackslash
EventType: SetValue
UtcTime: 2025-12-25 10:37:47.631
ProcessGuid: {8bb50d47-12f2-694d-db00-000000000c00}
ProcessId: 8176
Image: \\?\C:\WINDOWS\system32\wbem\WMIADAP.EXE
TargetObject: HKLM\SOFTWARE\Microsoft\Wbem\PROVIDERS\Performance\Performance Data
Details: Binary Data
User: NT AUTHORITY\SYSTEM","13","2",,"4","13","0","-9223372036854775808","2170","Microsoft-Windows-Sysmon","5770385f-c22a-43e0-bf4c-06f5698ffbd9","Microsoft-Windows-Sysmon/Operational","3580","4288","Windows11","S-1-5-18","12/25/2025 11:37:47 AM",,,"Microsoft-Windows-Sysmon/Operational","System.UInt32[]","System.Diagnostics.Eventing.Reader.EventBookmark","Information","Info","File created (rule: FileCreate)","System.Collections.ObjectModel.ReadOnlyCollection`1[System.String]","System.Collections.Generic.List`1[System.Diagnostics.Eventing.Reader.EventProperty]"
"Process Create:
RuleName: -
UtcTime: 2025-12-25 10:37:22.804
ProcessGuid: {8bb50d47-13e2-694d-5101-000000000c00}
ProcessId: 6544
Image: C:\Windows\UUS\Packages\Preview\amd64\MoUsoCoreWorker.exe
FileVersion: 1505.2508.4072.0
Description: MoUSO Core Worker Process
Product: Microsoft? Windows? Operating System
Company: Microsoft Corporation
OriginalFileName: MoUSOCoreWorker.exe
CommandLine: ""C:\WINDOWS\uus\packages\preview\AMD64\MoUsoCoreWorker.exe"" useprivatenamespaces
CurrentDirectory: C:\WINDOWS\system32\
User: NT AUTHORITY\SYSTEM
LogonGuid: {8bb50d47-11d7-694d-e703-000000000000}
LogonId: 0x3E7
TerminalSessionId: 0
IntegrityLevel: System
Hashes: MD5=2DAC73875399E9A897E9B821A6073E31,SHA256=262B106FC45ABA45A102F2993FE13B86A5980A0FE0F56EF97B596FC5F345DA2B,IMPHASH=D94209F29DF7A71A8E58B98404380E33
ParentProcessGuid: {8bb50d47-12c6-694d-b900-000000000c00}
ParentProcessId: 5240
ParentImage: C:\Windows\System32\svchost.exe
ParentCommandLine: C:\WINDOWS\system32\svchost.exe -k netsvcs -p -s UsoSvc
ParentUser: NT AUTHORITY\SYSTEM","1","5",,"4","1","0","-9223372036854775808","2169","Microsoft-Windows-Sysmon","5770385f-c22a-43e0-bf4c-06f5698ffbd9","Microsoft-Windows-Sysmon/Operational","3580","4288","Windows11","S-1-5-18","12/25/2025 11:37:22 AM",,,"Microsoft-Windows-Sysmon/Operational","System.UInt32[]","System.Diagnostics.Eventing.Reader.EventBookmark","Information","Info","File created (rule: FileCreate)","System.Collections.ObjectModel.ReadOnlyCollection`1[System.String]","System.Collections.Generic.List`1[System.Diagnostics.Eventing.Reader.EventProperty]"
"Registry value set:
RuleName: T1042
EventType: SetValue
UtcTime: 2025-12-25 10:37:15.345
ProcessGuid: {8bb50d47-1284-694d-8a00-000000000c00}
ProcessId: 2028
Image: C:\WINDOWS\Explorer.EXE
TargetObject: HKU\S-1-5-21-116772387-2583172374-3284080429-1000\Software\Microsoft\Windows\CurrentVersion\Explorer\FileExts\.exe\OpenWithProgids\exefile
Details: Binary Data
User: WINDOWS11\Yomi","13","2",,"4","13","0","-9223372036854775808","2168","Microsoft-Windows-Sysmon","5770385f-c22a-43e0-bf4c-06f5698ffbd9","Microsoft-Windows-Sysmon/Operational","3580","4288","Windows11","S-1-5-18","12/25/2025 11:37:15 AM",,,"Microsoft-Windows-Sysmon/Operational","System.UInt32[]","System.Diagnostics.Eventing.Reader.EventBookmark","Information","Info","File created (rule: FileCreate)","System.Collections.ObjectModel.ReadOnlyCollection`1[System.String]","System.Collections.Generic.List`1[System.Diagnostics.Eventing.Reader.EventProperty]"
"Process Create:
RuleName: -
UtcTime: 2025-12-25 10:37:10.103
ProcessGuid: {8bb50d47-13d6-694d-5001-000000000c00}
ProcessId: 6716
Image: C:\Program Files (x86)\Microsoft\Edge\Application\msedge.exe
FileVersion: 143.0.3650.96
Description: Microsoft Edge
Product: Microsoft Edge
Company: Microsoft Corporation
OriginalFileName: msedge.exe
CommandLine: ""C:\Program Files (x86)\Microsoft\Edge\Application\msedge.exe"" --type=utility --utility-sub-type=asset_store.mojom.AssetStoreService --lang=en-US --service-sandbox-type=asset_store_service --ram-no-pressure-read-main-dll --metrics-shmem-handle=5020,i,13656795671992957594,8729013862968686500,524288 --field-trial-handle=2732,i,11355004715753048899,6273919596221436268,262144 --variations-seed-version --trace-process-track-uuid=3190708995682289984 --mojo-platform-channel-handle=3252 /prefetch:14
CurrentDirectory: C:\Program Files (x86)\Microsoft\Edge\Application\143.0.3650.96\
User: WINDOWS11\Yomi
LogonGuid: {8bb50d47-11ef-694d-0419-020000000000}
LogonId: 0x21904
TerminalSessionId: 1
IntegrityLevel: Low
Hashes: MD5=EEDCB91823A577336215FD725124B011,SHA256=9AFD1452D57620CC28C97C1760BB3FD195FB69D76037818EC956DE75B85771F1,IMPHASH=9ACEBDFAC77931C2B0DFBBEA2D494BA9
ParentProcessGuid: {00000000-0000-0000-0000-000000000000}
ParentProcessId: 6636
ParentImage: -
ParentCommandLine: -
ParentUser: -","1","5",,"4","1","0","-9223372036854775808","2167","Microsoft-Windows-Sysmon","5770385f-c22a-43e0-bf4c-06f5698ffbd9","Microsoft-Windows-Sysmon/Operational","3580","4288","Windows11","S-1-5-18","12/25/2025 11:37:10 AM",,,"Microsoft-Windows-Sysmon/Operational","System.UInt32[]","System.Diagnostics.Eventing.Reader.EventBookmark","Information","Info","File created (rule: FileCreate)","System.Collections.ObjectModel.ReadOnlyCollection`1[System.String]","System.Collections.Generic.List`1[System.Diagnostics.Eventing.Reader.EventProperty]"
"Registry object added or deleted:
RuleName: Suspicious,ImageBeginWithBackslash
EventType: DeleteValue
UtcTime: 2025-12-25 10:36:55.187
ProcessGuid: {8bb50d47-12f2-694d-db00-000000000c00}
ProcessId: 8176
Image: \\?\C:\WINDOWS\system32\wbem\WMIADAP.EXE
TargetObject: HKLM\SOFTWARE\Microsoft\Windows NT\CurrentVersion\Perflib\Updating
User: NT AUTHORITY\SYSTEM","12","2",,"4","12","0","-9223372036854775808","2166","Microsoft-Windows-Sysmon","5770385f-c22a-43e0-bf4c-06f5698ffbd9","Microsoft-Windows-Sysmon/Operational","3580","4288","Windows11","S-1-5-18","12/25/2025 11:36:55 AM",,,"Microsoft-Windows-Sysmon/Operational","System.UInt32[]","System.Diagnostics.Eventing.Reader.EventBookmark","Information","Info","File created (rule: FileCreate)","System.Collections.ObjectModel.ReadOnlyCollection`1[System.String]","System.Collections.Generic.List`1[System.Diagnostics.Eventing.Reader.EventProperty]"
"Registry value set:
RuleName: Suspicious,ImageBeginWithBackslash
EventType: SetValue
UtcTime: 2025-12-25 10:36:55.187
ProcessGuid: {8bb50d47-12f2-694d-db00-000000000c00}
ProcessId: 8176
Image: \\?\C:\WINDOWS\system32\wbem\WMIADAP.EXE
TargetObject: HKLM\SOFTWARE\Microsoft\Windows NT\CurrentVersion\Perflib\Last Help
Details: DWORD (0x00003991)
User: NT AUTHORITY\SYSTEM","13","2",,"4","13","0","-9223372036854775808","2165","Microsoft-Windows-Sysmon","5770385f-c22a-43e0-bf4c-06f5698ffbd9","Microsoft-Windows-Sysmon/Operational","3580","4288","Windows11","S-1-5-18","12/25/2025 11:36:55 AM",,,"Microsoft-Windows-Sysmon/Operational","System.UInt32[]","System.Diagnostics.Eventing.Reader.EventBookmark","Information","Info","File created (rule: FileCreate)","System.Collections.ObjectModel.ReadOnlyCollection`1[System.String]","System.Collections.Generic.List`1[System.Diagnostics.Eventing.Reader.EventProperty]"
"Registry value set:
RuleName: Suspicious,ImageBeginWithBackslash
EventType: SetValue
UtcTime: 2025-12-25 10:36:55.187
ProcessGuid: {8bb50d47-12f2-694d-db00-000000000c00}
ProcessId: 8176
Image: \\?\C:\WINDOWS\system32\wbem\WMIADAP.EXE
TargetObject: HKLM\SOFTWARE\Microsoft\Windows NT\CurrentVersion\Perflib\Last Counter
Details: DWORD (0x00003990)
User: NT AUTHORITY\SYSTEM","13","2",,"4","13","0","-9223372036854775808","2164","Microsoft-Windows-Sysmon","5770385f-c22a-43e0-bf4c-06f5698ffbd9","Microsoft-Windows-Sysmon/Operational","3580","4288","Windows11","S-1-5-18","12/25/2025 11:36:55 AM",,,"Microsoft-Windows-Sysmon/Operational","System.UInt32[]","System.Diagnostics.Eventing.Reader.EventBookmark","Information","Info","File created (rule: FileCreate)","System.Collections.ObjectModel.ReadOnlyCollection`1[System.String]","System.Collections.Generic.List`1[System.Diagnostics.Eventing.Reader.EventProperty]"
"Registry value set:
RuleName: Suspicious,ImageBeginWithBackslash
EventType: SetValue
UtcTime: 2025-12-25 10:36:55.187
ProcessGuid: {8bb50d47-12f2-694d-db00-000000000c00}
ProcessId: 8176
Image: \\?\C:\WINDOWS\system32\wbem\WMIADAP.EXE
TargetObject: HKLM\System\CurrentControlSet\Services\WmiApRpl\Performance\PerfIniFile
Details: WmiApRpl.ini
User: NT AUTHORITY\SYSTEM","13","2",,"4","13","0","-9223372036854775808","2163","Microsoft-Windows-Sysmon","5770385f-c22a-43e0-bf4c-06f5698ffbd9","Microsoft-Windows-Sysmon/Operational","3580","4288","Windows11","S-1-5-18","12/25/2025 11:36:55 AM",,,"Microsoft-Windows-Sysmon/Operational","System.UInt32[]","System.Diagnostics.Eventing.Reader.EventBookmark","Information","Info","File created (rule: FileCreate)","System.Collections.ObjectModel.ReadOnlyCollection`1[System.String]","System.Collections.Generic.List`1[System.Diagnostics.Eventing.Reader.EventProperty]"
"Registry value set:
RuleName: Suspicious,ImageBeginWithBackslash
EventType: SetValue
UtcTime: 2025-12-25 10:36:55.187
ProcessGuid: {8bb50d47-12f2-694d-db00-000000000c00}
ProcessId: 8176
Image: \\?\C:\WINDOWS\system32\wbem\WMIADAP.EXE
TargetObject: HKLM\System\CurrentControlSet\Services\WmiApRpl\Performance\Last Help
Details: DWORD (0x00003991)
User: NT AUTHORITY\SYSTEM","13","2",,"4","13","0","-9223372036854775808","2162","Microsoft-Windows-Sysmon","5770385f-c22a-43e0-bf4c-06f5698ffbd9","Microsoft-Windows-Sysmon/Operational","3580","4288","Windows11","S-1-5-18","12/25/2025 11:36:55 AM",,,"Microsoft-Windows-Sysmon/Operational","System.UInt32[]","System.Diagnostics.Eventing.Reader.EventBookmark","Information","Info","File created (rule: FileCreate)","System.Collections.ObjectModel.ReadOnlyCollection`1[System.String]","System.Collections.Generic.List`1[System.Diagnostics.Eventing.Reader.EventProperty]"
"Registry value set:
RuleName: Suspicious,ImageBeginWithBackslash
EventType: SetValue
UtcTime: 2025-12-25 10:36:55.187
ProcessGuid: {8bb50d47-12f2-694d-db00-000000000c00}
ProcessId: 8176
Image: \\?\C:\WINDOWS\system32\wbem\WMIADAP.EXE
TargetObject: HKLM\System\CurrentControlSet\Services\WmiApRpl\Performance\Last Counter
Details: DWORD (0x00003990)
User: NT AUTHORITY\SYSTEM","13","2",,"4","13","0","-9223372036854775808","2161","Microsoft-Windows-Sysmon","5770385f-c22a-43e0-bf4c-06f5698ffbd9","Microsoft-Windows-Sysmon/Operational","3580","4288","Windows11","S-1-5-18","12/25/2025 11:36:55 AM",,,"Microsoft-Windows-Sysmon/Operational","System.UInt32[]","System.Diagnostics.Eventing.Reader.EventBookmark","Information","Info","File created (rule: FileCreate)","System.Collections.ObjectModel.ReadOnlyCollection`1[System.String]","System.Collections.Generic.List`1[System.Diagnostics.Eventing.Reader.EventProperty]"
"Registry value set:
RuleName: Suspicious,ImageBeginWithBackslash
EventType: SetValue
UtcTime: 2025-12-25 10:36:55.187
ProcessGuid: {8bb50d47-12f2-694d-db00-000000000c00}
ProcessId: 8176
Image: \\?\C:\WINDOWS\system32\wbem\WMIADAP.EXE
TargetObject: HKLM\System\CurrentControlSet\Services\WmiApRpl\Performance\First Help
Details: DWORD (0x000038df)
User: NT AUTHORITY\SYSTEM","13","2",,"4","13","0","-9223372036854775808","2160","Microsoft-Windows-Sysmon","5770385f-c22a-43e0-bf4c-06f5698ffbd9","Microsoft-Windows-Sysmon/Operational","3580","4288","Windows11","S-1-5-18","12/25/2025 11:36:55 AM",,,"Microsoft-Windows-Sysmon/Operational","System.UInt32[]","System.Diagnostics.Eventing.Reader.EventBookmark","Information","Info","File created (rule: FileCreate)","System.Collections.ObjectModel.ReadOnlyCollection`1[System.String]","System.Collections.Generic.List`1[System.Diagnostics.Eventing.Reader.EventProperty]"
"Registry value set:
RuleName: Suspicious,ImageBeginWithBackslash
EventType: SetValue
UtcTime: 2025-12-25 10:36:55.187
ProcessGuid: {8bb50d47-12f2-694d-db00-000000000c00}
ProcessId: 8176
Image: \\?\C:\WINDOWS\system32\wbem\WMIADAP.EXE
TargetObject: HKLM\System\CurrentControlSet\Services\WmiApRpl\Performance\First Counter
Details: DWORD (0x000038de)
User: NT AUTHORITY\SYSTEM","13","2",,"4","13","0","-9223372036854775808","2159","Microsoft-Windows-Sysmon","5770385f-c22a-43e0-bf4c-06f5698ffbd9","Microsoft-Windows-Sysmon/Operational","3580","4288","Windows11","S-1-5-18","12/25/2025 11:36:55 AM",,,"Microsoft-Windows-Sysmon/Operational","System.UInt32[]","System.Diagnostics.Eventing.Reader.EventBookmark","Information","Info","File created (rule: FileCreate)","System.Collections.ObjectModel.ReadOnlyCollection`1[System.String]","System.Collections.Generic.List`1[System.Diagnostics.Eventing.Reader.EventProperty]"
"Registry value set:
