RuleName: -
UtcTime: 2025-12-25 02:47:13.141
ProcessGuid: {8bb50d47-a5b1-694c-2a00-000000000b00}
ProcessId: 2096
Image: C:\Windows\System32\svchost.exe
FileVersion: 10.0.26100.5074 (WinBuild.160101.0800)
Description: Host Process for Windows Services
Product: Microsoft? Windows? Operating System
Company: Microsoft Corporation
OriginalFileName: svchost.exe
CommandLine: C:\WINDOWS\system32\svchost.exe -k LocalServiceNetworkRestricted -p -s Dhcp
CurrentDirectory: C:\WINDOWS\system32\
User: NT AUTHORITY\LOCAL SERVICE
LogonGuid: {8bb50d47-a5ad-694c-e503-000000000000}
LogonId: 0x3E5
TerminalSessionId: 0
IntegrityLevel: System
Hashes: MD5=7B88D0896FBF43469A9959D59824A514,SHA256=53A39B900E3BFBF384ACD13F0FC2329FA8D42B61E993D8ED5ADF3A1428005D26,IMPHASH=DE43BD45CC98C143357416C7519ECCFD
ParentProcessGuid: {8bb50d47-a5a6-694c-0b00-000000000b00}
ParentProcessId: 856
ParentImage: C:\Windows\System32\services.exe
ParentCommandLine: C:\WINDOWS\system32\services.exe
ParentUser: NT AUTHORITY\SYSTEM","1","5",,"4","1","0","-9223372036854775808","1324","Microsoft-Windows-Sysmon","5770385f-c22a-43e0-bf4c-06f5698ffbd9","Microsoft-Windows-Sysmon/Operational","3164","4264","Windows11","S-1-5-18","12/25/2025 3:47:43 AM",,,"Microsoft-Windows-Sysmon/Operational","System.UInt32[]","System.Diagnostics.Eventing.Reader.EventBookmark","Information","Info","File created (rule: FileCreate)","System.Collections.ObjectModel.ReadOnlyCollection`1[System.String]","System.Collections.Generic.List`1[System.Diagnostics.Eventing.Reader.EventProperty]"
"Process Create:
RuleName: -
UtcTime: 2025-12-25 02:47:12.836
ProcessGuid: {8bb50d47-a5b0-694c-2900-000000000b00}
ProcessId: 1840
Image: C:\Windows\System32\svchost.exe
FileVersion: 10.0.26100.5074 (WinBuild.160101.0800)
Description: Host Process for Windows Services
Product: Microsoft? Windows? Operating System
Company: Microsoft Corporation
OriginalFileName: svchost.exe
CommandLine: C:\WINDOWS\System32\svchost.exe -k LocalServiceNetworkRestricted -p -s EventLog
CurrentDirectory: C:\WINDOWS\system32\
User: NT AUTHORITY\LOCAL SERVICE
LogonGuid: {8bb50d47-a5ad-694c-e503-000000000000}
LogonId: 0x3E5
TerminalSessionId: 0
IntegrityLevel: System
Hashes: MD5=7B88D0896FBF43469A9959D59824A514,SHA256=53A39B900E3BFBF384ACD13F0FC2329FA8D42B61E993D8ED5ADF3A1428005D26,IMPHASH=DE43BD45CC98C143357416C7519ECCFD
ParentProcessGuid: {8bb50d47-a5a6-694c-0b00-000000000b00}
ParentProcessId: 856
ParentImage: C:\Windows\System32\services.exe
ParentCommandLine: C:\WINDOWS\system32\services.exe
ParentUser: NT AUTHORITY\SYSTEM","1","5",,"4","1","0","-9223372036854775808","1323","Microsoft-Windows-Sysmon","5770385f-c22a-43e0-bf4c-06f5698ffbd9","Microsoft-Windows-Sysmon/Operational","3164","4264","Windows11","S-1-5-18","12/25/2025 3:47:43 AM",,,"Microsoft-Windows-Sysmon/Operational","System.UInt32[]","System.Diagnostics.Eventing.Reader.EventBookmark","Information","Info","File created (rule: FileCreate)","System.Collections.ObjectModel.ReadOnlyCollection`1[System.String]","System.Collections.Generic.List`1[System.Diagnostics.Eventing.Reader.EventProperty]"
"Process Create:
RuleName: -
UtcTime: 2025-12-25 02:47:12.498
ProcessGuid: {8bb50d47-a5b0-694c-2700-000000000b00}
ProcessId: 2044
Image: C:\Windows\System32\VBoxService.exe
FileVersion: 7.2.4.170995
Description: VirtualBox Guest Additions Service
Product: Oracle VirtualBox Guest Additions
Company: Oracle and/or its affiliates
OriginalFileName: VBoxService.exe
CommandLine: C:\WINDOWS\System32\VBoxService.exe
CurrentDirectory: C:\WINDOWS\system32\
User: NT AUTHORITY\SYSTEM
LogonGuid: {8bb50d47-a5a7-694c-e703-000000000000}
LogonId: 0x3E7
TerminalSessionId: 0
IntegrityLevel: System
Hashes: MD5=53D6BF44DDDB83FE43E54C364A6CEDC9,SHA256=E7B54C38A7372E99B9CA41B0E911D6A99313C0FB72DA879C2818612DC778BDA2,IMPHASH=708CDD7C923ED2A387723C1AED1EFAC0
ParentProcessGuid: {8bb50d47-a5a6-694c-0b00-000000000b00}
ParentProcessId: 856
ParentImage: C:\Windows\System32\services.exe
ParentCommandLine: C:\WINDOWS\system32\services.exe
ParentUser: NT AUTHORITY\SYSTEM","1","5",,"4","1","0","-9223372036854775808","1322","Microsoft-Windows-Sysmon","5770385f-c22a-43e0-bf4c-06f5698ffbd9","Microsoft-Windows-Sysmon/Operational","3164","4264","Windows11","S-1-5-18","12/25/2025 3:47:43 AM",,,"Microsoft-Windows-Sysmon/Operational","System.UInt32[]","System.Diagnostics.Eventing.Reader.EventBookmark","Information","Info","File created (rule: FileCreate)","System.Collections.ObjectModel.ReadOnlyCollection`1[System.String]","System.Collections.Generic.List`1[System.Diagnostics.Eventing.Reader.EventProperty]"
"Process Create:
RuleName: -
UtcTime: 2025-12-25 02:47:12.593
ProcessGuid: {8bb50d47-a5b0-694c-2800-000000000b00}
ProcessId: 1144
Image: C:\Windows\System32\taskhostw.exe
FileVersion: 10.0.26100.5074 (WinBuild.160101.0800)
Description: Host Process for Windows Tasks
Product: Microsoft? Windows? Operating System
Company: Microsoft Corporation
OriginalFileName: taskhostw.exe
CommandLine: taskhostw.exe ExploitGuardPolicy
CurrentDirectory: C:\WINDOWS\system32\
User: NT AUTHORITY\SYSTEM
LogonGuid: {8bb50d47-a5a7-694c-e703-000000000000}
LogonId: 0x3E7
TerminalSessionId: 0
IntegrityLevel: System
Hashes: MD5=AD050ED052AFF11737AE0A25AED89799,SHA256=818C6876E1028AB2B94E45B3CC45102CD83204803537D94263A9B7A6B6583D4B,IMPHASH=2196268E7A2880E3ADC74481297D0C4B
ParentProcessGuid: {8bb50d47-a5ad-694c-1d00-000000000b00}
ParentProcessId: 1472
ParentImage: C:\Windows\System32\svchost.exe
ParentCommandLine: C:\WINDOWS\system32\svchost.exe -k netsvcs -p -s Schedule
ParentUser: NT AUTHORITY\SYSTEM","1","5",,"4","1","0","-9223372036854775808","1321","Microsoft-Windows-Sysmon","5770385f-c22a-43e0-bf4c-06f5698ffbd9","Microsoft-Windows-Sysmon/Operational","3164","4264","Windows11","S-1-5-18","12/25/2025 3:47:43 AM",,,"Microsoft-Windows-Sysmon/Operational","System.UInt32[]","System.Diagnostics.Eventing.Reader.EventBookmark","Information","Info","File created (rule: FileCreate)","System.Collections.ObjectModel.ReadOnlyCollection`1[System.String]","System.Collections.Generic.List`1[System.Diagnostics.Eventing.Reader.EventProperty]"
"Process Create:
RuleName: -
UtcTime: 2025-12-25 02:47:12.129
ProcessGuid: {8bb50d47-a5b0-694c-2500-000000000b00}
ProcessId: 1972
Image: C:\Windows\System32\svchost.exe
FileVersion: 10.0.26100.5074 (WinBuild.160101.0800)
Description: Host Process for Windows Services
Product: Microsoft? Windows? Operating System
Company: Microsoft Corporation
OriginalFileName: svchost.exe
CommandLine: C:\WINDOWS\system32\svchost.exe -k LocalService -p -s FontCache
CurrentDirectory: C:\WINDOWS\system32\
User: NT AUTHORITY\LOCAL SERVICE
LogonGuid: {8bb50d47-a5ad-694c-e503-000000000000}
LogonId: 0x3E5
TerminalSessionId: 0
IntegrityLevel: System
Hashes: MD5=7B88D0896FBF43469A9959D59824A514,SHA256=53A39B900E3BFBF384ACD13F0FC2329FA8D42B61E993D8ED5ADF3A1428005D26,IMPHASH=DE43BD45CC98C143357416C7519ECCFD
ParentProcessGuid: {8bb50d47-a5a6-694c-0b00-000000000b00}
ParentProcessId: 856
ParentImage: C:\Windows\System32\services.exe
ParentCommandLine: C:\WINDOWS\system32\services.exe
ParentUser: NT AUTHORITY\SYSTEM","1","5",,"4","1","0","-9223372036854775808","1320","Microsoft-Windows-Sysmon","5770385f-c22a-43e0-bf4c-06f5698ffbd9","Microsoft-Windows-Sysmon/Operational","3164","4264","Windows11","S-1-5-18","12/25/2025 3:47:43 AM",,,"Microsoft-Windows-Sysmon/Operational","System.UInt32[]","System.Diagnostics.Eventing.Reader.EventBookmark","Information","Info","File created (rule: FileCreate)","System.Collections.ObjectModel.ReadOnlyCollection`1[System.String]","System.Collections.Generic.List`1[System.Diagnostics.Eventing.Reader.EventProperty]"
"Process Create:
RuleName: -
UtcTime: 2025-12-25 02:47:11.465
ProcessGuid: {8bb50d47-a5af-694c-2300-000000000b00}
ProcessId: 1840
Image: C:\Windows\System32\upfc.exe
FileVersion: 10.0.26100.5074 (WinBuild.160101.0800)
Description: Updateability From SCM
Product: Microsoft? Windows? Operating System
Company: Microsoft Corporation
OriginalFileName: upfc.exe
CommandLine: C:\WINDOWS\System32\Upfc.exe /launchtype boot /cv XyTqVg7H7U2o7IsZUV32kw.0
CurrentDirectory: C:\WINDOWS\system32\
User: NT AUTHORITY\SYSTEM
LogonGuid: {8bb50d47-a5a7-694c-e703-000000000000}
LogonId: 0x3E7
TerminalSessionId: 0
IntegrityLevel: System
Hashes: MD5=A33A12996BAC327BFE1295F338650F89,SHA256=227E222D8868C78E3A607713920BAF362EC662D144DA699417F6880D66AB060B,IMPHASH=679AE244AE760F56F3F50641797A3915
ParentProcessGuid: {8bb50d47-a5a6-694c-0b00-000000000b00}
ParentProcessId: 856
ParentImage: C:\Windows\System32\services.exe
ParentCommandLine: C:\WINDOWS\system32\services.exe
ParentUser: NT AUTHORITY\SYSTEM","1","5",,"4","1","0","-9223372036854775808","1319","Microsoft-Windows-Sysmon","5770385f-c22a-43e0-bf4c-06f5698ffbd9","Microsoft-Windows-Sysmon/Operational","3164","4264","Windows11","S-1-5-18","12/25/2025 3:47:43 AM",,,"Microsoft-Windows-Sysmon/Operational","System.UInt32[]","System.Diagnostics.Eventing.Reader.EventBookmark","Information","Info","File created (rule: FileCreate)","System.Collections.ObjectModel.ReadOnlyCollection`1[System.String]","System.Collections.Generic.List`1[System.Diagnostics.Eventing.Reader.EventProperty]"
"CreateRemoteThread detected:
RuleName: -
UtcTime: 2025-12-25 02:47:11.068
SourceProcessGuid: {8bb50d47-a5ac-694c-1300-000000000b00}
SourceProcessId: 1084
SourceImage: C:\Windows\System32\dwm.exe
TargetProcessGuid: {8bb50d47-a5a5-694c-0900-000000000b00}
TargetProcessId: 724
TargetImage: C:\Windows\System32\csrss.exe
NewThreadId: 1820
StartAddress: 0xFFFFF80247CAD040
StartModule: -
StartFunction: -
SourceUser: Window Manager\DWM-1
TargetUser: NT AUTHORITY\SYSTEM","8","2",,"4","8","0","-9223372036854775808","1318","Microsoft-Windows-Sysmon","5770385f-c22a-43e0-bf4c-06f5698ffbd9","Microsoft-Windows-Sysmon/Operational","3164","4264","Windows11","S-1-5-18","12/25/2025 3:47:43 AM",,,"Microsoft-Windows-Sysmon/Operational","System.UInt32[]","System.Diagnostics.Eventing.Reader.EventBookmark","Information","Info","File created (rule: FileCreate)","System.Collections.ObjectModel.ReadOnlyCollection`1[System.String]","System.Collections.Generic.List`1[System.Diagnostics.Eventing.Reader.EventProperty]"
"File created:
RuleName: T1053
UtcTime: 2025-12-25 02:47:10.779
ProcessGuid: {8bb50d47-a5ad-694c-1d00-000000000b00}
ProcessId: 1472
Image: C:\WINDOWS\system32\svchost.exe
TargetFilename: C:\Windows\Tasks\SA.DAT
CreationUtcTime: 2025-12-24 02:12:36.394
User: NT AUTHORITY\SYSTEM","11","2",,"4","11","0","-9223372036854775808","1317","Microsoft-Windows-Sysmon","5770385f-c22a-43e0-bf4c-06f5698ffbd9","Microsoft-Windows-Sysmon/Operational","3164","4264","Windows11","S-1-5-18","12/25/2025 3:47:43 AM",,,"Microsoft-Windows-Sysmon/Operational","System.UInt32[]","System.Diagnostics.Eventing.Reader.EventBookmark","Information","Info","File created (rule: FileCreate)","System.Collections.ObjectModel.ReadOnlyCollection`1[System.String]","System.Collections.Generic.List`1[System.Diagnostics.Eventing.Reader.EventProperty]"
"Process Create:
RuleName: -
UtcTime: 2025-12-25 02:47:10.457
ProcessGuid: {8bb50d47-a5ae-694c-2200-000000000b00}
ProcessId: 1692
Image: C:\Windows\System32\svchost.exe
FileVersion: 10.0.26100.5074 (WinBuild.160101.0800)
Description: Host Process for Windows Services
Product: Microsoft? Windows? Operating System
Company: Microsoft Corporation
OriginalFileName: svchost.exe
CommandLine: C:\WINDOWS\system32\svchost.exe -k netsvcs -p -s UserManager
CurrentDirectory: C:\WINDOWS\system32\
User: NT AUTHORITY\SYSTEM
LogonGuid: {8bb50d47-a5a7-694c-e703-000000000000}
LogonId: 0x3E7
TerminalSessionId: 0
IntegrityLevel: System
Hashes: MD5=7B88D0896FBF43469A9959D59824A514,SHA256=53A39B900E3BFBF384ACD13F0FC2329FA8D42B61E993D8ED5ADF3A1428005D26,IMPHASH=DE43BD45CC98C143357416C7519ECCFD
ParentProcessGuid: {8bb50d47-a5a6-694c-0b00-000000000b00}
ParentProcessId: 856
ParentImage: C:\Windows\System32\services.exe
ParentCommandLine: C:\WINDOWS\system32\services.exe
ParentUser: NT AUTHORITY\SYSTEM","1","5",,"4","1","0","-9223372036854775808","1316","Microsoft-Windows-Sysmon","5770385f-c22a-43e0-bf4c-06f5698ffbd9","Microsoft-Windows-Sysmon/Operational","3164","4264","Windows11","S-1-5-18","12/25/2025 3:47:43 AM",,,"Microsoft-Windows-Sysmon/Operational","System.UInt32[]","System.Diagnostics.Eventing.Reader.EventBookmark","Information","Info","File created (rule: FileCreate)","System.Collections.ObjectModel.ReadOnlyCollection`1[System.String]","System.Collections.Generic.List`1[System.Diagnostics.Eventing.Reader.EventProperty]"
"Process Create:
RuleName: -
UtcTime: 2025-12-25 02:47:10.434
ProcessGuid: {8bb50d47-a5ae-694c-2100-000000000b00}
ProcessId: 1672
Image: C:\Windows\System32\svchost.exe
FileVersion: 10.0.26100.5074 (WinBuild.160101.0800)
Description: Host Process for Windows Services
Product: Microsoft? Windows? Operating System
Company: Microsoft Corporation
OriginalFileName: svchost.exe
CommandLine: C:\WINDOWS\System32\svchost.exe -k netprofm -p -s netprofm
CurrentDirectory: C:\WINDOWS\system32\
User: NT AUTHORITY\NETWORK SERVICE
LogonGuid: {8bb50d47-a5ab-694c-e403-000000000000}
LogonId: 0x3E4
TerminalSessionId: 0
IntegrityLevel: System
Hashes: MD5=7B88D0896FBF43469A9959D59824A514,SHA256=53A39B900E3BFBF384ACD13F0FC2329FA8D42B61E993D8ED5ADF3A1428005D26,IMPHASH=DE43BD45CC98C143357416C7519ECCFD
ParentProcessGuid: {8bb50d47-a5a6-694c-0b00-000000000b00}
ParentProcessId: 856
ParentImage: C:\Windows\System32\services.exe
ParentCommandLine: C:\WINDOWS\system32\services.exe
ParentUser: NT AUTHORITY\SYSTEM","1","5",,"4","1","0","-9223372036854775808","1315","Microsoft-Windows-Sysmon","5770385f-c22a-43e0-bf4c-06f5698ffbd9","Microsoft-Windows-Sysmon/Operational","3164","4264","Windows11","S-1-5-18","12/25/2025 3:47:43 AM",,,"Microsoft-Windows-Sysmon/Operational","System.UInt32[]","System.Diagnostics.Eventing.Reader.EventBookmark","Information","Info","File created (rule: FileCreate)","System.Collections.ObjectModel.ReadOnlyCollection`1[System.String]","System.Collections.Generic.List`1[System.Diagnostics.Eventing.Reader.EventProperty]"
"Process Create:
RuleName: -
UtcTime: 2025-12-25 02:47:10.174
ProcessGuid: {8bb50d47-a5ae-694c-2000-000000000b00}
ProcessId: 1576
Image: C:\Windows\System32\svchost.exe
FileVersion: 10.0.26100.5074 (WinBuild.160101.0800)
Description: Host Process for Windows Services
Product: Microsoft? Windows? Operating System
Company: Microsoft Corporation
OriginalFileName: svchost.exe
CommandLine: C:\WINDOWS\system32\svchost.exe -k LocalService -p -s DispBrokerDesktopSvc
CurrentDirectory: C:\WINDOWS\system32\
User: NT AUTHORITY\LOCAL SERVICE
LogonGuid: {8bb50d47-a5ad-694c-e503-000000000000}
LogonId: 0x3E5
TerminalSessionId: 0
IntegrityLevel: System
Hashes: MD5=7B88D0896FBF43469A9959D59824A514,SHA256=53A39B900E3BFBF384ACD13F0FC2329FA8D42B61E993D8ED5ADF3A1428005D26,IMPHASH=DE43BD45CC98C143357416C7519ECCFD
ParentProcessGuid: {8bb50d47-a5a6-694c-0b00-000000000b00}
ParentProcessId: 856
ParentImage: C:\Windows\System32\services.exe
ParentCommandLine: C:\WINDOWS\system32\services.exe
ParentUser: NT AUTHORITY\SYSTEM","1","5",,"4","1","0","-9223372036854775808","1314","Microsoft-Windows-Sysmon","5770385f-c22a-43e0-bf4c-06f5698ffbd9","Microsoft-Windows-Sysmon/Operational","3164","4264","Windows11","S-1-5-18","12/25/2025 3:47:43 AM",,,"Microsoft-Windows-Sysmon/Operational","System.UInt32[]","System.Diagnostics.Eventing.Reader.EventBookmark","Information","Info","File created (rule: FileCreate)","System.Collections.ObjectModel.ReadOnlyCollection`1[System.String]","System.Collections.Generic.List`1[System.Diagnostics.Eventing.Reader.EventProperty]"
"Process Create:
RuleName: -
UtcTime: 2025-12-25 02:47:09.950
ProcessGuid: {8bb50d47-a5ad-694c-1e00-000000000b00}
ProcessId: 1532
Image: C:\Windows\System32\svchost.exe
FileVersion: 10.0.26100.5074 (WinBuild.160101.0800)
Description: Host Process for Windows Services
Product: Microsoft? Windows? Operating System
Company: Microsoft Corporation
OriginalFileName: svchost.exe
CommandLine: C:\WINDOWS\system32\svchost.exe -k LocalService -p -s nsi
CurrentDirectory: C:\WINDOWS\system32\
User: NT AUTHORITY\LOCAL SERVICE
LogonGuid: {8bb50d47-a5ad-694c-e503-000000000000}
LogonId: 0x3E5
TerminalSessionId: 0
IntegrityLevel: System
Hashes: MD5=7B88D0896FBF43469A9959D59824A514,SHA256=53A39B900E3BFBF384ACD13F0FC2329FA8D42B61E993D8ED5ADF3A1428005D26,IMPHASH=DE43BD45CC98C143357416C7519ECCFD
ParentProcessGuid: {8bb50d47-a5a6-694c-0b00-000000000b00}
ParentProcessId: 856
ParentImage: C:\Windows\System32\services.exe
ParentCommandLine: C:\WINDOWS\system32\services.exe
ParentUser: NT AUTHORITY\SYSTEM","1","5",,"4","1","0","-9223372036854775808","1313","Microsoft-Windows-Sysmon","5770385f-c22a-43e0-bf4c-06f5698ffbd9","Microsoft-Windows-Sysmon/Operational","3164","4264","Windows11","S-1-5-18","12/25/2025 3:47:43 AM",,,"Microsoft-Windows-Sysmon/Operational","System.UInt32[]","System.Diagnostics.Eventing.Reader.EventBookmark","Information","Info","File created (rule: FileCreate)","System.Collections.ObjectModel.ReadOnlyCollection`1[System.String]","System.Collections.Generic.List`1[System.Diagnostics.Eventing.Reader.EventProperty]"
"Process Create:
RuleName: -
UtcTime: 2025-12-25 02:47:09.964
ProcessGuid: {8bb50d47-a5ad-694c-1f00-000000000b00}
ProcessId: 1540
Image: C:\Windows\System32\svchost.exe
FileVersion: 10.0.26100.5074 (WinBuild.160101.0800)
Description: Host Process for Windows Services
Product: Microsoft? Windows? Operating System
Company: Microsoft Corporation
OriginalFileName: svchost.exe
CommandLine: C:\WINDOWS\system32\svchost.exe -k UserProfileService -p -s ProfSvc
CurrentDirectory: C:\WINDOWS\system32\
User: NT AUTHORITY\SYSTEM
LogonGuid: {8bb50d47-a5a7-694c-e703-000000000000}
LogonId: 0x3E7
TerminalSessionId: 0
IntegrityLevel: System
Hashes: MD5=7B88D0896FBF43469A9959D59824A514,SHA256=53A39B900E3BFBF384ACD13F0FC2329FA8D42B61E993D8ED5ADF3A1428005D26,IMPHASH=DE43BD45CC98C143357416C7519ECCFD
ParentProcessGuid: {8bb50d47-a5a6-694c-0b00-000000000b00}
ParentProcessId: 856
ParentImage: C:\Windows\System32\services.exe
ParentCommandLine: C:\WINDOWS\system32\services.exe
ParentUser: NT AUTHORITY\SYSTEM","1","5",,"4","1","0","-9223372036854775808","1312","Microsoft-Windows-Sysmon","5770385f-c22a-43e0-bf4c-06f5698ffbd9","Microsoft-Windows-Sysmon/Operational","3164","4264","Windows11","S-1-5-18","12/25/2025 3:47:43 AM",,,"Microsoft-Windows-Sysmon/Operational","System.UInt32[]","System.Diagnostics.Eventing.Reader.EventBookmark","Information","Info","File created (rule: FileCreate)","System.Collections.ObjectModel.ReadOnlyCollection`1[System.String]","System.Collections.Generic.List`1[System.Diagnostics.Eventing.Reader.EventProperty]"
"Process Create:
RuleName: -
UtcTime: 2025-12-25 02:47:09.659
ProcessGuid: {8bb50d47-a5ad-694c-1d00-000000000b00}
ProcessId: 1472
Image: C:\Windows\System32\svchost.exe
FileVersion: 10.0.26100.5074 (WinBuild.160101.0800)
Description: Host Process for Windows Services
Product: Microsoft? Windows? Operating System
Company: Microsoft Corporation
OriginalFileName: svchost.exe
CommandLine: C:\WINDOWS\system32\svchost.exe -k netsvcs -p -s Schedule
CurrentDirectory: C:\WINDOWS\system32\
User: NT AUTHORITY\SYSTEM
LogonGuid: {8bb50d47-a5a7-694c-e703-000000000000}
LogonId: 0x3E7
TerminalSessionId: 0
IntegrityLevel: System
Hashes: MD5=7B88D0896FBF43469A9959D59824A514,SHA256=53A39B900E3BFBF384ACD13F0FC2329FA8D42B61E993D8ED5ADF3A1428005D26,IMPHASH=DE43BD45CC98C143357416C7519ECCFD
ParentProcessGuid: {8bb50d47-a5a6-694c-0b00-000000000b00}
ParentProcessId: 856
ParentImage: C:\Windows\System32\services.exe
ParentCommandLine: C:\WINDOWS\system32\services.exe
ParentUser: NT AUTHORITY\SYSTEM","1","5",,"4","1","0","-9223372036854775808","1311","Microsoft-Windows-Sysmon","5770385f-c22a-43e0-bf4c-06f5698ffbd9","Microsoft-Windows-Sysmon/Operational","3164","4264","Windows11","S-1-5-18","12/25/2025 3:47:43 AM",,,"Microsoft-Windows-Sysmon/Operational","System.UInt32[]","System.Diagnostics.Eventing.Reader.EventBookmark","Information","Info","File created (rule: FileCreate)","System.Collections.ObjectModel.ReadOnlyCollection`1[System.String]","System.Collections.Generic.List`1[System.Diagnostics.Eventing.Reader.EventProperty]"
"Process Create:
RuleName: -
UtcTime: 2025-12-25 02:47:09.594
ProcessGuid: {8bb50d47-a5ad-694c-1c00-000000000b00}
ProcessId: 1444
Image: C:\Windows\System32\svchost.exe
FileVersion: 10.0.26100.5074 (WinBuild.160101.0800)
Description: Host Process for Windows Services
Product: Microsoft? Windows? Operating System
Company: Microsoft Corporation
OriginalFileName: svchost.exe
CommandLine: C:\WINDOWS\system32\svchost.exe -k LocalServiceNetworkRestricted -p -s AppIDSvc
CurrentDirectory: C:\WINDOWS\system32\
User: NT AUTHORITY\LOCAL SERVICE
LogonGuid: {8bb50d47-a5ad-694c-e503-000000000000}
LogonId: 0x3E5
TerminalSessionId: 0
IntegrityLevel: System
Hashes: MD5=7B88D0896FBF43469A9959D59824A514,SHA256=53A39B900E3BFBF384ACD13F0FC2329FA8D42B61E993D8ED5ADF3A1428005D26,IMPHASH=DE43BD45CC98C143357416C7519ECCFD
ParentProcessGuid: {8bb50d47-a5a6-694c-0b00-000000000b00}
ParentProcessId: 856
ParentImage: C:\Windows\System32\services.exe
ParentCommandLine: C:\WINDOWS\system32\services.exe
ParentUser: NT AUTHORITY\SYSTEM","1","5",,"4","1","0","-9223372036854775808","1310","Microsoft-Windows-Sysmon","5770385f-c22a-43e0-bf4c-06f5698ffbd9","Microsoft-Windows-Sysmon/Operational","3164","4264","Windows11","S-1-5-18","12/25/2025 3:47:43 AM",,,"Microsoft-Windows-Sysmon/Operational","System.UInt32[]","System.Diagnostics.Eventing.Reader.EventBookmark","Information","Info","File created (rule: FileCreate)","System.Collections.ObjectModel.ReadOnlyCollection`1[System.String]","System.Collections.Generic.List`1[System.Diagnostics.Eventing.Reader.EventProperty]"
"Process Create:
RuleName: -
UtcTime: 2025-12-25 02:47:09.297
ProcessGuid: {8bb50d47-a5ad-694c-1b00-000000000b00}
ProcessId: 1320
Image: C:\Windows\System32\svchost.exe
FileVersion: 10.0.26100.5074 (WinBuild.160101.0800)
Description: Host Process for Windows Services
Product: Microsoft? Windows? Operating System
Company: Microsoft Corporation
OriginalFileName: svchost.exe
CommandLine: C:\WINDOWS\system32\svchost.exe -k LocalServiceNetworkRestricted -p -s TimeBrokerSvc
CurrentDirectory: C:\WINDOWS\system32\
User: NT AUTHORITY\LOCAL SERVICE
LogonGuid: {8bb50d47-a5ad-694c-e503-000000000000}
LogonId: 0x3E5
TerminalSessionId: 0
IntegrityLevel: System
Hashes: MD5=7B88D0896FBF43469A9959D59824A514,SHA256=53A39B900E3BFBF384ACD13F0FC2329FA8D42B61E993D8ED5ADF3A1428005D26,IMPHASH=DE43BD45CC98C143357416C7519ECCFD
ParentProcessGuid: {8bb50d47-a5a6-694c-0b00-000000000b00}
ParentProcessId: 856
ParentImage: C:\Windows\System32\services.exe
ParentCommandLine: C:\WINDOWS\system32\services.exe
ParentUser: NT AUTHORITY\SYSTEM","1","5",,"4","1","0","-9223372036854775808","1309","Microsoft-Windows-Sysmon","5770385f-c22a-43e0-bf4c-06f5698ffbd9","Microsoft-Windows-Sysmon/Operational","3164","4264","Windows11","S-1-5-18","12/25/2025 3:47:43 AM",,,"Microsoft-Windows-Sysmon/Operational","System.UInt32[]","System.Diagnostics.Eventing.Reader.EventBookmark","Information","Info","File created (rule: FileCreate)","System.Collections.ObjectModel.ReadOnlyCollection`1[System.String]","System.Collections.Generic.List`1[System.Diagnostics.Eventing.Reader.EventProperty]"
"Process Create:
RuleName: -
UtcTime: 2025-12-25 02:47:09.282
ProcessGuid: {8bb50d47-a5ad-694c-1a00-000000000b00}
ProcessId: 1312
Image: C:\Windows\System32\svchost.exe
FileVersion: 10.0.26100.5074 (WinBuild.160101.0800)
Description: Host Process for Windows Services
Product: Microsoft? Windows? Operating System
Company: Microsoft Corporation
OriginalFileName: svchost.exe
CommandLine: C:\WINDOWS\system32\svchost.exe -k LocalServiceNoNetwork -p
CurrentDirectory: C:\WINDOWS\system32\
User: NT AUTHORITY\LOCAL SERVICE
LogonGuid: {8bb50d47-a5ad-694c-e503-000000000000}
LogonId: 0x3E5
TerminalSessionId: 0
IntegrityLevel: System
Hashes: MD5=7B88D0896FBF43469A9959D59824A514,SHA256=53A39B900E3BFBF384ACD13F0FC2329FA8D42B61E993D8ED5ADF3A1428005D26,IMPHASH=DE43BD45CC98C143357416C7519ECCFD
ParentProcessGuid: {8bb50d47-a5a6-694c-0b00-000000000b00}
ParentProcessId: 856
ParentImage: C:\Windows\System32\services.exe
ParentCommandLine: C:\WINDOWS\system32\services.exe
ParentUser: NT AUTHORITY\SYSTEM","1","5",,"4","1","0","-9223372036854775808","1308","Microsoft-Windows-Sysmon","5770385f-c22a-43e0-bf4c-06f5698ffbd9","Microsoft-Windows-Sysmon/Operational","3164","4264","Windows11","S-1-5-18","12/25/2025 3:47:43 AM",,,"Microsoft-Windows-Sysmon/Operational","System.UInt32[]","System.Diagnostics.Eventing.Reader.EventBookmark","Information","Info","File created (rule: FileCreate)","System.Collections.ObjectModel.ReadOnlyCollection`1[System.String]","System.Collections.Generic.List`1[System.Diagnostics.Eventing.Reader.EventProperty]"
"Process Create:
RuleName: -
UtcTime: 2025-12-25 02:47:09.262
ProcessGuid: {8bb50d47-a5ad-694c-1900-000000000b00}
ProcessId: 1304
Image: C:\Windows\System32\svchost.exe
FileVersion: 10.0.26100.5074 (WinBuild.160101.0800)
Description: Host Process for Windows Services
Product: Microsoft? Windows? Operating System
Company: Microsoft Corporation
OriginalFileName: svchost.exe
CommandLine: C:\WINDOWS\System32\svchost.exe -k LocalServiceNetworkRestricted -p -s lmhosts
CurrentDirectory: C:\WINDOWS\system32\
User: NT AUTHORITY\LOCAL SERVICE
LogonGuid: {8bb50d47-a5ad-694c-e503-000000000000}
LogonId: 0x3E5
TerminalSessionId: 0
IntegrityLevel: System
Hashes: MD5=7B88D0896FBF43469A9959D59824A514,SHA256=53A39B900E3BFBF384ACD13F0FC2329FA8D42B61E993D8ED5ADF3A1428005D26,IMPHASH=DE43BD45CC98C143357416C7519ECCFD
ParentProcessGuid: {8bb50d47-a5a6-694c-0b00-000000000b00}
ParentProcessId: 856
ParentImage: C:\Windows\System32\services.exe
ParentCommandLine: C:\WINDOWS\system32\services.exe
ParentUser: NT AUTHORITY\SYSTEM","1","5",,"4","1","0","-9223372036854775808","1307","Microsoft-Windows-Sysmon","5770385f-c22a-43e0-bf4c-06f5698ffbd9","Microsoft-Windows-Sysmon/Operational","3164","4264","Windows11","S-1-5-18","12/25/2025 3:47:43 AM",,,"Microsoft-Windows-Sysmon/Operational","System.UInt32[]","System.Diagnostics.Eventing.Reader.EventBookmark","Information","Info","File created (rule: FileCreate)","System.Collections.ObjectModel.ReadOnlyCollection`1[System.String]","System.Collections.Generic.List`1[System.Diagnostics.Eventing.Reader.EventProperty]"
"Process Create:
RuleName: -
UtcTime: 2025-12-25 02:47:08.903
ProcessGuid: {8bb50d47-a5ac-694c-1500-000000000b00}
ProcessId: 1164
Image: C:\Windows\System32\svchost.exe
FileVersion: 10.0.26100.5074 (WinBuild.160101.0800)
Description: Host Process for Windows Services
Product: Microsoft? Windows? Operating System
Company: Microsoft Corporation
OriginalFileName: svchost.exe
CommandLine: C:\WINDOWS\System32\svchost.exe -k LocalSystemNetworkRestricted -p -s PrintDeviceConfigurationService
CurrentDirectory: C:\WINDOWS\system32\
User: NT AUTHORITY\SYSTEM
LogonGuid: {8bb50d47-a5a7-694c-e703-000000000000}
LogonId: 0x3E7
TerminalSessionId: 0
IntegrityLevel: System
Hashes: MD5=7B88D0896FBF43469A9959D59824A514,SHA256=53A39B900E3BFBF384ACD13F0FC2329FA8D42B61E993D8ED5ADF3A1428005D26,IMPHASH=DE43BD45CC98C143357416C7519ECCFD
ParentProcessGuid: {8bb50d47-a5a6-694c-0b00-000000000b00}
ParentProcessId: 856
ParentImage: C:\Windows\System32\services.exe
ParentCommandLine: C:\WINDOWS\system32\services.exe
ParentUser: NT AUTHORITY\SYSTEM","1","5",,"4","1","0","-9223372036854775808","1306","Microsoft-Windows-Sysmon","5770385f-c22a-43e0-bf4c-06f5698ffbd9","Microsoft-Windows-Sysmon/Operational","3164","4264","Windows11","S-1-5-18","12/25/2025 3:47:43 AM",,,"Microsoft-Windows-Sysmon/Operational","System.UInt32[]","System.Diagnostics.Eventing.Reader.EventBookmark","Information","Info","File created (rule: FileCreate)","System.Collections.ObjectModel.ReadOnlyCollection`1[System.String]","System.Collections.Generic.List`1[System.Diagnostics.Eventing.Reader.EventProperty]"
"Process Create:
RuleName: -
UtcTime: 2025-12-25 02:47:08.848
ProcessGuid: {8bb50d47-a5ac-694c-1400-000000000b00}
ProcessId: 1152
Image: C:\Windows\System32\svchost.exe
FileVersion: 10.0.26100.5074 (WinBuild.160101.0800)
Description: Host Process for Windows Services
Product: Microsoft? Windows? Operating System
Company: Microsoft Corporation
OriginalFileName: svchost.exe
CommandLine: C:\WINDOWS\system32\svchost.exe -k GPSvcGroup
CurrentDirectory: C:\WINDOWS\system32\
User: NT AUTHORITY\SYSTEM
LogonGuid: {8bb50d47-a5a7-694c-e703-000000000000}
LogonId: 0x3E7
TerminalSessionId: 0
IntegrityLevel: System
Hashes: MD5=7B88D0896FBF43469A9959D59824A514,SHA256=53A39B900E3BFBF384ACD13F0FC2329FA8D42B61E993D8ED5ADF3A1428005D26,IMPHASH=DE43BD45CC98C143357416C7519ECCFD
ParentProcessGuid: {8bb50d47-a5a6-694c-0b00-000000000b00}
ParentProcessId: 856
ParentImage: C:\Windows\System32\services.exe
ParentCommandLine: C:\WINDOWS\system32\services.exe
ParentUser: NT AUTHORITY\SYSTEM","1","5",,"4","1","0","-9223372036854775808","1305","Microsoft-Windows-Sysmon","5770385f-c22a-43e0-bf4c-06f5698ffbd9","Microsoft-Windows-Sysmon/Operational","3164","4264","Windows11","S-1-5-18","12/25/2025 3:47:43 AM",,,"Microsoft-Windows-Sysmon/Operational","System.UInt32[]","System.Diagnostics.Eventing.Reader.EventBookmark","Information","Info","File created (rule: FileCreate)","System.Collections.ObjectModel.ReadOnlyCollection`1[System.String]","System.Collections.Generic.List`1[System.Diagnostics.Eventing.Reader.EventProperty]"
"Process Create:
RuleName: -
UtcTime: 2025-12-25 02:47:08.471
ProcessGuid: {8bb50d47-a5ac-694c-1300-000000000b00}
ProcessId: 1084
Image: C:\Windows\System32\dwm.exe
FileVersion: 10.0.26100.3624 (WinBuild.160101.0800)
Description: Desktop Window Manager
Product: Microsoft? Windows? Operating System
Company: Microsoft Corporation
OriginalFileName: dwm.exe
CommandLine: ""dwm.exe""
CurrentDirectory: C:\WINDOWS\system32\
User: Window Manager\DWM-1
LogonGuid: {8bb50d47-a5ac-694c-62ef-000000000000}
LogonId: 0xEF62
TerminalSessionId: 1
IntegrityLevel: System
Hashes: MD5=A8C31CECEDE4347F35120AE1514045ED,SHA256=1F7DD1CE8234473852AC6BC0061F9E554B56D5E6F096BAE33A2893114B9799B1,IMPHASH=D72871D9A3F2F20778DCEAAE6D7C89EF
ParentProcessGuid: {8bb50d47-a5a6-694c-0a00-000000000b00}
ParentProcessId: 772
ParentImage: C:\Windows\System32\winlogon.exe
ParentCommandLine: winlogon.exe
ParentUser: NT AUTHORITY\SYSTEM","1","5",,"4","1","0","-9223372036854775808","1304","Microsoft-Windows-Sysmon","5770385f-c22a-43e0-bf4c-06f5698ffbd9","Microsoft-Windows-Sysmon/Operational","3164","4264","Windows11","S-1-5-18","12/25/2025 3:47:43 AM",,,"Microsoft-Windows-Sysmon/Operational","System.UInt32[]","System.Diagnostics.Eventing.Reader.EventBookmark","Information","Info","File created (rule: FileCreate)","System.Collections.ObjectModel.ReadOnlyCollection`1[System.String]","System.Collections.Generic.List`1[System.Diagnostics.Eventing.Reader.EventProperty]"
"Process Create:
RuleName: -
UtcTime: 2025-12-25 02:47:08.465
ProcessGuid: {8bb50d47-a5ac-694c-1200-000000000b00}
ProcessId: 1076
Image: C:\Windows\System32\LogonUI.exe
FileVersion: 10.0.26100.5074 (WinBuild.160101.0800)
Description: Windows Logon User Interface Host
Product: Microsoft? Windows? Operating System
Company: Microsoft Corporation
OriginalFileName: logonui.exe
CommandLine: ""LogonUI.exe"" /flags:0x2 /state0:0xa3b8c055 /state1:0x41c64e6d
CurrentDirectory: C:\WINDOWS\system32\
User: NT AUTHORITY\SYSTEM
LogonGuid: {8bb50d47-a5a7-694c-e703-000000000000}
LogonId: 0x3E7
TerminalSessionId: 1
IntegrityLevel: System
Hashes: MD5=E8F6C286323B3D5235BCC0057AEFCDAF,SHA256=3C0884785488BF8187384D4D23C61366D5DC19EC3AEA11379506EE4A3BC94BFD,IMPHASH=A725A6C0F65392C3C24A8AF649AC1C54
ParentProcessGuid: {8bb50d47-a5a6-694c-0a00-000000000b00}
ParentProcessId: 772
ParentImage: C:\Windows\System32\winlogon.exe
ParentCommandLine: winlogon.exe
ParentUser: NT AUTHORITY\SYSTEM","1","5",,"4","1","0","-9223372036854775808","1303","Microsoft-Windows-Sysmon","5770385f-c22a-43e0-bf4c-06f5698ffbd9","Microsoft-Windows-Sysmon/Operational","3164","4264","Windows11","S-1-5-18","12/25/2025 3:47:43 AM",,,"Microsoft-Windows-Sysmon/Operational","System.UInt32[]","System.Diagnostics.Eventing.Reader.EventBookmark","Information","Info","File created (rule: FileCreate)","System.Collections.ObjectModel.ReadOnlyCollection`1[System.String]","System.Collections.Generic.List`1[System.Diagnostics.Eventing.Reader.EventProperty]"
"Process Create:
RuleName: -
UtcTime: 2025-12-25 02:47:08.054
ProcessGuid: {8bb50d47-a5ac-694c-1100-000000000b00}
ProcessId: 932
Image: C:\Windows\System32\svchost.exe
FileVersion: 10.0.26100.5074 (WinBuild.160101.0800)
Description: Host Process for Windows Services
Product: Microsoft? Windows? Operating System
Company: Microsoft Corporation
OriginalFileName: svchost.exe
CommandLine: C:\WINDOWS\system32\svchost.exe -k DcomLaunch -p -s LSM
CurrentDirectory: C:\WINDOWS\system32\
User: NT AUTHORITY\SYSTEM
LogonGuid: {8bb50d47-a5a7-694c-e703-000000000000}
LogonId: 0x3E7
TerminalSessionId: 0
IntegrityLevel: System
Hashes: MD5=7B88D0896FBF43469A9959D59824A514,SHA256=53A39B900E3BFBF384ACD13F0FC2329FA8D42B61E993D8ED5ADF3A1428005D26,IMPHASH=DE43BD45CC98C143357416C7519ECCFD
ParentProcessGuid: {8bb50d47-a5a6-694c-0b00-000000000b00}
ParentProcessId: 856
ParentImage: C:\Windows\System32\services.exe
ParentCommandLine: C:\WINDOWS\system32\services.exe
ParentUser: NT AUTHORITY\SYSTEM","1","5",,"4","1","0","-9223372036854775808","1302","Microsoft-Windows-Sysmon","5770385f-c22a-43e0-bf4c-06f5698ffbd9","Microsoft-Windows-Sysmon/Operational","3164","4264","Windows11","S-1-5-18","12/25/2025 3:47:43 AM",,,"Microsoft-Windows-Sysmon/Operational","System.UInt32[]","System.Diagnostics.Eventing.Reader.EventBookmark","Information","Info","File created (rule: FileCreate)","System.Collections.ObjectModel.ReadOnlyCollection`1[System.String]","System.Collections.Generic.List`1[System.Diagnostics.Eventing.Reader.EventProperty]"
"Process Create:
RuleName: -
UtcTime: 2025-12-25 02:47:07.830
ProcessGuid: {8bb50d47-a5ab-694c-1000-000000000b00}
ProcessId: 648
Image: C:\Windows\System32\svchost.exe
FileVersion: 10.0.26100.5074 (WinBuild.160101.0800)
Description: Host Process for Windows Services
Product: Microsoft? Windows? Operating System
Company: Microsoft Corporation
OriginalFileName: svchost.exe
CommandLine: C:\WINDOWS\system32\svchost.exe -k RPCSS -p
CurrentDirectory: C:\WINDOWS\system32\
User: NT AUTHORITY\NETWORK SERVICE
LogonGuid: {8bb50d47-a5ab-694c-e403-000000000000}
LogonId: 0x3E4
TerminalSessionId: 0
IntegrityLevel: System
Hashes: MD5=7B88D0896FBF43469A9959D59824A514,SHA256=53A39B900E3BFBF384ACD13F0FC2329FA8D42B61E993D8ED5ADF3A1428005D26,IMPHASH=DE43BD45CC98C143357416C7519ECCFD
ParentProcessGuid: {8bb50d47-a5a6-694c-0b00-000000000b00}
ParentProcessId: 856
ParentImage: C:\Windows\System32\services.exe
ParentCommandLine: C:\WINDOWS\system32\services.exe
ParentUser: NT AUTHORITY\SYSTEM","1","5",,"4","1","0","-9223372036854775808","1301","Microsoft-Windows-Sysmon","5770385f-c22a-43e0-bf4c-06f5698ffbd9","Microsoft-Windows-Sysmon/Operational","3164","4264","Windows11","S-1-5-18","12/25/2025 3:47:43 AM",,,"Microsoft-Windows-Sysmon/Operational","System.UInt32[]","System.Diagnostics.Eventing.Reader.EventBookmark","Information","Info","File created (rule: FileCreate)","System.Collections.ObjectModel.ReadOnlyCollection`1[System.String]","System.Collections.Generic.List`1[System.Diagnostics.Eventing.Reader.EventProperty]"
"Process Create:
RuleName: -
UtcTime: 2025-12-25 02:47:05.695
ProcessGuid: {8bb50d47-a5a9-694c-0f00-000000000b00}
ProcessId: 484
Image: C:\Windows\System32\svchost.exe
FileVersion: 10.0.26100.5074 (WinBuild.160101.0800)
Description: Host Process for Windows Services
Product: Microsoft? Windows? Operating System
Company: Microsoft Corporation
OriginalFileName: svchost.exe
CommandLine: C:\WINDOWS\system32\svchost.exe -k DcomLaunch -p
CurrentDirectory: C:\WINDOWS\system32\
User: NT AUTHORITY\SYSTEM
LogonGuid: {8bb50d47-a5a7-694c-e703-000000000000}
LogonId: 0x3E7
TerminalSessionId: 0
IntegrityLevel: System
Hashes: MD5=7B88D0896FBF43469A9959D59824A514,SHA256=53A39B900E3BFBF384ACD13F0FC2329FA8D42B61E993D8ED5ADF3A1428005D26,IMPHASH=DE43BD45CC98C143357416C7519ECCFD
ParentProcessGuid: {8bb50d47-a5a6-694c-0b00-000000000b00}
ParentProcessId: 856
ParentImage: C:\Windows\System32\services.exe
ParentCommandLine: C:\WINDOWS\system32\services.exe
ParentUser: NT AUTHORITY\SYSTEM","1","5",,"4","1","0","-9223372036854775808","1300","Microsoft-Windows-Sysmon","5770385f-c22a-43e0-bf4c-06f5698ffbd9","Microsoft-Windows-Sysmon/Operational","3164","4264","Windows11","S-1-5-18","12/25/2025 3:47:43 AM",,,"Microsoft-Windows-Sysmon/Operational","System.UInt32[]","System.Diagnostics.Eventing.Reader.EventBookmark","Information","Info","File created (rule: FileCreate)","System.Collections.ObjectModel.ReadOnlyCollection`1[System.String]","System.Collections.Generic.List`1[System.Diagnostics.Eventing.Reader.EventProperty]"
"Registry value set:
RuleName: T1101
EventType: SetValue
UtcTime: 2025-12-25 02:47:05.004
ProcessGuid: {8bb50d47-a5a6-694c-0c00-000000000b00}
ProcessId: 864
Image: C:\WINDOWS\system32\lsass.exe
TargetObject: HKLM\System\CurrentControlSet\Control\Lsa\ProductType
Details: DWORD (0x00000003)
User: NT AUTHORITY\SYSTEM","13","2",,"4","13","0","-9223372036854775808","1299","Microsoft-Windows-Sysmon","5770385f-c22a-43e0-bf4c-06f5698ffbd9","Microsoft-Windows-Sysmon/Operational","3164","4264","Windows11","S-1-5-18","12/25/2025 3:47:43 AM",,,"Microsoft-Windows-Sysmon/Operational","System.UInt32[]","System.Diagnostics.Eventing.Reader.EventBookmark","Information","Info","File created (rule: FileCreate)","System.Collections.ObjectModel.ReadOnlyCollection`1[System.String]","System.Collections.Generic.List`1[System.Diagnostics.Eventing.Reader.EventProperty]"
"Process Create:
RuleName: -
UtcTime: 2025-12-25 02:47:02.881
ProcessGuid: {8bb50d47-a5a6-694c-0c00-000000000b00}
ProcessId: 864
Image: C:\Windows\System32\lsass.exe
FileVersion: 10.0.26100.6584 (WinBuild.160101.0800)
Description: Local Security Authority Process
Product: Microsoft? Windows? Operating System
Company: Microsoft Corporation
OriginalFileName: lsass.exe
CommandLine: C:\WINDOWS\system32\lsass.exe
CurrentDirectory: C:\WINDOWS\system32\
User: NT AUTHORITY\SYSTEM
LogonGuid: {8bb50d47-a5a7-694c-e703-000000000000}
LogonId: 0x3E7
TerminalSessionId: 0
IntegrityLevel: System
Hashes: MD5=38F5A6354F7922B4E84B46EC6DD789FA,SHA256=F5601E746DA3344DA27164398B4C374CD12201D3E07FC776963EDA90AF972A86,IMPHASH=8E2CE2D88C1F92045630EE37F4676E54
ParentProcessGuid: {8bb50d47-a5a5-694c-0800-000000000b00}
ParentProcessId: 716
ParentImage: C:\Windows\System32\wininit.exe
ParentCommandLine: wininit.exe
ParentUser: NT AUTHORITY\SYSTEM","1","5",,"4","1","0","-9223372036854775808","1298","Microsoft-Windows-Sysmon","5770385f-c22a-43e0-bf4c-06f5698ffbd9","Microsoft-Windows-Sysmon/Operational","3164","4264","Windows11","S-1-5-18","12/25/2025 3:47:43 AM",,,"Microsoft-Windows-Sysmon/Operational","System.UInt32[]","System.Diagnostics.Eventing.Reader.EventBookmark","Information","Info","File created (rule: FileCreate)","System.Collections.ObjectModel.ReadOnlyCollection`1[System.String]","System.Collections.Generic.List`1[System.Diagnostics.Eventing.Reader.EventProperty]"
"Registry value set:
RuleName: T1101
EventType: SetValue
UtcTime: 2025-12-25 02:47:02.864
ProcessGuid: {8bb50d47-a5a5-694c-0800-000000000b00}
ProcessId: 716
Image: C:\WINDOWS\system32\wininit.exe
TargetObject: HKLM\System\CurrentControlSet\Control\Lsa\RunAsPPLBoot
Details: DWORD (0x00000002)
User: NT AUTHORITY\SYSTEM","13","2",,"4","13","0","-9223372036854775808","1297","Microsoft-Windows-Sysmon","5770385f-c22a-43e0-bf4c-06f5698ffbd9","Microsoft-Windows-Sysmon/Operational","3164","4264","Windows11","S-1-5-18","12/25/2025 3:47:43 AM",,,"Microsoft-Windows-Sysmon/Operational","System.UInt32[]","System.Diagnostics.Eventing.Reader.EventBookmark","Information","Info","File created (rule: FileCreate)","System.Collections.ObjectModel.ReadOnlyCollection`1[System.String]","System.Collections.Generic.List`1[System.Diagnostics.Eventing.Reader.EventProperty]"
"Registry value set:
RuleName: T1183,IFEO
EventType: SetValue
UtcTime: 2025-12-25 02:47:02.861
ProcessGuid: {8bb50d47-a5a5-694c-0800-000000000b00}
ProcessId: 716
Image: C:\WINDOWS\system32\wininit.exe
TargetObject: HKLM\SOFTWARE\Microsoft\Windows NT\CurrentVersion\Image File Execution Options\LSASS.exe\AuditLevel
Details: DWORD (0x00000008)
User: NT AUTHORITY\SYSTEM","13","2",,"4","13","0","-9223372036854775808","1296","Microsoft-Windows-Sysmon","5770385f-c22a-43e0-bf4c-06f5698ffbd9","Microsoft-Windows-Sysmon/Operational","3164","4264","Windows11","S-1-5-18","12/25/2025 3:47:43 AM",,,"Microsoft-Windows-Sysmon/Operational","System.UInt32[]","System.Diagnostics.Eventing.Reader.EventBookmark","Information","Info","File created (rule: FileCreate)","System.Collections.ObjectModel.ReadOnlyCollection`1[System.String]","System.Collections.Generic.List`1[System.Diagnostics.Eventing.Reader.EventProperty]"
"Process Create:
RuleName: -
UtcTime: 2025-12-25 02:47:02.582
ProcessGuid: {8bb50d47-a5a6-694c-0b00-000000000b00}
ProcessId: 856
Image: C:\Windows\System32\services.exe
FileVersion: 10.0.26100.5074 (WinBuild.160101.0800)
Description: Services and Controller app
Product: Microsoft? Windows? Operating System
Company: Microsoft Corporation
OriginalFileName: services.exe
CommandLine: C:\WINDOWS\system32\services.exe
CurrentDirectory: C:\WINDOWS\system32\
User: NT AUTHORITY\SYSTEM
LogonGuid: {8bb50d47-a5a7-694c-e703-000000000000}
LogonId: 0x3E7
TerminalSessionId: 0
IntegrityLevel: System
Hashes: MD5=C80E84B65A40061CA14018DC65B2259D,SHA256=EC0EE583C6FDE400873E33C9E4F10E48B9048E8DC8E66F2CEE8B5DCBE830D13F,IMPHASH=1F4CC1FC2C8E8DD22EB2C6EE9E8734A2
ParentProcessGuid: {8bb50d47-a5a5-694c-0800-000000000b00}
ParentProcessId: 716
ParentImage: C:\Windows\System32\wininit.exe
ParentCommandLine: wininit.exe
ParentUser: NT AUTHORITY\SYSTEM","1","5",,"4","1","0","-9223372036854775808","1295","Microsoft-Windows-Sysmon","5770385f-c22a-43e0-bf4c-06f5698ffbd9","Microsoft-Windows-Sysmon/Operational","3164","4264","Windows11","S-1-5-18","12/25/2025 3:47:43 AM",,,"Microsoft-Windows-Sysmon/Operational","System.UInt32[]","System.Diagnostics.Eventing.Reader.EventBookmark","Information","Info","File created (rule: FileCreate)","System.Collections.ObjectModel.ReadOnlyCollection`1[System.String]","System.Collections.Generic.List`1[System.Diagnostics.Eventing.Reader.EventProperty]"
"Process Create:
RuleName: -
UtcTime: 2025-12-25 02:47:02.091
ProcessGuid: {8bb50d47-a5a6-694c-0a00-000000000b00}
ProcessId: 772
Image: C:\Windows\System32\winlogon.exe
FileVersion: 10.0.26100.5074 (WinBuild.160101.0800)
Description: Windows Logon Application
Product: Microsoft? Windows? Operating System
Company: Microsoft Corporation
OriginalFileName: WINLOGON.EXE
CommandLine: winlogon.exe
CurrentDirectory: C:\WINDOWS\system32\
User: NT AUTHORITY\SYSTEM
LogonGuid: {8bb50d47-a5a7-694c-e703-000000000000}
LogonId: 0x3E7
TerminalSessionId: 1
IntegrityLevel: System
Hashes: MD5=D0C2818DD012ED4208BAF9071F4083E5,SHA256=B0752DAABAABE2CC836AF172FCED09662BB8E3700111B32B3472822558841C15,IMPHASH=E69DA191C10719269C8283A2998DB55A
ParentProcessGuid: {8bb50d47-a5a5-694c-0700-000000000b00}
ParentProcessId: 708
ParentImage: C:\Windows\System32\smss.exe
ParentCommandLine: \SystemRoot\System32\smss.exe 000000e0 0000009c 
ParentUser: NT AUTHORITY\SYSTEM","1","5",,"4","1","0","-9223372036854775808","1294","Microsoft-Windows-Sysmon","5770385f-c22a-43e0-bf4c-06f5698ffbd9","Microsoft-Windows-Sysmon/Operational","3164","4264","Windows11","S-1-5-18","12/25/2025 3:47:43 AM",,,"Microsoft-Windows-Sysmon/Operational","System.UInt32[]","System.Diagnostics.Eventing.Reader.EventBookmark","Information","Info","File created (rule: FileCreate)","System.Collections.ObjectModel.ReadOnlyCollection`1[System.String]","System.Collections.Generic.List`1[System.Diagnostics.Eventing.Reader.EventProperty]"
"Process Create:
RuleName: -
UtcTime: 2025-12-25 02:47:01.982
ProcessGuid: {8bb50d47-a5a5-694c-0800-000000000b00}
ProcessId: 716
Image: C:\Windows\System32\wininit.exe
FileVersion: 10.0.26100.5074 (WinBuild.160101.0800)
Description: Windows Start-Up Application
Product: Microsoft? Windows? Operating System
Company: Microsoft Corporation
OriginalFileName: WinInit.exe
CommandLine: wininit.exe
CurrentDirectory: C:\WINDOWS\system32\
User: NT AUTHORITY\SYSTEM
LogonGuid: {8bb50d47-a5a7-694c-e703-000000000000}
LogonId: 0x3E7
TerminalSessionId: 0
IntegrityLevel: System
Hashes: MD5=65BF54F6D6CA97304BE17040CB6ED174,SHA256=F04825EF06DD1FBE05991DF583963C6FE153BCCDC540F1109D2A4EB10BD775BD,IMPHASH=AAF80DC73A0CECB3E599347EC264B437
ParentProcessGuid: {8bb50d47-a5a3-694c-0500-000000000b00}
ParentProcessId: 600
ParentImage: C:\Windows\System32\smss.exe
ParentCommandLine: \SystemRoot\System32\smss.exe 000000dc 0000009c 
ParentUser: NT AUTHORITY\SYSTEM","1","5",,"4","1","0","-9223372036854775808","1293","Microsoft-Windows-Sysmon","5770385f-c22a-43e0-bf4c-06f5698ffbd9","Microsoft-Windows-Sysmon/Operational","3164","4264","Windows11","S-1-5-18","12/25/2025 3:47:43 AM",,,"Microsoft-Windows-Sysmon/Operational","System.UInt32[]","System.Diagnostics.Eventing.Reader.EventBookmark","Information","Info","File created (rule: FileCreate)","System.Collections.ObjectModel.ReadOnlyCollection`1[System.String]","System.Collections.Generic.List`1[System.Diagnostics.Eventing.Reader.EventProperty]"
"Process Create:
RuleName: -
UtcTime: 2025-12-25 02:47:01.997
ProcessGuid: {8bb50d47-a5a5-694c-0900-000000000b00}
ProcessId: 724
Image: C:\Windows\System32\csrss.exe
FileVersion: 10.0.26100.1 (WinBuild.160101.0800)
Description: Client Server Runtime Process
Product: Microsoft? Windows? Operating System
Company: Microsoft Corporation
OriginalFileName: CSRSS.Exe
CommandLine: %%SystemRoot%%\system32\csrss.exe ObjectDirectory=\Windows SharedSection=1024,20480,768 Windows=On SubSystemType=Windows ServerDll=basesrv,1 ServerDll=winsrv:UserServerDllInitialization,3 ServerDll=sxssrv,4 ProfileControl=Off MaxRequestThreads=16
CurrentDirectory: C:\WINDOWS\system32\
User: NT AUTHORITY\SYSTEM
LogonGuid: {8bb50d47-a5a7-694c-e703-000000000000}
LogonId: 0x3E7
TerminalSessionId: 1
IntegrityLevel: System
Hashes: MD5=E77E433573B7F629CFA089FFC8626292,SHA256=A958083FD4982697973D1F4A05A8F51B1F5D551A558CFA0097CFB6867FDCE3BA,IMPHASH=2A4F07729AD0B91A59C641DBB9BBB3E7
ParentProcessGuid: {8bb50d47-a5a5-694c-0700-000000000b00}
ParentProcessId: 708
ParentImage: C:\Windows\System32\smss.exe
ParentCommandLine: \SystemRoot\System32\smss.exe 000000e0 0000009c 
ParentUser: NT AUTHORITY\SYSTEM","1","5",,"4","1","0","-9223372036854775808","1292","Microsoft-Windows-Sysmon","5770385f-c22a-43e0-bf4c-06f5698ffbd9","Microsoft-Windows-Sysmon/Operational","3164","4264","Windows11","S-1-5-18","12/25/2025 3:47:43 AM",,,"Microsoft-Windows-Sysmon/Operational","System.UInt32[]","System.Diagnostics.Eventing.Reader.EventBookmark","Information","Info","File created (rule: FileCreate)","System.Collections.ObjectModel.ReadOnlyCollection`1[System.String]","System.Collections.Generic.List`1[System.Diagnostics.Eventing.Reader.EventProperty]"
"Process Create:
RuleName: -
UtcTime: 2025-12-25 02:47:01.952
ProcessGuid: {8bb50d47-a5a5-694c-0700-000000000b00}
ProcessId: 708
Image: C:\Windows\System32\smss.exe
FileVersion: 10.0.26100.5074 (WinBuild.160101.0800)
Description: Windows Session Manager
Product: Microsoft? Windows? Operating System
Company: Microsoft Corporation
OriginalFileName: smss.exe
CommandLine: \SystemRoot\System32\smss.exe 000000e0 0000009c 
CurrentDirectory: C:\WINDOWS\
User: NT AUTHORITY\SYSTEM
LogonGuid: {8bb50d47-a5a7-694c-e703-000000000000}
LogonId: 0x3E7
TerminalSessionId: 1
IntegrityLevel: System
Hashes: MD5=D22347D8613074743F09EC59377DD288,SHA256=26A5402F6C414A6EB73F6D2EF5884CED8FC2B33DDDE71008B753FA39BBE8B5B4,IMPHASH=9BD3CAE9F097254EB6DC85A21D0C999A
ParentProcessGuid: {8bb50d47-a58e-694c-0300-000000000b00}
ParentProcessId: 444
ParentImage: C:\Windows\System32\smss.exe
ParentCommandLine: \SystemRoot\System32\smss.exe
ParentUser: NT AUTHORITY\SYSTEM","1","5",,"4","1","0","-9223372036854775808","1291","Microsoft-Windows-Sysmon","5770385f-c22a-43e0-bf4c-06f5698ffbd9","Microsoft-Windows-Sysmon/Operational","3164","4264","Windows11","S-1-5-18","12/25/2025 3:47:43 AM",,,"Microsoft-Windows-Sysmon/Operational","System.UInt32[]","System.Diagnostics.Eventing.Reader.EventBookmark","Information","Info","File created (rule: FileCreate)","System.Collections.ObjectModel.ReadOnlyCollection`1[System.String]","System.Collections.Generic.List`1[System.Diagnostics.Eventing.Reader.EventProperty]"
"Process Create:
