RuleName: -
EventType: DeleteValue
UtcTime: 2025-12-25 02:18:36.355
ProcessGuid: {8bb50d47-9ef0-694c-e701-000000000a00}
ProcessId: 1688
Image: C:\WINDOWS\system32\LogonUI.exe
TargetObject: HKU\.DEFAULT\Keyboard Layout\Preload\1
User: NT AUTHORITY\SYSTEM","12","2",,"4","12","0","-9223372036854775808","1254","Microsoft-Windows-Sysmon","5770385f-c22a-43e0-bf4c-06f5698ffbd9","Microsoft-Windows-Sysmon/Operational","3588","4124","Windows11","S-1-5-18","12/25/2025 3:18:36 AM",,,"Microsoft-Windows-Sysmon/Operational","System.UInt32[]","System.Diagnostics.Eventing.Reader.EventBookmark","Information","Info","File created (rule: FileCreate)","System.Collections.ObjectModel.ReadOnlyCollection`1[System.String]","System.Collections.Generic.List`1[System.Diagnostics.Eventing.Reader.EventProperty]"
"Process Create:
RuleName: -
UtcTime: 2025-12-25 02:18:31.346
ProcessGuid: {8bb50d47-9ef7-694c-f501-000000000a00}
ProcessId: 7288
Image: C:\Windows\System32\svchost.exe
FileVersion: 10.0.26100.5074 (WinBuild.160101.0800)
Description: Host Process for Windows Services
Product: Microsoft? Windows? Operating System
Company: Microsoft Corporation
OriginalFileName: svchost.exe
CommandLine: C:\WINDOWS\system32\svchost.exe -k LocalService -p -s NPSMSvc
CurrentDirectory: C:\WINDOWS\system32\
User: WINDOWS11\Yomi
LogonGuid: {8bb50d47-98dd-694c-b2bf-020000000000}
LogonId: 0x2BFB2
TerminalSessionId: 1
IntegrityLevel: Medium
Hashes: MD5=7B88D0896FBF43469A9959D59824A514,SHA256=53A39B900E3BFBF384ACD13F0FC2329FA8D42B61E993D8ED5ADF3A1428005D26,IMPHASH=DE43BD45CC98C143357416C7519ECCFD
ParentProcessGuid: {8bb50d47-9270-694c-0b00-000000000a00}
ParentProcessId: 852
ParentImage: C:\Windows\System32\services.exe
ParentCommandLine: C:\WINDOWS\system32\services.exe
ParentUser: NT AUTHORITY\SYSTEM","1","5",,"4","1","0","-9223372036854775808","1253","Microsoft-Windows-Sysmon","5770385f-c22a-43e0-bf4c-06f5698ffbd9","Microsoft-Windows-Sysmon/Operational","3588","4124","Windows11","S-1-5-18","12/25/2025 3:18:31 AM",,,"Microsoft-Windows-Sysmon/Operational","System.UInt32[]","System.Diagnostics.Eventing.Reader.EventBookmark","Information","Info","File created (rule: FileCreate)","System.Collections.ObjectModel.ReadOnlyCollection`1[System.String]","System.Collections.Generic.List`1[System.Diagnostics.Eventing.Reader.EventProperty]"
"Process Create:
RuleName: -
UtcTime: 2025-12-25 02:18:27.476
ProcessGuid: {8bb50d47-9ef3-694c-ef01-000000000a00}
ProcessId: 6652
Image: C:\Windows\System32\taskhostw.exe
FileVersion: 10.0.26100.5074 (WinBuild.160101.0800)
Description: Host Process for Windows Tasks
Product: Microsoft? Windows? Operating System
Company: Microsoft Corporation
OriginalFileName: taskhostw.exe
CommandLine: taskhostw.exe KEYROAMING
CurrentDirectory: C:\WINDOWS\system32\
User: WINDOWS11\Yomi
LogonGuid: {8bb50d47-98dd-694c-b2bf-020000000000}
LogonId: 0x2BFB2
TerminalSessionId: 1
IntegrityLevel: Medium
Hashes: MD5=AD050ED052AFF11737AE0A25AED89799,SHA256=818C6876E1028AB2B94E45B3CC45102CD83204803537D94263A9B7A6B6583D4B,IMPHASH=2196268E7A2880E3ADC74481297D0C4B
ParentProcessGuid: {8bb50d47-9277-694c-1d00-000000000a00}
ParentProcessId: 1472
ParentImage: C:\Windows\System32\svchost.exe
ParentCommandLine: C:\WINDOWS\system32\svchost.exe -k netsvcs -p -s Schedule
ParentUser: NT AUTHORITY\SYSTEM","1","5",,"4","1","0","-9223372036854775808","1252","Microsoft-Windows-Sysmon","5770385f-c22a-43e0-bf4c-06f5698ffbd9","Microsoft-Windows-Sysmon/Operational","3588","4124","Windows11","S-1-5-18","12/25/2025 3:18:27 AM",,,"Microsoft-Windows-Sysmon/Operational","System.UInt32[]","System.Diagnostics.Eventing.Reader.EventBookmark","Information","Info","File created (rule: FileCreate)","System.Collections.ObjectModel.ReadOnlyCollection`1[System.String]","System.Collections.Generic.List`1[System.Diagnostics.Eventing.Reader.EventProperty]"
"Process Create:
RuleName: -
UtcTime: 2025-12-25 02:18:26.827
ProcessGuid: {8bb50d47-9ef2-694c-ed01-000000000a00}
ProcessId: 6732
Image: C:\Program Files (x86)\Microsoft\Edge\Application\msedge.exe
FileVersion: 143.0.3650.96
Description: Microsoft Edge
Product: Microsoft Edge
Company: Microsoft Corporation
OriginalFileName: msedge.exe
CommandLine: ""C:\Program Files (x86)\Microsoft\Edge\Application\msedge.exe"" --type=utility --utility-sub-type=asset_store.mojom.AssetStoreService --lang=en-US --service-sandbox-type=asset_store_service --skip-read-main-dll --metrics-shmem-handle=5800,i,14760723242802304556,1265001350609052537,524288 --field-trial-handle=2524,i,10392308234706831151,11631399008401816910,262144 --variations-seed-version --trace-process-track-uuid=3190708999430457380 --mojo-platform-channel-handle=5848 /prefetch:14
CurrentDirectory: C:\Program Files (x86)\Microsoft\Edge\Application\143.0.3650.96\
User: WINDOWS11\Yomi
LogonGuid: {8bb50d47-98dd-694c-b2bf-020000000000}
LogonId: 0x2BFB2
TerminalSessionId: 1
IntegrityLevel: Low
Hashes: MD5=EEDCB91823A577336215FD725124B011,SHA256=9AFD1452D57620CC28C97C1760BB3FD195FB69D76037818EC956DE75B85771F1,IMPHASH=9ACEBDFAC77931C2B0DFBBEA2D494BA9
ParentProcessGuid: {8bb50d47-9989-694c-e600-000000000a00}
ParentProcessId: 4800
ParentImage: C:\Program Files (x86)\Microsoft\Edge\Application\msedge.exe
ParentCommandLine: ""C:\Program Files (x86)\Microsoft\Edge\Application\msedge.exe"" --no-startup-window --win-session-start
ParentUser: WINDOWS11\Yomi","1","5",,"4","1","0","-9223372036854775808","1251","Microsoft-Windows-Sysmon","5770385f-c22a-43e0-bf4c-06f5698ffbd9","Microsoft-Windows-Sysmon/Operational","3588","4124","Windows11","S-1-5-18","12/25/2025 3:18:27 AM",,,"Microsoft-Windows-Sysmon/Operational","System.UInt32[]","System.Diagnostics.Eventing.Reader.EventBookmark","Information","Info","File created (rule: FileCreate)","System.Collections.ObjectModel.ReadOnlyCollection`1[System.String]","System.Collections.Generic.List`1[System.Diagnostics.Eventing.Reader.EventProperty]"
"Process Create:
RuleName: -
UtcTime: 2025-12-25 02:18:26.864
ProcessGuid: {8bb50d47-9ef2-694c-ee01-000000000a00}
ProcessId: 6416
Image: C:\Program Files (x86)\Microsoft\Edge\Application\msedge.exe
FileVersion: 143.0.3650.96
Description: Microsoft Edge
Product: Microsoft Edge
Company: Microsoft Corporation
OriginalFileName: msedge.exe
CommandLine: ""C:\Program Files (x86)\Microsoft\Edge\Application\msedge.exe"" --type=utility --utility-sub-type=entity_extraction_service.mojom.Extractor --lang=en-US --service-sandbox-type=entity_extraction --onnx-enabled-for-ee --skip-read-main-dll --metrics-shmem-handle=5812,i,14894562670657871589,12619064874681449708,524288 --field-trial-handle=2524,i,10392308234706831151,11631399008401816910,262144 --variations-seed-version --trace-process-track-uuid=3190709000367499229 --mojo-platform-channel-handle=5872 /prefetch:14
CurrentDirectory: C:\Program Files (x86)\Microsoft\Edge\Application\143.0.3650.96\
User: WINDOWS11\Yomi
LogonGuid: {8bb50d47-98dd-694c-b2bf-020000000000}
LogonId: 0x2BFB2
TerminalSessionId: 1
IntegrityLevel: Low
Hashes: MD5=EEDCB91823A577336215FD725124B011,SHA256=9AFD1452D57620CC28C97C1760BB3FD195FB69D76037818EC956DE75B85771F1,IMPHASH=9ACEBDFAC77931C2B0DFBBEA2D494BA9
ParentProcessGuid: {8bb50d47-9989-694c-e600-000000000a00}
ParentProcessId: 4800
ParentImage: C:\Program Files (x86)\Microsoft\Edge\Application\msedge.exe
ParentCommandLine: ""C:\Program Files (x86)\Microsoft\Edge\Application\msedge.exe"" --no-startup-window --win-session-start
ParentUser: WINDOWS11\Yomi","1","5",,"4","1","0","-9223372036854775808","1250","Microsoft-Windows-Sysmon","5770385f-c22a-43e0-bf4c-06f5698ffbd9","Microsoft-Windows-Sysmon/Operational","3588","4124","Windows11","S-1-5-18","12/25/2025 3:18:27 AM",,,"Microsoft-Windows-Sysmon/Operational","System.UInt32[]","System.Diagnostics.Eventing.Reader.EventBookmark","Information","Info","File created (rule: FileCreate)","System.Collections.ObjectModel.ReadOnlyCollection`1[System.String]","System.Collections.Generic.List`1[System.Diagnostics.Eventing.Reader.EventProperty]"
"Process Create:
RuleName: -
UtcTime: 2025-12-25 02:18:25.923
ProcessGuid: {8bb50d47-9ef1-694c-ea01-000000000a00}
ProcessId: 3420
Image: C:\Program Files (x86)\Microsoft\Edge\Application\msedge.exe
FileVersion: 143.0.3650.96
Description: Microsoft Edge
Product: Microsoft Edge
Company: Microsoft Corporation
OriginalFileName: msedge.exe
CommandLine: ""C:\Program Files (x86)\Microsoft\Edge\Application\msedge.exe"" --single-argument Z:\Sysmon\sysmonconfig-export.xml
CurrentDirectory: C:\WINDOWS\system32\
User: WINDOWS11\Yomi
LogonGuid: {8bb50d47-98dd-694c-b2bf-020000000000}
LogonId: 0x2BFB2
TerminalSessionId: 1
IntegrityLevel: Medium
Hashes: MD5=EEDCB91823A577336215FD725124B011,SHA256=9AFD1452D57620CC28C97C1760BB3FD195FB69D76037818EC956DE75B85771F1,IMPHASH=9ACEBDFAC77931C2B0DFBBEA2D494BA9
ParentProcessGuid: {8bb50d47-98fc-694c-8100-000000000a00}
ParentProcessId: 5516
ParentImage: C:\Windows\explorer.exe
ParentCommandLine: C:\WINDOWS\Explorer.EXE
ParentUser: WINDOWS11\Yomi","1","5",,"4","1","0","-9223372036854775808","1249","Microsoft-Windows-Sysmon","5770385f-c22a-43e0-bf4c-06f5698ffbd9","Microsoft-Windows-Sysmon/Operational","3588","4124","Windows11","S-1-5-18","12/25/2025 3:18:25 AM",,,"Microsoft-Windows-Sysmon/Operational","System.UInt32[]","System.Diagnostics.Eventing.Reader.EventBookmark","Information","Info","File created (rule: FileCreate)","System.Collections.ObjectModel.ReadOnlyCollection`1[System.String]","System.Collections.Generic.List`1[System.Diagnostics.Eventing.Reader.EventProperty]"
"Process Create:
RuleName: -
UtcTime: 2025-12-25 02:18:25.755
ProcessGuid: {8bb50d47-9ef1-694c-e901-000000000a00}
ProcessId: 9116
Image: C:\Windows\System32\smartscreen.exe
FileVersion: 10.0.26100.5074 (WinBuild.160101.0800)
Description: Windows Defender SmartScreen
Product: Microsoft? Windows? Operating System
Company: Microsoft Corporation
OriginalFileName: smartscreen.exe
CommandLine: C:\Windows\System32\smartscreen.exe -Embedding
CurrentDirectory: C:\WINDOWS\system32\
User: WINDOWS11\Yomi
LogonGuid: {8bb50d47-98dd-694c-b2bf-020000000000}
LogonId: 0x2BFB2
TerminalSessionId: 1
IntegrityLevel: Medium
Hashes: MD5=032D6D9E18A3CB24B70111593C2D0180,SHA256=045BFD198B5B7559819F3EC3392C533C875BCDEB89055D5E37CAB566C8FA4174,IMPHASH=C84171DF6E7F087EA4E625CCCE2AB167
ParentProcessGuid: {8bb50d47-9272-694c-0f00-000000000a00}
ParentProcessId: 1012
ParentImage: C:\Windows\System32\svchost.exe
ParentCommandLine: C:\WINDOWS\system32\svchost.exe -k DcomLaunch -p
ParentUser: NT AUTHORITY\SYSTEM","1","5",,"4","1","0","-9223372036854775808","1248","Microsoft-Windows-Sysmon","5770385f-c22a-43e0-bf4c-06f5698ffbd9","Microsoft-Windows-Sysmon/Operational","3588","4124","Windows11","S-1-5-18","12/25/2025 3:18:25 AM",,,"Microsoft-Windows-Sysmon/Operational","System.UInt32[]","System.Diagnostics.Eventing.Reader.EventBookmark","Information","Info","File created (rule: FileCreate)","System.Collections.ObjectModel.ReadOnlyCollection`1[System.String]","System.Collections.Generic.List`1[System.Diagnostics.Eventing.Reader.EventProperty]"
"Process Create:
RuleName: -
UtcTime: 2025-12-25 02:18:24.961
ProcessGuid: {8bb50d47-9ef0-694c-e801-000000000a00}
ProcessId: 4340
Image: C:\Windows\System32\rundll32.exe
FileVersion: 10.0.26100.5074 (WinBuild.160101.0800)
Description: Windows host process (Rundll32)
Product: Microsoft? Windows? Operating System
Company: Microsoft Corporation
OriginalFileName: RUNDLL32.EXE
CommandLine: C:\WINDOWS\System32\rundll32.exe shell32.dll,SHCreateLocalServerRunDll {c82192ee-6cb5-4bc0-9ef0-fb818773790a} -Embedding
CurrentDirectory: C:\WINDOWS\system32\
User: WINDOWS11\Yomi
LogonGuid: {8bb50d47-98dd-694c-b2bf-020000000000}
LogonId: 0x2BFB2
TerminalSessionId: 1
IntegrityLevel: Medium
Hashes: MD5=2FAFAA93AA691553B5303616A6044A42,SHA256=2370D904F3C18A68638B3AAEDF17B2C68306E98A784EB1F21985C4E880FF1D2D,IMPHASH=C8B70D465C35D895C4171BAF042BB63A
ParentProcessGuid: {8bb50d47-9272-694c-0f00-000000000a00}
ParentProcessId: 1012
ParentImage: C:\Windows\System32\svchost.exe
ParentCommandLine: C:\WINDOWS\system32\svchost.exe -k DcomLaunch -p
ParentUser: NT AUTHORITY\SYSTEM","1","5",,"4","1","0","-9223372036854775808","1247","Microsoft-Windows-Sysmon","5770385f-c22a-43e0-bf4c-06f5698ffbd9","Microsoft-Windows-Sysmon/Operational","3588","4124","Windows11","S-1-5-18","12/25/2025 3:18:25 AM",,,"Microsoft-Windows-Sysmon/Operational","System.UInt32[]","System.Diagnostics.Eventing.Reader.EventBookmark","Information","Info","File created (rule: FileCreate)","System.Collections.ObjectModel.ReadOnlyCollection`1[System.String]","System.Collections.Generic.List`1[System.Diagnostics.Eventing.Reader.EventProperty]"
"Process Create:
RuleName: -
UtcTime: 2025-12-25 02:18:24.687
ProcessGuid: {8bb50d47-9ef0-694c-e701-000000000a00}
ProcessId: 1688
Image: C:\Windows\System32\LogonUI.exe
FileVersion: 10.0.26100.5074 (WinBuild.160101.0800)
Description: Windows Logon User Interface Host
Product: Microsoft? Windows? Operating System
Company: Microsoft Corporation
OriginalFileName: logonui.exe
CommandLine: ""LogonUI.exe"" /flags:0x0 /state0:0xa3eb5055 /state1:0x41c64e6d
CurrentDirectory: C:\WINDOWS\system32\
User: NT AUTHORITY\SYSTEM
LogonGuid: {8bb50d47-9271-694c-e703-000000000000}
LogonId: 0x3E7
TerminalSessionId: 1
IntegrityLevel: System
Hashes: MD5=E8F6C286323B3D5235BCC0057AEFCDAF,SHA256=3C0884785488BF8187384D4D23C61366D5DC19EC3AEA11379506EE4A3BC94BFD,IMPHASH=A725A6C0F65392C3C24A8AF649AC1C54
ParentProcessGuid: {8bb50d47-9270-694c-0a00-000000000a00}
ParentProcessId: 796
ParentImage: C:\Windows\System32\winlogon.exe
ParentCommandLine: winlogon.exe
ParentUser: NT AUTHORITY\SYSTEM","1","5",,"4","1","0","-9223372036854775808","1246","Microsoft-Windows-Sysmon","5770385f-c22a-43e0-bf4c-06f5698ffbd9","Microsoft-Windows-Sysmon/Operational","3588","4124","Windows11","S-1-5-18","12/25/2025 3:18:24 AM",,,"Microsoft-Windows-Sysmon/Operational","System.UInt32[]","System.Diagnostics.Eventing.Reader.EventBookmark","Information","Info","File created (rule: FileCreate)","System.Collections.ObjectModel.ReadOnlyCollection`1[System.String]","System.Collections.Generic.List`1[System.Diagnostics.Eventing.Reader.EventProperty]"
"Registry value set:
RuleName: InvDB
EventType: SetValue
UtcTime: 2025-12-25 02:18:20.396
ProcessGuid: {8bb50d47-9963-694c-d700-000000000a00}
ProcessId: 7232
Image: C:\WINDOWS\system32\svchost.exe
TargetObject: HKU\S-1-5-21-116772387-2583172374-3284080429-1000\Software\Microsoft\Windows NT\CurrentVersion\AppCompatFlags\Compatibility Assistant\Store\C:\Program Files\WindowsApps\Microsoft.WindowsTerminal_1.18.10301.0_x64__8wekyb3d8bbwe\wt.exe
Details: Binary Data
User: NT AUTHORITY\SYSTEM","13","2",,"4","13","0","-9223372036854775808","1245","Microsoft-Windows-Sysmon","5770385f-c22a-43e0-bf4c-06f5698ffbd9","Microsoft-Windows-Sysmon/Operational","3588","4124","Windows11","S-1-5-18","12/25/2025 3:18:20 AM",,,"Microsoft-Windows-Sysmon/Operational","System.UInt32[]","System.Diagnostics.Eventing.Reader.EventBookmark","Information","Info","File created (rule: FileCreate)","System.Collections.ObjectModel.ReadOnlyCollection`1[System.String]","System.Collections.Generic.List`1[System.Diagnostics.Eventing.Reader.EventProperty]"
"Process Create:
RuleName: -
UtcTime: 2025-12-25 02:18:03.448
ProcessGuid: {8bb50d47-9edb-694c-e201-000000000a00}
ProcessId: 7708
Image: C:\Windows\System32\svchost.exe
FileVersion: 10.0.26100.5074 (WinBuild.160101.0800)
Description: Host Process for Windows Services
Product: Microsoft? Windows? Operating System
Company: Microsoft Corporation
OriginalFileName: svchost.exe
CommandLine: C:\WINDOWS\System32\svchost.exe -k CameraMonitor
CurrentDirectory: C:\WINDOWS\system32\
User: NT AUTHORITY\SYSTEM
LogonGuid: {8bb50d47-9271-694c-e703-000000000000}
LogonId: 0x3E7
TerminalSessionId: 0
IntegrityLevel: System
Hashes: MD5=7B88D0896FBF43469A9959D59824A514,SHA256=53A39B900E3BFBF384ACD13F0FC2329FA8D42B61E993D8ED5ADF3A1428005D26,IMPHASH=DE43BD45CC98C143357416C7519ECCFD
ParentProcessGuid: {8bb50d47-9270-694c-0b00-000000000a00}
ParentProcessId: 852
ParentImage: C:\Windows\System32\services.exe
ParentCommandLine: C:\WINDOWS\system32\services.exe
ParentUser: NT AUTHORITY\SYSTEM","1","5",,"4","1","0","-9223372036854775808","1244","Microsoft-Windows-Sysmon","5770385f-c22a-43e0-bf4c-06f5698ffbd9","Microsoft-Windows-Sysmon/Operational","3588","4124","Windows11","S-1-5-18","12/25/2025 3:18:03 AM",,,"Microsoft-Windows-Sysmon/Operational","System.UInt32[]","System.Diagnostics.Eventing.Reader.EventBookmark","Information","Info","File created (rule: FileCreate)","System.Collections.ObjectModel.ReadOnlyCollection`1[System.String]","System.Collections.Generic.List`1[System.Diagnostics.Eventing.Reader.EventProperty]"
"Process Create:
RuleName: -
UtcTime: 2025-12-25 02:17:38.785
ProcessGuid: {8bb50d47-9ec2-694c-e001-000000000a00}
ProcessId: 8000
Image: C:\Windows\System32\taskhostw.exe
FileVersion: 10.0.26100.5074 (WinBuild.160101.0800)
Description: Host Process for Windows Tasks
Product: Microsoft? Windows? Operating System
Company: Microsoft Corporation
OriginalFileName: taskhostw.exe
CommandLine: taskhostw.exe
CurrentDirectory: C:\WINDOWS\system32\
User: NT AUTHORITY\SYSTEM
LogonGuid: {8bb50d47-9271-694c-e703-000000000000}
LogonId: 0x3E7
TerminalSessionId: 0
IntegrityLevel: System
Hashes: MD5=AD050ED052AFF11737AE0A25AED89799,SHA256=818C6876E1028AB2B94E45B3CC45102CD83204803537D94263A9B7A6B6583D4B,IMPHASH=2196268E7A2880E3ADC74481297D0C4B
ParentProcessGuid: {8bb50d47-9277-694c-1d00-000000000a00}
ParentProcessId: 1472
ParentImage: C:\Windows\System32\svchost.exe
ParentCommandLine: C:\WINDOWS\system32\svchost.exe -k netsvcs -p -s Schedule
ParentUser: NT AUTHORITY\SYSTEM","1","5",,"4","1","0","-9223372036854775808","1243","Microsoft-Windows-Sysmon","5770385f-c22a-43e0-bf4c-06f5698ffbd9","Microsoft-Windows-Sysmon/Operational","3588","4124","Windows11","S-1-5-18","12/25/2025 3:17:38 AM",,,"Microsoft-Windows-Sysmon/Operational","System.UInt32[]","System.Diagnostics.Eventing.Reader.EventBookmark","Information","Info","File created (rule: FileCreate)","System.Collections.ObjectModel.ReadOnlyCollection`1[System.String]","System.Collections.Generic.List`1[System.Diagnostics.Eventing.Reader.EventProperty]"
"Process Create:
RuleName: -
UtcTime: 2025-12-25 02:17:22.548
ProcessGuid: {8bb50d47-9eb2-694c-df01-000000000a00}
ProcessId: 1872
Image: C:\Windows\WinSxS\amd64_microsoft-windows-servicingstack_31bf3856ad364e35_10.0.26100.5074_none_a5532eb7772ad4c4\TiWorker.exe
FileVersion: 10.0.26100.5074 (WinBuild.160101.0800)
Description: Windows Modules Installer Worker
Product: Microsoft? Windows? Operating System
Company: Microsoft Corporation
OriginalFileName: TiWorker.exe
CommandLine: C:\WINDOWS\winsxs\amd64_microsoft-windows-servicingstack_31bf3856ad364e35_10.0.26100.5074_none_a5532eb7772ad4c4\TiWorker.exe -Embedding
CurrentDirectory: C:\WINDOWS\system32\
User: NT AUTHORITY\SYSTEM
LogonGuid: {8bb50d47-9271-694c-e703-000000000000}
LogonId: 0x3E7
TerminalSessionId: 0
IntegrityLevel: System
Hashes: MD5=B0E2857EE9C2C9BF7238E4DFE3C97139,SHA256=83E44E2BF7DA29A6A5237C521F031B8E6B0E40CABAAFC433E7CAA39F317B454E,IMPHASH=3A3C1E80AF5AB810A6334FCC3C8E3FDF
ParentProcessGuid: {8bb50d47-9272-694c-0f00-000000000a00}
ParentProcessId: 1012
ParentImage: C:\Windows\System32\svchost.exe
ParentCommandLine: C:\WINDOWS\system32\svchost.exe -k DcomLaunch -p
ParentUser: NT AUTHORITY\SYSTEM","1","5",,"4","1","0","-9223372036854775808","1242","Microsoft-Windows-Sysmon","5770385f-c22a-43e0-bf4c-06f5698ffbd9","Microsoft-Windows-Sysmon/Operational","3588","4124","Windows11","S-1-5-18","12/25/2025 3:17:22 AM",,,"Microsoft-Windows-Sysmon/Operational","System.UInt32[]","System.Diagnostics.Eventing.Reader.EventBookmark","Information","Info","File created (rule: FileCreate)","System.Collections.ObjectModel.ReadOnlyCollection`1[System.String]","System.Collections.Generic.List`1[System.Diagnostics.Eventing.Reader.EventProperty]"
"Process Create:
RuleName: -
UtcTime: 2025-12-25 02:17:22.454
ProcessGuid: {8bb50d47-9eb2-694c-de01-000000000a00}
ProcessId: 5528
Image: C:\Windows\servicing\TrustedInstaller.exe
FileVersion: 10.0.26100.5074 (WinBuild.160101.0800)
Description: Windows Modules Installer
Product: Microsoft? Windows? Operating System
Company: Microsoft Corporation
OriginalFileName: TrustedInstaller.exe
CommandLine: C:\WINDOWS\servicing\TrustedInstaller.exe
CurrentDirectory: C:\WINDOWS\system32\
User: NT AUTHORITY\SYSTEM
LogonGuid: {8bb50d47-9271-694c-e703-000000000000}
LogonId: 0x3E7
TerminalSessionId: 0
IntegrityLevel: System
Hashes: MD5=AE4442013F290315E046DBF9E6F9803A,SHA256=1889C5BC1CEEF3554B3408F9BDD9B50CF0DAC4CC84AE96E4D7B72F3043557875,IMPHASH=5E159CE7599ACD6CA7EC3122186D5DBC
ParentProcessGuid: {8bb50d47-9270-694c-0b00-000000000a00}
ParentProcessId: 852
ParentImage: C:\Windows\System32\services.exe
ParentCommandLine: C:\WINDOWS\system32\services.exe
ParentUser: NT AUTHORITY\SYSTEM","1","5",,"4","1","0","-9223372036854775808","1241","Microsoft-Windows-Sysmon","5770385f-c22a-43e0-bf4c-06f5698ffbd9","Microsoft-Windows-Sysmon/Operational","3588","4124","Windows11","S-1-5-18","12/25/2025 3:17:22 AM",,,"Microsoft-Windows-Sysmon/Operational","System.UInt32[]","System.Diagnostics.Eventing.Reader.EventBookmark","Information","Info","File created (rule: FileCreate)","System.Collections.ObjectModel.ReadOnlyCollection`1[System.String]","System.Collections.Generic.List`1[System.Diagnostics.Eventing.Reader.EventProperty]"
"Process Create:
RuleName: -
UtcTime: 2025-12-25 02:17:20.149
ProcessGuid: {8bb50d47-9eb0-694c-d801-000000000a00}
ProcessId: 3844
Image: C:\Windows\System32\Dism\DismHost.exe
FileVersion: 10.0.26100.5074 (WinBuild.160101.0800)
Description: Dism Host Servicing Process
Product: Microsoft? Windows? Operating System
Company: Microsoft Corporation
OriginalFileName: DismHost.exe
CommandLine: C:\Windows\System32\Dism\dismhost.exe {52D14D67-2C13-4B9F-8DD1-5D5BC4040748}
CurrentDirectory: C:\WINDOWS\system32\
User: WINDOWS11\Yomi
LogonGuid: {8bb50d47-98dd-694c-5dbf-020000000000}
LogonId: 0x2BF5D
TerminalSessionId: 1
IntegrityLevel: High
Hashes: MD5=33D2996B06329D4FF1FE0E596DFE403A,SHA256=45CCD2AC275D2574D428093921F0590EEB8A8B607627A0395EF60CEFBFAA20F7,IMPHASH=9DDBEC2516241A81664067A928EDBA2E
ParentProcessGuid: {8bb50d47-9ea8-694c-c701-000000000a00}
ParentProcessId: 8736
ParentImage: C:\Windows\System32\cleanmgr.exe
ParentCommandLine: ""C:\WINDOWS\system32\cleanmgr.exe"" /autocleanstoragesense /d C:
ParentUser: WINDOWS11\Yomi","1","5",,"4","1","0","-9223372036854775808","1240","Microsoft-Windows-Sysmon","5770385f-c22a-43e0-bf4c-06f5698ffbd9","Microsoft-Windows-Sysmon/Operational","3588","4124","Windows11","S-1-5-18","12/25/2025 3:17:20 AM",,,"Microsoft-Windows-Sysmon/Operational","System.UInt32[]","System.Diagnostics.Eventing.Reader.EventBookmark","Information","Info","File created (rule: FileCreate)","System.Collections.ObjectModel.ReadOnlyCollection`1[System.String]","System.Collections.Generic.List`1[System.Diagnostics.Eventing.Reader.EventProperty]"
"Process Create:
RuleName: -
UtcTime: 2025-12-25 02:17:16.703
ProcessGuid: {8bb50d47-9eac-694c-cf01-000000000a00}
ProcessId: 3360
Image: C:\Windows\Microsoft.NET\Framework64\v4.0.30319\ngentask.exe
FileVersion: 4.8.9221.0 built by: NET481REL1LAST_25H2
Description: Microsoft .NET Framework optimization service
Product: Microsoft? .NET Framework
Company: Microsoft Corporation
OriginalFileName: NGenTask.exe
CommandLine: ""C:\Windows\Microsoft.NET\Framework64\v4.0.30319\NGenTask.exe"" /RuntimeWide /StopEvent:1112
CurrentDirectory: C:\WINDOWS\system32\
User: NT AUTHORITY\SYSTEM
LogonGuid: {8bb50d47-9271-694c-e703-000000000000}
LogonId: 0x3E7
TerminalSessionId: 0
IntegrityLevel: System
Hashes: MD5=5D36257614AC623ED5FD38454FF79FF7,SHA256=06A1DB18D3DD843ACD4C8481B225C39BC472BF4C25758FE767A7A944261DCB96,IMPHASH=00000000000000000000000000000000
ParentProcessGuid: {8bb50d47-9ea7-694c-bb01-000000000a00}
ParentProcessId: 1240
ParentImage: C:\Windows\System32\taskhostw.exe
ParentCommandLine: taskhostw.exe
ParentUser: NT AUTHORITY\SYSTEM","1","5",,"4","1","0","-9223372036854775808","1239","Microsoft-Windows-Sysmon","5770385f-c22a-43e0-bf4c-06f5698ffbd9","Microsoft-Windows-Sysmon/Operational","3588","4124","Windows11","S-1-5-18","12/25/2025 3:17:16 AM",,,"Microsoft-Windows-Sysmon/Operational","System.UInt32[]","System.Diagnostics.Eventing.Reader.EventBookmark","Information","Info","File created (rule: FileCreate)","System.Collections.ObjectModel.ReadOnlyCollection`1[System.String]","System.Collections.Generic.List`1[System.Diagnostics.Eventing.Reader.EventProperty]"
"Process Create:
RuleName: -
UtcTime: 2025-12-25 02:17:15.548
ProcessGuid: {8bb50d47-9eab-694c-cd01-000000000a00}
ProcessId: 7844
Image: C:\Windows\Microsoft.NET\Framework\v4.0.30319\ngentask.exe
FileVersion: 4.8.9221.0 built by: NET481REL1LAST_25H2
Description: Microsoft .NET Framework optimization service
Product: Microsoft? .NET Framework
Company: Microsoft Corporation
OriginalFileName: NGenTask.exe
CommandLine: ""C:\Windows\Microsoft.NET\Framework\v4.0.30319\NGenTask.exe"" /RuntimeWide /StopEvent:1040
CurrentDirectory: C:\WINDOWS\system32\
User: NT AUTHORITY\SYSTEM
LogonGuid: {8bb50d47-9271-694c-e703-000000000000}
LogonId: 0x3E7
TerminalSessionId: 0
IntegrityLevel: System
Hashes: MD5=07CC845A82295C2D0280CE9F0F087EBD,SHA256=045008D154DD7BBC250F4975C87559378C834388790F62B05D5457E224FBF85B,IMPHASH=F34D5F2D4577ED6D9CEEC516C1F5A744
ParentProcessGuid: {8bb50d47-9ea7-694c-bb01-000000000a00}
ParentProcessId: 1240
ParentImage: C:\Windows\System32\taskhostw.exe
ParentCommandLine: taskhostw.exe
ParentUser: NT AUTHORITY\SYSTEM","1","5",,"4","1","0","-9223372036854775808","1238","Microsoft-Windows-Sysmon","5770385f-c22a-43e0-bf4c-06f5698ffbd9","Microsoft-Windows-Sysmon/Operational","3588","4124","Windows11","S-1-5-18","12/25/2025 3:17:15 AM",,,"Microsoft-Windows-Sysmon/Operational","System.UInt32[]","System.Diagnostics.Eventing.Reader.EventBookmark","Information","Info","File created (rule: FileCreate)","System.Collections.ObjectModel.ReadOnlyCollection`1[System.String]","System.Collections.Generic.List`1[System.Diagnostics.Eventing.Reader.EventProperty]"
"Process Create:
RuleName: -
UtcTime: 2025-12-25 02:17:13.760
ProcessGuid: {8bb50d47-9ea9-694c-cb01-000000000a00}
ProcessId: 9140
Image: C:\Windows\System32\svchost.exe
FileVersion: 10.0.26100.5074 (WinBuild.160101.0800)
Description: Host Process for Windows Services
Product: Microsoft? Windows? Operating System
Company: Microsoft Corporation
OriginalFileName: svchost.exe
CommandLine: C:\WINDOWS\System32\svchost.exe -k LocalSystemNetworkRestricted -p -s DsSvc
CurrentDirectory: C:\WINDOWS\system32\
User: NT AUTHORITY\SYSTEM
LogonGuid: {8bb50d47-9271-694c-e703-000000000000}
LogonId: 0x3E7
TerminalSessionId: 0
IntegrityLevel: System
Hashes: MD5=7B88D0896FBF43469A9959D59824A514,SHA256=53A39B900E3BFBF384ACD13F0FC2329FA8D42B61E993D8ED5ADF3A1428005D26,IMPHASH=DE43BD45CC98C143357416C7519ECCFD
ParentProcessGuid: {8bb50d47-9270-694c-0b00-000000000a00}
ParentProcessId: 852
ParentImage: C:\Windows\System32\services.exe
ParentCommandLine: C:\WINDOWS\system32\services.exe
ParentUser: NT AUTHORITY\SYSTEM","1","5",,"4","1","0","-9223372036854775808","1237","Microsoft-Windows-Sysmon","5770385f-c22a-43e0-bf4c-06f5698ffbd9","Microsoft-Windows-Sysmon/Operational","3588","4124","Windows11","S-1-5-18","12/25/2025 3:17:13 AM",,,"Microsoft-Windows-Sysmon/Operational","System.UInt32[]","System.Diagnostics.Eventing.Reader.EventBookmark","Information","Info","File created (rule: FileCreate)","System.Collections.ObjectModel.ReadOnlyCollection`1[System.String]","System.Collections.Generic.List`1[System.Diagnostics.Eventing.Reader.EventProperty]"
"Process Create:
RuleName: -
UtcTime: 2025-12-25 02:17:12.013
ProcessGuid: {8bb50d47-9ea8-694c-c701-000000000a00}
ProcessId: 8736
Image: C:\Windows\System32\cleanmgr.exe
FileVersion: 10.0.26100.5074 (WinBuild.160101.0800)
Description: Disk Space Cleanup Manager for Windows
Product: Microsoft? Windows? Operating System
Company: Microsoft Corporation
OriginalFileName: CLEANMGR.DLL
CommandLine: ""C:\WINDOWS\system32\cleanmgr.exe"" /autocleanstoragesense /d C:
CurrentDirectory: C:\WINDOWS\system32\
User: WINDOWS11\Yomi
LogonGuid: {8bb50d47-98dd-694c-5dbf-020000000000}
LogonId: 0x2BF5D
TerminalSessionId: 1
IntegrityLevel: High
Hashes: MD5=83AC55A955FCF376AEBB990388803FD5,SHA256=D2ADC3120595D82B40EA44B6B203D7DDD53C3CBC201061B5DCD6CBFF8D2D42EC,IMPHASH=5569D8E64009265707AFAC66088D6D32
ParentProcessGuid: {8bb50d47-9277-694c-1d00-000000000a00}
ParentProcessId: 1472
ParentImage: C:\Windows\System32\svchost.exe
ParentCommandLine: C:\WINDOWS\system32\svchost.exe -k netsvcs -p -s Schedule
ParentUser: NT AUTHORITY\SYSTEM","1","5",,"4","1","0","-9223372036854775808","1236","Microsoft-Windows-Sysmon","5770385f-c22a-43e0-bf4c-06f5698ffbd9","Microsoft-Windows-Sysmon/Operational","3588","4124","Windows11","S-1-5-18","12/25/2025 3:17:12 AM",,,"Microsoft-Windows-Sysmon/Operational","System.UInt32[]","System.Diagnostics.Eventing.Reader.EventBookmark","Information","Info","File created (rule: FileCreate)","System.Collections.ObjectModel.ReadOnlyCollection`1[System.String]","System.Collections.Generic.List`1[System.Diagnostics.Eventing.Reader.EventProperty]"
"Process Create:
RuleName: -
UtcTime: 2025-12-25 02:17:11.974
ProcessGuid: {8bb50d47-9ea7-694c-c501-000000000a00}
ProcessId: 3016
Image: C:\Windows\System32\rundll32.exe
FileVersion: 10.0.26100.5074 (WinBuild.160101.0800)
Description: Windows host process (Rundll32)
Product: Microsoft? Windows? Operating System
Company: Microsoft Corporation
OriginalFileName: RUNDLL32.EXE
CommandLine: ""C:\WINDOWS\system32\rundll32.exe"" C:\WINDOWS\system32\Windows.StateRepositoryClient.dll,StateRepositoryDoMaintenanceTasks
CurrentDirectory: C:\WINDOWS\system32\
User: NT AUTHORITY\SYSTEM
LogonGuid: {8bb50d47-9271-694c-e703-000000000000}
LogonId: 0x3E7
TerminalSessionId: 0
IntegrityLevel: System
Hashes: MD5=2FAFAA93AA691553B5303616A6044A42,SHA256=2370D904F3C18A68638B3AAEDF17B2C68306E98A784EB1F21985C4E880FF1D2D,IMPHASH=C8B70D465C35D895C4171BAF042BB63A
ParentProcessGuid: {8bb50d47-9277-694c-1d00-000000000a00}
ParentProcessId: 1472
ParentImage: C:\Windows\System32\svchost.exe
ParentCommandLine: C:\WINDOWS\system32\svchost.exe -k netsvcs -p -s Schedule
ParentUser: NT AUTHORITY\SYSTEM","1","5",,"4","1","0","-9223372036854775808","1235","Microsoft-Windows-Sysmon","5770385f-c22a-43e0-bf4c-06f5698ffbd9","Microsoft-Windows-Sysmon/Operational","3588","4124","Windows11","S-1-5-18","12/25/2025 3:17:11 AM",,,"Microsoft-Windows-Sysmon/Operational","System.UInt32[]","System.Diagnostics.Eventing.Reader.EventBookmark","Information","Info","File created (rule: FileCreate)","System.Collections.ObjectModel.ReadOnlyCollection`1[System.String]","System.Collections.Generic.List`1[System.Diagnostics.Eventing.Reader.EventProperty]"
"Process Create:
RuleName: -
UtcTime: 2025-12-25 02:17:11.962
ProcessGuid: {8bb50d47-9ea7-694c-c401-000000000a00}
ProcessId: 5828
Image: C:\Windows\System32\taskhostw.exe
FileVersion: 10.0.26100.5074 (WinBuild.160101.0800)
Description: Host Process for Windows Tasks
Product: Microsoft? Windows? Operating System
Company: Microsoft Corporation
OriginalFileName: taskhostw.exe
CommandLine: taskhostw.exe
CurrentDirectory: C:\WINDOWS\system32\
User: NT AUTHORITY\LOCAL SERVICE
LogonGuid: {8bb50d47-9276-694c-e503-000000000000}
LogonId: 0x3E5
TerminalSessionId: 0
IntegrityLevel: System
Hashes: MD5=AD050ED052AFF11737AE0A25AED89799,SHA256=818C6876E1028AB2B94E45B3CC45102CD83204803537D94263A9B7A6B6583D4B,IMPHASH=2196268E7A2880E3ADC74481297D0C4B
ParentProcessGuid: {8bb50d47-9277-694c-1d00-000000000a00}
ParentProcessId: 1472
ParentImage: C:\Windows\System32\svchost.exe
ParentCommandLine: C:\WINDOWS\system32\svchost.exe -k netsvcs -p -s Schedule
ParentUser: NT AUTHORITY\SYSTEM","1","5",,"4","1","0","-9223372036854775808","1234","Microsoft-Windows-Sysmon","5770385f-c22a-43e0-bf4c-06f5698ffbd9","Microsoft-Windows-Sysmon/Operational","3588","4124","Windows11","S-1-5-18","12/25/2025 3:17:11 AM",,,"Microsoft-Windows-Sysmon/Operational","System.UInt32[]","System.Diagnostics.Eventing.Reader.EventBookmark","Information","Info","File created (rule: FileCreate)","System.Collections.ObjectModel.ReadOnlyCollection`1[System.String]","System.Collections.Generic.List`1[System.Diagnostics.Eventing.Reader.EventProperty]"
"Process Create:
RuleName: -
UtcTime: 2025-12-25 02:17:11.938
ProcessGuid: {8bb50d47-9ea7-694c-c301-000000000a00}
ProcessId: 5468
Image: C:\Windows\System32\rundll32.exe
FileVersion: 10.0.26100.5074 (WinBuild.160101.0800)
Description: Windows host process (Rundll32)
Product: Microsoft? Windows? Operating System
Company: Microsoft Corporation
OriginalFileName: RUNDLL32.EXE
CommandLine: ""C:\WINDOWS\system32\rundll32.exe"" C:\WINDOWS\system32\CapabilityAccessManager.dll,CapabilityAccessManagerDoStoreMaintenance
CurrentDirectory: C:\WINDOWS\system32\
User: NT AUTHORITY\SYSTEM
LogonGuid: {8bb50d47-9271-694c-e703-000000000000}
LogonId: 0x3E7
TerminalSessionId: 0
IntegrityLevel: System
Hashes: MD5=2FAFAA93AA691553B5303616A6044A42,SHA256=2370D904F3C18A68638B3AAEDF17B2C68306E98A784EB1F21985C4E880FF1D2D,IMPHASH=C8B70D465C35D895C4171BAF042BB63A
ParentProcessGuid: {8bb50d47-9277-694c-1d00-000000000a00}
ParentProcessId: 1472
ParentImage: C:\Windows\System32\svchost.exe
ParentCommandLine: C:\WINDOWS\system32\svchost.exe -k netsvcs -p -s Schedule
ParentUser: NT AUTHORITY\SYSTEM","1","5",,"4","1","0","-9223372036854775808","1233","Microsoft-Windows-Sysmon","5770385f-c22a-43e0-bf4c-06f5698ffbd9","Microsoft-Windows-Sysmon/Operational","3588","4124","Windows11","S-1-5-18","12/25/2025 3:17:11 AM",,,"Microsoft-Windows-Sysmon/Operational","System.UInt32[]","System.Diagnostics.Eventing.Reader.EventBookmark","Information","Info","File created (rule: FileCreate)","System.Collections.ObjectModel.ReadOnlyCollection`1[System.String]","System.Collections.Generic.List`1[System.Diagnostics.Eventing.Reader.EventProperty]"
"Process Create:
RuleName: -
UtcTime: 2025-12-25 02:17:11.930
ProcessGuid: {8bb50d47-9ea7-694c-c201-000000000a00}
ProcessId: 7968
Image: C:\Windows\System32\sc.exe
FileVersion: 10.0.26100.4484 (WinBuild.160101.0800)
Description: Service Control Manager Configuration Tool
Product: Microsoft? Windows? Operating System
Company: Microsoft Corporation
OriginalFileName: sc.exe
CommandLine: ""C:\WINDOWS\system32\sc.exe"" start w32time task_started
CurrentDirectory: C:\WINDOWS\system32\
User: NT AUTHORITY\LOCAL SERVICE
LogonGuid: {8bb50d47-9276-694c-e503-000000000000}
LogonId: 0x3E5
TerminalSessionId: 0
IntegrityLevel: System
Hashes: MD5=C8F632A326219F85927B3F33A13F7C7D,SHA256=A452BFCB6000D03942DDFADDCDA5A7EB121447ED99B1BA090446B4A989F1F7AE,IMPHASH=42DADBD60BBC453DD1773FDC089E19B7
ParentProcessGuid: {8bb50d47-9277-694c-1d00-000000000a00}
ParentProcessId: 1472
ParentImage: C:\Windows\System32\svchost.exe
ParentCommandLine: C:\WINDOWS\system32\svchost.exe -k netsvcs -p -s Schedule
ParentUser: NT AUTHORITY\SYSTEM","1","5",,"4","1","0","-9223372036854775808","1232","Microsoft-Windows-Sysmon","5770385f-c22a-43e0-bf4c-06f5698ffbd9","Microsoft-Windows-Sysmon/Operational","3588","4124","Windows11","S-1-5-18","12/25/2025 3:17:11 AM",,,"Microsoft-Windows-Sysmon/Operational","System.UInt32[]","System.Diagnostics.Eventing.Reader.EventBookmark","Information","Info","File created (rule: FileCreate)","System.Collections.ObjectModel.ReadOnlyCollection`1[System.String]","System.Collections.Generic.List`1[System.Diagnostics.Eventing.Reader.EventProperty]"
"Process Create:
RuleName: -
UtcTime: 2025-12-25 02:17:11.909
ProcessGuid: {8bb50d47-9ea7-694c-c101-000000000a00}
ProcessId: 2836
Image: C:\Windows\System32\taskhostw.exe
FileVersion: 10.0.26100.5074 (WinBuild.160101.0800)
Description: Host Process for Windows Tasks
Product: Microsoft? Windows? Operating System
Company: Microsoft Corporation
OriginalFileName: taskhostw.exe
CommandLine: taskhostw.exe
CurrentDirectory: C:\WINDOWS\system32\
User: WINDOWS11\Yomi
LogonGuid: {8bb50d47-98dd-694c-b2bf-020000000000}
LogonId: 0x2BFB2
TerminalSessionId: 1
IntegrityLevel: Medium
Hashes: MD5=AD050ED052AFF11737AE0A25AED89799,SHA256=818C6876E1028AB2B94E45B3CC45102CD83204803537D94263A9B7A6B6583D4B,IMPHASH=2196268E7A2880E3ADC74481297D0C4B
ParentProcessGuid: {8bb50d47-9277-694c-1d00-000000000a00}
ParentProcessId: 1472
ParentImage: C:\Windows\System32\svchost.exe
ParentCommandLine: C:\WINDOWS\system32\svchost.exe -k netsvcs -p -s Schedule
ParentUser: NT AUTHORITY\SYSTEM","1","5",,"4","1","0","-9223372036854775808","1231","Microsoft-Windows-Sysmon","5770385f-c22a-43e0-bf4c-06f5698ffbd9","Microsoft-Windows-Sysmon/Operational","3588","4124","Windows11","S-1-5-18","12/25/2025 3:17:11 AM",,,"Microsoft-Windows-Sysmon/Operational","System.UInt32[]","System.Diagnostics.Eventing.Reader.EventBookmark","Information","Info","File created (rule: FileCreate)","System.Collections.ObjectModel.ReadOnlyCollection`1[System.String]","System.Collections.Generic.List`1[System.Diagnostics.Eventing.Reader.EventProperty]"
"Process Create:
RuleName: -
UtcTime: 2025-12-25 02:17:11.893
ProcessGuid: {8bb50d47-9ea7-694c-c001-000000000a00}
ProcessId: 2012
Image: C:\Windows\System32\dmclient.exe
FileVersion: 10.0.26100.3624 (WinBuild.160101.0800)
Description: Microsoft Feedback SIUF Deployment Manager Client
Product: Microsoft? Windows? Operating System
Company: Microsoft Corporation
OriginalFileName: dmclient.exe
CommandLine: ""C:\WINDOWS\system32\dmclient.exe""
CurrentDirectory: C:\WINDOWS\system32\
User: NT AUTHORITY\SYSTEM
LogonGuid: {8bb50d47-9271-694c-e703-000000000000}
LogonId: 0x3E7
TerminalSessionId: 0
IntegrityLevel: System
Hashes: MD5=ADE2D804514A7ADC1793FDE0DB3E2D7B,SHA256=B7E299313494360EA4A147FEAD786939E443850B0910421DA7F1A2F186A37445,IMPHASH=BE4CDFB4F5176337C6B65F6C57146EC5
ParentProcessGuid: {8bb50d47-9277-694c-1d00-000000000a00}
ParentProcessId: 1472
ParentImage: C:\Windows\System32\svchost.exe
ParentCommandLine: C:\WINDOWS\system32\svchost.exe -k netsvcs -p -s Schedule
ParentUser: NT AUTHORITY\SYSTEM","1","5",,"4","1","0","-9223372036854775808","1230","Microsoft-Windows-Sysmon","5770385f-c22a-43e0-bf4c-06f5698ffbd9","Microsoft-Windows-Sysmon/Operational","3588","4124","Windows11","S-1-5-18","12/25/2025 3:17:11 AM",,,"Microsoft-Windows-Sysmon/Operational","System.UInt32[]","System.Diagnostics.Eventing.Reader.EventBookmark","Information","Info","File created (rule: FileCreate)","System.Collections.ObjectModel.ReadOnlyCollection`1[System.String]","System.Collections.Generic.List`1[System.Diagnostics.Eventing.Reader.EventProperty]"
"Process Create:
RuleName: -
UtcTime: 2025-12-25 02:17:11.855
ProcessGuid: {8bb50d47-9ea7-694c-bf01-000000000a00}
ProcessId: 3836
Image: C:\Windows\System32\AppHostRegistrationVerifier.exe
FileVersion: 10.0.26100.4202 (WinBuild.160101.0800)
Description: App Uri Handlers Registration Verifier
Product: Microsoft? Windows? Operating System
Company: Microsoft Corporation
OriginalFileName: AppHostNameRegistrationVerifier.exe
CommandLine: ""C:\WINDOWS\system32\AppHostRegistrationVerifier.exe""
CurrentDirectory: C:\WINDOWS\system32\
User: WINDOWS11\Yomi
LogonGuid: {8bb50d47-98dd-694c-b2bf-020000000000}
LogonId: 0x2BFB2
TerminalSessionId: 1
IntegrityLevel: Medium
Hashes: MD5=52A337ECD6667A11692E82DC77545028,SHA256=2C7EBBEE4AAA4E60D7444800E1F3A9797E10D2EF01A65382C4116C9BD4CB409A,IMPHASH=6C914AB773FBD8191DFBD4E4439F189B
ParentProcessGuid: {8bb50d47-9277-694c-1d00-000000000a00}
ParentProcessId: 1472
ParentImage: C:\Windows\System32\svchost.exe
ParentCommandLine: C:\WINDOWS\system32\svchost.exe -k netsvcs -p -s Schedule
ParentUser: NT AUTHORITY\SYSTEM","1","5",,"4","1","0","-9223372036854775808","1229","Microsoft-Windows-Sysmon","5770385f-c22a-43e0-bf4c-06f5698ffbd9","Microsoft-Windows-Sysmon/Operational","3588","4124","Windows11","S-1-5-18","12/25/2025 3:17:11 AM",,,"Microsoft-Windows-Sysmon/Operational","System.UInt32[]","System.Diagnostics.Eventing.Reader.EventBookmark","Information","Info","File created (rule: FileCreate)","System.Collections.ObjectModel.ReadOnlyCollection`1[System.String]","System.Collections.Generic.List`1[System.Diagnostics.Eventing.Reader.EventProperty]"
"Process Create:
RuleName: -
UtcTime: 2025-12-25 02:17:11.829
ProcessGuid: {8bb50d47-9ea7-694c-be01-000000000a00}
ProcessId: 9124
Image: C:\Windows\System32\taskhostw.exe
FileVersion: 10.0.26100.5074 (WinBuild.160101.0800)
Description: Host Process for Windows Tasks
Product: Microsoft? Windows? Operating System
Company: Microsoft Corporation
OriginalFileName: taskhostw.exe
CommandLine: taskhostw.exe
CurrentDirectory: C:\WINDOWS\system32\
User: WINDOWS11\Yomi
LogonGuid: {8bb50d47-98dd-694c-5dbf-020000000000}
LogonId: 0x2BF5D
TerminalSessionId: 1
IntegrityLevel: High
Hashes: MD5=AD050ED052AFF11737AE0A25AED89799,SHA256=818C6876E1028AB2B94E45B3CC45102CD83204803537D94263A9B7A6B6583D4B,IMPHASH=2196268E7A2880E3ADC74481297D0C4B
ParentProcessGuid: {8bb50d47-9277-694c-1d00-000000000a00}
ParentProcessId: 1472
ParentImage: C:\Windows\System32\svchost.exe
ParentCommandLine: C:\WINDOWS\system32\svchost.exe -k netsvcs -p -s Schedule
ParentUser: NT AUTHORITY\SYSTEM","1","5",,"4","1","0","-9223372036854775808","1228","Microsoft-Windows-Sysmon","5770385f-c22a-43e0-bf4c-06f5698ffbd9","Microsoft-Windows-Sysmon/Operational","3588","4124","Windows11","S-1-5-18","12/25/2025 3:17:11 AM",,,"Microsoft-Windows-Sysmon/Operational","System.UInt32[]","System.Diagnostics.Eventing.Reader.EventBookmark","Information","Info","File created (rule: FileCreate)","System.Collections.ObjectModel.ReadOnlyCollection`1[System.String]","System.Collections.Generic.List`1[System.Diagnostics.Eventing.Reader.EventProperty]"
"Process Create:
RuleName: -
UtcTime: 2025-12-25 02:17:11.815
ProcessGuid: {8bb50d47-9ea7-694c-bc01-000000000a00}
ProcessId: 4296
Image: C:\Windows\System32\dstokenclean.exe
FileVersion: 10.0.26100.1882 (WinBuild.160101.0800)
Description: Data Sharing Service Maintenance Driver
Product: Microsoft? Windows? Operating System
Company: Microsoft Corporation
OriginalFileName: dstokenclean.exe
CommandLine: ""C:\WINDOWS\system32\dstokenclean.exe""
CurrentDirectory: C:\WINDOWS\system32\
User: NT AUTHORITY\SYSTEM
LogonGuid: {8bb50d47-9271-694c-e703-000000000000}
LogonId: 0x3E7
TerminalSessionId: 0
IntegrityLevel: System
Hashes: MD5=45593B0677A76640FDE8DADAFD399DE8,SHA256=38E4DBBE77423773545DEF4FEDCAD64357EA1DB16B2F6617A4AAEDAE5DA3C947,IMPHASH=F1D06B8C52F369E9C51A17B21E2BD700
ParentProcessGuid: {8bb50d47-9277-694c-1d00-000000000a00}
ParentProcessId: 1472
ParentImage: C:\Windows\System32\svchost.exe
ParentCommandLine: C:\WINDOWS\system32\svchost.exe -k netsvcs -p -s Schedule
ParentUser: NT AUTHORITY\SYSTEM","1","5",,"4","1","0","-9223372036854775808","1227","Microsoft-Windows-Sysmon","5770385f-c22a-43e0-bf4c-06f5698ffbd9","Microsoft-Windows-Sysmon/Operational","3588","4124","Windows11","S-1-5-18","12/25/2025 3:17:11 AM",,,"Microsoft-Windows-Sysmon/Operational","System.UInt32[]","System.Diagnostics.Eventing.Reader.EventBookmark","Information","Info","File created (rule: FileCreate)","System.Collections.ObjectModel.ReadOnlyCollection`1[System.String]","System.Collections.Generic.List`1[System.Diagnostics.Eventing.Reader.EventProperty]"
"Process Create:
RuleName: -
UtcTime: 2025-12-25 02:17:11.804
ProcessGuid: {8bb50d47-9ea7-694c-bb01-000000000a00}
ProcessId: 1240
Image: C:\Windows\System32\taskhostw.exe
FileVersion: 10.0.26100.5074 (WinBuild.160101.0800)
Description: Host Process for Windows Tasks
Product: Microsoft? Windows? Operating System
Company: Microsoft Corporation
OriginalFileName: taskhostw.exe
CommandLine: taskhostw.exe
CurrentDirectory: C:\WINDOWS\system32\
User: NT AUTHORITY\SYSTEM
LogonGuid: {8bb50d47-9271-694c-e703-000000000000}
LogonId: 0x3E7
TerminalSessionId: 0
IntegrityLevel: System
Hashes: MD5=AD050ED052AFF11737AE0A25AED89799,SHA256=818C6876E1028AB2B94E45B3CC45102CD83204803537D94263A9B7A6B6583D4B,IMPHASH=2196268E7A2880E3ADC74481297D0C4B
ParentProcessGuid: {8bb50d47-9277-694c-1d00-000000000a00}
ParentProcessId: 1472
ParentImage: C:\Windows\System32\svchost.exe
ParentCommandLine: C:\WINDOWS\system32\svchost.exe -k netsvcs -p -s Schedule
ParentUser: NT AUTHORITY\SYSTEM","1","5",,"4","1","0","-9223372036854775808","1226","Microsoft-Windows-Sysmon","5770385f-c22a-43e0-bf4c-06f5698ffbd9","Microsoft-Windows-Sysmon/Operational","3588","4124","Windows11","S-1-5-18","12/25/2025 3:17:11 AM",,,"Microsoft-Windows-Sysmon/Operational","System.UInt32[]","System.Diagnostics.Eventing.Reader.EventBookmark","Information","Info","File created (rule: FileCreate)","System.Collections.ObjectModel.ReadOnlyCollection`1[System.String]","System.Collections.Generic.List`1[System.Diagnostics.Eventing.Reader.EventProperty]"
"Process Create:
RuleName: -
UtcTime: 2025-12-25 02:17:11.789
ProcessGuid: {8bb50d47-9ea7-694c-ba01-000000000a00}
ProcessId: 8560
Image: C:\Windows\System32\DiskSnapshot.exe
FileVersion: 10.0.26100.1150 (WinBuild.160101.0800)
Description: DiskSnapshot.exe
Product: Microsoft? Windows? Operating System
Company: Microsoft Corporation
OriginalFileName: DiskSnapshot.exe
CommandLine: ""C:\WINDOWS\system32\disksnapshot.exe"" -z
CurrentDirectory: C:\WINDOWS\system32\
User: NT AUTHORITY\SYSTEM
LogonGuid: {8bb50d47-9271-694c-e703-000000000000}
LogonId: 0x3E7
TerminalSessionId: 0
IntegrityLevel: System
Hashes: MD5=AB82D082274CB2C9F85FB96439229A15,SHA256=E3EFC11F128F6E10EAE8E15C9AA100201AA89631377B8C9E4DB1314DD46659F0,IMPHASH=9BE1E8D7C5D5B113AF20C778EF464358
ParentProcessGuid: {8bb50d47-9277-694c-1d00-000000000a00}
ParentProcessId: 1472
ParentImage: C:\Windows\System32\svchost.exe
ParentCommandLine: C:\WINDOWS\system32\svchost.exe -k netsvcs -p -s Schedule
ParentUser: NT AUTHORITY\SYSTEM","1","5",,"4","1","0","-9223372036854775808","1225","Microsoft-Windows-Sysmon","5770385f-c22a-43e0-bf4c-06f5698ffbd9","Microsoft-Windows-Sysmon/Operational","3588","4124","Windows11","S-1-5-18","12/25/2025 3:17:11 AM",,,"Microsoft-Windows-Sysmon/Operational","System.UInt32[]","System.Diagnostics.Eventing.Reader.EventBookmark","Information","Info","File created (rule: FileCreate)","System.Collections.ObjectModel.ReadOnlyCollection`1[System.String]","System.Collections.Generic.List`1[System.Diagnostics.Eventing.Reader.EventProperty]"
"Process Create:
RuleName: -
UtcTime: 2025-12-25 02:16:55.275
ProcessGuid: {8bb50d47-9e97-694c-b901-000000000a00}
ProcessId: 1896
Image: C:\Windows\System32\svchost.exe
FileVersion: 10.0.26100.5074 (WinBuild.160101.0800)
Description: Host Process for Windows Services
Product: Microsoft? Windows? Operating System
Company: Microsoft Corporation
OriginalFileName: svchost.exe
CommandLine: C:\WINDOWS\system32\svchost.exe -k GPSvcGroup
CurrentDirectory: C:\WINDOWS\system32\
User: NT AUTHORITY\SYSTEM
LogonGuid: {8bb50d47-9271-694c-e703-000000000000}
LogonId: 0x3E7
TerminalSessionId: 0
IntegrityLevel: System
Hashes: MD5=7B88D0896FBF43469A9959D59824A514,SHA256=53A39B900E3BFBF384ACD13F0FC2329FA8D42B61E993D8ED5ADF3A1428005D26,IMPHASH=DE43BD45CC98C143357416C7519ECCFD
ParentProcessGuid: {8bb50d47-9270-694c-0b00-000000000a00}
ParentProcessId: 852
ParentImage: C:\Windows\System32\services.exe
ParentCommandLine: C:\WINDOWS\system32\services.exe
ParentUser: NT AUTHORITY\SYSTEM","1","5",,"4","1","0","-9223372036854775808","1224","Microsoft-Windows-Sysmon","5770385f-c22a-43e0-bf4c-06f5698ffbd9","Microsoft-Windows-Sysmon/Operational","3588","4124","Windows11","S-1-5-18","12/25/2025 3:16:55 AM",,,"Microsoft-Windows-Sysmon/Operational","System.UInt32[]","System.Diagnostics.Eventing.Reader.EventBookmark","Information","Info","File created (rule: FileCreate)","System.Collections.ObjectModel.ReadOnlyCollection`1[System.String]","System.Collections.Generic.List`1[System.Diagnostics.Eventing.Reader.EventProperty]"
"Process Create:
RuleName: -
UtcTime: 2025-12-25 02:16:52.320
ProcessGuid: {8bb50d47-9e94-694c-b801-000000000a00}
ProcessId: 1888
Image: C:\Windows\System32\svchost.exe
FileVersion: 10.0.26100.5074 (WinBuild.160101.0800)
Description: Host Process for Windows Services
Product: Microsoft? Windows? Operating System
Company: Microsoft Corporation
OriginalFileName: svchost.exe
CommandLine: C:\WINDOWS\system32\svchost.exe -k netsvcs -p
CurrentDirectory: C:\WINDOWS\system32\
User: NT AUTHORITY\SYSTEM
LogonGuid: {8bb50d47-9271-694c-e703-000000000000}
LogonId: 0x3E7
TerminalSessionId: 0
IntegrityLevel: System
Hashes: MD5=7B88D0896FBF43469A9959D59824A514,SHA256=53A39B900E3BFBF384ACD13F0FC2329FA8D42B61E993D8ED5ADF3A1428005D26,IMPHASH=DE43BD45CC98C143357416C7519ECCFD
ParentProcessGuid: {8bb50d47-9270-694c-0b00-000000000a00}
ParentProcessId: 852
ParentImage: C:\Windows\System32\services.exe
ParentCommandLine: C:\WINDOWS\system32\services.exe
ParentUser: NT AUTHORITY\SYSTEM","1","5",,"4","1","0","-9223372036854775808","1223","Microsoft-Windows-Sysmon","5770385f-c22a-43e0-bf4c-06f5698ffbd9","Microsoft-Windows-Sysmon/Operational","3588","4124","Windows11","S-1-5-18","12/25/2025 3:16:52 AM",,,"Microsoft-Windows-Sysmon/Operational","System.UInt32[]","System.Diagnostics.Eventing.Reader.EventBookmark","Information","Info","File created (rule: FileCreate)","System.Collections.ObjectModel.ReadOnlyCollection`1[System.String]","System.Collections.Generic.List`1[System.Diagnostics.Eventing.Reader.EventProperty]"
"Process Create:
